remark: /home/emre24/Desktop/vvc_proj_kernels/src/IDCT8.cpp:88:18: Inlining function 'CLIP3(ap_int<32>, ap_int<32>, ap_int<32>)' into 'INV_MATMUL_32(ap_int<32> const*, ap_int<32>*, ap_int<32>, ap_int<32>, ap_int<32>, ap_int<32>, ap_int<32> const (*) [32])'
remark: /home/emre24/Desktop/vvc_proj_kernels/src/IDCT8.cpp:165:5: Inlining function 'INV_MATMUL_32(ap_int<32> const*, ap_int<32>*, ap_int<32>, ap_int<32>, ap_int<32>, ap_int<32>, ap_int<32> const (*) [32])' into 'IDCT8B32(ap_int<32>*, ap_int<32>*, ap_int<32>, ap_int<32>, ap_int<32>, ap_int<32>)'
remark: /home/emre24/Desktop/vvc_proj_kernels/src/IDCT8.cpp:62:18: Inlining function 'CLIP3(ap_int<32>, ap_int<32>, ap_int<32>)' into 'INV_MATMUL_16(ap_int<32> const*, ap_int<32>*, ap_int<32>, ap_int<32>, ap_int<32>, ap_int<32>, ap_int<32> const (*) [16])'
remark: /home/emre24/Desktop/vvc_proj_kernels/src/IDCT8.cpp:118:5: Inlining function 'INV_MATMUL_16(ap_int<32> const*, ap_int<32>*, ap_int<32>, ap_int<32>, ap_int<32>, ap_int<32>, ap_int<32> const (*) [16])' into 'IDCT8B16(ap_int<32>*, ap_int<32>*, ap_int<32>, ap_int<32>, ap_int<32>, ap_int<32>)'
remark: /home/emre24/Desktop/vvc_proj_kernels/src/IDCT8.cpp:35:18: Inlining function 'CLIP3(ap_int<32>, ap_int<32>, ap_int<32>)' into 'INV_MATMUL_8(ap_int<32> const*, ap_int<32>*, ap_int<32>, ap_int<32>, ap_int<32>, ap_int<32>, ap_int<32> const (*) [8])'
remark: /home/emre24/Desktop/vvc_proj_kernels/src/IDCT8.cpp:114:5: Inlining function 'INV_MATMUL_8(ap_int<32> const*, ap_int<32>*, ap_int<32>, ap_int<32>, ap_int<32>, ap_int<32>, ap_int<32> const (*) [8])' into 'IDCT8B8(ap_int<32>*, ap_int<32>*, ap_int<32>, ap_int<32>, ap_int<32>, ap_int<32>)'
remark: /home/emre24/Desktop/vvc_proj_kernels/src/IDCT8.cpp:109:14: Inlining function 'CLIP3(ap_int<32>, ap_int<32>, ap_int<32>)' into 'IDCT8B4(ap_int<32>*, ap_int<32>*, ap_int<32>, ap_int<32>, ap_int<32>)'
remark: /home/emre24/Desktop/vvc_proj_kernels/src/IDCT8.cpp:108:14: Inlining function 'CLIP3(ap_int<32>, ap_int<32>, ap_int<32>)' into 'IDCT8B4(ap_int<32>*, ap_int<32>*, ap_int<32>, ap_int<32>, ap_int<32>)'
remark: /home/emre24/Desktop/vvc_proj_kernels/src/IDCT8.cpp:107:14: Inlining function 'CLIP3(ap_int<32>, ap_int<32>, ap_int<32>)' into 'IDCT8B4(ap_int<32>*, ap_int<32>*, ap_int<32>, ap_int<32>, ap_int<32>)'
remark: /home/emre24/Desktop/vvc_proj_kernels/src/IDCT8.cpp:106:14: Inlining function 'CLIP3(ap_int<32>, ap_int<32>, ap_int<32>)' into 'IDCT8B4(ap_int<32>*, ap_int<32>*, ap_int<32>, ap_int<32>, ap_int<32>)'
remark: /home/emre24/Desktop/vvc_proj_kernels/src/IDCT8.cpp:25:9: Loop 'anonymous' is marked as complete unroll implied by the pipeline pragma
remark: /home/emre24/Desktop/vvc_proj_kernels/src/IDCT8.cpp:52:9: Loop 'anonymous' is marked as complete unroll implied by the pipeline pragma
remark: /home/emre24/Desktop/vvc_proj_kernels/src/IDCT8.cpp:78:9: Loop 'anonymous' is marked as complete unroll implied by the pipeline pragma
remark: /home/emre24/Desktop/vvc_proj_kernels/src/IDCT8.cpp:245:0: Unrolling loop 'anonymous' (/home/emre24/Desktop/vvc_proj_kernels/src/IDCT8.cpp:332:2) in function 'IDCT8' completely with a factor of 4
remark: /home/emre24/Desktop/vvc_proj_kernels/src/IDCT8.cpp:245:0: Unrolling loop 'anonymous' (/home/emre24/Desktop/vvc_proj_kernels/src/IDCT8.cpp:339:13) in function 'IDCT8' completely with a factor of 4
remark: /home/emre24/Desktop/vvc_proj_kernels/src/IDCT8.cpp:245:0: Unrolling loop 'anonymous' (/home/emre24/Desktop/vvc_proj_kernels/src/IDCT8.cpp:312:2) in function 'IDCT8' completely with a factor of 8
remark: /home/emre24/Desktop/vvc_proj_kernels/src/IDCT8.cpp:245:0: Unrolling loop 'anonymous' (/home/emre24/Desktop/vvc_proj_kernels/src/IDCT8.cpp:319:13) in function 'IDCT8' completely with a factor of 8
remark: /home/emre24/Desktop/vvc_proj_kernels/src/IDCT8.cpp:245:0: Unrolling loop 'anonymous' (/home/emre24/Desktop/vvc_proj_kernels/src/IDCT8.cpp:293:2) in function 'IDCT8' completely with a factor of 16
remark: /home/emre24/Desktop/vvc_proj_kernels/src/IDCT8.cpp:245:0: Unrolling loop 'anonymous' (/home/emre24/Desktop/vvc_proj_kernels/src/IDCT8.cpp:300:13) in function 'IDCT8' completely with a factor of 16
remark: /home/emre24/Desktop/vvc_proj_kernels/src/IDCT8.cpp:245:0: Unrolling loop 'anonymous' (/home/emre24/Desktop/vvc_proj_kernels/src/IDCT8.cpp:273:2) in function 'IDCT8' completely with a factor of 32
remark: /home/emre24/Desktop/vvc_proj_kernels/src/IDCT8.cpp:245:0: Unrolling loop 'anonymous' (/home/emre24/Desktop/vvc_proj_kernels/src/IDCT8.cpp:280:13) in function 'IDCT8' completely with a factor of 32
remark: /home/emre24/Desktop/vvc_proj_kernels/src/IDCT8.cpp:113:0: Unrolling loop 'anonymous' (/home/emre24/Desktop/vvc_proj_kernels/src/IDCT8.cpp:25:9) in function 'IDCT8B8' completely with a factor of 8
remark: /home/emre24/Desktop/vvc_proj_kernels/src/IDCT8.cpp:113:0: Pipeline directive for loop 'anonymous' (/home/emre24/Desktop/vvc_proj_kernels/src/IDCT8.cpp:25:9) in function 'IDCT8B8' has been removed because the loop is unrolled completely
remark: /home/emre24/Desktop/vvc_proj_kernels/src/IDCT8.cpp:117:0: Unrolling loop 'anonymous' (/home/emre24/Desktop/vvc_proj_kernels/src/IDCT8.cpp:52:9) in function 'IDCT8B16' completely with a factor of 16
remark: /home/emre24/Desktop/vvc_proj_kernels/src/IDCT8.cpp:163:0: Unrolling loop 'anonymous' (/home/emre24/Desktop/vvc_proj_kernels/src/IDCT8.cpp:78:9) in function 'IDCT8B32' completely with a factor of 32
remark: /home/emre24/Desktop/vvc_proj_kernels/src/IDCT8.cpp:163:0: Pipeline directive for loop 'anonymous' (/home/emre24/Desktop/vvc_proj_kernels/src/IDCT8.cpp:78:9) in function 'IDCT8B32' has been removed because the loop is unrolled completely
remark: /home/emre24/Desktop/vvc_proj_kernels/src/IDCT8.cpp:245:0: Inlining function 'IDCT8B4(ap_int<32>*, ap_int<32>*, ap_int<32>, ap_int<32>, ap_int<32>)' into 'IDCT8'
