INFO-FLOW: Workspace /home/emre24/Desktop/vvc_proj_kernels/Emulation-SW/build/IDCT2/IDCT2/IDCT2/solution opened at Wed Jan 21 16:11:42 GMT 2026
Execute       send_msg_by_id INFO @200-1505@%s%s  vitis 
INFO: [HLS 200-1505] Using flow_target 'vitis'
Execute       send_msg_by_id INFO @200-435@%s%s 'open_solution -flow_target vitis' config_interface -m_axi_latency=64 
INFO: [HLS 200-435] Setting 'open_solution -flow_target vitis' configuration: config_interface -m_axi_latency=64
Execute       config_interface -m_axi_latency=64 
Execute       send_msg_by_id INFO @200-435@%s%s 'open_solution -flow_target vitis' config_interface -m_axi_alignment_byte_size=64 
INFO: [HLS 200-435] Setting 'open_solution -flow_target vitis' configuration: config_interface -m_axi_alignment_byte_size=64
Execute       config_interface -m_axi_alignment_byte_size=64 
Execute       send_msg_by_id INFO @200-435@%s%s 'open_solution -flow_target vitis' config_interface -m_axi_max_widen_bitwidth=512 
INFO: [HLS 200-435] Setting 'open_solution -flow_target vitis' configuration: config_interface -m_axi_max_widen_bitwidth=512
Execute       config_interface -m_axi_max_widen_bitwidth=512 
INFO-FLOW: Setting macro_cmd open_solution -flow_target vitis configuration: config_interface -default_interface=kernel
Execute       config_interface -default_interface=kernel 
Execute       send_msg_by_id INFO @200-435@%s%s 'open_solution -flow_target vitis' config_rtl -register_reset_num=3 
INFO: [HLS 200-435] Setting 'open_solution -flow_target vitis' configuration: config_rtl -register_reset_num=3
Execute       config_rtl -register_reset_num=3 
Execute     set_part xcku15p-ffva1156-2LV-e 
INFO: [HLS 200-1510] Running: set_part xcku15p-ffva1156-2LV-e 
Execute       create_platform xcku15p-ffva1156-2LV-e -board  
DBG:HLSDevice: Trying to load device library: /tools/Xilinx/Vitis_HLS/2022.2/lib/lnx64.o/libxv_hlsvwrap.so
DBG:HLSDevice: first parts/arch.xml in RDI_DATADIR: /tools/Xilinx/Vivado/2022.2/data/parts/arch.xml
DBG:HLSDevice: init success
INFO: [HLS 200-1611] Setting target device to 'xcku15p-ffva1156-2LV-e'
Command       create_platform done; 1.84 sec.
Execute       source /tools/Xilinx/Vitis_HLS/2022.2/common/technology/xilinx/common/xilinx.gen 
Execute         source /tools/Xilinx/Vitis_HLS/2022.2/common/technology/xilinx/interface/plb46.gen 
Execute         source /tools/Xilinx/Vitis_HLS/2022.2/common/technology/xilinx/interface/axi4.gen 
Execute         source /tools/Xilinx/Vitis_HLS/2022.2/common/technology/xilinx/interface/nativeAXI4.gen 
Execute           source /tools/Xilinx/Vitis_HLS/2022.2/common/technology/xilinx/interface/saxilite.gen 
Execute         source /tools/Xilinx/Vitis_HLS/2022.2/common/technology/xilinx/scripts/xilinxcoregen.gen 
Execute         source /tools/Xilinx/Vitis_HLS/2022.2/common/technology/xilinx/interface/XilEDKCoreGen.gen 
Execute         source /tools/Xilinx/Vitis_HLS/2022.2/common/technology/xilinx/ip/xfir.gen 
Execute         source /tools/Xilinx/Vitis_HLS/2022.2/common/technology/xilinx/ip/xfft.gen 
Execute         source /tools/Xilinx/Vitis_HLS/2022.2/common/technology/xilinx/ip/dds_compiler.gen 
Execute         source /tools/Xilinx/Vitis_HLS/2022.2/common/technology/xilinx/ip/util.gen 
Execute         source /tools/Xilinx/Vitis_HLS/2022.2/common/technology/xilinx/DSP48/dsp48.gen 
Execute       ap_part_info -name xcku15p-ffva1156-2LV-e -data info 
Execute       config_compile -quiet -complex-mul-dsp=0 
Command     set_part done; 1.94 sec.
Execute     create_clock -period 300.000000MHz -name default 
INFO: [HLS 200-1510] Running: create_clock -period 300.000000MHz -name default 
Execute       ap_set_clock -name default -period 3.333 -unit ns -default=false 
INFO: [SYN 201-201] Setting up clock 'default' with a period of 3.333ns.
Execute     config_dataflow -strict_mode warning 
INFO: [HLS 200-1510] Running: config_dataflow -strict_mode warning 
Execute     config_export -deadlock_detection none 
INFO: [HLS 200-1510] Running: config_export -deadlock_detection none 
WARNING: [HLS 200-483] The 'config_export -deadlock_detection' command is deprecated and will be removed in a future release. Use 'config_rtl -deadlock_detection' as its replacement.
INFO: [HLS 200-1907] Replacing 'config_export -deadlock_detection=none' with 'config_rtl -deadlock_detection=none' in current solution file
Execute     config_interface -m_axi_conservative_mode=1 
INFO: [HLS 200-1510] Running: config_interface -m_axi_conservative_mode=1 
Execute     config_interface -m_axi_addr64 
INFO: [HLS 200-1510] Running: config_interface -m_axi_addr64 
Execute     config_interface -m_axi_auto_max_ports=0 
INFO: [HLS 200-1510] Running: config_interface -m_axi_auto_max_ports=0 
Execute     config_export -format xo -ipname IDCT2 
INFO: [HLS 200-1510] Running: config_export -format xo -ipname IDCT2 
INFO: [HLS 200-1907] Replacing 'config_export -deadlock_detection=none' with 'config_rtl -deadlock_detection=none' in current solution file
Execute     csynth_design -synthesis_check 
INFO: [HLS 200-1510] Running: csynth_design -synthesis_check 
Execute       elaborate -effort=medium -skip_syncheck=0 -keep_printf=0 -skip_cdt=0 -skip_transform=2 -ng=0 -g=0 -opt_fp=0 -from_csynth_design=1 
INFO: [HLS 200-111] Finished File checks and directory preparation: CPU user time: 0.01 seconds. CPU system time: 0 seconds. Elapsed time: 0 seconds; current allocated memory: 874.066 MB.
INFO: [HLS 200-10] Analyzing design file '/home/emre24/Desktop/vvc_proj_kernels/src/IDCT2.cpp' ... 
INFO-FLOW: Compiling one TU...
INFO-FLOW: Handling /home/emre24/Desktop/vvc_proj_kernels/src/IDCT2.cpp as C++
Execute         ap_part_info -name xcku15p-ffva1156-2LV-e -data info 
INFO-FLOW: Running: GCC PP 39
INFO-FLOW: Source preprocessing
Execute         ap_eval exec -ignorestderr /tools/Xilinx/Vitis_HLS/2022.2/lnx64/tools/clang-3.9-csynth/bin/clang /home/emre24/Desktop/vvc_proj_kernels/src/IDCT2.cpp -foptimization-record-file=/home/emre24/Desktop/vvc_proj_kernels/Emulation-SW/build/IDCT2/IDCT2/IDCT2/solution/.autopilot/db/IDCT2.cpp.clang.diag.yml -mllvm -pass-remarks-missed=reflow|pasta|unroll -mllvm -pass-remarks=reflow|pasta|unroll|inline -fno-limit-debug-info -gcc-toolchain /tools/Xilinx/Vitis_HLS/2022.2/tps/lnx64/gcc-8.3.0 -fhls -fno-exceptions -E -I/home/emre24/Desktop/vvc_proj_kernels/src -fno-math-errno -c -emit-llvm -mllvm -disable-llvm-optzns -Werror=implicit-function-declaration -Werror=implicit-hls-streams -Werror=return-type -Wpragmas -Wunused-parameter -Wdump-hls-pragmas -Wno-error=dump-hls-pragmas -fno-threadsafe-statics -fno-use-cxa-atexit -std=gnu++14 -target fpga64-xilinx-linux-gnu -fno-threadsafe-statics -fno-use-cxa-atexit -D__VITIS_HLS__ -DAESL_SYN -D__SYNTHESIS__ -D__HLS_SYN__ -I /tools/Xilinx/Vitis_HLS/2022.2/common/technology/autopilot -I /tools/Xilinx/Vitis_HLS/2022.2/common/technology/autopilot/ap_sysc -include etc/autopilot_ssdm_op.h -D__DSP48E2__ -I /usr/include/x86_64-linux-gnu -o /home/emre24/Desktop/vvc_proj_kernels/Emulation-SW/build/IDCT2/IDCT2/IDCT2/solution/.autopilot/db/IDCT2.pp.0.cpp -hls-platform-db-name=/tools/Xilinx/Vitis_HLS/2022.2/common/technology/xilinx/common/platform.db -hls-platform-name=kintexuplus_medium -device-resource-info=BRAM_1968.000000_DSP_1968.000000_FF_1045440.000000_LUT_522720.000000_SLICE_65340.000000_URAM_128.000000 -device-name-info=xcku15p-ffva1156-2LV-e > /home/emre24/Desktop/vvc_proj_kernels/Emulation-SW/build/IDCT2/IDCT2/IDCT2/solution/.autopilot/db/IDCT2.cpp.clang.out.log 2> /home/emre24/Desktop/vvc_proj_kernels/Emulation-SW/build/IDCT2/IDCT2/IDCT2/solution/.autopilot/db/IDCT2.cpp.clang.err.log 
Command         ap_eval done; 0.23 sec.
INFO-FLOW: Done: GCC PP 39 time: 0.2 seconds per iteration
Execute         set_directive_top IDCT2 -name=IDCT2 
Execute         source /tools/Xilinx/Vitis_HLS/2022.2/tps/tcl/tcllib1.11.1/yaml/huddle.tcl 
Execute         source /tools/Xilinx/Vitis_HLS/2022.2/tps/tcl/tcllib1.11.1/yaml/json2huddle.tcl 
INFO-FLOW: Source syntax check for synthesis
Execute         ap_eval exec -ignorestderr /tools/Xilinx/Vitis_HLS/2022.2/lnx64/tools/clang-3.9-csynth/bin/clang -foptimization-record-file=/home/emre24/Desktop/vvc_proj_kernels/Emulation-SW/build/IDCT2/IDCT2/IDCT2/solution/.autopilot/db/clang.diag.yml -mllvm -pass-remarks-missed=reflow|pasta|unroll -mllvm -pass-remarks=reflow|pasta|unroll|inline -fsyntax-only -fhls -target fpga64-xilinx-linux-gnu /home/emre24/Desktop/vvc_proj_kernels/Emulation-SW/build/IDCT2/IDCT2/IDCT2/solution/.autopilot/db/IDCT2.pp.0.cpp -hls-platform-db-name=/tools/Xilinx/Vitis_HLS/2022.2/common/technology/xilinx/common/platform.db -hls-platform-name=kintexuplus_medium -device-resource-info=BRAM_1968.000000_DSP_1968.000000_FF_1045440.000000_LUT_522720.000000_SLICE_65340.000000_URAM_128.000000 -device-name-info=xcku15p-ffva1156-2LV-e > /home/emre24/Desktop/vvc_proj_kernels/Emulation-SW/build/IDCT2/IDCT2/IDCT2/solution/.autopilot/db/clang.out.log 2> /home/emre24/Desktop/vvc_proj_kernels/Emulation-SW/build/IDCT2/IDCT2/IDCT2/solution/.autopilot/db/clang.err.log 
Command         ap_eval done; 1.03 sec.
Execute         clang_tidy xilinx-systemc-detector -desc systemc-detector /home/emre24/Desktop/vvc_proj_kernels/Emulation-SW/build/IDCT2/IDCT2/IDCT2/solution/.autopilot/db/IDCT2.pp.0.cpp std=gnu++14 -target fpga  -directive=/home/emre24/Desktop/vvc_proj_kernels/Emulation-SW/build/IDCT2/IDCT2/IDCT2/solution/.autopilot/db/.systemc_flag 
INFO-FLOW: exec /tools/Xilinx/Vitis_HLS/2022.2/lnx64/tools/clang-3.9-csynth/bin/clang-tidy -header-filter=.* --checks=-*,xilinx-systemc-detector -import-directive=/home/emre24/Desktop/vvc_proj_kernels/Emulation-SW/build/IDCT2/IDCT2/IDCT2/solution/.autopilot/db/.systemc_flag -fix-errors /home/emre24/Desktop/vvc_proj_kernels/Emulation-SW/build/IDCT2/IDCT2/IDCT2/solution/.autopilot/db/IDCT2.pp.0.cpp -- -std=gnu++14 -target fpga -fhls -ferror-limit=0
Command         clang_tidy done; 0.92 sec.
INFO-FLOW: Running: clang-tidy CDT preprocess 39
Execute         clang_tidy xilinx-directive2pragma -desc directive2pragma /home/emre24/Desktop/vvc_proj_kernels/Emulation-SW/build/IDCT2/IDCT2/IDCT2/solution/.autopilot/db/IDCT2.pp.0.cpp std=gnu++14 -target fpga  -directive=/home/emre24/Desktop/vvc_proj_kernels/Emulation-SW/build/IDCT2/IDCT2/IDCT2/solution/.autopilot/db/all.directive.json 
INFO-FLOW: exec /tools/Xilinx/Vitis_HLS/2022.2/lnx64/tools/clang-3.9-csynth/bin/clang-tidy -header-filter=.* --checks=-*,xilinx-directive2pragma -import-directive=/home/emre24/Desktop/vvc_proj_kernels/Emulation-SW/build/IDCT2/IDCT2/IDCT2/solution/.autopilot/db/all.directive.json -fix-errors /home/emre24/Desktop/vvc_proj_kernels/Emulation-SW/build/IDCT2/IDCT2/IDCT2/solution/.autopilot/db/IDCT2.pp.0.cpp -- -std=gnu++14 -target fpga -fhls -ferror-limit=0
Command         clang_tidy done; 1.23 sec.
Execute         clang_tidy xilinx-remove-assert -desc remove-assert /home/emre24/Desktop/vvc_proj_kernels/Emulation-SW/build/IDCT2/IDCT2/IDCT2/solution/.autopilot/db/IDCT2.pp.0.cpp std=gnu++14 -target fpga  
INFO-FLOW: exec /tools/Xilinx/Vitis_HLS/2022.2/lnx64/tools/clang-3.9-csynth/bin/clang-tidy -header-filter=.* --checks=-*,xilinx-remove-assert -fix-errors /home/emre24/Desktop/vvc_proj_kernels/Emulation-SW/build/IDCT2/IDCT2/IDCT2/solution/.autopilot/db/IDCT2.pp.0.cpp -- -std=gnu++14 -target fpga -fhls -ferror-limit=0
Command         clang_tidy done; 0.94 sec.
INFO-FLOW: Done: clang-tidy CDT preprocess 39 time: 2.2 seconds per iteration
Execute         ap_part_info -name xcku15p-ffva1156-2LV-e -data info 
INFO-FLOW: compiling source code to llvm bc
Execute         ap_eval exec -ignorestderr /tools/Xilinx/Vitis_HLS/2022.2/lnx64/tools/clang-3.9-csynth/bin/clang -foptimization-record-file=/home/emre24/Desktop/vvc_proj_kernels/Emulation-SW/build/IDCT2/IDCT2/IDCT2/solution/.autopilot/db/IDCT2.pp.0.cpp.clang.diag.yml -mllvm -pass-remarks-missed=reflow|pasta|unroll -mllvm -pass-remarks=reflow|pasta|unroll|inline -fno-limit-debug-info -fhls -flto -fno-exceptions -Wno-error=c++11-narrowing /home/emre24/Desktop/vvc_proj_kernels/Emulation-SW/build/IDCT2/IDCT2/IDCT2/solution/.autopilot/db/IDCT2.pp.0.cpp -I/home/emre24/Desktop/vvc_proj_kernels/src -fno-math-errno -c -emit-llvm -mllvm -disable-llvm-optzns -Werror=implicit-function-declaration -Werror=implicit-hls-streams -Werror=return-type -Wpragmas -Wunused-parameter -Wdump-hls-pragmas -Wno-error=dump-hls-pragmas -fno-threadsafe-statics -fno-use-cxa-atexit -std=gnu++14 -target fpga64-xilinx-linux-gnu -D__VITIS_HLS__ -DAESL_SYN -D__SYNTHESIS__ -D__HLS_SYN__ -I /tools/Xilinx/Vitis_HLS/2022.2/common/technology/autopilot -I /tools/Xilinx/Vitis_HLS/2022.2/common/technology/autopilot/ap_sysc -include etc/autopilot_ssdm_op.h -D__DSP48E2__ -g -o /home/emre24/Desktop/vvc_proj_kernels/Emulation-SW/build/IDCT2/IDCT2/IDCT2/solution/.autopilot/db/IDCT2.bc -hls-platform-db-name=/tools/Xilinx/Vitis_HLS/2022.2/common/technology/xilinx/common/platform.db -hls-platform-name=kintexuplus_medium -device-resource-info=BRAM_1968.000000_DSP_1968.000000_FF_1045440.000000_LUT_522720.000000_SLICE_65340.000000_URAM_128.000000 -device-name-info=xcku15p-ffva1156-2LV-e > /home/emre24/Desktop/vvc_proj_kernels/Emulation-SW/build/IDCT2/IDCT2/IDCT2/solution/.autopilot/db/IDCT2.pp.0.cpp.clang.out.log 2> /home/emre24/Desktop/vvc_proj_kernels/Emulation-SW/build/IDCT2/IDCT2/IDCT2/solution/.autopilot/db/IDCT2.pp.0.cpp.clang.err.log 
Command         ap_eval done; 1.12 sec.
INFO: [HLS 200-111] Finished Source Code Analysis and Preprocessing: CPU user time: 4.99 seconds. CPU system time: 0.63 seconds. Elapsed time: 5.62 seconds; current allocated memory: 876.141 MB.
INFO-FLOW: Linking Debug ...
INFO-FLOW: Linking dut bc code.
Execute         run_link_or_opt -out /home/emre24/Desktop/vvc_proj_kernels/Emulation-SW/build/IDCT2/IDCT2/IDCT2/solution/.autopilot/db/a.g.ld.0.bc -args  "/home/emre24/Desktop/vvc_proj_kernels/Emulation-SW/build/IDCT2/IDCT2/IDCT2/solution/.autopilot/db/IDCT2.g.bc"  
Execute           ap_eval exec -ignorestderr /tools/Xilinx/Vitis_HLS/2022.2/lnx64/tools/clang-3.9-csynth/bin/llvm-link /home/emre24/Desktop/vvc_proj_kernels/Emulation-SW/build/IDCT2/IDCT2/IDCT2/solution/.autopilot/db/IDCT2.g.bc -o /home/emre24/Desktop/vvc_proj_kernels/Emulation-SW/build/IDCT2/IDCT2/IDCT2/solution/.autopilot/db/a.g.ld.0.bc > /home/emre24/Desktop/vvc_proj_kernels/Emulation-SW/build/IDCT2/IDCT2/IDCT2/solution/.autopilot/db/a.g.ld.0.bc.llvm-link.out.log 2> /home/emre24/Desktop/vvc_proj_kernels/Emulation-SW/build/IDCT2/IDCT2/IDCT2/solution/.autopilot/db/a.g.ld.0.bc.llvm-link.err.log 
Command           ap_eval done; 0.12 sec.
INFO-FLOW: 
Command         run_link_or_opt done; 0.12 sec.
Execute         run_link_or_opt -opt -out /home/emre24/Desktop/vvc_proj_kernels/Emulation-SW/build/IDCT2/IDCT2/IDCT2/solution/.autopilot/db/a.g.ld.1.lower.bc -args /home/emre24/Desktop/vvc_proj_kernels/Emulation-SW/build/IDCT2/IDCT2/IDCT2/solution/.autopilot/db/a.g.ld.0.bc -reflow-lower-math-intrinsics 
Execute           ap_eval exec -ignorestderr /tools/Xilinx/Vitis_HLS/2022.2/lnx64/tools/clang-3.9-csynth/bin/opt -pass-remarks-missed=reflow|pasta|unroll -pass-remarks=reflow|pasta|unroll|inline -pass-remarks-output=/home/emre24/Desktop/vvc_proj_kernels/Emulation-SW/build/IDCT2/IDCT2/IDCT2/solution/.autopilot/db/a.g.ld.1.lower.bc.opt.diag.yml /home/emre24/Desktop/vvc_proj_kernels/Emulation-SW/build/IDCT2/IDCT2/IDCT2/solution/.autopilot/db/a.g.ld.0.bc -reflow-lower-math-intrinsics -o /home/emre24/Desktop/vvc_proj_kernels/Emulation-SW/build/IDCT2/IDCT2/IDCT2/solution/.autopilot/db/a.g.ld.1.lower.bc > /home/emre24/Desktop/vvc_proj_kernels/Emulation-SW/build/IDCT2/IDCT2/IDCT2/solution/.autopilot/db/a.g.ld.1.lower.bc.opt.out.log 2> /home/emre24/Desktop/vvc_proj_kernels/Emulation-SW/build/IDCT2/IDCT2/IDCT2/solution/.autopilot/db/a.g.ld.1.lower.bc.opt.err.log 
Command           ap_eval done; 0.13 sec.
INFO-FLOW: 
Command         run_link_or_opt done; 0.13 sec.
INFO-FLOW: Linking math bc lib
Execute         run_link_or_opt -out /home/emre24/Desktop/vvc_proj_kernels/Emulation-SW/build/IDCT2/IDCT2/IDCT2/solution/.autopilot/db/a.g.ld.2.m1.bc -args /home/emre24/Desktop/vvc_proj_kernels/Emulation-SW/build/IDCT2/IDCT2/IDCT2/solution/.autopilot/db/a.g.ld.1.lower.bc -only-needed /tools/Xilinx/Vitis_HLS/2022.2/lnx64/lib/libhlsm_39.bc /tools/Xilinx/Vitis_HLS/2022.2/lnx64/lib/libhlsmc++_39.bc 
Execute           ap_eval exec -ignorestderr /tools/Xilinx/Vitis_HLS/2022.2/lnx64/tools/clang-3.9-csynth/bin/llvm-link /home/emre24/Desktop/vvc_proj_kernels/Emulation-SW/build/IDCT2/IDCT2/IDCT2/solution/.autopilot/db/a.g.ld.1.lower.bc -only-needed /tools/Xilinx/Vitis_HLS/2022.2/lnx64/lib/libhlsm_39.bc /tools/Xilinx/Vitis_HLS/2022.2/lnx64/lib/libhlsmc++_39.bc -o /home/emre24/Desktop/vvc_proj_kernels/Emulation-SW/build/IDCT2/IDCT2/IDCT2/solution/.autopilot/db/a.g.ld.2.m1.bc > /home/emre24/Desktop/vvc_proj_kernels/Emulation-SW/build/IDCT2/IDCT2/IDCT2/solution/.autopilot/db/a.g.ld.2.m1.bc.llvm-link.out.log 2> /home/emre24/Desktop/vvc_proj_kernels/Emulation-SW/build/IDCT2/IDCT2/IDCT2/solution/.autopilot/db/a.g.ld.2.m1.bc.llvm-link.err.log 
Command           ap_eval done; 2.26 sec.
INFO-FLOW: 
Command         run_link_or_opt done; 2.26 sec.
Execute         run_link_or_opt -opt -out /home/emre24/Desktop/vvc_proj_kernels/Emulation-SW/build/IDCT2/IDCT2/IDCT2/solution/.autopilot/db/a.g.ld.3.fpc.bc -args /home/emre24/Desktop/vvc_proj_kernels/Emulation-SW/build/IDCT2/IDCT2/IDCT2/solution/.autopilot/db/a.g.ld.2.m1.bc -reflow-globaldce -hls-top-function-name=IDCT2 -reflow-float-conversion 
Execute           ap_eval exec -ignorestderr /tools/Xilinx/Vitis_HLS/2022.2/lnx64/tools/clang-3.9-csynth/bin/opt -pass-remarks-missed=reflow|pasta|unroll -pass-remarks=reflow|pasta|unroll|inline -pass-remarks-output=/home/emre24/Desktop/vvc_proj_kernels/Emulation-SW/build/IDCT2/IDCT2/IDCT2/solution/.autopilot/db/a.g.ld.3.fpc.bc.opt.diag.yml /home/emre24/Desktop/vvc_proj_kernels/Emulation-SW/build/IDCT2/IDCT2/IDCT2/solution/.autopilot/db/a.g.ld.2.m1.bc -reflow-globaldce -hls-top-function-name=IDCT2 -reflow-float-conversion -o /home/emre24/Desktop/vvc_proj_kernels/Emulation-SW/build/IDCT2/IDCT2/IDCT2/solution/.autopilot/db/a.g.ld.3.fpc.bc > /home/emre24/Desktop/vvc_proj_kernels/Emulation-SW/build/IDCT2/IDCT2/IDCT2/solution/.autopilot/db/a.g.ld.3.fpc.bc.opt.out.log 2> /home/emre24/Desktop/vvc_proj_kernels/Emulation-SW/build/IDCT2/IDCT2/IDCT2/solution/.autopilot/db/a.g.ld.3.fpc.bc.opt.err.log 
Command           ap_eval done; 0.91 sec.
INFO-FLOW: 
Command         run_link_or_opt done; 0.91 sec.
Execute         run_link_or_opt -out /home/emre24/Desktop/vvc_proj_kernels/Emulation-SW/build/IDCT2/IDCT2/IDCT2/solution/.autopilot/db/a.g.ld.4.m2.bc -args /home/emre24/Desktop/vvc_proj_kernels/Emulation-SW/build/IDCT2/IDCT2/IDCT2/solution/.autopilot/db/a.g.ld.3.fpc.bc -only-needed /tools/Xilinx/Vitis_HLS/2022.2/lnx64/lib/libfloatconversion_39.bc 
Execute           ap_eval exec -ignorestderr /tools/Xilinx/Vitis_HLS/2022.2/lnx64/tools/clang-3.9-csynth/bin/llvm-link /home/emre24/Desktop/vvc_proj_kernels/Emulation-SW/build/IDCT2/IDCT2/IDCT2/solution/.autopilot/db/a.g.ld.3.fpc.bc -only-needed /tools/Xilinx/Vitis_HLS/2022.2/lnx64/lib/libfloatconversion_39.bc -o /home/emre24/Desktop/vvc_proj_kernels/Emulation-SW/build/IDCT2/IDCT2/IDCT2/solution/.autopilot/db/a.g.ld.4.m2.bc > /home/emre24/Desktop/vvc_proj_kernels/Emulation-SW/build/IDCT2/IDCT2/IDCT2/solution/.autopilot/db/a.g.ld.4.m2.bc.llvm-link.out.log 2> /home/emre24/Desktop/vvc_proj_kernels/Emulation-SW/build/IDCT2/IDCT2/IDCT2/solution/.autopilot/db/a.g.ld.4.m2.bc.llvm-link.err.log 
Command           ap_eval done; 0.14 sec.
INFO-FLOW: 
Command         run_link_or_opt done; 0.16 sec.
Execute         run_link_or_opt -opt -out /home/emre24/Desktop/vvc_proj_kernels/Emulation-SW/build/IDCT2/IDCT2/IDCT2/solution/.autopilot/db/a.g.ld.5.gdce.bc -args /home/emre24/Desktop/vvc_proj_kernels/Emulation-SW/build/IDCT2/IDCT2/IDCT2/solution/.autopilot/db/a.g.ld.4.m2.bc -reflow-globaldce -hls-top-function-name=IDCT2 
Execute           ap_eval exec -ignorestderr /tools/Xilinx/Vitis_HLS/2022.2/lnx64/tools/clang-3.9-csynth/bin/opt -pass-remarks-missed=reflow|pasta|unroll -pass-remarks=reflow|pasta|unroll|inline -pass-remarks-output=/home/emre24/Desktop/vvc_proj_kernels/Emulation-SW/build/IDCT2/IDCT2/IDCT2/solution/.autopilot/db/a.g.ld.5.gdce.bc.opt.diag.yml /home/emre24/Desktop/vvc_proj_kernels/Emulation-SW/build/IDCT2/IDCT2/IDCT2/solution/.autopilot/db/a.g.ld.4.m2.bc -reflow-globaldce -hls-top-function-name=IDCT2 -o /home/emre24/Desktop/vvc_proj_kernels/Emulation-SW/build/IDCT2/IDCT2/IDCT2/solution/.autopilot/db/a.g.ld.5.gdce.bc > /home/emre24/Desktop/vvc_proj_kernels/Emulation-SW/build/IDCT2/IDCT2/IDCT2/solution/.autopilot/db/a.g.ld.5.gdce.bc.opt.out.log 2> /home/emre24/Desktop/vvc_proj_kernels/Emulation-SW/build/IDCT2/IDCT2/IDCT2/solution/.autopilot/db/a.g.ld.5.gdce.bc.opt.err.log 
Command           ap_eval done; 0.15 sec.
INFO-FLOW: 
Command         run_link_or_opt done; 0.15 sec.
Execute         send_msg_by_id INFO @200-777@%s Vitis 
INFO: [HLS 200-777] Using interface defaults for 'Vitis' flow target.
Execute         is_m_axi_addr64 
INFO-FLOW: Doing LTO.
Execute         ap_eval exec -ignorestderr /tools/Xilinx/Vitis_HLS/2022.2/lnx64/tools/clang-3.9-csynth/bin/clang -foptimization-record-file=/home/emre24/Desktop/vvc_proj_kernels/Emulation-SW/build/IDCT2/IDCT2/IDCT2/solution/.autopilot/db/a.g.ld.0.bc.clang.diag.yml -mllvm -pass-remarks-missed=reflow|pasta|unroll -mllvm -pass-remarks=reflow|pasta|unroll|inline -fhls -mllvm -hls-top-function-name=IDCT2 -mllvm -hls-db-dir -mllvm /home/emre24/Desktop/vvc_proj_kernels/Emulation-SW/build/IDCT2/IDCT2/IDCT2/solution/.autopilot/db -emit-llvm -c -target fpga64-xilinx-none -mllvm -xcl-xmlinfo=/home/emre24/Desktop/vvc_proj_kernels/Emulation-SW/build/IDCT2/IDCT2/IDCT2/solution/.autopilot/db/../../../kernel.xml -mllvm -top-io-mapping-info=/home/emre24/Desktop/vvc_proj_kernels/Emulation-SW/build/IDCT2/IDCT2/IDCT2/solution/.autopilot/db/top-io-fe.xml -mllvm -xcl-target=cpu -mllvm -hls-bitcode-version=3.1 -mllvm -reflow-enable-slave-interface-default-setting=true -mllvm -gen-kernel-xml=true -mllvm -default-maxi-offset=slave -mllvm -maxi-latency=64 -mllvm -hls-maxi-data-size-in-bits=8 -mllvm -hls-maxi-max-data-size-in-bits=1024 -mllvm -hls-max-widen-size-in-bits=512 -mllvm -xcl-kernel-max-mem-ports=0 -mllvm -maxi-read-trans=16 -mllvm -maxi-write-trans=16 -mllvm -maxi-read-burst-len=16 -mllvm -maxi-write-burst-len=16 -mllvm -reflow-enable-saxi-64bits=0 -mllvm -reflow-basic-block-instr-threshold=200000 -mllvm -reflow-auto-pipeline-threshold=64 -mllvm -reflow-enable-maxi-auto-id-channel=0 -mllvm -assume-maxi-align=64 -mllvm -reflow-pipeline-style-llvm-setting=2 -mllvm -reflow-enable-dataflow-strict-mode-checking=1 -mllvm -reflow-auto-array-partition-mode=default -mllvm -reflow-enable-auto-array-partition=true -mllvm -reflow-enable-auto-parallel-performance-driven=true -mllvm -reflow-enable-partition-for-automation=true -mllvm -reflow-aggregate-bitwidth-threshold=4096 -mllvm -reflow-assume-no-address-wrap=true -mllvm -hls -mllvm -disable-inlined-alloca-merging=true -mllvm -enable-reflow-vitis-flow-setting=true -mllvm -default-clock-period=3.333 -x ir /home/emre24/Desktop/vvc_proj_kernels/Emulation-SW/build/IDCT2/IDCT2/IDCT2/solution/.autopilot/db/a.g.ld.5.gdce.bc -o /home/emre24/Desktop/vvc_proj_kernels/Emulation-SW/build/IDCT2/IDCT2/IDCT2/solution/.autopilot/db/a.g.lto.bc -hls-platform-db-name=/tools/Xilinx/Vitis_HLS/2022.2/common/technology/xilinx/common/platform.db -hls-platform-name=kintexuplus_medium -device-resource-info=BRAM_1968.000000_DSP_1968.000000_FF_1045440.000000_LUT_522720.000000_SLICE_65340.000000_URAM_128.000000 -device-name-info=xcku15p-ffva1156-2LV-e > /home/emre24/Desktop/vvc_proj_kernels/Emulation-SW/build/IDCT2/IDCT2/IDCT2/solution/.autopilot/db/a.g.ld.0.bc.clang.out.log 2> /home/emre24/Desktop/vvc_proj_kernels/Emulation-SW/build/IDCT2/IDCT2/IDCT2/solution/.autopilot/db/a.g.ld.0.bc.clang.err.log 
Command         ap_eval done; 3.35 sec.
Execute         source /tools/Xilinx/Vitis_HLS/2022.2/tps/tcl/tcllib1.11.1/yaml/yaml.tcl 
INFO: [HLS 214-131] Inlining function 'CLIP3(ap_int<32>, ap_int<32>, ap_int<32>)' into 'IDCT2' (/home/emre24/Desktop/vvc_proj_kernels/src/IDCT2.cpp:458:38)
INFO: [HLS 214-131] Inlining function 'CLIP3(ap_int<32>, ap_int<32>, ap_int<32>)' into 'IDCT2' (/home/emre24/Desktop/vvc_proj_kernels/src/IDCT2.cpp:439:38)
INFO: [HLS 214-131] Inlining function 'CLIP3(ap_int<32>, ap_int<32>, ap_int<32>)' into 'IDCT2' (/home/emre24/Desktop/vvc_proj_kernels/src/IDCT2.cpp:420:38)
INFO: [HLS 214-131] Inlining function 'CLIP3(ap_int<32>, ap_int<32>, ap_int<32>)' into 'IDCT2' (/home/emre24/Desktop/vvc_proj_kernels/src/IDCT2.cpp:401:38)
INFO: [HLS 214-131] Inlining function 'CLIP3(ap_int<32>, ap_int<32>, ap_int<32>)' into 'IDCT2' (/home/emre24/Desktop/vvc_proj_kernels/src/IDCT2.cpp:382:38)
INFO: [HLS 214-131] Inlining function 'CLIP3(ap_int<32>, ap_int<32>, ap_int<32>)' into 'IDCT2' (/home/emre24/Desktop/vvc_proj_kernels/src/IDCT2.cpp:363:39)
INFO: [HLS 214-131] Inlining function 'CLIP3(ap_int<32>, ap_int<32>, ap_int<32>)' into 'IDCT2' (/home/emre24/Desktop/vvc_proj_kernels/src/IDCT2.cpp:358:38)
INFO: [HLS 214-291] Loop 'anonymous' is marked as complete unroll implied by the pipeline pragma (/home/emre24/Desktop/vvc_proj_kernels/src/IDCT2.cpp:444:24)
INFO: [HLS 214-291] Loop 'anonymous' is marked as complete unroll implied by the pipeline pragma (/home/emre24/Desktop/vvc_proj_kernels/src/IDCT2.cpp:445:24)
INFO: [HLS 214-291] Loop 'anonymous' is marked as complete unroll implied by the pipeline pragma (/home/emre24/Desktop/vvc_proj_kernels/src/IDCT2.cpp:449:2)
INFO: [HLS 214-291] Loop 'anonymous' is marked as complete unroll implied by the pipeline pragma (/home/emre24/Desktop/vvc_proj_kernels/src/IDCT2.cpp:456:13)
INFO: [HLS 214-291] Loop 'anonymous' is marked as complete unroll implied by the pipeline pragma (/home/emre24/Desktop/vvc_proj_kernels/src/IDCT2.cpp:425:24)
INFO: [HLS 214-291] Loop 'anonymous' is marked as complete unroll implied by the pipeline pragma (/home/emre24/Desktop/vvc_proj_kernels/src/IDCT2.cpp:426:24)
INFO: [HLS 214-291] Loop 'anonymous' is marked as complete unroll implied by the pipeline pragma (/home/emre24/Desktop/vvc_proj_kernels/src/IDCT2.cpp:430:2)
INFO: [HLS 214-291] Loop 'anonymous' is marked as complete unroll implied by the pipeline pragma (/home/emre24/Desktop/vvc_proj_kernels/src/IDCT2.cpp:437:13)
INFO: [HLS 214-291] Loop 'anonymous' is marked as complete unroll implied by the pipeline pragma (/home/emre24/Desktop/vvc_proj_kernels/src/IDCT2.cpp:406:24)
INFO: [HLS 214-291] Loop 'anonymous' is marked as complete unroll implied by the pipeline pragma (/home/emre24/Desktop/vvc_proj_kernels/src/IDCT2.cpp:407:24)
INFO: [HLS 214-291] Loop 'anonymous' is marked as complete unroll implied by the pipeline pragma (/home/emre24/Desktop/vvc_proj_kernels/src/IDCT2.cpp:411:2)
INFO: [HLS 214-291] Loop 'anonymous' is marked as complete unroll implied by the pipeline pragma (/home/emre24/Desktop/vvc_proj_kernels/src/IDCT2.cpp:418:13)
INFO: [HLS 214-291] Loop 'anonymous' is marked as complete unroll implied by the pipeline pragma (/home/emre24/Desktop/vvc_proj_kernels/src/IDCT2.cpp:387:24)
INFO: [HLS 214-291] Loop 'anonymous' is marked as complete unroll implied by the pipeline pragma (/home/emre24/Desktop/vvc_proj_kernels/src/IDCT2.cpp:388:24)
INFO: [HLS 214-291] Loop 'anonymous' is marked as complete unroll implied by the pipeline pragma (/home/emre24/Desktop/vvc_proj_kernels/src/IDCT2.cpp:392:2)
INFO: [HLS 214-291] Loop 'anonymous' is marked as complete unroll implied by the pipeline pragma (/home/emre24/Desktop/vvc_proj_kernels/src/IDCT2.cpp:399:13)
INFO: [HLS 214-291] Loop 'anonymous' is marked as complete unroll implied by the pipeline pragma (/home/emre24/Desktop/vvc_proj_kernels/src/IDCT2.cpp:368:24)
INFO: [HLS 214-291] Loop 'anonymous' is marked as complete unroll implied by the pipeline pragma (/home/emre24/Desktop/vvc_proj_kernels/src/IDCT2.cpp:369:24)
INFO: [HLS 214-291] Loop 'anonymous' is marked as complete unroll implied by the pipeline pragma (/home/emre24/Desktop/vvc_proj_kernels/src/IDCT2.cpp:373:2)
INFO: [HLS 214-291] Loop 'anonymous' is marked as complete unroll implied by the pipeline pragma (/home/emre24/Desktop/vvc_proj_kernels/src/IDCT2.cpp:380:13)
INFO: [HLS 214-291] Loop 'anonymous' is marked as complete unroll implied by the pipeline pragma (/home/emre24/Desktop/vvc_proj_kernels/src/IDCT2.cpp:339:24)
INFO: [HLS 214-291] Loop 'anonymous' is marked as complete unroll implied by the pipeline pragma (/home/emre24/Desktop/vvc_proj_kernels/src/IDCT2.cpp:340:24)
INFO: [HLS 214-291] Loop 'anonymous' is marked as complete unroll implied by the pipeline pragma (/home/emre24/Desktop/vvc_proj_kernels/src/IDCT2.cpp:344:2)
INFO: [HLS 214-291] Loop 'anonymous' is marked as complete unroll implied by the pipeline pragma (/home/emre24/Desktop/vvc_proj_kernels/src/IDCT2.cpp:349:13)
INFO: [HLS 214-291] Loop 'anonymous' is marked as complete unroll implied by the pipeline pragma (/home/emre24/Desktop/vvc_proj_kernels/src/IDCT2.cpp:356:13)
INFO: [HLS 214-291] Loop 'anonymous' is marked as complete unroll implied by the pipeline pragma (/home/emre24/Desktop/vvc_proj_kernels/src/IDCT2.cpp:361:13)
INFO: [HLS 214-291] Loop 'anonymous' is marked as complete unroll implied by the pipeline pragma (/home/emre24/Desktop/vvc_proj_kernels/src/IDCT2.cpp:241:5)
INFO: [HLS 214-291] Loop 'anonymous' is marked as complete unroll implied by the pipeline pragma (/home/emre24/Desktop/vvc_proj_kernels/src/IDCT2.cpp:202:13)
INFO: [HLS 214-291] Loop 'anonymous' is marked as complete unroll implied by the pipeline pragma (/home/emre24/Desktop/vvc_proj_kernels/src/IDCT2.cpp:198:16)
INFO: [HLS 214-291] Loop 'anonymous' is marked as complete unroll implied by the pipeline pragma (/home/emre24/Desktop/vvc_proj_kernels/src/IDCT2.cpp:197:13)
INFO: [HLS 214-291] Loop 'anonymous' is marked as complete unroll implied by the pipeline pragma (/home/emre24/Desktop/vvc_proj_kernels/src/IDCT2.cpp:154:5)
INFO: [HLS 214-291] Loop 'anonymous' is marked as complete unroll implied by the pipeline pragma (/home/emre24/Desktop/vvc_proj_kernels/src/IDCT2.cpp:132:13)
INFO: [HLS 214-291] Loop 'anonymous' is marked as complete unroll implied by the pipeline pragma (/home/emre24/Desktop/vvc_proj_kernels/src/IDCT2.cpp:128:16)
INFO: [HLS 214-291] Loop 'anonymous' is marked as complete unroll implied by the pipeline pragma (/home/emre24/Desktop/vvc_proj_kernels/src/IDCT2.cpp:127:13)
INFO: [HLS 214-291] Loop 'anonymous' is marked as complete unroll implied by the pipeline pragma (/home/emre24/Desktop/vvc_proj_kernels/src/IDCT2.cpp:101:5)
INFO: [HLS 214-291] Loop 'anonymous' is marked as complete unroll implied by the pipeline pragma (/home/emre24/Desktop/vvc_proj_kernels/src/IDCT2.cpp:88:13)
INFO: [HLS 214-291] Loop 'anonymous' is marked as complete unroll implied by the pipeline pragma (/home/emre24/Desktop/vvc_proj_kernels/src/IDCT2.cpp:84:16)
INFO: [HLS 214-291] Loop 'anonymous' is marked as complete unroll implied by the pipeline pragma (/home/emre24/Desktop/vvc_proj_kernels/src/IDCT2.cpp:83:13)
INFO: [HLS 214-291] Loop 'anonymous' is marked as complete unroll implied by the pipeline pragma (/home/emre24/Desktop/vvc_proj_kernels/src/IDCT2.cpp:57:13)
INFO: [HLS 214-291] Loop 'anonymous' is marked as complete unroll implied by the pipeline pragma (/home/emre24/Desktop/vvc_proj_kernels/src/IDCT2.cpp:53:16)
INFO: [HLS 214-291] Loop 'anonymous' is marked as complete unroll implied by the pipeline pragma (/home/emre24/Desktop/vvc_proj_kernels/src/IDCT2.cpp:52:13)
INFO: [HLS 214-291] Loop 'anonymous' is marked as complete unroll implied by the pipeline pragma (/home/emre24/Desktop/vvc_proj_kernels/src/IDCT2.cpp:34:13)
INFO: [HLS 214-291] Loop 'anonymous' is marked as complete unroll implied by the pipeline pragma (/home/emre24/Desktop/vvc_proj_kernels/src/IDCT2.cpp:30:16)
INFO: [HLS 214-291] Loop 'anonymous' is marked as complete unroll implied by the pipeline pragma (/home/emre24/Desktop/vvc_proj_kernels/src/IDCT2.cpp:29:13)
INFO: [HLS 214-186] Unrolling loop 'anonymous' (/home/emre24/Desktop/vvc_proj_kernels/src/IDCT2.cpp:444:24) in function 'IDCT2' completely with a factor of 2 (/home/emre24/Desktop/vvc_proj_kernels/src/IDCT2.cpp:315:0)
INFO: [HLS 214-186] Unrolling loop 'anonymous' (/home/emre24/Desktop/vvc_proj_kernels/src/IDCT2.cpp:445:24) in function 'IDCT2' completely with a factor of 2 (/home/emre24/Desktop/vvc_proj_kernels/src/IDCT2.cpp:315:0)
INFO: [HLS 214-186] Unrolling loop 'anonymous' (/home/emre24/Desktop/vvc_proj_kernels/src/IDCT2.cpp:449:2) in function 'IDCT2' completely with a factor of 2 (/home/emre24/Desktop/vvc_proj_kernels/src/IDCT2.cpp:315:0)
INFO: [HLS 214-186] Unrolling loop 'anonymous' (/home/emre24/Desktop/vvc_proj_kernels/src/IDCT2.cpp:456:13) in function 'IDCT2' completely with a factor of 2 (/home/emre24/Desktop/vvc_proj_kernels/src/IDCT2.cpp:315:0)
INFO: [HLS 214-186] Unrolling loop 'anonymous' (/home/emre24/Desktop/vvc_proj_kernels/src/IDCT2.cpp:425:24) in function 'IDCT2' completely with a factor of 4 (/home/emre24/Desktop/vvc_proj_kernels/src/IDCT2.cpp:315:0)
INFO: [HLS 214-186] Unrolling loop 'anonymous' (/home/emre24/Desktop/vvc_proj_kernels/src/IDCT2.cpp:426:24) in function 'IDCT2' completely with a factor of 4 (/home/emre24/Desktop/vvc_proj_kernels/src/IDCT2.cpp:315:0)
INFO: [HLS 214-186] Unrolling loop 'anonymous' (/home/emre24/Desktop/vvc_proj_kernels/src/IDCT2.cpp:430:2) in function 'IDCT2' completely with a factor of 4 (/home/emre24/Desktop/vvc_proj_kernels/src/IDCT2.cpp:315:0)
INFO: [HLS 214-186] Unrolling loop 'anonymous' (/home/emre24/Desktop/vvc_proj_kernels/src/IDCT2.cpp:437:13) in function 'IDCT2' completely with a factor of 4 (/home/emre24/Desktop/vvc_proj_kernels/src/IDCT2.cpp:315:0)
INFO: [HLS 214-186] Unrolling loop 'anonymous' (/home/emre24/Desktop/vvc_proj_kernels/src/IDCT2.cpp:406:24) in function 'IDCT2' completely with a factor of 8 (/home/emre24/Desktop/vvc_proj_kernels/src/IDCT2.cpp:315:0)
INFO: [HLS 214-186] Unrolling loop 'anonymous' (/home/emre24/Desktop/vvc_proj_kernels/src/IDCT2.cpp:407:24) in function 'IDCT2' completely with a factor of 8 (/home/emre24/Desktop/vvc_proj_kernels/src/IDCT2.cpp:315:0)
INFO: [HLS 214-186] Unrolling loop 'anonymous' (/home/emre24/Desktop/vvc_proj_kernels/src/IDCT2.cpp:411:2) in function 'IDCT2' completely with a factor of 8 (/home/emre24/Desktop/vvc_proj_kernels/src/IDCT2.cpp:315:0)
INFO: [HLS 214-186] Unrolling loop 'anonymous' (/home/emre24/Desktop/vvc_proj_kernels/src/IDCT2.cpp:418:13) in function 'IDCT2' completely with a factor of 8 (/home/emre24/Desktop/vvc_proj_kernels/src/IDCT2.cpp:315:0)
INFO: [HLS 214-186] Unrolling loop 'anonymous' (/home/emre24/Desktop/vvc_proj_kernels/src/IDCT2.cpp:387:24) in function 'IDCT2' completely with a factor of 16 (/home/emre24/Desktop/vvc_proj_kernels/src/IDCT2.cpp:315:0)
INFO: [HLS 214-186] Unrolling loop 'anonymous' (/home/emre24/Desktop/vvc_proj_kernels/src/IDCT2.cpp:388:24) in function 'IDCT2' completely with a factor of 16 (/home/emre24/Desktop/vvc_proj_kernels/src/IDCT2.cpp:315:0)
INFO: [HLS 214-186] Unrolling loop 'anonymous' (/home/emre24/Desktop/vvc_proj_kernels/src/IDCT2.cpp:392:2) in function 'IDCT2' completely with a factor of 16 (/home/emre24/Desktop/vvc_proj_kernels/src/IDCT2.cpp:315:0)
INFO: [HLS 214-186] Unrolling loop 'anonymous' (/home/emre24/Desktop/vvc_proj_kernels/src/IDCT2.cpp:399:13) in function 'IDCT2' completely with a factor of 16 (/home/emre24/Desktop/vvc_proj_kernels/src/IDCT2.cpp:315:0)
INFO: [HLS 214-186] Unrolling loop 'anonymous' (/home/emre24/Desktop/vvc_proj_kernels/src/IDCT2.cpp:368:24) in function 'IDCT2' completely with a factor of 32 (/home/emre24/Desktop/vvc_proj_kernels/src/IDCT2.cpp:315:0)
INFO: [HLS 214-186] Unrolling loop 'anonymous' (/home/emre24/Desktop/vvc_proj_kernels/src/IDCT2.cpp:369:24) in function 'IDCT2' completely with a factor of 32 (/home/emre24/Desktop/vvc_proj_kernels/src/IDCT2.cpp:315:0)
INFO: [HLS 214-186] Unrolling loop 'anonymous' (/home/emre24/Desktop/vvc_proj_kernels/src/IDCT2.cpp:373:2) in function 'IDCT2' completely with a factor of 32 (/home/emre24/Desktop/vvc_proj_kernels/src/IDCT2.cpp:315:0)
INFO: [HLS 214-186] Unrolling loop 'anonymous' (/home/emre24/Desktop/vvc_proj_kernels/src/IDCT2.cpp:380:13) in function 'IDCT2' completely with a factor of 32 (/home/emre24/Desktop/vvc_proj_kernels/src/IDCT2.cpp:315:0)
INFO: [HLS 214-186] Unrolling loop 'anonymous' (/home/emre24/Desktop/vvc_proj_kernels/src/IDCT2.cpp:339:24) in function 'IDCT2' completely with a factor of 64 (/home/emre24/Desktop/vvc_proj_kernels/src/IDCT2.cpp:315:0)
INFO: [HLS 214-186] Unrolling loop 'anonymous' (/home/emre24/Desktop/vvc_proj_kernels/src/IDCT2.cpp:340:24) in function 'IDCT2' completely with a factor of 64 (/home/emre24/Desktop/vvc_proj_kernels/src/IDCT2.cpp:315:0)
INFO: [HLS 214-186] Unrolling loop 'anonymous' (/home/emre24/Desktop/vvc_proj_kernels/src/IDCT2.cpp:344:2) in function 'IDCT2' completely with a factor of 32 (/home/emre24/Desktop/vvc_proj_kernels/src/IDCT2.cpp:315:0)
INFO: [HLS 214-186] Unrolling loop 'anonymous' (/home/emre24/Desktop/vvc_proj_kernels/src/IDCT2.cpp:349:13) in function 'IDCT2' completely with a factor of 32 (/home/emre24/Desktop/vvc_proj_kernels/src/IDCT2.cpp:315:0)
INFO: [HLS 214-186] Unrolling loop 'anonymous' (/home/emre24/Desktop/vvc_proj_kernels/src/IDCT2.cpp:356:13) in function 'IDCT2' completely with a factor of 32 (/home/emre24/Desktop/vvc_proj_kernels/src/IDCT2.cpp:315:0)
INFO: [HLS 214-186] Unrolling loop 'anonymous' (/home/emre24/Desktop/vvc_proj_kernels/src/IDCT2.cpp:361:13) in function 'IDCT2' completely with a factor of 32 (/home/emre24/Desktop/vvc_proj_kernels/src/IDCT2.cpp:315:0)
INFO: [HLS 214-186] Unrolling loop 'anonymous' (/home/emre24/Desktop/vvc_proj_kernels/src/IDCT2.cpp:241:5) in function 'IDCT2B64' completely with a factor of 32 (/home/emre24/Desktop/vvc_proj_kernels/src/IDCT2.cpp:194:0)
INFO: [HLS 214-186] Unrolling loop 'anonymous' (/home/emre24/Desktop/vvc_proj_kernels/src/IDCT2.cpp:202:13) in function 'IDCT2B64' completely with a factor of 32 (/home/emre24/Desktop/vvc_proj_kernels/src/IDCT2.cpp:194:0)
INFO: [HLS 214-186] Unrolling loop 'anonymous' (/home/emre24/Desktop/vvc_proj_kernels/src/IDCT2.cpp:198:16) in function 'IDCT2B64' completely with a factor of 32 (/home/emre24/Desktop/vvc_proj_kernels/src/IDCT2.cpp:194:0)
INFO: [HLS 214-186] Unrolling loop 'anonymous' (/home/emre24/Desktop/vvc_proj_kernels/src/IDCT2.cpp:197:13) in function 'IDCT2B64' completely with a factor of 32 (/home/emre24/Desktop/vvc_proj_kernels/src/IDCT2.cpp:194:0)
INFO: [HLS 214-186] Unrolling loop 'anonymous' (/home/emre24/Desktop/vvc_proj_kernels/src/IDCT2.cpp:154:5) in function 'IDCT2B32' completely with a factor of 16 (/home/emre24/Desktop/vvc_proj_kernels/src/IDCT2.cpp:124:0)
INFO: [HLS 214-186] Unrolling loop 'anonymous' (/home/emre24/Desktop/vvc_proj_kernels/src/IDCT2.cpp:132:13) in function 'IDCT2B32' completely with a factor of 16 (/home/emre24/Desktop/vvc_proj_kernels/src/IDCT2.cpp:124:0)
INFO: [HLS 214-186] Unrolling loop 'anonymous' (/home/emre24/Desktop/vvc_proj_kernels/src/IDCT2.cpp:128:16) in function 'IDCT2B32' completely with a factor of 16 (/home/emre24/Desktop/vvc_proj_kernels/src/IDCT2.cpp:124:0)
INFO: [HLS 214-186] Unrolling loop 'anonymous' (/home/emre24/Desktop/vvc_proj_kernels/src/IDCT2.cpp:127:13) in function 'IDCT2B32' completely with a factor of 16 (/home/emre24/Desktop/vvc_proj_kernels/src/IDCT2.cpp:124:0)
INFO: [HLS 214-186] Unrolling loop 'anonymous' (/home/emre24/Desktop/vvc_proj_kernels/src/IDCT2.cpp:101:5) in function 'IDCT2B16' completely with a factor of 8 (/home/emre24/Desktop/vvc_proj_kernels/src/IDCT2.cpp:80:0)
INFO: [HLS 214-186] Unrolling loop 'anonymous' (/home/emre24/Desktop/vvc_proj_kernels/src/IDCT2.cpp:88:13) in function 'IDCT2B16' completely with a factor of 8 (/home/emre24/Desktop/vvc_proj_kernels/src/IDCT2.cpp:80:0)
INFO: [HLS 214-186] Unrolling loop 'anonymous' (/home/emre24/Desktop/vvc_proj_kernels/src/IDCT2.cpp:84:16) in function 'IDCT2B16' completely with a factor of 8 (/home/emre24/Desktop/vvc_proj_kernels/src/IDCT2.cpp:80:0)
INFO: [HLS 214-186] Unrolling loop 'anonymous' (/home/emre24/Desktop/vvc_proj_kernels/src/IDCT2.cpp:83:13) in function 'IDCT2B16' completely with a factor of 8 (/home/emre24/Desktop/vvc_proj_kernels/src/IDCT2.cpp:80:0)
INFO: [HLS 214-186] Unrolling loop 'anonymous' (/home/emre24/Desktop/vvc_proj_kernels/src/IDCT2.cpp:57:13) in function 'IDCT2B8' completely with a factor of 4 (/home/emre24/Desktop/vvc_proj_kernels/src/IDCT2.cpp:49:0)
INFO: [HLS 214-186] Unrolling loop 'anonymous' (/home/emre24/Desktop/vvc_proj_kernels/src/IDCT2.cpp:53:16) in function 'IDCT2B8' completely with a factor of 4 (/home/emre24/Desktop/vvc_proj_kernels/src/IDCT2.cpp:49:0)
INFO: [HLS 214-186] Unrolling loop 'anonymous' (/home/emre24/Desktop/vvc_proj_kernels/src/IDCT2.cpp:52:13) in function 'IDCT2B8' completely with a factor of 4 (/home/emre24/Desktop/vvc_proj_kernels/src/IDCT2.cpp:49:0)
INFO: [HLS 214-186] Unrolling loop 'anonymous' (/home/emre24/Desktop/vvc_proj_kernels/src/IDCT2.cpp:34:13) in function 'IDCT2B4' completely with a factor of 2 (/home/emre24/Desktop/vvc_proj_kernels/src/IDCT2.cpp:26:0)
INFO: [HLS 214-186] Unrolling loop 'anonymous' (/home/emre24/Desktop/vvc_proj_kernels/src/IDCT2.cpp:30:16) in function 'IDCT2B4' completely with a factor of 2 (/home/emre24/Desktop/vvc_proj_kernels/src/IDCT2.cpp:26:0)
INFO: [HLS 214-186] Unrolling loop 'anonymous' (/home/emre24/Desktop/vvc_proj_kernels/src/IDCT2.cpp:29:13) in function 'IDCT2B4' completely with a factor of 2 (/home/emre24/Desktop/vvc_proj_kernels/src/IDCT2.cpp:26:0)
INFO-FLOW: DBG:PUTS: copy_raw_kernel_xml ap_link_39: copying raw kernel.xml: /home/emre24/Desktop/vvc_proj_kernels/Emulation-SW/build/IDCT2/IDCT2/IDCT2/solution/.autopilot/db/../../../kernel.xml -> /home/emre24/Desktop/vvc_proj_kernels/Emulation-SW/build/IDCT2/IDCT2/IDCT2/solution/.autopilot/db/kernel.internal.xml
INFO: [HLS 200-111] Finished Compiling Optimization and Transform: CPU user time: 6.82 seconds. CPU system time: 0.65 seconds. Elapsed time: 7.49 seconds; current allocated memory: 877.648 MB.
INFO: [HLS 200-111] Finished Checking Pragmas: CPU user time: 0 seconds. CPU system time: 0 seconds. Elapsed time: 0 seconds; current allocated memory: 877.648 MB.
Command       elaborate done; 13.11 sec.
Execute       ap_eval exec zip -j /home/emre24/Desktop/vvc_proj_kernels/Emulation-SW/build/IDCT2/IDCT2/IDCT2/solution/.autopilot/db/dut.hcp $dbDir/a.o.3.bc $dbDir/${topname}.rtl_wrap.cfg.tcl $dbDir/apatb_${topname}.cpp $dbDir/apatb_${topname}_util.cpp $dbDir/apatb_${topname}_ir.ll $dbDir/mapper_${topname}.cpp $dbDir/top-io-fe.xml $dbDir/kernel.internal.xml $workdir/../hls.app 
Execute       send_msg_by_id INFO @200-1493@ 
INFO: [HLS 200-1493] Running only source code synthesis checks, skipping scheduling and RTL generation.
INFO-FLOW: DBG:PUTS:       kernel.xml check internal_kernel_xml(1)=/home/emre24/Desktop/vvc_proj_kernels/Emulation-SW/build/IDCT2/IDCT2/IDCT2/solution/.autopilot/db/kernel.internal.xml top=IDCT2
INFO-FLOW: DBG:PUTS:       kernel.xml check proj_kernel_xml    (1)=/home/emre24/Desktop/vvc_proj_kernels/Emulation-SW/build/IDCT2/IDCT2/IDCT2/solution/.autopilot/db/../../../kernel.xml
INFO-FLOW: DBG:PUTS:       copy internal kernel.xml to project: /home/emre24/Desktop/vvc_proj_kernels/Emulation-SW/build/IDCT2/IDCT2/IDCT2/solution/.autopilot/db/../../../kernel.xml
INFO-FLOW: DBG:PUTS:       update_final_kernel_xml /home/emre24/Desktop/vvc_proj_kernels/Emulation-SW/build/IDCT2/IDCT2/IDCT2/solution/.autopilot/db/../../../kernel.xml
INFO-FLOW: DBG:PUTS: Updating /home/emre24/Desktop/vvc_proj_kernels/Emulation-SW/build/IDCT2/IDCT2/IDCT2/solution/.autopilot/db/../../../kernel.xml with values: interrupt true debug false compileOptions {-I /home/emre24/Desktop/vvc_proj_kernels/src} name IDCT2 vlnv xilinx.com:hls:IDCT2:1.0 swReset false mailbox none countedAutoRestart 0 deadlockDetection local
Command     csynth_design done; 13.15 sec.
INFO: [HLS 200-111] Finished Command csynth_design CPU user time: 11.83 seconds. CPU system time: 1.3 seconds. Elapsed time: 13.15 seconds; current allocated memory: 3.688 MB.
Execute     close_project 
INFO: [HLS 200-1510] Running: close_project 
Execute       close_solution 
Execute         cleanup_all 
Execute         cleanup_all 
