#-----------------------------------------------------------
# Vivado v2024.2 (64-bit)
# SW Build 5239630 on Fri Nov 08 22:34:34 MST 2024
# IP Build 5239520 on Sun Nov 10 16:12:51 MST 2024
# SharedData Build 5239561 on Fri Nov 08 14:39:27 MST 2024
# Start of session at: Fri Nov 21 21:48:55 2025
# Process ID         : 58029
# Current directory  : /home/mahir/Desktop/vvc/VVC-Decoder-Accelerator/dct2_dir/hls/impl/ip
# Command line       : vivado -notrace -mode batch -source run_ippack.tcl
# Log file           : /home/mahir/Desktop/vvc/VVC-Decoder-Accelerator/dct2_dir/hls/impl/ip/vivado.log
# Journal file       : /home/mahir/Desktop/vvc/VVC-Decoder-Accelerator/dct2_dir/hls/impl/ip/vivado.jou
# Running On         : mahir-NucBox-EVO-X2
# Platform           : Ubuntu
# Operating System   : Ubuntu 25.04
# Processor Detail   : AMD RYZEN AI MAX+ 395 w/ Radeon 8060S
# CPU Frequency      : 1723.306 MHz
# CPU Physical cores : 16
# CPU Logical cores  : 32
# Host memory        : 32728 MB
# Swap memory        : 8589 MB
# Total Virtual      : 41318 MB
# Available Virtual  : 27645 MB
#-----------------------------------------------------------
source run_ippack.tcl -notrace
INFO: calling package_hls_ip ip_types=vitis sysgen json_file=/home/mahir/Desktop/vvc/VVC-Decoder-Accelerator/dct2_dir/hls/hls_data.json outdir=/home/mahir/Desktop/vvc/VVC-Decoder-Accelerator/dct2_dir/hls/impl/ip srcdir=/home/mahir/Desktop/vvc/VVC-Decoder-Accelerator/dct2_dir/hls sort_interfaces_ports=false
INFO: Copied 1 ipmisc file(s) to /home/mahir/Desktop/vvc/VVC-Decoder-Accelerator/dct2_dir/hls/impl/ip/misc
INFO: Copied 17 verilog file(s) to /home/mahir/Desktop/vvc/VVC-Decoder-Accelerator/dct2_dir/hls/impl/ip/hdl/verilog
INFO: Copied 17 vhdl file(s) to /home/mahir/Desktop/vvc/VVC-Decoder-Accelerator/dct2_dir/hls/impl/ip/hdl/vhdl
INFO: Copied 10 swdriver file(s) to /home/mahir/Desktop/vvc/VVC-Decoder-Accelerator/dct2_dir/hls/impl/ip/drivers
INFO: Import ports from HDL: /home/mahir/Desktop/vvc/VVC-Decoder-Accelerator/dct2_dir/hls/impl/ip/hdl/vhdl/IDCT2.vhd (IDCT2)
INFO: Add axi4lite interface s_axi_control
INFO: Add clock interface ap_clk
INFO: Add reset interface ap_rst_n
INFO: Add interrupt interface interrupt
INFO: [IP_Flow 19-234] Refreshing IP repositories
INFO: [IP_Flow 19-1704] No user IP repositories specified
INFO: [IP_Flow 19-2313] Loaded Vivado IP repository '/tools/Xilinx/Vivado/2024.2/data/ip'.
INFO: Add axi4full interface m_axi_gmem0
INFO: Add axi4full interface m_axi_gmem1
INFO: Calling post_process_vitis to specialize IP
INFO: Calling post_process_sysgen to specialize IP
Generating sysgen info xml from json file
INFO: Created IP /home/mahir/Desktop/vvc/VVC-Decoder-Accelerator/dct2_dir/hls/impl/ip/component.xml
Generating XO file: IDCT2.xo in directory /home/mahir/Desktop/vvc/VVC-Decoder-Accelerator/dct2_dir/hls/..
Running: package_xo -xo_path /home/mahir/Desktop/vvc/VVC-Decoder-Accelerator/dct2_dir/hls/../IDCT2.xo -kernel_xml /home/mahir/Desktop/vvc/VVC-Decoder-Accelerator/dct2_dir/hls/kernel.xml -kernel_name IDCT2 -ip_directory /home/mahir/Desktop/vvc/VVC-Decoder-Accelerator/dct2_dir/hls/impl/ip -kernel_files {/home/mahir/Desktop/vvc/VVC-Decoder-Accelerator/dct2_dir/hls/../../src/IDCT2.cpp /home/mahir/Desktop/vvc/VVC-Decoder-Accelerator/dct2_dir/hls/../../src/transform_coeffs.h} -hls_directory /home/mahir/Desktop/vvc/VVC-Decoder-Accelerator/dct2_dir/hls/impl/misc/hls_files -kernel_json /home/mahir/Desktop/vvc/VVC-Decoder-Accelerator/dct2_dir/hls/hls_data.json
INFO: Created IP archive /home/mahir/Desktop/vvc/VVC-Decoder-Accelerator/dct2_dir/hls/impl/ip/xilinx_com_hls_IDCT2_1_0.zip
INFO: [Common 17-206] Exiting Vivado at Fri Nov 21 21:49:01 2025...
