Tue Dec  9 15:04:02 2025: Running xcd server. This server was built by gradle.
Tue Dec  9 15:04:02 2025: Server was asked to start on port: '41157'
Tue Dec  9 15:04:02 2025: Server is using token UUID: 'fb41a294-e53e-4fec-b633-0ab8999b233f'
Tue Dec  9 15:04:02 2025: SESSION_MGR: creating session with session uuid: '6d04a3e9-ade5-4ab9-8d63-1f78fcd2ec76' and name 'default'
Tue Dec  9 15:04:02 2025: Attempting to start server on port '41157'
Tue Dec  9 15:04:02 2025: XCD main fifo: created main fifo '/tmp/xcdmainfb41a294-e53e-4fec-b633-0ab8999b233f', fd read = 13
Tue Dec  9 15:04:02 2025: Running Dispatch Server
Tue Dec  9 15:04:02 2025: Version 2.2.0
Tue Dec  9 15:04:04 2025: Dispatch Server: Accepted socket connection from client
Tue Dec  9 15:04:04 2025: Starting Socket connection
Tue Dec  9 15:04:04 2025: EXCHANGE_TOKEN received, server token: fb41a294-e53e-4fec-b633-0ab8999b233f, passed token: fb41a294-e53e-4fec-b633-0ab8999b233f
Tue Dec  9 15:04:04 2025: DISPATCH_HANDLER: Adding handler from function makeHandler in library libxv_system_diagram
Tue Dec  9 15:04:04 2025: SESSION_MGR: creating session with session uuid: '5d5cebc7-c0b4-4451-a5c6-15a17b5aa9e4' and name 'v++_compile_idst7_dir'
Tue Dec  9 15:04:04 2025: KERNEL_SVC: creating session with uuid: '5d5cebc7-c0b4-4451-a5c6-15a17b5aa9e4' and name 'v++_compile_idst7_dir'
Tue Dec  9 15:04:04 2025: GUIDANCE_SMGR: creating guidance session with uuid: '5d5cebc7-c0b4-4451-a5c6-15a17b5aa9e4' and name 'v++_compile_idst7_dir'
Tue Dec  9 15:04:04 2025: SYSTEM_DIAGRAM: creating session with uuid: '5d5cebc7-c0b4-4451-a5c6-15a17b5aa9e4' and name 'v++_compile_idst7_dir'
Tue Dec  9 15:04:06 2025: Dispatch Server: Accepted socket connection from client
Tue Dec  9 15:04:06 2025: Starting Socket connection
Tue Dec  9 15:04:29 2025: Running xcd server. This server was built by gradle.
Tue Dec  9 15:04:29 2025: Server was asked to start on port: '39623'
Tue Dec  9 15:04:29 2025: Server is using token UUID: 'd04206d8-94fe-4a6a-a23f-25d8eccbe036'
Tue Dec  9 15:04:29 2025: SESSION_MGR: creating session with session uuid: '6d04a3e9-ade5-4ab9-8d63-1f78fcd2ec76' and name 'default'
Tue Dec  9 15:04:29 2025: Attempting to start server on port '39623'
Tue Dec  9 15:04:29 2025: XCD main fifo: created main fifo '/tmp/xcdmaind04206d8-94fe-4a6a-a23f-25d8eccbe036', fd read = 13
Tue Dec  9 15:04:29 2025: Running Dispatch Server
Tue Dec  9 15:04:29 2025: Version 2.2.0
Tue Dec  9 15:04:32 2025: Dispatch Server: Accepted socket connection from client
Tue Dec  9 15:04:32 2025: Starting Socket connection
Tue Dec  9 15:04:32 2025: EXCHANGE_TOKEN received, server token: d04206d8-94fe-4a6a-a23f-25d8eccbe036, passed token: d04206d8-94fe-4a6a-a23f-25d8eccbe036
Tue Dec  9 15:04:32 2025: DISPATCH_HANDLER: Adding handler from function makeHandler in library libxv_system_diagram
Tue Dec  9 15:04:32 2025: SESSION_MGR: creating session with session uuid: '2643d010-3bd3-4d3c-8f49-b50c23c2730b' and name 'v++_compile_idst7_dir'
Tue Dec  9 15:04:32 2025: KERNEL_SVC: creating session with uuid: '2643d010-3bd3-4d3c-8f49-b50c23c2730b' and name 'v++_compile_idst7_dir'
Tue Dec  9 15:04:32 2025: GUIDANCE_SMGR: creating guidance session with uuid: '2643d010-3bd3-4d3c-8f49-b50c23c2730b' and name 'v++_compile_idst7_dir'
Tue Dec  9 15:04:32 2025: SYSTEM_DIAGRAM: creating session with uuid: '2643d010-3bd3-4d3c-8f49-b50c23c2730b' and name 'v++_compile_idst7_dir'
Tue Dec  9 15:04:34 2025: Dispatch Server: Accepted socket connection from client
Tue Dec  9 15:04:34 2025: Starting Socket connection
Tue Dec  9 15:04:47 2025: SESSION_MGR: closing session for UUID '2643d010-3bd3-4d3c-8f49-b50c23c2730b' with name 'v++_compile_idst7_dir'
Tue Dec  9 15:04:47 2025: KERNEL_SVC: closing session for UUID '2643d010-3bd3-4d3c-8f49-b50c23c2730b' with name 'v++_compile_idst7_dir'
Tue Dec  9 15:04:47 2025: GUIDANCE_SMGR: closing session for UUID '2643d010-3bd3-4d3c-8f49-b50c23c2730b' with name 'v++_compile_idst7_dir'
Tue Dec  9 15:04:47 2025: SYSTEM_DIAGRAM: closing session for UUID '2643d010-3bd3-4d3c-8f49-b50c23c2730b' with name 'v++_compile_idst7_dir'
Tue Dec  9 15:04:47 2025: STOP_SERVER received, server token: d04206d8-94fe-4a6a-a23f-25d8eccbe036, passed token: d04206d8-94fe-4a6a-a23f-25d8eccbe036
Tue Dec  9 15:04:47 2025: Socket received request to stop server.
Tue Dec  9 15:04:47 2025: Dispatch Server: do_await_stop
Tue Dec  9 15:04:47 2025: Dispatch Server: stopping mainFifo_
Tue Dec  9 15:04:47 2025: XCD main fifo: Stopping
Tue Dec  9 15:04:47 2025: XCD main fifo: do_read error code: Operation canceled
Tue Dec  9 15:04:47 2025: XCD main fifo: bytes_transferred: 0
Tue Dec  9 15:04:47 2025: SERVER: destructor for server bound to port 39623
Tue Dec  9 15:04:47 2025: XCD main fifo: Good unlink of /tmp/xcdmaind04206d8-94fe-4a6a-a23f-25d8eccbe036
Tue Dec  9 15:04:47 2025: Server exiting with status 0.
Tue Dec  9 15:04:47 2025: Closing log file.
Tue Dec  9 15:04:48 2025: Running xcd server. This server was built by gradle.
Tue Dec  9 15:04:48 2025: Server was asked to start on port: '35809'
Tue Dec  9 15:04:48 2025: Server is using token UUID: 'eaae32d5-f2d5-4bc5-b7aa-4c496c943336'
Tue Dec  9 15:04:48 2025: SESSION_MGR: creating session with session uuid: '6d04a3e9-ade5-4ab9-8d63-1f78fcd2ec76' and name 'default'
Tue Dec  9 15:04:48 2025: Attempting to start server on port '35809'
Tue Dec  9 15:04:48 2025: XCD main fifo: created main fifo '/tmp/xcdmaineaae32d5-f2d5-4bc5-b7aa-4c496c943336', fd read = 13
Tue Dec  9 15:04:48 2025: Running Dispatch Server
Tue Dec  9 15:04:48 2025: Version 2.2.0
Tue Dec  9 15:04:50 2025: Dispatch Server: Accepted socket connection from client
Tue Dec  9 15:04:50 2025: Starting Socket connection
Tue Dec  9 15:04:50 2025: EXCHANGE_TOKEN received, server token: eaae32d5-f2d5-4bc5-b7aa-4c496c943336, passed token: eaae32d5-f2d5-4bc5-b7aa-4c496c943336
Tue Dec  9 15:04:50 2025: DISPATCH_HANDLER: Adding handler from function makeHandler in library libxv_system_diagram
Tue Dec  9 15:04:50 2025: SESSION_MGR: creating session with session uuid: '3a29b72d-dc17-4b59-b490-73dac8bab82b' and name 'vitis-run_compile_idst7_dir'
Tue Dec  9 15:04:50 2025: KERNEL_SVC: creating session with uuid: '3a29b72d-dc17-4b59-b490-73dac8bab82b' and name 'vitis-run_compile_idst7_dir'
Tue Dec  9 15:04:50 2025: GUIDANCE_SMGR: creating guidance session with uuid: '3a29b72d-dc17-4b59-b490-73dac8bab82b' and name 'vitis-run_compile_idst7_dir'
Tue Dec  9 15:04:50 2025: SYSTEM_DIAGRAM: creating session with uuid: '3a29b72d-dc17-4b59-b490-73dac8bab82b' and name 'vitis-run_compile_idst7_dir'
Tue Dec  9 15:04:53 2025: Dispatch Server: Accepted socket connection from client
Tue Dec  9 15:04:53 2025: Starting Socket connection
Tue Dec  9 15:05:11 2025: SESSION_MGR: closing session for UUID '3a29b72d-dc17-4b59-b490-73dac8bab82b' with name 'vitis-run_compile_idst7_dir'
Tue Dec  9 15:05:11 2025: KERNEL_SVC: closing session for UUID '3a29b72d-dc17-4b59-b490-73dac8bab82b' with name 'vitis-run_compile_idst7_dir'
Tue Dec  9 15:05:11 2025: GUIDANCE_SMGR: closing session for UUID '3a29b72d-dc17-4b59-b490-73dac8bab82b' with name 'vitis-run_compile_idst7_dir'
Tue Dec  9 15:05:11 2025: SYSTEM_DIAGRAM: closing session for UUID '3a29b72d-dc17-4b59-b490-73dac8bab82b' with name 'vitis-run_compile_idst7_dir'
Tue Dec  9 15:05:11 2025: STOP_SERVER received, server token: eaae32d5-f2d5-4bc5-b7aa-4c496c943336, passed token: eaae32d5-f2d5-4bc5-b7aa-4c496c943336
Tue Dec  9 15:05:11 2025: Socket received request to stop server.
Tue Dec  9 15:05:11 2025: Dispatch Server: do_await_stop
Tue Dec  9 15:05:11 2025: Dispatch Server: stopping mainFifo_
Tue Dec  9 15:05:11 2025: XCD main fifo: Stopping
Tue Dec  9 15:05:11 2025: XCD main fifo: do_read error code: Operation canceled
Tue Dec  9 15:05:11 2025: XCD main fifo: bytes_transferred: 0
Tue Dec  9 15:05:11 2025: SERVER: destructor for server bound to port 35809
Tue Dec  9 15:05:11 2025: XCD main fifo: Good unlink of /tmp/xcdmaineaae32d5-f2d5-4bc5-b7aa-4c496c943336
Tue Dec  9 15:05:11 2025: Server exiting with status 0.
Tue Dec  9 15:05:11 2025: Closing log file.
