Wed Jan 21 16:29:19 2026: Running xcd server. This server was built by gradle.
Wed Jan 21 16:29:19 2026: Server was asked to start on port: '44195'
Wed Jan 21 16:29:19 2026: Server is using token UUID: 'ef5682bf-45c5-4fd0-8cc5-e71b1a5348e6'
Wed Jan 21 16:29:19 2026: SESSION_MGR: creating session with session uuid: '6d04a3e9-ade5-4ab9-8d63-1f78fcd2ec76' and name 'default'
Wed Jan 21 16:29:19 2026: Attempting to start server on port '44195'
Wed Jan 21 16:29:19 2026: XCD main fifo: created main fifo '/tmp/xcdmainef5682bf-45c5-4fd0-8cc5-e71b1a5348e6', fd read = 13
Wed Jan 21 16:29:19 2026: Running Dispatch Server
Wed Jan 21 16:29:19 2026: Version 2.2.0
Wed Jan 21 16:29:28 2026: Dispatch Server: Accepted socket connection from client
Wed Jan 21 16:29:28 2026: Starting Socket connection
Wed Jan 21 16:29:28 2026: EXCHANGE_TOKEN received, server token: ef5682bf-45c5-4fd0-8cc5-e71b1a5348e6, passed token: ef5682bf-45c5-4fd0-8cc5-e71b1a5348e6
Wed Jan 21 16:29:28 2026: DISPATCH_HANDLER: Adding handler from function makeHandler in library libxv_system_diagram
Wed Jan 21 16:29:28 2026: SESSION_MGR: creating session with session uuid: '771fcbd9-a354-4882-a6bd-192658c0cd91' and name 'link'
Wed Jan 21 16:29:28 2026: KERNEL_SVC: creating session with uuid: '771fcbd9-a354-4882-a6bd-192658c0cd91' and name 'link'
Wed Jan 21 16:29:28 2026: GUIDANCE_SMGR: creating guidance session with uuid: '771fcbd9-a354-4882-a6bd-192658c0cd91' and name 'link'
Wed Jan 21 16:29:28 2026: SYSTEM_DIAGRAM: creating session with uuid: '771fcbd9-a354-4882-a6bd-192658c0cd91' and name 'link'
Wed Jan 21 16:29:41 2026: SESSION_MGR: closing session for UUID '771fcbd9-a354-4882-a6bd-192658c0cd91' with name 'link'
Wed Jan 21 16:29:41 2026: KERNEL_SVC: closing session for UUID '771fcbd9-a354-4882-a6bd-192658c0cd91' with name 'link'
Wed Jan 21 16:29:41 2026: GUIDANCE_SMGR: closing session for UUID '771fcbd9-a354-4882-a6bd-192658c0cd91' with name 'link'
Wed Jan 21 16:29:41 2026: SYSTEM_DIAGRAM: closing session for UUID '771fcbd9-a354-4882-a6bd-192658c0cd91' with name 'link'
Wed Jan 21 16:29:41 2026: STOP_SERVER received, server token: ef5682bf-45c5-4fd0-8cc5-e71b1a5348e6, passed token: ef5682bf-45c5-4fd0-8cc5-e71b1a5348e6
Wed Jan 21 16:29:41 2026: Socket received request to stop server.
Wed Jan 21 16:29:41 2026: Dispatch Server: do_await_stop
Wed Jan 21 16:29:41 2026: Dispatch Server: stopping mainFifo_
Wed Jan 21 16:29:41 2026: XCD main fifo: Stopping
Wed Jan 21 16:29:41 2026: XCD main fifo: do_read error code: Operation canceled
Wed Jan 21 16:29:41 2026: XCD main fifo: bytes_transferred: 0
Wed Jan 21 16:29:41 2026: SERVER: destructor for server bound to port 44195
Wed Jan 21 16:29:41 2026: XCD main fifo: Good unlink of /tmp/xcdmainef5682bf-45c5-4fd0-8cc5-e71b1a5348e6
Wed Jan 21 16:29:41 2026: Server exiting with status 0.
Wed Jan 21 16:29:41 2026: Closing log file.
