

================================================================
== Vitis HLS Report for 'IDST7B32_Pipeline_VITIS_LOOP_73_1'
================================================================
* Date:           Mon Dec 22 13:45:48 2025

* Version:        2024.2 (Build 5238294 on Nov  8 2024)
* Project:        idst7_dir
* Solution:       hls (Vitis Kernel Flow Target)
* Product family: versalaicore
* Target device:  xcvc1902-vsva2197-2MP-e-S


================================================================
== Performance Estimates
================================================================
+ Timing: 
    * Summary: 
    +--------+---------+----------+------------+
    |  Clock |  Target | Estimated| Uncertainty|
    +--------+---------+----------+------------+
    |ap_clk  |  3.33 ns|  2.408 ns|     0.90 ns|
    +--------+---------+----------+------------+

+ Latency: 
    * Summary: 
    +---------+---------+----------+----------+-----+-----+------------------------------------------------+
    |  Latency (cycles) |  Latency (absolute) |  Interval |                    Pipeline                    |
    |   min   |   max   |    min   |    max   | min | max |                      Type                      |
    +---------+---------+----------+----------+-----+-----+------------------------------------------------+
    |       58|       58|  0.193 us|  0.193 us|   33|   33|  loop auto-rewind stp (delay=0 clock cycles(s))|
    +---------+---------+----------+----------+-----+-----+------------------------------------------------+

    + Detail: 
        * Instance: 
        N/A

        * Loop: 
        +-------------------+---------+---------+----------+-----------+-----------+------+----------+
        |                   |  Latency (cycles) | Iteration|  Initiation Interval  | Trip |          |
        |     Loop Name     |   min   |   max   |  Latency |  achieved |   target  | Count| Pipelined|
        +-------------------+---------+---------+----------+-----------+-----------+------+----------+
        |- VITIS_LOOP_73_1  |       56|       56|        26|          1|          1|    32|       yes|
        +-------------------+---------+---------+----------+-----------+-----------+------+----------+



================================================================
== Utilization Estimates
================================================================
* Summary: 
+-----------------+---------+------+---------+--------+-----+
|       Name      | BRAM_18K|  DSP |    FF   |   LUT  | URAM|
+-----------------+---------+------+---------+--------+-----+
|DSP              |        -|     -|        -|       -|    -|
|Expression       |        -|     -|        0|    2762|    -|
|FIFO             |        -|     -|        -|       -|    -|
|Instance         |        -|    64|      736|       0|    -|
|Memory           |       32|     -|        0|       0|    -|
|Multiplexer      |        -|     -|        0|    1042|    -|
|Register         |        -|     -|     3677|      48|    -|
+-----------------+---------+------+---------+--------+-----+
|Total            |       32|    64|     4413|    3852|    0|
+-----------------+---------+------+---------+--------+-----+
|Available        |     1934|  1968|  1799680|  899840|  463|
+-----------------+---------+------+---------+--------+-----+
|Utilization (%)  |        1|     3|       ~0|      ~0|    0|
+-----------------+---------+------+---------+--------+-----+

+ Detail: 
    * Instance: 
    +-------------------------+--------------------+---------+----+----+----+-----+
    |         Instance        |       Module       | BRAM_18K| DSP| FF | LUT| URAM|
    +-------------------------+--------------------+---------+----+----+----+-----+
    |mul_7ns_32s_32_2_1_U176  |mul_7ns_32s_32_2_1  |        0|   2|  23|   0|    0|
    |mul_8s_32s_32_2_1_U177   |mul_8s_32s_32_2_1   |        0|   2|  23|   0|    0|
    |mul_8s_32s_32_2_1_U178   |mul_8s_32s_32_2_1   |        0|   2|  23|   0|    0|
    |mul_8s_32s_32_2_1_U179   |mul_8s_32s_32_2_1   |        0|   2|  23|   0|    0|
    |mul_8s_32s_32_2_1_U180   |mul_8s_32s_32_2_1   |        0|   2|  23|   0|    0|
    |mul_8s_32s_32_2_1_U181   |mul_8s_32s_32_2_1   |        0|   2|  23|   0|    0|
    |mul_8s_32s_32_2_1_U182   |mul_8s_32s_32_2_1   |        0|   2|  23|   0|    0|
    |mul_8s_32s_32_2_1_U183   |mul_8s_32s_32_2_1   |        0|   2|  23|   0|    0|
    |mul_8s_32s_32_2_1_U184   |mul_8s_32s_32_2_1   |        0|   2|  23|   0|    0|
    |mul_8s_32s_32_2_1_U185   |mul_8s_32s_32_2_1   |        0|   2|  23|   0|    0|
    |mul_8s_32s_32_2_1_U186   |mul_8s_32s_32_2_1   |        0|   2|  23|   0|    0|
    |mul_8s_32s_32_2_1_U187   |mul_8s_32s_32_2_1   |        0|   2|  23|   0|    0|
    |mul_8s_32s_32_2_1_U188   |mul_8s_32s_32_2_1   |        0|   2|  23|   0|    0|
    |mul_8s_32s_32_2_1_U189   |mul_8s_32s_32_2_1   |        0|   2|  23|   0|    0|
    |mul_8s_32s_32_2_1_U190   |mul_8s_32s_32_2_1   |        0|   2|  23|   0|    0|
    |mul_8s_32s_32_2_1_U191   |mul_8s_32s_32_2_1   |        0|   2|  23|   0|    0|
    |mul_8s_32s_32_2_1_U192   |mul_8s_32s_32_2_1   |        0|   2|  23|   0|    0|
    |mul_8s_32s_32_2_1_U193   |mul_8s_32s_32_2_1   |        0|   2|  23|   0|    0|
    |mul_8s_32s_32_2_1_U194   |mul_8s_32s_32_2_1   |        0|   2|  23|   0|    0|
    |mul_8s_32s_32_2_1_U195   |mul_8s_32s_32_2_1   |        0|   2|  23|   0|    0|
    |mul_8s_32s_32_2_1_U196   |mul_8s_32s_32_2_1   |        0|   2|  23|   0|    0|
    |mul_8s_32s_32_2_1_U197   |mul_8s_32s_32_2_1   |        0|   2|  23|   0|    0|
    |mul_8s_32s_32_2_1_U198   |mul_8s_32s_32_2_1   |        0|   2|  23|   0|    0|
    |mul_8s_32s_32_2_1_U199   |mul_8s_32s_32_2_1   |        0|   2|  23|   0|    0|
    |mul_8s_32s_32_2_1_U200   |mul_8s_32s_32_2_1   |        0|   2|  23|   0|    0|
    |mul_8s_32s_32_2_1_U201   |mul_8s_32s_32_2_1   |        0|   2|  23|   0|    0|
    |mul_8s_32s_32_2_1_U202   |mul_8s_32s_32_2_1   |        0|   2|  23|   0|    0|
    |mul_8s_32s_32_2_1_U203   |mul_8s_32s_32_2_1   |        0|   2|  23|   0|    0|
    |mul_8s_32s_32_2_1_U204   |mul_8s_32s_32_2_1   |        0|   2|  23|   0|    0|
    |mul_8s_32s_32_2_1_U205   |mul_8s_32s_32_2_1   |        0|   2|  23|   0|    0|
    |mul_8s_32s_32_2_1_U206   |mul_8s_32s_32_2_1   |        0|   2|  23|   0|    0|
    |mul_8s_32s_32_2_1_U207   |mul_8s_32s_32_2_1   |        0|   2|  23|   0|    0|
    +-------------------------+--------------------+---------+----+----+----+-----+
    |Total                    |                    |        0|  64| 736|   0|    0|
    +-------------------------+--------------------+---------+----+----+----+-----+

    * DSP: 
    N/A

    * Memory: 
    +--------------------+----------------------------------------------------------------+---------+---+----+-----+------+-----+------+-------------+
    |       Memory       |                             Module                             | BRAM_18K| FF| LUT| URAM| Words| Bits| Banks| W*Bits*Banks|
    +--------------------+----------------------------------------------------------------+---------+---+----+-----+------+-----+------+-------------+
    |p_ZL8idst7_32_0_U   |IDST7B32_Pipeline_VITIS_LOOP_73_1_p_ZL8idst7_32_0_ROM_AUTO_1R   |        1|  0|   0|    0|    32|    7|     1|          224|
    |p_ZL8idst7_32_10_U  |IDST7B32_Pipeline_VITIS_LOOP_73_1_p_ZL8idst7_32_10_ROM_AUTO_1R  |        1|  0|   0|    0|    32|    8|     1|          256|
    |p_ZL8idst7_32_11_U  |IDST7B32_Pipeline_VITIS_LOOP_73_1_p_ZL8idst7_32_11_ROM_AUTO_1R  |        1|  0|   0|    0|    32|    8|     1|          256|
    |p_ZL8idst7_32_12_U  |IDST7B32_Pipeline_VITIS_LOOP_73_1_p_ZL8idst7_32_12_ROM_AUTO_1R  |        1|  0|   0|    0|    32|    8|     1|          256|
    |p_ZL8idst7_32_13_U  |IDST7B32_Pipeline_VITIS_LOOP_73_1_p_ZL8idst7_32_13_ROM_AUTO_1R  |        1|  0|   0|    0|    32|    8|     1|          256|
    |p_ZL8idst7_32_14_U  |IDST7B32_Pipeline_VITIS_LOOP_73_1_p_ZL8idst7_32_14_ROM_AUTO_1R  |        1|  0|   0|    0|    32|    8|     1|          256|
    |p_ZL8idst7_32_15_U  |IDST7B32_Pipeline_VITIS_LOOP_73_1_p_ZL8idst7_32_15_ROM_AUTO_1R  |        1|  0|   0|    0|    32|    8|     1|          256|
    |p_ZL8idst7_32_16_U  |IDST7B32_Pipeline_VITIS_LOOP_73_1_p_ZL8idst7_32_16_ROM_AUTO_1R  |        1|  0|   0|    0|    32|    8|     1|          256|
    |p_ZL8idst7_32_17_U  |IDST7B32_Pipeline_VITIS_LOOP_73_1_p_ZL8idst7_32_17_ROM_AUTO_1R  |        1|  0|   0|    0|    32|    8|     1|          256|
    |p_ZL8idst7_32_18_U  |IDST7B32_Pipeline_VITIS_LOOP_73_1_p_ZL8idst7_32_18_ROM_AUTO_1R  |        1|  0|   0|    0|    32|    8|     1|          256|
    |p_ZL8idst7_32_19_U  |IDST7B32_Pipeline_VITIS_LOOP_73_1_p_ZL8idst7_32_19_ROM_AUTO_1R  |        1|  0|   0|    0|    32|    8|     1|          256|
    |p_ZL8idst7_32_1_U   |IDST7B32_Pipeline_VITIS_LOOP_73_1_p_ZL8idst7_32_1_ROM_AUTO_1R   |        1|  0|   0|    0|    32|    8|     1|          256|
    |p_ZL8idst7_32_20_U  |IDST7B32_Pipeline_VITIS_LOOP_73_1_p_ZL8idst7_32_20_ROM_AUTO_1R  |        1|  0|   0|    0|    32|    8|     1|          256|
    |p_ZL8idst7_32_21_U  |IDST7B32_Pipeline_VITIS_LOOP_73_1_p_ZL8idst7_32_21_ROM_AUTO_1R  |        1|  0|   0|    0|    32|    8|     1|          256|
    |p_ZL8idst7_32_22_U  |IDST7B32_Pipeline_VITIS_LOOP_73_1_p_ZL8idst7_32_22_ROM_AUTO_1R  |        1|  0|   0|    0|    32|    8|     1|          256|
    |p_ZL8idst7_32_23_U  |IDST7B32_Pipeline_VITIS_LOOP_73_1_p_ZL8idst7_32_23_ROM_AUTO_1R  |        1|  0|   0|    0|    32|    8|     1|          256|
    |p_ZL8idst7_32_24_U  |IDST7B32_Pipeline_VITIS_LOOP_73_1_p_ZL8idst7_32_24_ROM_AUTO_1R  |        1|  0|   0|    0|    32|    8|     1|          256|
    |p_ZL8idst7_32_25_U  |IDST7B32_Pipeline_VITIS_LOOP_73_1_p_ZL8idst7_32_25_ROM_AUTO_1R  |        1|  0|   0|    0|    32|    8|     1|          256|
    |p_ZL8idst7_32_26_U  |IDST7B32_Pipeline_VITIS_LOOP_73_1_p_ZL8idst7_32_26_ROM_AUTO_1R  |        1|  0|   0|    0|    32|    8|     1|          256|
    |p_ZL8idst7_32_27_U  |IDST7B32_Pipeline_VITIS_LOOP_73_1_p_ZL8idst7_32_27_ROM_AUTO_1R  |        1|  0|   0|    0|    32|    8|     1|          256|
    |p_ZL8idst7_32_28_U  |IDST7B32_Pipeline_VITIS_LOOP_73_1_p_ZL8idst7_32_28_ROM_AUTO_1R  |        1|  0|   0|    0|    32|    8|     1|          256|
    |p_ZL8idst7_32_29_U  |IDST7B32_Pipeline_VITIS_LOOP_73_1_p_ZL8idst7_32_29_ROM_AUTO_1R  |        1|  0|   0|    0|    32|    8|     1|          256|
    |p_ZL8idst7_32_2_U   |IDST7B32_Pipeline_VITIS_LOOP_73_1_p_ZL8idst7_32_2_ROM_AUTO_1R   |        1|  0|   0|    0|    32|    8|     1|          256|
    |p_ZL8idst7_32_30_U  |IDST7B32_Pipeline_VITIS_LOOP_73_1_p_ZL8idst7_32_30_ROM_AUTO_1R  |        1|  0|   0|    0|    32|    8|     1|          256|
    |p_ZL8idst7_32_31_U  |IDST7B32_Pipeline_VITIS_LOOP_73_1_p_ZL8idst7_32_31_ROM_AUTO_1R  |        1|  0|   0|    0|    32|    8|     1|          256|
    |p_ZL8idst7_32_3_U   |IDST7B32_Pipeline_VITIS_LOOP_73_1_p_ZL8idst7_32_3_ROM_AUTO_1R   |        1|  0|   0|    0|    32|    8|     1|          256|
    |p_ZL8idst7_32_4_U   |IDST7B32_Pipeline_VITIS_LOOP_73_1_p_ZL8idst7_32_4_ROM_AUTO_1R   |        1|  0|   0|    0|    32|    8|     1|          256|
    |p_ZL8idst7_32_5_U   |IDST7B32_Pipeline_VITIS_LOOP_73_1_p_ZL8idst7_32_5_ROM_AUTO_1R   |        1|  0|   0|    0|    32|    8|     1|          256|
    |p_ZL8idst7_32_6_U   |IDST7B32_Pipeline_VITIS_LOOP_73_1_p_ZL8idst7_32_6_ROM_AUTO_1R   |        1|  0|   0|    0|    32|    8|     1|          256|
    |p_ZL8idst7_32_7_U   |IDST7B32_Pipeline_VITIS_LOOP_73_1_p_ZL8idst7_32_7_ROM_AUTO_1R   |        1|  0|   0|    0|    32|    8|     1|          256|
    |p_ZL8idst7_32_8_U   |IDST7B32_Pipeline_VITIS_LOOP_73_1_p_ZL8idst7_32_8_ROM_AUTO_1R   |        1|  0|   0|    0|    32|    8|     1|          256|
    |p_ZL8idst7_32_9_U   |IDST7B32_Pipeline_VITIS_LOOP_73_1_p_ZL8idst7_32_9_ROM_AUTO_1R   |        1|  0|   0|    0|    32|    8|     1|          256|
    +--------------------+----------------------------------------------------------------+---------+---+----+-----+------+-----+------+-------------+
    |Total               |                                                                |       32|  0|   0|    0|  1024|  255|    32|         8160|
    +--------------------+----------------------------------------------------------------+---------+---+----+-----+------+-----+------+-------------+

    * FIFO: 
    N/A

    * Expression: 
    +-----------------------+----------+----+---+----+------------+------------+
    |     Variable Name     | Operation| DSP| FF| LUT| Bitwidth P0| Bitwidth P1|
    +-----------------------+----------+----+---+----+------------+------------+
    |add_ln73_fu_1630_p2    |         +|   0|  0|   6|           6|           1|
    |add_ln87_fu_2504_p2    |         +|   0|  0|  33|          33|          33|
    |sum_17_fu_1728_p2      |         +|   0|  0|  32|          32|          32|
    |sum_19_fu_1760_p2      |         +|   0|  0|  32|          32|          32|
    |sum_21_fu_1771_p2      |         +|   0|  0|  32|          32|          32|
    |sum_23_fu_1808_p2      |         +|   0|  0|  32|          32|          32|
    |sum_25_fu_1840_p2      |         +|   0|  0|  32|          32|          32|
    |sum_27_fu_1851_p2      |         +|   0|  0|  32|          32|          32|
    |sum_29_fu_1888_p2      |         +|   0|  0|  32|          32|          32|
    |sum_31_fu_1920_p2      |         +|   0|  0|  32|          32|          32|
    |sum_33_fu_1931_p2      |         +|   0|  0|  32|          32|          32|
    |sum_35_fu_1968_p2      |         +|   0|  0|  32|          32|          32|
    |sum_37_fu_2000_p2      |         +|   0|  0|  32|          32|          32|
    |sum_39_fu_2011_p2      |         +|   0|  0|  32|          32|          32|
    |sum_41_fu_2048_p2      |         +|   0|  0|  32|          32|          32|
    |sum_43_fu_2080_p2      |         +|   0|  0|  32|          32|          32|
    |sum_45_fu_2091_p2      |         +|   0|  0|  32|          32|          32|
    |sum_47_fu_2128_p2      |         +|   0|  0|  32|          32|          32|
    |sum_49_fu_2160_p2      |         +|   0|  0|  32|          32|          32|
    |sum_51_fu_2171_p2      |         +|   0|  0|  32|          32|          32|
    |sum_53_fu_2208_p2      |         +|   0|  0|  32|          32|          32|
    |sum_55_fu_2268_p2      |         +|   0|  0|  32|          32|          32|
    |sum_57_fu_2279_p2      |         +|   0|  0|  32|          32|          32|
    |sum_59_fu_2312_p2      |         +|   0|  0|  32|          32|          32|
    |sum_61_fu_2335_p2      |         +|   0|  0|  32|          32|          32|
    |sum_63_fu_2346_p2      |         +|   0|  0|  32|          32|          32|
    |sum_65_fu_2377_p2      |         +|   0|  0|  32|          32|          32|
    |sum_67_fu_2400_p2      |         +|   0|  0|  32|          32|          32|
    |sum_69_fu_2411_p2      |         +|   0|  0|  32|          32|          32|
    |sum_71_fu_2442_p2      |         +|   0|  0|  32|          32|          32|
    |sum_73_fu_2465_p2      |         +|   0|  0|  32|          32|          32|
    |sum_75_fu_2476_p2      |         +|   0|  0|  32|          32|          32|
    |sum_77_fu_2487_p2      |         +|   0|  0|  32|          32|          32|
    |ashr_ln87_fu_2513_p2   |      ashr|   0|  0|  88|          33|          33|
    |cmp_i_i_10_fu_1556_p2  |      icmp|   0|  0|  16|          32|           4|
    |cmp_i_i_11_fu_1550_p2  |      icmp|   0|  0|  16|          32|           4|
    |cmp_i_i_12_fu_1544_p2  |      icmp|   0|  0|  16|          32|           4|
    |cmp_i_i_13_fu_1538_p2  |      icmp|   0|  0|  16|          32|           4|
    |cmp_i_i_14_fu_1532_p2  |      icmp|   0|  0|  16|          32|           4|
    |cmp_i_i_16_fu_1520_p2  |      icmp|   0|  0|  16|          32|           5|
    |cmp_i_i_17_fu_1514_p2  |      icmp|   0|  0|  16|          32|           5|
    |cmp_i_i_18_fu_1508_p2  |      icmp|   0|  0|  16|          32|           5|
    |cmp_i_i_19_fu_1502_p2  |      icmp|   0|  0|  16|          32|           5|
    |cmp_i_i_20_fu_1496_p2  |      icmp|   0|  0|  16|          32|           5|
    |cmp_i_i_21_fu_1490_p2  |      icmp|   0|  0|  16|          32|           5|
    |cmp_i_i_22_fu_1484_p2  |      icmp|   0|  0|  16|          32|           5|
    |cmp_i_i_23_fu_1478_p2  |      icmp|   0|  0|  16|          32|           5|
    |cmp_i_i_24_fu_1472_p2  |      icmp|   0|  0|  16|          32|           5|
    |cmp_i_i_25_fu_1466_p2  |      icmp|   0|  0|  16|          32|           5|
    |cmp_i_i_26_fu_1460_p2  |      icmp|   0|  0|  16|          32|           5|
    |cmp_i_i_27_fu_1454_p2  |      icmp|   0|  0|  16|          32|           5|
    |cmp_i_i_28_fu_1448_p2  |      icmp|   0|  0|  16|          32|           5|
    |cmp_i_i_29_fu_1442_p2  |      icmp|   0|  0|  16|          32|           5|
    |cmp_i_i_2_fu_1604_p2   |      icmp|   0|  0|  16|          32|           2|
    |cmp_i_i_30_fu_1436_p2  |      icmp|   0|  0|  16|          32|           5|
    |cmp_i_i_4_fu_1592_p2   |      icmp|   0|  0|  16|          32|           3|
    |cmp_i_i_5_fu_1586_p2   |      icmp|   0|  0|  16|          32|           3|
    |cmp_i_i_6_fu_1580_p2   |      icmp|   0|  0|  16|          32|           3|
    |cmp_i_i_8_fu_1568_p2   |      icmp|   0|  0|  16|          32|           4|
    |cmp_i_i_9_fu_1562_p2   |      icmp|   0|  0|  16|          32|           4|
    |cmp_i_i_fu_1616_p2     |      icmp|   0|  0|  16|          32|           1|
    |icmp191_fu_1598_p2     |      icmp|   0|  0|  15|          30|           1|
    |icmp194_fu_1574_p2     |      icmp|   0|  0|  14|          29|           1|
    |icmp197_fu_1526_p2     |      icmp|   0|  0|  14|          28|           1|
    |icmp200_fu_1430_p2     |      icmp|   0|  0|  13|          27|           1|
    |icmp_fu_1610_p2        |      icmp|   0|  0|  15|          31|           1|
    |icmp_ln73_fu_1636_p2   |      icmp|   0|  0|   3|           6|           7|
    |icmp_ln8_fu_2532_p2    |      icmp|   0|  0|  16|          32|          32|
    |icmp_ln9_fu_2536_p2    |      icmp|   0|  0|  16|          32|          32|
    |scaled_fu_2525_p3      |    select|   0|  0|  29|           1|          32|
    |select_ln8_fu_2546_p3  |    select|   0|  0|  29|           1|          32|
    |select_ln9_fu_2540_p3  |    select|   0|  0|  29|           1|          32|
    |sum_16_fu_1721_p3      |    select|   0|  0|  29|           1|          32|
    |sum_18_fu_1734_p3      |    select|   0|  0|  29|           1|          32|
    |sum_20_fu_1765_p3      |    select|   0|  0|  29|           1|          32|
    |sum_22_fu_1803_p3      |    select|   0|  0|  29|           1|          32|
    |sum_24_fu_1814_p3      |    select|   0|  0|  29|           1|          32|
    |sum_26_fu_1845_p3      |    select|   0|  0|  29|           1|          32|
    |sum_28_fu_1883_p3      |    select|   0|  0|  29|           1|          32|
    |sum_30_fu_1894_p3      |    select|   0|  0|  29|           1|          32|
    |sum_32_fu_1925_p3      |    select|   0|  0|  29|           1|          32|
    |sum_34_fu_1963_p3      |    select|   0|  0|  29|           1|          32|
    |sum_36_fu_1974_p3      |    select|   0|  0|  29|           1|          32|
    |sum_38_fu_2005_p3      |    select|   0|  0|  29|           1|          32|
    |sum_40_fu_2043_p3      |    select|   0|  0|  29|           1|          32|
    |sum_42_fu_2054_p3      |    select|   0|  0|  29|           1|          32|
    |sum_44_fu_2085_p3      |    select|   0|  0|  29|           1|          32|
    |sum_46_fu_2123_p3      |    select|   0|  0|  29|           1|          32|
    |sum_48_fu_2134_p3      |    select|   0|  0|  29|           1|          32|
    |sum_50_fu_2165_p3      |    select|   0|  0|  29|           1|          32|
    |sum_52_fu_2203_p3      |    select|   0|  0|  29|           1|          32|
    |sum_54_fu_2214_p3      |    select|   0|  0|  29|           1|          32|
    |sum_56_fu_2273_p3      |    select|   0|  0|  29|           1|          32|
    |sum_58_fu_2307_p3      |    select|   0|  0|  29|           1|          32|
    |sum_60_fu_2318_p3      |    select|   0|  0|  29|           1|          32|
    |sum_62_fu_2340_p3      |    select|   0|  0|  29|           1|          32|
    |sum_64_fu_2372_p3      |    select|   0|  0|  29|           1|          32|
    |sum_66_fu_2383_p3      |    select|   0|  0|  29|           1|          32|
    |sum_68_fu_2405_p3      |    select|   0|  0|  29|           1|          32|
    |sum_70_fu_2437_p3      |    select|   0|  0|  29|           1|          32|
    |sum_72_fu_2448_p3      |    select|   0|  0|  29|           1|          32|
    |sum_74_fu_2470_p3      |    select|   0|  0|  29|           1|          32|
    |sum_76_fu_2482_p3      |    select|   0|  0|  29|           1|          32|
    |sum_78_fu_2493_p3      |    select|   0|  0|  29|           1|          32|
    |shl_ln87_fu_2509_p2    |       shl|   0|  0|  88|          33|          33|
    |ap_enable_pp0          |       xor|   0|  0|   2|           1|           2|
    +-----------------------+----------+----+---+----+------------+------------+
    |Total                  |          |   0|  0|2762|        2212|        2405|
    +-----------------------+----------+----+---+----+------------+------------+

    * Multiplexer: 
    +-------------------------+----+-----------+-----+-----------+
    |           Name          | LUT| Input Size| Bits| Total Bits|
    +-------------------------+----+-----------+-----+-----------+
    |ap_done_int              |   1|          2|    1|          2|
    |ap_enable_reg_pp0_iter1  |   1|          2|    1|          2|
    |ap_sig_allocacmp_j_2     |   8|          2|    6|         12|
    |grp_fu_1290_p2           |  32|          2|   32|         64|
    |grp_fu_1294_p2           |  32|          2|   32|         64|
    |grp_fu_1298_p2           |  32|          2|   32|         64|
    |grp_fu_1302_p2           |  32|          2|   32|         64|
    |grp_fu_1306_p2           |  32|          2|   32|         64|
    |grp_fu_1310_p2           |  32|          2|   32|         64|
    |grp_fu_1314_p2           |  32|          2|   32|         64|
    |grp_fu_1318_p2           |  32|          2|   32|         64|
    |grp_fu_1322_p2           |  32|          2|   32|         64|
    |grp_fu_1326_p2           |  32|          2|   32|         64|
    |grp_fu_1330_p2           |  32|          2|   32|         64|
    |grp_fu_1334_p2           |  32|          2|   32|         64|
    |grp_fu_1338_p2           |  32|          2|   32|         64|
    |grp_fu_1342_p2           |  32|          2|   32|         64|
    |grp_fu_1346_p2           |  32|          2|   32|         64|
    |grp_fu_1350_p2           |  32|          2|   32|         64|
    |grp_fu_1354_p2           |  32|          2|   32|         64|
    |grp_fu_1358_p2           |  32|          2|   32|         64|
    |grp_fu_1362_p2           |  32|          2|   32|         64|
    |grp_fu_1366_p2           |  32|          2|   32|         64|
    |grp_fu_1370_p2           |  32|          2|   32|         64|
    |grp_fu_1374_p2           |  32|          2|   32|         64|
    |grp_fu_1378_p2           |  32|          2|   32|         64|
    |grp_fu_1382_p2           |  32|          2|   32|         64|
    |grp_fu_1386_p2           |  32|          2|   32|         64|
    |grp_fu_1390_p2           |  32|          2|   32|         64|
    |grp_fu_1394_p2           |  32|          2|   32|         64|
    |grp_fu_1398_p2           |  32|          2|   32|         64|
    |grp_fu_1402_p2           |  32|          2|   32|         64|
    |grp_fu_1406_p2           |  32|          2|   32|         64|
    |grp_fu_1410_p2           |  32|          2|   32|         64|
    |grp_fu_1414_p2           |  32|          2|   32|         64|
    |j_fu_382                 |   8|          2|    6|         12|
    +-------------------------+----+-----------+-----+-----------+
    |Total                    |1042|         72| 1038|       2076|
    +-------------------------+----+-----------+-----+-----------+

    * Register: 
    +-----------------------------------------------+----+----+-----+-----------+
    |                      Name                     | FF | LUT| Bits| Const Bits|
    +-----------------------------------------------+----+----+-----+-----------+
    |add_ln87_reg_3565                              |  33|   0|   33|          0|
    |ap_CS_fsm                                      |   1|   0|    1|          0|
    |ap_done_reg                                    |   1|   0|    1|          0|
    |ap_enable_reg_pp0_iter1                        |   1|   0|    1|          0|
    |ap_enable_reg_pp0_iter10                       |   1|   0|    1|          0|
    |ap_enable_reg_pp0_iter11                       |   1|   0|    1|          0|
    |ap_enable_reg_pp0_iter12                       |   1|   0|    1|          0|
    |ap_enable_reg_pp0_iter13                       |   1|   0|    1|          0|
    |ap_enable_reg_pp0_iter14                       |   1|   0|    1|          0|
    |ap_enable_reg_pp0_iter15                       |   1|   0|    1|          0|
    |ap_enable_reg_pp0_iter16                       |   1|   0|    1|          0|
    |ap_enable_reg_pp0_iter17                       |   1|   0|    1|          0|
    |ap_enable_reg_pp0_iter18                       |   1|   0|    1|          0|
    |ap_enable_reg_pp0_iter19                       |   1|   0|    1|          0|
    |ap_enable_reg_pp0_iter2                        |   1|   0|    1|          0|
    |ap_enable_reg_pp0_iter20                       |   1|   0|    1|          0|
    |ap_enable_reg_pp0_iter21                       |   1|   0|    1|          0|
    |ap_enable_reg_pp0_iter22                       |   1|   0|    1|          0|
    |ap_enable_reg_pp0_iter23                       |   1|   0|    1|          0|
    |ap_enable_reg_pp0_iter24                       |   1|   0|    1|          0|
    |ap_enable_reg_pp0_iter25                       |   1|   0|    1|          0|
    |ap_enable_reg_pp0_iter3                        |   1|   0|    1|          0|
    |ap_enable_reg_pp0_iter4                        |   1|   0|    1|          0|
    |ap_enable_reg_pp0_iter5                        |   1|   0|    1|          0|
    |ap_enable_reg_pp0_iter6                        |   1|   0|    1|          0|
    |ap_enable_reg_pp0_iter7                        |   1|   0|    1|          0|
    |ap_enable_reg_pp0_iter8                        |   1|   0|    1|          0|
    |ap_enable_reg_pp0_iter9                        |   1|   0|    1|          0|
    |ap_loop_exit_ready_pp0_iter10_reg              |   1|   0|    1|          0|
    |ap_loop_exit_ready_pp0_iter11_reg              |   1|   0|    1|          0|
    |ap_loop_exit_ready_pp0_iter12_reg              |   1|   0|    1|          0|
    |ap_loop_exit_ready_pp0_iter13_reg              |   1|   0|    1|          0|
    |ap_loop_exit_ready_pp0_iter14_reg              |   1|   0|    1|          0|
    |ap_loop_exit_ready_pp0_iter15_reg              |   1|   0|    1|          0|
    |ap_loop_exit_ready_pp0_iter16_reg              |   1|   0|    1|          0|
    |ap_loop_exit_ready_pp0_iter17_reg              |   1|   0|    1|          0|
    |ap_loop_exit_ready_pp0_iter18_reg              |   1|   0|    1|          0|
    |ap_loop_exit_ready_pp0_iter19_reg              |   1|   0|    1|          0|
    |ap_loop_exit_ready_pp0_iter1_reg               |   1|   0|    1|          0|
    |ap_loop_exit_ready_pp0_iter20_reg              |   1|   0|    1|          0|
    |ap_loop_exit_ready_pp0_iter21_reg              |   1|   0|    1|          0|
    |ap_loop_exit_ready_pp0_iter22_reg              |   1|   0|    1|          0|
    |ap_loop_exit_ready_pp0_iter23_reg              |   1|   0|    1|          0|
    |ap_loop_exit_ready_pp0_iter24_reg              |   1|   0|    1|          0|
    |ap_loop_exit_ready_pp0_iter2_reg               |   1|   0|    1|          0|
    |ap_loop_exit_ready_pp0_iter3_reg               |   1|   0|    1|          0|
    |ap_loop_exit_ready_pp0_iter4_reg               |   1|   0|    1|          0|
    |ap_loop_exit_ready_pp0_iter5_reg               |   1|   0|    1|          0|
    |ap_loop_exit_ready_pp0_iter6_reg               |   1|   0|    1|          0|
    |ap_loop_exit_ready_pp0_iter7_reg               |   1|   0|    1|          0|
    |ap_loop_exit_ready_pp0_iter8_reg               |   1|   0|    1|          0|
    |ap_loop_exit_ready_pp0_iter9_reg               |   1|   0|    1|          0|
    |ap_predicate_pred2051_state26                  |   1|   0|    1|          0|
    |ap_predicate_pred2058_state26                  |   1|   0|    1|          0|
    |ap_predicate_pred2064_state26                  |   1|   0|    1|          0|
    |ap_predicate_pred2070_state26                  |   1|   0|    1|          0|
    |ap_predicate_pred2076_state26                  |   1|   0|    1|          0|
    |ap_predicate_pred2082_state26                  |   1|   0|    1|          0|
    |ap_predicate_pred2088_state26                  |   1|   0|    1|          0|
    |ap_predicate_pred2094_state26                  |   1|   0|    1|          0|
    |ap_predicate_pred2100_state26                  |   1|   0|    1|          0|
    |ap_predicate_pred2106_state26                  |   1|   0|    1|          0|
    |ap_predicate_pred2112_state26                  |   1|   0|    1|          0|
    |ap_predicate_pred2118_state26                  |   1|   0|    1|          0|
    |ap_predicate_pred2124_state26                  |   1|   0|    1|          0|
    |ap_predicate_pred2130_state26                  |   1|   0|    1|          0|
    |ap_predicate_pred2136_state26                  |   1|   0|    1|          0|
    |ap_predicate_pred2142_state26                  |   1|   0|    1|          0|
    |ap_predicate_pred2148_state26                  |   1|   0|    1|          0|
    |ap_predicate_pred2154_state26                  |   1|   0|    1|          0|
    |ap_predicate_pred2160_state26                  |   1|   0|    1|          0|
    |ap_predicate_pred2166_state26                  |   1|   0|    1|          0|
    |ap_predicate_pred2172_state26                  |   1|   0|    1|          0|
    |ap_predicate_pred2178_state26                  |   1|   0|    1|          0|
    |ap_predicate_pred2184_state26                  |   1|   0|    1|          0|
    |ap_predicate_pred2190_state26                  |   1|   0|    1|          0|
    |ap_predicate_pred2196_state26                  |   1|   0|    1|          0|
    |ap_predicate_pred2202_state26                  |   1|   0|    1|          0|
    |ap_predicate_pred2208_state26                  |   1|   0|    1|          0|
    |ap_predicate_pred2214_state26                  |   1|   0|    1|          0|
    |ap_predicate_pred2220_state26                  |   1|   0|    1|          0|
    |ap_predicate_pred2226_state26                  |   1|   0|    1|          0|
    |ap_predicate_pred2232_state26                  |   1|   0|    1|          0|
    |ap_predicate_pred2238_state26                  |   1|   0|    1|          0|
    |cmp_i_i_10_reg_2921                            |   1|   0|    1|          0|
    |cmp_i_i_11_reg_2916                            |   1|   0|    1|          0|
    |cmp_i_i_12_reg_2911                            |   1|   0|    1|          0|
    |cmp_i_i_13_reg_2906                            |   1|   0|    1|          0|
    |cmp_i_i_14_reg_2901                            |   1|   0|    1|          0|
    |cmp_i_i_16_reg_2891                            |   1|   0|    1|          0|
    |cmp_i_i_17_reg_2886                            |   1|   0|    1|          0|
    |cmp_i_i_18_reg_2881                            |   1|   0|    1|          0|
    |cmp_i_i_19_reg_2876                            |   1|   0|    1|          0|
    |cmp_i_i_20_reg_2871                            |   1|   0|    1|          0|
    |cmp_i_i_21_reg_2866                            |   1|   0|    1|          0|
    |cmp_i_i_22_reg_2861                            |   1|   0|    1|          0|
    |cmp_i_i_23_reg_2856                            |   1|   0|    1|          0|
    |cmp_i_i_24_reg_2851                            |   1|   0|    1|          0|
    |cmp_i_i_25_reg_2846                            |   1|   0|    1|          0|
    |cmp_i_i_26_reg_2841                            |   1|   0|    1|          0|
    |cmp_i_i_27_reg_2836                            |   1|   0|    1|          0|
    |cmp_i_i_28_reg_2831                            |   1|   0|    1|          0|
    |cmp_i_i_29_reg_2826                            |   1|   0|    1|          0|
    |cmp_i_i_2_reg_2961                             |   1|   0|    1|          0|
    |cmp_i_i_30_reg_2821                            |   1|   0|    1|          0|
    |cmp_i_i_4_reg_2951                             |   1|   0|    1|          0|
    |cmp_i_i_5_reg_2946                             |   1|   0|    1|          0|
    |cmp_i_i_6_reg_2941                             |   1|   0|    1|          0|
    |cmp_i_i_8_reg_2931                             |   1|   0|    1|          0|
    |cmp_i_i_9_reg_2926                             |   1|   0|    1|          0|
    |cmp_i_i_reg_2971                               |   1|   0|    1|          0|
    |conv3_i12_i_i_cast_reg_2811                    |  33|   0|   33|          0|
    |grp_fu_1290_ce                                 |   1|   0|    1|          0|
    |grp_fu_1290_p0                                 |   7|   0|    7|          0|
    |grp_fu_1290_p1                                 |  32|   0|   32|          0|
    |grp_fu_1294_ce                                 |   1|   0|    1|          0|
    |grp_fu_1294_p0                                 |   8|   0|    8|          0|
    |grp_fu_1294_p1                                 |  32|   0|   32|          0|
    |grp_fu_1298_ce                                 |   1|   0|    1|          0|
    |grp_fu_1298_p0                                 |   8|   0|    8|          0|
    |grp_fu_1298_p1                                 |  32|   0|   32|          0|
    |grp_fu_1302_ce                                 |   1|   0|    1|          0|
    |grp_fu_1302_p0                                 |   8|   0|    8|          0|
    |grp_fu_1302_p1                                 |  32|   0|   32|          0|
    |grp_fu_1306_ce                                 |   1|   0|    1|          0|
    |grp_fu_1306_p0                                 |   8|   0|    8|          0|
    |grp_fu_1306_p1                                 |  32|   0|   32|          0|
    |grp_fu_1310_ce                                 |   1|   0|    1|          0|
    |grp_fu_1310_p0                                 |   8|   0|    8|          0|
    |grp_fu_1310_p1                                 |  32|   0|   32|          0|
    |grp_fu_1314_ce                                 |   1|   0|    1|          0|
    |grp_fu_1314_p0                                 |   8|   0|    8|          0|
    |grp_fu_1314_p1                                 |  32|   0|   32|          0|
    |grp_fu_1318_ce                                 |   1|   0|    1|          0|
    |grp_fu_1318_p0                                 |   8|   0|    8|          0|
    |grp_fu_1318_p1                                 |  32|   0|   32|          0|
    |grp_fu_1322_ce                                 |   1|   0|    1|          0|
    |grp_fu_1322_p0                                 |   8|   0|    8|          0|
    |grp_fu_1322_p1                                 |  32|   0|   32|          0|
    |grp_fu_1326_ce                                 |   1|   0|    1|          0|
    |grp_fu_1326_p0                                 |   8|   0|    8|          0|
    |grp_fu_1326_p1                                 |  32|   0|   32|          0|
    |grp_fu_1330_ce                                 |   1|   0|    1|          0|
    |grp_fu_1330_p0                                 |   8|   0|    8|          0|
    |grp_fu_1330_p1                                 |  32|   0|   32|          0|
    |grp_fu_1334_ce                                 |   1|   0|    1|          0|
    |grp_fu_1334_p0                                 |   8|   0|    8|          0|
    |grp_fu_1334_p1                                 |  32|   0|   32|          0|
    |grp_fu_1338_ce                                 |   1|   0|    1|          0|
    |grp_fu_1338_p0                                 |   8|   0|    8|          0|
    |grp_fu_1338_p1                                 |  32|   0|   32|          0|
    |grp_fu_1342_ce                                 |   1|   0|    1|          0|
    |grp_fu_1342_p0                                 |   8|   0|    8|          0|
    |grp_fu_1342_p1                                 |  32|   0|   32|          0|
    |grp_fu_1346_ce                                 |   1|   0|    1|          0|
    |grp_fu_1346_p0                                 |   8|   0|    8|          0|
    |grp_fu_1346_p1                                 |  32|   0|   32|          0|
    |grp_fu_1350_ce                                 |   1|   0|    1|          0|
    |grp_fu_1350_p0                                 |   8|   0|    8|          0|
    |grp_fu_1350_p1                                 |  32|   0|   32|          0|
    |grp_fu_1354_ce                                 |   1|   0|    1|          0|
    |grp_fu_1354_p0                                 |   8|   0|    8|          0|
    |grp_fu_1354_p1                                 |  32|   0|   32|          0|
    |grp_fu_1358_ce                                 |   1|   0|    1|          0|
    |grp_fu_1358_p0                                 |   8|   0|    8|          0|
    |grp_fu_1358_p1                                 |  32|   0|   32|          0|
    |grp_fu_1362_ce                                 |   1|   0|    1|          0|
    |grp_fu_1362_p0                                 |   8|   0|    8|          0|
    |grp_fu_1362_p1                                 |  32|   0|   32|          0|
    |grp_fu_1366_ce                                 |   1|   0|    1|          0|
    |grp_fu_1366_p0                                 |   8|   0|    8|          0|
    |grp_fu_1366_p1                                 |  32|   0|   32|          0|
    |grp_fu_1370_ce                                 |   1|   0|    1|          0|
    |grp_fu_1370_p0                                 |   8|   0|    8|          0|
    |grp_fu_1370_p1                                 |  32|   0|   32|          0|
    |grp_fu_1374_ce                                 |   1|   0|    1|          0|
    |grp_fu_1374_p0                                 |   8|   0|    8|          0|
    |grp_fu_1374_p1                                 |  32|   0|   32|          0|
    |grp_fu_1378_ce                                 |   1|   0|    1|          0|
    |grp_fu_1378_p0                                 |   8|   0|    8|          0|
    |grp_fu_1378_p1                                 |  32|   0|   32|          0|
    |grp_fu_1382_ce                                 |   1|   0|    1|          0|
    |grp_fu_1382_p0                                 |   8|   0|    8|          0|
    |grp_fu_1382_p1                                 |  32|   0|   32|          0|
    |grp_fu_1386_ce                                 |   1|   0|    1|          0|
    |grp_fu_1386_p0                                 |   8|   0|    8|          0|
    |grp_fu_1386_p1                                 |  32|   0|   32|          0|
    |grp_fu_1390_ce                                 |   1|   0|    1|          0|
    |grp_fu_1390_p0                                 |   8|   0|    8|          0|
    |grp_fu_1390_p1                                 |  32|   0|   32|          0|
    |grp_fu_1394_ce                                 |   1|   0|    1|          0|
    |grp_fu_1394_p0                                 |   8|   0|    8|          0|
    |grp_fu_1394_p1                                 |  32|   0|   32|          0|
    |grp_fu_1398_ce                                 |   1|   0|    1|          0|
    |grp_fu_1398_p0                                 |   8|   0|    8|          0|
    |grp_fu_1398_p1                                 |  32|   0|   32|          0|
    |grp_fu_1402_ce                                 |   1|   0|    1|          0|
    |grp_fu_1402_p0                                 |   8|   0|    8|          0|
    |grp_fu_1402_p1                                 |  32|   0|   32|          0|
    |grp_fu_1406_ce                                 |   1|   0|    1|          0|
    |grp_fu_1406_p0                                 |   8|   0|    8|          0|
    |grp_fu_1406_p1                                 |  32|   0|   32|          0|
    |grp_fu_1410_ce                                 |   1|   0|    1|          0|
    |grp_fu_1410_p0                                 |   8|   0|    8|          0|
    |grp_fu_1410_p1                                 |  32|   0|   32|          0|
    |grp_fu_1414_ce                                 |   1|   0|    1|          0|
    |grp_fu_1414_p0                                 |   8|   0|    8|          0|
    |grp_fu_1414_p1                                 |  32|   0|   32|          0|
    |icmp191_reg_2956                               |   1|   0|    1|          0|
    |icmp194_reg_2936                               |   1|   0|    1|          0|
    |icmp197_reg_2896                               |   1|   0|    1|          0|
    |icmp200_reg_2816                               |   1|   0|    1|          0|
    |icmp_reg_2966                                  |   1|   0|    1|          0|
    |j_fu_382                                       |   6|   0|    6|          0|
    |p_ZL8idst7_32_25_load_reg_3440                 |   8|   0|    8|          0|
    |p_ZL8idst7_32_26_load_reg_3445                 |   8|   0|    8|          0|
    |p_ZL8idst7_32_26_load_reg_3445_pp0_iter17_reg  |   8|   0|    8|          0|
    |p_ZL8idst7_32_27_load_reg_3450                 |   8|   0|    8|          0|
    |p_ZL8idst7_32_27_load_reg_3450_pp0_iter17_reg  |   8|   0|    8|          0|
    |p_ZL8idst7_32_28_load_reg_3455                 |   8|   0|    8|          0|
    |p_ZL8idst7_32_29_load_reg_3460                 |   8|   0|    8|          0|
    |p_ZL8idst7_32_30_load_reg_3465                 |   8|   0|    8|          0|
    |p_ZL8idst7_32_31_load_reg_3470                 |   8|   0|    8|          0|
    |pre_grp_fu_1290_p2_reg                         |  32|   0|   32|          0|
    |pre_grp_fu_1294_p2_reg                         |  32|   0|   32|          0|
    |pre_grp_fu_1298_p2_reg                         |  32|   0|   32|          0|
    |pre_grp_fu_1302_p2_reg                         |  32|   0|   32|          0|
    |pre_grp_fu_1306_p2_reg                         |  32|   0|   32|          0|
    |pre_grp_fu_1310_p2_reg                         |  32|   0|   32|          0|
    |pre_grp_fu_1314_p2_reg                         |  32|   0|   32|          0|
    |pre_grp_fu_1318_p2_reg                         |  32|   0|   32|          0|
    |pre_grp_fu_1322_p2_reg                         |  32|   0|   32|          0|
    |pre_grp_fu_1326_p2_reg                         |  32|   0|   32|          0|
    |pre_grp_fu_1330_p2_reg                         |  32|   0|   32|          0|
    |pre_grp_fu_1334_p2_reg                         |  32|   0|   32|          0|
    |pre_grp_fu_1338_p2_reg                         |  32|   0|   32|          0|
    |pre_grp_fu_1342_p2_reg                         |  32|   0|   32|          0|
    |pre_grp_fu_1346_p2_reg                         |  32|   0|   32|          0|
    |pre_grp_fu_1350_p2_reg                         |  32|   0|   32|          0|
    |pre_grp_fu_1354_p2_reg                         |  32|   0|   32|          0|
    |pre_grp_fu_1358_p2_reg                         |  32|   0|   32|          0|
    |pre_grp_fu_1362_p2_reg                         |  32|   0|   32|          0|
    |pre_grp_fu_1366_p2_reg                         |  32|   0|   32|          0|
    |pre_grp_fu_1370_p2_reg                         |  32|   0|   32|          0|
    |pre_grp_fu_1374_p2_reg                         |  32|   0|   32|          0|
    |pre_grp_fu_1378_p2_reg                         |  32|   0|   32|          0|
    |pre_grp_fu_1382_p2_reg                         |  32|   0|   32|          0|
    |pre_grp_fu_1386_p2_reg                         |  32|   0|   32|          0|
    |pre_grp_fu_1390_p2_reg                         |  32|   0|   32|          0|
    |pre_grp_fu_1394_p2_reg                         |  32|   0|   32|          0|
    |pre_grp_fu_1398_p2_reg                         |  32|   0|   32|          0|
    |pre_grp_fu_1402_p2_reg                         |  32|   0|   32|          0|
    |pre_grp_fu_1406_p2_reg                         |  32|   0|   32|          0|
    |pre_grp_fu_1410_p2_reg                         |  32|   0|   32|          0|
    |pre_grp_fu_1414_p2_reg                         |  32|   0|   32|          0|
    |scaled_reg_3571                                |  32|   0|   32|          0|
    |sh_prom_i9_i_i_cast_reg_2806                   |  32|   0|   33|          1|
    |sh_prom_i_i_i_cast_reg_2801                    |  32|   0|   33|          1|
    |sum_18_reg_3067                                |  32|   0|   32|          0|
    |sum_20_reg_3089                                |  32|   0|   32|          0|
    |sum_21_reg_3094                                |  32|   0|   32|          0|
    |sum_24_reg_3116                                |  32|   0|   32|          0|
    |sum_26_reg_3138                                |  32|   0|   32|          0|
    |sum_27_reg_3143                                |  32|   0|   32|          0|
    |sum_30_reg_3165                                |  32|   0|   32|          0|
    |sum_32_reg_3187                                |  32|   0|   32|          0|
    |sum_33_reg_3192                                |  32|   0|   32|          0|
    |sum_36_reg_3214                                |  32|   0|   32|          0|
    |sum_38_reg_3236                                |  32|   0|   32|          0|
    |sum_39_reg_3241                                |  32|   0|   32|          0|
    |sum_42_reg_3263                                |  32|   0|   32|          0|
    |sum_44_reg_3285                                |  32|   0|   32|          0|
    |sum_45_reg_3290                                |  32|   0|   32|          0|
    |sum_48_reg_3312                                |  32|   0|   32|          0|
    |sum_50_reg_3334                                |  32|   0|   32|          0|
    |sum_51_reg_3339                                |  32|   0|   32|          0|
    |sum_54_reg_3361                                |  32|   0|   32|          0|
    |sum_56_reg_3418                                |  32|   0|   32|          0|
    |sum_57_reg_3423                                |  32|   0|   32|          0|
    |sum_60_reg_3475                                |  32|   0|   32|          0|
    |sum_62_reg_3487                                |  32|   0|   32|          0|
    |sum_63_reg_3492                                |  32|   0|   32|          0|
    |sum_66_reg_3509                                |  32|   0|   32|          0|
    |sum_68_reg_3521                                |  32|   0|   32|          0|
    |sum_69_reg_3526                                |  32|   0|   32|          0|
    |sum_72_reg_3543                                |  32|   0|   32|          0|
    |sum_74_reg_3555                                |  32|   0|   32|          0|
    |sum_75_reg_3560                                |  32|   0|   32|          0|
    |trunc_ln73_reg_3014                            |   5|   0|    5|          0|
    |zext_ln73_reg_2980                             |   6|   0|   64|         58|
    |p_ZL8idst7_32_28_load_reg_3455                 |  16|   8|    8|          0|
    |p_ZL8idst7_32_29_load_reg_3460                 |   0|   8|    8|          0|
    |p_ZL8idst7_32_30_load_reg_3465                 |   0|   8|    8|          0|
    |p_ZL8idst7_32_31_load_reg_3470                 |   0|   8|    8|          0|
    |trunc_ln73_reg_3014                            |   0|   8|    5|          0|
    |zext_ln73_reg_2980                             |   0|   8|   64|         58|
    +-----------------------------------------------+----+----+-----+-----------+
    |Total                                          |3677|  48| 3822|        118|
    +-----------------------------------------------+----+----+-----+-----------+



================================================================
== Interface
================================================================
* Summary: 
+----------------+-----+-----+------------+-----------------------------------+--------------+
|    RTL Ports   | Dir | Bits|  Protocol  |           Source Object           |    C Type    |
+----------------+-----+-----+------------+-----------------------------------+--------------+
|ap_clk          |   in|    1|  ap_ctrl_hs|  IDST7B32_Pipeline_VITIS_LOOP_73_1|  return value|
|ap_rst          |   in|    1|  ap_ctrl_hs|  IDST7B32_Pipeline_VITIS_LOOP_73_1|  return value|
|ap_start        |   in|    1|  ap_ctrl_hs|  IDST7B32_Pipeline_VITIS_LOOP_73_1|  return value|
|ap_done         |  out|    1|  ap_ctrl_hs|  IDST7B32_Pipeline_VITIS_LOOP_73_1|  return value|
|ap_idle         |  out|    1|  ap_ctrl_hs|  IDST7B32_Pipeline_VITIS_LOOP_73_1|  return value|
|ap_ready        |  out|    1|  ap_ctrl_hs|  IDST7B32_Pipeline_VITIS_LOOP_73_1|  return value|
|dst_0           |  out|   32|      ap_vld|                              dst_0|       pointer|
|dst_0_ap_vld    |  out|    1|      ap_vld|                              dst_0|       pointer|
|dst_31          |  out|   32|      ap_vld|                             dst_31|       pointer|
|dst_31_ap_vld   |  out|    1|      ap_vld|                             dst_31|       pointer|
|dst_30          |  out|   32|      ap_vld|                             dst_30|       pointer|
|dst_30_ap_vld   |  out|    1|      ap_vld|                             dst_30|       pointer|
|dst_29          |  out|   32|      ap_vld|                             dst_29|       pointer|
|dst_29_ap_vld   |  out|    1|      ap_vld|                             dst_29|       pointer|
|dst_28          |  out|   32|      ap_vld|                             dst_28|       pointer|
|dst_28_ap_vld   |  out|    1|      ap_vld|                             dst_28|       pointer|
|dst_27          |  out|   32|      ap_vld|                             dst_27|       pointer|
|dst_27_ap_vld   |  out|    1|      ap_vld|                             dst_27|       pointer|
|dst_26          |  out|   32|      ap_vld|                             dst_26|       pointer|
|dst_26_ap_vld   |  out|    1|      ap_vld|                             dst_26|       pointer|
|dst_25          |  out|   32|      ap_vld|                             dst_25|       pointer|
|dst_25_ap_vld   |  out|    1|      ap_vld|                             dst_25|       pointer|
|dst_24          |  out|   32|      ap_vld|                             dst_24|       pointer|
|dst_24_ap_vld   |  out|    1|      ap_vld|                             dst_24|       pointer|
|dst_23          |  out|   32|      ap_vld|                             dst_23|       pointer|
|dst_23_ap_vld   |  out|    1|      ap_vld|                             dst_23|       pointer|
|dst_22          |  out|   32|      ap_vld|                             dst_22|       pointer|
|dst_22_ap_vld   |  out|    1|      ap_vld|                             dst_22|       pointer|
|dst_21          |  out|   32|      ap_vld|                             dst_21|       pointer|
|dst_21_ap_vld   |  out|    1|      ap_vld|                             dst_21|       pointer|
|dst_20          |  out|   32|      ap_vld|                             dst_20|       pointer|
|dst_20_ap_vld   |  out|    1|      ap_vld|                             dst_20|       pointer|
|dst_19          |  out|   32|      ap_vld|                             dst_19|       pointer|
|dst_19_ap_vld   |  out|    1|      ap_vld|                             dst_19|       pointer|
|dst_18          |  out|   32|      ap_vld|                             dst_18|       pointer|
|dst_18_ap_vld   |  out|    1|      ap_vld|                             dst_18|       pointer|
|dst_17          |  out|   32|      ap_vld|                             dst_17|       pointer|
|dst_17_ap_vld   |  out|    1|      ap_vld|                             dst_17|       pointer|
|dst_16          |  out|   32|      ap_vld|                             dst_16|       pointer|
|dst_16_ap_vld   |  out|    1|      ap_vld|                             dst_16|       pointer|
|dst_15          |  out|   32|      ap_vld|                             dst_15|       pointer|
|dst_15_ap_vld   |  out|    1|      ap_vld|                             dst_15|       pointer|
|dst_14          |  out|   32|      ap_vld|                             dst_14|       pointer|
|dst_14_ap_vld   |  out|    1|      ap_vld|                             dst_14|       pointer|
|dst_13          |  out|   32|      ap_vld|                             dst_13|       pointer|
|dst_13_ap_vld   |  out|    1|      ap_vld|                             dst_13|       pointer|
|dst_12          |  out|   32|      ap_vld|                             dst_12|       pointer|
|dst_12_ap_vld   |  out|    1|      ap_vld|                             dst_12|       pointer|
|dst_11          |  out|   32|      ap_vld|                             dst_11|       pointer|
|dst_11_ap_vld   |  out|    1|      ap_vld|                             dst_11|       pointer|
|dst_10          |  out|   32|      ap_vld|                             dst_10|       pointer|
|dst_10_ap_vld   |  out|    1|      ap_vld|                             dst_10|       pointer|
|dst_9           |  out|   32|      ap_vld|                              dst_9|       pointer|
|dst_9_ap_vld    |  out|    1|      ap_vld|                              dst_9|       pointer|
|dst_8           |  out|   32|      ap_vld|                              dst_8|       pointer|
|dst_8_ap_vld    |  out|    1|      ap_vld|                              dst_8|       pointer|
|dst_7           |  out|   32|      ap_vld|                              dst_7|       pointer|
|dst_7_ap_vld    |  out|    1|      ap_vld|                              dst_7|       pointer|
|dst_6           |  out|   32|      ap_vld|                              dst_6|       pointer|
|dst_6_ap_vld    |  out|    1|      ap_vld|                              dst_6|       pointer|
|dst_5           |  out|   32|      ap_vld|                              dst_5|       pointer|
|dst_5_ap_vld    |  out|    1|      ap_vld|                              dst_5|       pointer|
|dst_4           |  out|   32|      ap_vld|                              dst_4|       pointer|
|dst_4_ap_vld    |  out|    1|      ap_vld|                              dst_4|       pointer|
|dst_3           |  out|   32|      ap_vld|                              dst_3|       pointer|
|dst_3_ap_vld    |  out|    1|      ap_vld|                              dst_3|       pointer|
|dst_2           |  out|   32|      ap_vld|                              dst_2|       pointer|
|dst_2_ap_vld    |  out|    1|      ap_vld|                              dst_2|       pointer|
|dst_1           |  out|   32|      ap_vld|                              dst_1|       pointer|
|dst_1_ap_vld    |  out|    1|      ap_vld|                              dst_1|       pointer|
|src_0_val       |   in|   32|     ap_none|                          src_0_val|        scalar|
|src_1_val       |   in|   32|     ap_none|                          src_1_val|        scalar|
|src_2_val       |   in|   32|     ap_none|                          src_2_val|        scalar|
|src_3_val       |   in|   32|     ap_none|                          src_3_val|        scalar|
|src_4_val       |   in|   32|     ap_none|                          src_4_val|        scalar|
|src_5_val       |   in|   32|     ap_none|                          src_5_val|        scalar|
|src_6_val       |   in|   32|     ap_none|                          src_6_val|        scalar|
|src_7_val       |   in|   32|     ap_none|                          src_7_val|        scalar|
|src_8_val       |   in|   32|     ap_none|                          src_8_val|        scalar|
|src_9_val       |   in|   32|     ap_none|                          src_9_val|        scalar|
|src_10_val      |   in|   32|     ap_none|                         src_10_val|        scalar|
|src_11_val      |   in|   32|     ap_none|                         src_11_val|        scalar|
|src_12_val      |   in|   32|     ap_none|                         src_12_val|        scalar|
|src_13_val      |   in|   32|     ap_none|                         src_13_val|        scalar|
|src_14_val      |   in|   32|     ap_none|                         src_14_val|        scalar|
|src_15_val      |   in|   32|     ap_none|                         src_15_val|        scalar|
|src_16_val      |   in|   32|     ap_none|                         src_16_val|        scalar|
|src_17_val      |   in|   32|     ap_none|                         src_17_val|        scalar|
|src_18_val      |   in|   32|     ap_none|                         src_18_val|        scalar|
|src_19_val      |   in|   32|     ap_none|                         src_19_val|        scalar|
|src_20_val      |   in|   32|     ap_none|                         src_20_val|        scalar|
|src_21_val      |   in|   32|     ap_none|                         src_21_val|        scalar|
|src_22_val      |   in|   32|     ap_none|                         src_22_val|        scalar|
|src_23_val      |   in|   32|     ap_none|                         src_23_val|        scalar|
|src_24_val      |   in|   32|     ap_none|                         src_24_val|        scalar|
|src_25_val      |   in|   32|     ap_none|                         src_25_val|        scalar|
|src_26_val      |   in|   32|     ap_none|                         src_26_val|        scalar|
|src_27_val      |   in|   32|     ap_none|                         src_27_val|        scalar|
|src_28_val      |   in|   32|     ap_none|                         src_28_val|        scalar|
|src_29_val      |   in|   32|     ap_none|                         src_29_val|        scalar|
|src_30_val      |   in|   32|     ap_none|                         src_30_val|        scalar|
|src_31_val      |   in|   32|     ap_none|                         src_31_val|        scalar|
|conv3_i12_i_i   |   in|   32|     ap_none|                      conv3_i12_i_i|        scalar|
|sh_prom_i9_i_i  |   in|   32|     ap_none|                     sh_prom_i9_i_i|        scalar|
|sh_prom_i_i_i   |   in|   32|     ap_none|                      sh_prom_i_i_i|        scalar|
|empty_36        |   in|    1|     ap_none|                           empty_36|        scalar|
|oMin            |   in|   32|     ap_none|                               oMin|        scalar|
|oMax            |   in|   32|     ap_none|                               oMax|        scalar|
|empty_37        |   in|   27|     ap_none|                           empty_37|        scalar|
|cutoff          |   in|   32|     ap_none|                             cutoff|        scalar|
|empty_38        |   in|   28|     ap_none|                           empty_38|        scalar|
|empty_39        |   in|   29|     ap_none|                           empty_39|        scalar|
|empty_40        |   in|   30|     ap_none|                           empty_40|        scalar|
|empty           |   in|   31|     ap_none|                              empty|        scalar|
+----------------+-----+-----+------------+-----------------------------------+--------------+

