remark: /home/emre24/Desktop/vvc_proj_kernels/src/IDST7.cpp:88:18: Inlining function 'CLIP3(ap_int<32>, ap_int<32>, ap_int<32>)' into 'INV_MATMUL_32(ap_int<32> const*, ap_int<32>*, ap_int<32>, ap_int<32>, ap_int<32>, ap_int<32>, ap_int<32> const (*) [32])'
remark: /home/emre24/Desktop/vvc_proj_kernels/src/IDST7.cpp:164:5: Inlining function 'INV_MATMUL_32(ap_int<32> const*, ap_int<32>*, ap_int<32>, ap_int<32>, ap_int<32>, ap_int<32>, ap_int<32> const (*) [32])' into 'IDST7B32(ap_int<32>*, ap_int<32>*, ap_int<32>, ap_int<32>, ap_int<32>, ap_int<32>)'
remark: /home/emre24/Desktop/vvc_proj_kernels/src/IDST7.cpp:62:18: Inlining function 'CLIP3(ap_int<32>, ap_int<32>, ap_int<32>)' into 'INV_MATMUL_16(ap_int<32> const*, ap_int<32>*, ap_int<32>, ap_int<32>, ap_int<32>, ap_int<32>, ap_int<32> const (*) [16])'
remark: /home/emre24/Desktop/vvc_proj_kernels/src/IDST7.cpp:118:5: Inlining function 'INV_MATMUL_16(ap_int<32> const*, ap_int<32>*, ap_int<32>, ap_int<32>, ap_int<32>, ap_int<32>, ap_int<32> const (*) [16])' into 'IDST7B16(ap_int<32>*, ap_int<32>*, ap_int<32>, ap_int<32>, ap_int<32>, ap_int<32>)'
remark: /home/emre24/Desktop/vvc_proj_kernels/src/IDST7.cpp:35:18: Inlining function 'CLIP3(ap_int<32>, ap_int<32>, ap_int<32>)' into 'INV_MATMUL_8(ap_int<32> const*, ap_int<32>*, ap_int<32>, ap_int<32>, ap_int<32>, ap_int<32>, ap_int<32> const (*) [8])'
remark: /home/emre24/Desktop/vvc_proj_kernels/src/IDST7.cpp:114:5: Inlining function 'INV_MATMUL_8(ap_int<32> const*, ap_int<32>*, ap_int<32>, ap_int<32>, ap_int<32>, ap_int<32>, ap_int<32> const (*) [8])' into 'IDST7B8(ap_int<32>*, ap_int<32>*, ap_int<32>, ap_int<32>, ap_int<32>, ap_int<32>)'
remark: /home/emre24/Desktop/vvc_proj_kernels/src/IDST7.cpp:109:14: Inlining function 'CLIP3(ap_int<32>, ap_int<32>, ap_int<32>)' into 'IDST7B4(ap_int<32>*, ap_int<32>*, ap_int<32>, ap_int<32>, ap_int<32>)'
remark: /home/emre24/Desktop/vvc_proj_kernels/src/IDST7.cpp:108:14: Inlining function 'CLIP3(ap_int<32>, ap_int<32>, ap_int<32>)' into 'IDST7B4(ap_int<32>*, ap_int<32>*, ap_int<32>, ap_int<32>, ap_int<32>)'
remark: /home/emre24/Desktop/vvc_proj_kernels/src/IDST7.cpp:107:14: Inlining function 'CLIP3(ap_int<32>, ap_int<32>, ap_int<32>)' into 'IDST7B4(ap_int<32>*, ap_int<32>*, ap_int<32>, ap_int<32>, ap_int<32>)'
remark: /home/emre24/Desktop/vvc_proj_kernels/src/IDST7.cpp:106:14: Inlining function 'CLIP3(ap_int<32>, ap_int<32>, ap_int<32>)' into 'IDST7B4(ap_int<32>*, ap_int<32>*, ap_int<32>, ap_int<32>, ap_int<32>)'
remark: /home/emre24/Desktop/vvc_proj_kernels/src/IDST7.cpp:25:9: Loop 'anonymous' is marked as complete unroll implied by the pipeline pragma
remark: /home/emre24/Desktop/vvc_proj_kernels/src/IDST7.cpp:52:9: Loop 'anonymous' is marked as complete unroll implied by the pipeline pragma
remark: /home/emre24/Desktop/vvc_proj_kernels/src/IDST7.cpp:78:9: Loop 'anonymous' is marked as complete unroll implied by the pipeline pragma
remark: /home/emre24/Desktop/vvc_proj_kernels/src/IDST7.cpp:244:0: Unrolling loop 'anonymous' (/home/emre24/Desktop/vvc_proj_kernels/src/IDST7.cpp:331:2) in function 'IDST7' completely with a factor of 4
remark: /home/emre24/Desktop/vvc_proj_kernels/src/IDST7.cpp:244:0: Unrolling loop 'anonymous' (/home/emre24/Desktop/vvc_proj_kernels/src/IDST7.cpp:338:13) in function 'IDST7' completely with a factor of 4
remark: /home/emre24/Desktop/vvc_proj_kernels/src/IDST7.cpp:244:0: Unrolling loop 'anonymous' (/home/emre24/Desktop/vvc_proj_kernels/src/IDST7.cpp:311:2) in function 'IDST7' completely with a factor of 8
remark: /home/emre24/Desktop/vvc_proj_kernels/src/IDST7.cpp:244:0: Unrolling loop 'anonymous' (/home/emre24/Desktop/vvc_proj_kernels/src/IDST7.cpp:318:13) in function 'IDST7' completely with a factor of 8
remark: /home/emre24/Desktop/vvc_proj_kernels/src/IDST7.cpp:244:0: Unrolling loop 'anonymous' (/home/emre24/Desktop/vvc_proj_kernels/src/IDST7.cpp:292:2) in function 'IDST7' completely with a factor of 16
remark: /home/emre24/Desktop/vvc_proj_kernels/src/IDST7.cpp:244:0: Unrolling loop 'anonymous' (/home/emre24/Desktop/vvc_proj_kernels/src/IDST7.cpp:299:13) in function 'IDST7' completely with a factor of 16
remark: /home/emre24/Desktop/vvc_proj_kernels/src/IDST7.cpp:244:0: Unrolling loop 'anonymous' (/home/emre24/Desktop/vvc_proj_kernels/src/IDST7.cpp:272:2) in function 'IDST7' completely with a factor of 32
remark: /home/emre24/Desktop/vvc_proj_kernels/src/IDST7.cpp:244:0: Unrolling loop 'anonymous' (/home/emre24/Desktop/vvc_proj_kernels/src/IDST7.cpp:279:13) in function 'IDST7' completely with a factor of 32
remark: /home/emre24/Desktop/vvc_proj_kernels/src/IDST7.cpp:113:0: Unrolling loop 'anonymous' (/home/emre24/Desktop/vvc_proj_kernels/src/IDST7.cpp:25:9) in function 'IDST7B8' completely with a factor of 8
remark: /home/emre24/Desktop/vvc_proj_kernels/src/IDST7.cpp:113:0: Pipeline directive for loop 'anonymous' (/home/emre24/Desktop/vvc_proj_kernels/src/IDST7.cpp:25:9) in function 'IDST7B8' has been removed because the loop is unrolled completely
remark: /home/emre24/Desktop/vvc_proj_kernels/src/IDST7.cpp:117:0: Unrolling loop 'anonymous' (/home/emre24/Desktop/vvc_proj_kernels/src/IDST7.cpp:52:9) in function 'IDST7B16' completely with a factor of 16
remark: /home/emre24/Desktop/vvc_proj_kernels/src/IDST7.cpp:162:0: Unrolling loop 'anonymous' (/home/emre24/Desktop/vvc_proj_kernels/src/IDST7.cpp:78:9) in function 'IDST7B32' completely with a factor of 32
remark: /home/emre24/Desktop/vvc_proj_kernels/src/IDST7.cpp:162:0: Pipeline directive for loop 'anonymous' (/home/emre24/Desktop/vvc_proj_kernels/src/IDST7.cpp:78:9) in function 'IDST7B32' has been removed because the loop is unrolled completely
remark: /home/emre24/Desktop/vvc_proj_kernels/src/IDST7.cpp:244:0: Inlining function 'IDST7B4(ap_int<32>*, ap_int<32>*, ap_int<32>, ap_int<32>, ap_int<32>)' into 'IDST7'
