Fri Nov 21 19:42:40 2025: Running xcd server. This server was built by gradle.
Fri Nov 21 19:42:40 2025: Server was asked to start on port: '33197'
Fri Nov 21 19:42:40 2025: Server is using token UUID: 'e2cbc0f5-0d22-4097-adcc-cb2a64dc4f86'
Fri Nov 21 19:42:40 2025: SESSION_MGR: creating session with session uuid: '6d04a3e9-ade5-4ab9-8d63-1f78fcd2ec76' and name 'default'
Fri Nov 21 19:42:40 2025: Attempting to start server on port '33197'
Fri Nov 21 19:42:40 2025: XCD main fifo: created main fifo '/tmp/xcdmaine2cbc0f5-0d22-4097-adcc-cb2a64dc4f86', fd read = 13
Fri Nov 21 19:42:40 2025: Running Dispatch Server
Fri Nov 21 19:42:40 2025: Version 2.2.0
Fri Nov 21 19:42:42 2025: Dispatch Server: Accepted socket connection from client
Fri Nov 21 19:42:42 2025: Starting Socket connection
Fri Nov 21 19:42:42 2025: EXCHANGE_TOKEN received, server token: e2cbc0f5-0d22-4097-adcc-cb2a64dc4f86, passed token: e2cbc0f5-0d22-4097-adcc-cb2a64dc4f86
Fri Nov 21 19:42:42 2025: DISPATCH_HANDLER: Adding handler from function makeHandler in library libxv_system_diagram
Fri Nov 21 19:42:42 2025: SESSION_MGR: creating session with session uuid: 'fdeec902-4d11-40ae-9417-4571a3afe0e8' and name 'v++_compile_Hardware'
Fri Nov 21 19:42:42 2025: KERNEL_SVC: creating session with uuid: 'fdeec902-4d11-40ae-9417-4571a3afe0e8' and name 'v++_compile_Hardware'
Fri Nov 21 19:42:42 2025: GUIDANCE_SMGR: creating guidance session with uuid: 'fdeec902-4d11-40ae-9417-4571a3afe0e8' and name 'v++_compile_Hardware'
Fri Nov 21 19:42:42 2025: SYSTEM_DIAGRAM: creating session with uuid: 'fdeec902-4d11-40ae-9417-4571a3afe0e8' and name 'v++_compile_Hardware'
Fri Nov 21 19:42:44 2025: SESSION_MGR: closing session for UUID 'fdeec902-4d11-40ae-9417-4571a3afe0e8' with name 'v++_compile_Hardware'
Fri Nov 21 19:42:44 2025: KERNEL_SVC: closing session for UUID 'fdeec902-4d11-40ae-9417-4571a3afe0e8' with name 'v++_compile_Hardware'
Fri Nov 21 19:42:44 2025: GUIDANCE_SMGR: closing session for UUID 'fdeec902-4d11-40ae-9417-4571a3afe0e8' with name 'v++_compile_Hardware'
Fri Nov 21 19:42:44 2025: SYSTEM_DIAGRAM: closing session for UUID 'fdeec902-4d11-40ae-9417-4571a3afe0e8' with name 'v++_compile_Hardware'
Fri Nov 21 19:42:44 2025: STOP_SERVER received, server token: e2cbc0f5-0d22-4097-adcc-cb2a64dc4f86, passed token: e2cbc0f5-0d22-4097-adcc-cb2a64dc4f86
Fri Nov 21 19:42:44 2025: Socket received request to stop server.
Fri Nov 21 19:42:44 2025: Dispatch Server: do_await_stop
Fri Nov 21 19:42:44 2025: Dispatch Server: stopping mainFifo_
Fri Nov 21 19:42:44 2025: XCD main fifo: Stopping
Fri Nov 21 19:42:44 2025: XCD main fifo: do_read error code: Operation canceled
Fri Nov 21 19:42:44 2025: XCD main fifo: bytes_transferred: 0
Fri Nov 21 19:42:44 2025: SERVER: destructor for server bound to port 33197
Fri Nov 21 19:42:44 2025: XCD main fifo: Good unlink of /tmp/xcdmaine2cbc0f5-0d22-4097-adcc-cb2a64dc4f86
Fri Nov 21 19:42:44 2025: Server exiting with status 0.
Fri Nov 21 19:42:44 2025: Closing log file.
Fri Nov 21 19:43:12 2025: Running xcd server. This server was built by gradle.
Fri Nov 21 19:43:12 2025: Server was asked to start on port: '34469'
Fri Nov 21 19:43:12 2025: Server is using token UUID: '539ae7fa-3ae6-4210-a6ec-536e07f458fd'
Fri Nov 21 19:43:12 2025: SESSION_MGR: creating session with session uuid: '6d04a3e9-ade5-4ab9-8d63-1f78fcd2ec76' and name 'default'
Fri Nov 21 19:43:12 2025: Attempting to start server on port '34469'
Fri Nov 21 19:43:12 2025: XCD main fifo: created main fifo '/tmp/xcdmain539ae7fa-3ae6-4210-a6ec-536e07f458fd', fd read = 13
Fri Nov 21 19:43:12 2025: Running Dispatch Server
Fri Nov 21 19:43:12 2025: Version 2.2.0
Fri Nov 21 19:43:14 2025: Dispatch Server: Accepted socket connection from client
Fri Nov 21 19:43:14 2025: Starting Socket connection
Fri Nov 21 19:43:14 2025: EXCHANGE_TOKEN received, server token: 539ae7fa-3ae6-4210-a6ec-536e07f458fd, passed token: 539ae7fa-3ae6-4210-a6ec-536e07f458fd
Fri Nov 21 19:43:14 2025: DISPATCH_HANDLER: Adding handler from function makeHandler in library libxv_system_diagram
Fri Nov 21 19:43:14 2025: SESSION_MGR: creating session with session uuid: '0cba15c5-ddd7-4aff-979c-a46006f7765e' and name 'v++_compile_Hardware'
Fri Nov 21 19:43:14 2025: KERNEL_SVC: creating session with uuid: '0cba15c5-ddd7-4aff-979c-a46006f7765e' and name 'v++_compile_Hardware'
Fri Nov 21 19:43:14 2025: GUIDANCE_SMGR: creating guidance session with uuid: '0cba15c5-ddd7-4aff-979c-a46006f7765e' and name 'v++_compile_Hardware'
Fri Nov 21 19:43:14 2025: SYSTEM_DIAGRAM: creating session with uuid: '0cba15c5-ddd7-4aff-979c-a46006f7765e' and name 'v++_compile_Hardware'
Fri Nov 21 19:43:16 2025: SESSION_MGR: closing session for UUID '0cba15c5-ddd7-4aff-979c-a46006f7765e' with name 'v++_compile_Hardware'
Fri Nov 21 19:43:16 2025: KERNEL_SVC: closing session for UUID '0cba15c5-ddd7-4aff-979c-a46006f7765e' with name 'v++_compile_Hardware'
Fri Nov 21 19:43:16 2025: GUIDANCE_SMGR: closing session for UUID '0cba15c5-ddd7-4aff-979c-a46006f7765e' with name 'v++_compile_Hardware'
Fri Nov 21 19:43:16 2025: SYSTEM_DIAGRAM: closing session for UUID '0cba15c5-ddd7-4aff-979c-a46006f7765e' with name 'v++_compile_Hardware'
Fri Nov 21 19:43:16 2025: STOP_SERVER received, server token: 539ae7fa-3ae6-4210-a6ec-536e07f458fd, passed token: 539ae7fa-3ae6-4210-a6ec-536e07f458fd
Fri Nov 21 19:43:16 2025: Socket received request to stop server.
Fri Nov 21 19:43:16 2025: Dispatch Server: do_await_stop
Fri Nov 21 19:43:16 2025: Dispatch Server: stopping mainFifo_
Fri Nov 21 19:43:16 2025: XCD main fifo: Stopping
Fri Nov 21 19:43:16 2025: XCD main fifo: do_read error code: Operation canceled
Fri Nov 21 19:43:16 2025: XCD main fifo: bytes_transferred: 0
Fri Nov 21 19:43:16 2025: SERVER: destructor for server bound to port 34469
Fri Nov 21 19:43:16 2025: XCD main fifo: Good unlink of /tmp/xcdmain539ae7fa-3ae6-4210-a6ec-536e07f458fd
Fri Nov 21 19:43:16 2025: Server exiting with status 0.
Fri Nov 21 19:43:16 2025: Closing log file.
Fri Nov 21 19:43:40 2025: Running xcd server. This server was built by gradle.
Fri Nov 21 19:43:40 2025: Server was asked to start on port: '38269'
Fri Nov 21 19:43:40 2025: Server is using token UUID: '88ff4ce2-86b9-48f3-97b6-7ee33f310671'
Fri Nov 21 19:43:40 2025: SESSION_MGR: creating session with session uuid: '6d04a3e9-ade5-4ab9-8d63-1f78fcd2ec76' and name 'default'
Fri Nov 21 19:43:40 2025: Attempting to start server on port '38269'
Fri Nov 21 19:43:40 2025: XCD main fifo: created main fifo '/tmp/xcdmain88ff4ce2-86b9-48f3-97b6-7ee33f310671', fd read = 13
Fri Nov 21 19:43:40 2025: Running Dispatch Server
Fri Nov 21 19:43:40 2025: Version 2.2.0
Fri Nov 21 19:43:42 2025: Dispatch Server: Accepted socket connection from client
Fri Nov 21 19:43:42 2025: Starting Socket connection
Fri Nov 21 19:43:42 2025: EXCHANGE_TOKEN received, server token: 88ff4ce2-86b9-48f3-97b6-7ee33f310671, passed token: 88ff4ce2-86b9-48f3-97b6-7ee33f310671
Fri Nov 21 19:43:42 2025: DISPATCH_HANDLER: Adding handler from function makeHandler in library libxv_system_diagram
Fri Nov 21 19:43:42 2025: SESSION_MGR: creating session with session uuid: 'd7a960d2-5056-400f-b81e-b133196d01b8' and name 'v++_compile_Hardware'
Fri Nov 21 19:43:42 2025: KERNEL_SVC: creating session with uuid: 'd7a960d2-5056-400f-b81e-b133196d01b8' and name 'v++_compile_Hardware'
Fri Nov 21 19:43:42 2025: GUIDANCE_SMGR: creating guidance session with uuid: 'd7a960d2-5056-400f-b81e-b133196d01b8' and name 'v++_compile_Hardware'
Fri Nov 21 19:43:42 2025: SYSTEM_DIAGRAM: creating session with uuid: 'd7a960d2-5056-400f-b81e-b133196d01b8' and name 'v++_compile_Hardware'
Fri Nov 21 19:43:44 2025: Dispatch Server: Accepted socket connection from client
Fri Nov 21 19:43:44 2025: Starting Socket connection
Fri Nov 21 19:43:45 2025: SESSION_MGR: closing session for UUID 'd7a960d2-5056-400f-b81e-b133196d01b8' with name 'v++_compile_Hardware'
Fri Nov 21 19:43:45 2025: KERNEL_SVC: closing session for UUID 'd7a960d2-5056-400f-b81e-b133196d01b8' with name 'v++_compile_Hardware'
Fri Nov 21 19:43:45 2025: GUIDANCE_SMGR: closing session for UUID 'd7a960d2-5056-400f-b81e-b133196d01b8' with name 'v++_compile_Hardware'
Fri Nov 21 19:43:45 2025: SYSTEM_DIAGRAM: closing session for UUID 'd7a960d2-5056-400f-b81e-b133196d01b8' with name 'v++_compile_Hardware'
Fri Nov 21 19:43:45 2025: STOP_SERVER received, server token: 88ff4ce2-86b9-48f3-97b6-7ee33f310671, passed token: 88ff4ce2-86b9-48f3-97b6-7ee33f310671
Fri Nov 21 19:43:45 2025: Socket received request to stop server.
Fri Nov 21 19:43:45 2025: Dispatch Server: do_await_stop
Fri Nov 21 19:43:45 2025: Dispatch Server: stopping mainFifo_
Fri Nov 21 19:43:45 2025: XCD main fifo: Stopping
Fri Nov 21 19:43:45 2025: XCD main fifo: do_read error code: Operation canceled
Fri Nov 21 19:43:45 2025: XCD main fifo: bytes_transferred: 0
Fri Nov 21 19:43:45 2025: SERVER: destructor for server bound to port 38269
Fri Nov 21 19:43:45 2025: XCD main fifo: Good unlink of /tmp/xcdmain88ff4ce2-86b9-48f3-97b6-7ee33f310671
Fri Nov 21 19:43:45 2025: Server exiting with status 0.
Fri Nov 21 19:43:45 2025: Closing log file.
