==============================================================
Vitis HLS - High-Level Synthesis from C, C++ and OpenCL v2022.2.2 (64-bit)
Tool Version Limit: 2019.12
Copyright 1986-2023 Xilinx, Inc. All Rights Reserved.
==============================================================
INFO: [HLS 200-1505] Using flow_target 'vitis'
INFO: [HLS 200-435] Setting 'open_solution -flow_target vitis' configuration: config_interface -m_axi_latency=64
INFO: [HLS 200-435] Setting 'open_solution -flow_target vitis' configuration: config_interface -m_axi_alignment_byte_size=64
INFO: [HLS 200-435] Setting 'open_solution -flow_target vitis' configuration: config_interface -m_axi_max_widen_bitwidth=512
INFO: [HLS 200-435] Setting 'open_solution -flow_target vitis' configuration: config_rtl -register_reset_num=3
INFO: [HLS 200-1510] Running: set_part xcku15p-ffva1156-2LV-e 
INFO: [HLS 200-1611] Setting target device to 'xcku15p-ffva1156-2LV-e'
INFO: [HLS 200-1510] Running: create_clock -period 300.000000MHz -name default 
INFO: [SYN 201-201] Setting up clock 'default' with a period of 3.333ns.
INFO: [HLS 200-1510] Running: config_dataflow -strict_mode warning 
INFO: [HLS 200-1510] Running: config_export -deadlock_detection none 
WARNING: [HLS 200-483] The 'config_export -deadlock_detection' command is deprecated and will be removed in a future release. Use 'config_rtl -deadlock_detection' as its replacement.
INFO: [HLS 200-1907] Replacing 'config_export -deadlock_detection=none' with 'config_rtl -deadlock_detection=none' in current solution file
INFO: [HLS 200-1510] Running: config_interface -m_axi_conservative_mode=1 
INFO: [HLS 200-1510] Running: config_interface -m_axi_addr64 
INFO: [HLS 200-1510] Running: config_interface -m_axi_auto_max_ports=0 
INFO: [HLS 200-1510] Running: config_export -format xo -ipname IDCT2 
INFO: [HLS 200-1907] Replacing 'config_export -deadlock_detection=none' with 'config_rtl -deadlock_detection=none' in current solution file
INFO: [HLS 200-1510] Running: csynth_design -synthesis_check 
INFO: [HLS 200-111] Finished File checks and directory preparation: CPU user time: 0.01 seconds. CPU system time: 0 seconds. Elapsed time: 0 seconds; current allocated memory: 874.066 MB.
INFO: [HLS 200-10] Analyzing design file '/home/emre24/Desktop/vvc_proj_kernels/src/IDCT2.cpp' ... 
INFO: [HLS 200-111] Finished Source Code Analysis and Preprocessing: CPU user time: 4.99 seconds. CPU system time: 0.63 seconds. Elapsed time: 5.62 seconds; current allocated memory: 876.141 MB.
INFO: [HLS 200-777] Using interface defaults for 'Vitis' flow target.
INFO: [HLS 214-131] Inlining function 'CLIP3(ap_int<32>, ap_int<32>, ap_int<32>)' into 'IDCT2' (/home/emre24/Desktop/vvc_proj_kernels/src/IDCT2.cpp:458:38)
INFO: [HLS 214-131] Inlining function 'CLIP3(ap_int<32>, ap_int<32>, ap_int<32>)' into 'IDCT2' (/home/emre24/Desktop/vvc_proj_kernels/src/IDCT2.cpp:439:38)
INFO: [HLS 214-131] Inlining function 'CLIP3(ap_int<32>, ap_int<32>, ap_int<32>)' into 'IDCT2' (/home/emre24/Desktop/vvc_proj_kernels/src/IDCT2.cpp:420:38)
INFO: [HLS 214-131] Inlining function 'CLIP3(ap_int<32>, ap_int<32>, ap_int<32>)' into 'IDCT2' (/home/emre24/Desktop/vvc_proj_kernels/src/IDCT2.cpp:401:38)
INFO: [HLS 214-131] Inlining function 'CLIP3(ap_int<32>, ap_int<32>, ap_int<32>)' into 'IDCT2' (/home/emre24/Desktop/vvc_proj_kernels/src/IDCT2.cpp:382:38)
INFO: [HLS 214-131] Inlining function 'CLIP3(ap_int<32>, ap_int<32>, ap_int<32>)' into 'IDCT2' (/home/emre24/Desktop/vvc_proj_kernels/src/IDCT2.cpp:363:39)
INFO: [HLS 214-131] Inlining function 'CLIP3(ap_int<32>, ap_int<32>, ap_int<32>)' into 'IDCT2' (/home/emre24/Desktop/vvc_proj_kernels/src/IDCT2.cpp:358:38)
INFO: [HLS 214-291] Loop 'anonymous' is marked as complete unroll implied by the pipeline pragma (/home/emre24/Desktop/vvc_proj_kernels/src/IDCT2.cpp:444:24)
INFO: [HLS 214-291] Loop 'anonymous' is marked as complete unroll implied by the pipeline pragma (/home/emre24/Desktop/vvc_proj_kernels/src/IDCT2.cpp:445:24)
INFO: [HLS 214-291] Loop 'anonymous' is marked as complete unroll implied by the pipeline pragma (/home/emre24/Desktop/vvc_proj_kernels/src/IDCT2.cpp:449:2)
INFO: [HLS 214-291] Loop 'anonymous' is marked as complete unroll implied by the pipeline pragma (/home/emre24/Desktop/vvc_proj_kernels/src/IDCT2.cpp:456:13)
INFO: [HLS 214-291] Loop 'anonymous' is marked as complete unroll implied by the pipeline pragma (/home/emre24/Desktop/vvc_proj_kernels/src/IDCT2.cpp:425:24)
INFO: [HLS 214-291] Loop 'anonymous' is marked as complete unroll implied by the pipeline pragma (/home/emre24/Desktop/vvc_proj_kernels/src/IDCT2.cpp:426:24)
INFO: [HLS 214-291] Loop 'anonymous' is marked as complete unroll implied by the pipeline pragma (/home/emre24/Desktop/vvc_proj_kernels/src/IDCT2.cpp:430:2)
INFO: [HLS 214-291] Loop 'anonymous' is marked as complete unroll implied by the pipeline pragma (/home/emre24/Desktop/vvc_proj_kernels/src/IDCT2.cpp:437:13)
INFO: [HLS 214-291] Loop 'anonymous' is marked as complete unroll implied by the pipeline pragma (/home/emre24/Desktop/vvc_proj_kernels/src/IDCT2.cpp:406:24)
INFO: [HLS 214-291] Loop 'anonymous' is marked as complete unroll implied by the pipeline pragma (/home/emre24/Desktop/vvc_proj_kernels/src/IDCT2.cpp:407:24)
INFO: [HLS 214-291] Loop 'anonymous' is marked as complete unroll implied by the pipeline pragma (/home/emre24/Desktop/vvc_proj_kernels/src/IDCT2.cpp:411:2)
INFO: [HLS 214-291] Loop 'anonymous' is marked as complete unroll implied by the pipeline pragma (/home/emre24/Desktop/vvc_proj_kernels/src/IDCT2.cpp:418:13)
INFO: [HLS 214-291] Loop 'anonymous' is marked as complete unroll implied by the pipeline pragma (/home/emre24/Desktop/vvc_proj_kernels/src/IDCT2.cpp:387:24)
INFO: [HLS 214-291] Loop 'anonymous' is marked as complete unroll implied by the pipeline pragma (/home/emre24/Desktop/vvc_proj_kernels/src/IDCT2.cpp:388:24)
INFO: [HLS 214-291] Loop 'anonymous' is marked as complete unroll implied by the pipeline pragma (/home/emre24/Desktop/vvc_proj_kernels/src/IDCT2.cpp:392:2)
INFO: [HLS 214-291] Loop 'anonymous' is marked as complete unroll implied by the pipeline pragma (/home/emre24/Desktop/vvc_proj_kernels/src/IDCT2.cpp:399:13)
INFO: [HLS 214-291] Loop 'anonymous' is marked as complete unroll implied by the pipeline pragma (/home/emre24/Desktop/vvc_proj_kernels/src/IDCT2.cpp:368:24)
INFO: [HLS 214-291] Loop 'anonymous' is marked as complete unroll implied by the pipeline pragma (/home/emre24/Desktop/vvc_proj_kernels/src/IDCT2.cpp:369:24)
INFO: [HLS 214-291] Loop 'anonymous' is marked as complete unroll implied by the pipeline pragma (/home/emre24/Desktop/vvc_proj_kernels/src/IDCT2.cpp:373:2)
INFO: [HLS 214-291] Loop 'anonymous' is marked as complete unroll implied by the pipeline pragma (/home/emre24/Desktop/vvc_proj_kernels/src/IDCT2.cpp:380:13)
INFO: [HLS 214-291] Loop 'anonymous' is marked as complete unroll implied by the pipeline pragma (/home/emre24/Desktop/vvc_proj_kernels/src/IDCT2.cpp:339:24)
INFO: [HLS 214-291] Loop 'anonymous' is marked as complete unroll implied by the pipeline pragma (/home/emre24/Desktop/vvc_proj_kernels/src/IDCT2.cpp:340:24)
INFO: [HLS 214-291] Loop 'anonymous' is marked as complete unroll implied by the pipeline pragma (/home/emre24/Desktop/vvc_proj_kernels/src/IDCT2.cpp:344:2)
INFO: [HLS 214-291] Loop 'anonymous' is marked as complete unroll implied by the pipeline pragma (/home/emre24/Desktop/vvc_proj_kernels/src/IDCT2.cpp:349:13)
INFO: [HLS 214-291] Loop 'anonymous' is marked as complete unroll implied by the pipeline pragma (/home/emre24/Desktop/vvc_proj_kernels/src/IDCT2.cpp:356:13)
INFO: [HLS 214-291] Loop 'anonymous' is marked as complete unroll implied by the pipeline pragma (/home/emre24/Desktop/vvc_proj_kernels/src/IDCT2.cpp:361:13)
INFO: [HLS 214-291] Loop 'anonymous' is marked as complete unroll implied by the pipeline pragma (/home/emre24/Desktop/vvc_proj_kernels/src/IDCT2.cpp:241:5)
INFO: [HLS 214-291] Loop 'anonymous' is marked as complete unroll implied by the pipeline pragma (/home/emre24/Desktop/vvc_proj_kernels/src/IDCT2.cpp:202:13)
INFO: [HLS 214-291] Loop 'anonymous' is marked as complete unroll implied by the pipeline pragma (/home/emre24/Desktop/vvc_proj_kernels/src/IDCT2.cpp:198:16)
INFO: [HLS 214-291] Loop 'anonymous' is marked as complete unroll implied by the pipeline pragma (/home/emre24/Desktop/vvc_proj_kernels/src/IDCT2.cpp:197:13)
INFO: [HLS 214-291] Loop 'anonymous' is marked as complete unroll implied by the pipeline pragma (/home/emre24/Desktop/vvc_proj_kernels/src/IDCT2.cpp:154:5)
INFO: [HLS 214-291] Loop 'anonymous' is marked as complete unroll implied by the pipeline pragma (/home/emre24/Desktop/vvc_proj_kernels/src/IDCT2.cpp:132:13)
INFO: [HLS 214-291] Loop 'anonymous' is marked as complete unroll implied by the pipeline pragma (/home/emre24/Desktop/vvc_proj_kernels/src/IDCT2.cpp:128:16)
INFO: [HLS 214-291] Loop 'anonymous' is marked as complete unroll implied by the pipeline pragma (/home/emre24/Desktop/vvc_proj_kernels/src/IDCT2.cpp:127:13)
INFO: [HLS 214-291] Loop 'anonymous' is marked as complete unroll implied by the pipeline pragma (/home/emre24/Desktop/vvc_proj_kernels/src/IDCT2.cpp:101:5)
INFO: [HLS 214-291] Loop 'anonymous' is marked as complete unroll implied by the pipeline pragma (/home/emre24/Desktop/vvc_proj_kernels/src/IDCT2.cpp:88:13)
INFO: [HLS 214-291] Loop 'anonymous' is marked as complete unroll implied by the pipeline pragma (/home/emre24/Desktop/vvc_proj_kernels/src/IDCT2.cpp:84:16)
INFO: [HLS 214-291] Loop 'anonymous' is marked as complete unroll implied by the pipeline pragma (/home/emre24/Desktop/vvc_proj_kernels/src/IDCT2.cpp:83:13)
INFO: [HLS 214-291] Loop 'anonymous' is marked as complete unroll implied by the pipeline pragma (/home/emre24/Desktop/vvc_proj_kernels/src/IDCT2.cpp:57:13)
INFO: [HLS 214-291] Loop 'anonymous' is marked as complete unroll implied by the pipeline pragma (/home/emre24/Desktop/vvc_proj_kernels/src/IDCT2.cpp:53:16)
INFO: [HLS 214-291] Loop 'anonymous' is marked as complete unroll implied by the pipeline pragma (/home/emre24/Desktop/vvc_proj_kernels/src/IDCT2.cpp:52:13)
INFO: [HLS 214-291] Loop 'anonymous' is marked as complete unroll implied by the pipeline pragma (/home/emre24/Desktop/vvc_proj_kernels/src/IDCT2.cpp:34:13)
INFO: [HLS 214-291] Loop 'anonymous' is marked as complete unroll implied by the pipeline pragma (/home/emre24/Desktop/vvc_proj_kernels/src/IDCT2.cpp:30:16)
INFO: [HLS 214-291] Loop 'anonymous' is marked as complete unroll implied by the pipeline pragma (/home/emre24/Desktop/vvc_proj_kernels/src/IDCT2.cpp:29:13)
INFO: [HLS 214-186] Unrolling loop 'anonymous' (/home/emre24/Desktop/vvc_proj_kernels/src/IDCT2.cpp:444:24) in function 'IDCT2' completely with a factor of 2 (/home/emre24/Desktop/vvc_proj_kernels/src/IDCT2.cpp:315:0)
INFO: [HLS 214-186] Unrolling loop 'anonymous' (/home/emre24/Desktop/vvc_proj_kernels/src/IDCT2.cpp:445:24) in function 'IDCT2' completely with a factor of 2 (/home/emre24/Desktop/vvc_proj_kernels/src/IDCT2.cpp:315:0)
INFO: [HLS 214-186] Unrolling loop 'anonymous' (/home/emre24/Desktop/vvc_proj_kernels/src/IDCT2.cpp:449:2) in function 'IDCT2' completely with a factor of 2 (/home/emre24/Desktop/vvc_proj_kernels/src/IDCT2.cpp:315:0)
INFO: [HLS 214-186] Unrolling loop 'anonymous' (/home/emre24/Desktop/vvc_proj_kernels/src/IDCT2.cpp:456:13) in function 'IDCT2' completely with a factor of 2 (/home/emre24/Desktop/vvc_proj_kernels/src/IDCT2.cpp:315:0)
INFO: [HLS 214-186] Unrolling loop 'anonymous' (/home/emre24/Desktop/vvc_proj_kernels/src/IDCT2.cpp:425:24) in function 'IDCT2' completely with a factor of 4 (/home/emre24/Desktop/vvc_proj_kernels/src/IDCT2.cpp:315:0)
INFO: [HLS 214-186] Unrolling loop 'anonymous' (/home/emre24/Desktop/vvc_proj_kernels/src/IDCT2.cpp:426:24) in function 'IDCT2' completely with a factor of 4 (/home/emre24/Desktop/vvc_proj_kernels/src/IDCT2.cpp:315:0)
INFO: [HLS 214-186] Unrolling loop 'anonymous' (/home/emre24/Desktop/vvc_proj_kernels/src/IDCT2.cpp:430:2) in function 'IDCT2' completely with a factor of 4 (/home/emre24/Desktop/vvc_proj_kernels/src/IDCT2.cpp:315:0)
INFO: [HLS 214-186] Unrolling loop 'anonymous' (/home/emre24/Desktop/vvc_proj_kernels/src/IDCT2.cpp:437:13) in function 'IDCT2' completely with a factor of 4 (/home/emre24/Desktop/vvc_proj_kernels/src/IDCT2.cpp:315:0)
INFO: [HLS 214-186] Unrolling loop 'anonymous' (/home/emre24/Desktop/vvc_proj_kernels/src/IDCT2.cpp:406:24) in function 'IDCT2' completely with a factor of 8 (/home/emre24/Desktop/vvc_proj_kernels/src/IDCT2.cpp:315:0)
INFO: [HLS 214-186] Unrolling loop 'anonymous' (/home/emre24/Desktop/vvc_proj_kernels/src/IDCT2.cpp:407:24) in function 'IDCT2' completely with a factor of 8 (/home/emre24/Desktop/vvc_proj_kernels/src/IDCT2.cpp:315:0)
INFO: [HLS 214-186] Unrolling loop 'anonymous' (/home/emre24/Desktop/vvc_proj_kernels/src/IDCT2.cpp:411:2) in function 'IDCT2' completely with a factor of 8 (/home/emre24/Desktop/vvc_proj_kernels/src/IDCT2.cpp:315:0)
INFO: [HLS 214-186] Unrolling loop 'anonymous' (/home/emre24/Desktop/vvc_proj_kernels/src/IDCT2.cpp:418:13) in function 'IDCT2' completely with a factor of 8 (/home/emre24/Desktop/vvc_proj_kernels/src/IDCT2.cpp:315:0)
INFO: [HLS 214-186] Unrolling loop 'anonymous' (/home/emre24/Desktop/vvc_proj_kernels/src/IDCT2.cpp:387:24) in function 'IDCT2' completely with a factor of 16 (/home/emre24/Desktop/vvc_proj_kernels/src/IDCT2.cpp:315:0)
INFO: [HLS 214-186] Unrolling loop 'anonymous' (/home/emre24/Desktop/vvc_proj_kernels/src/IDCT2.cpp:388:24) in function 'IDCT2' completely with a factor of 16 (/home/emre24/Desktop/vvc_proj_kernels/src/IDCT2.cpp:315:0)
INFO: [HLS 214-186] Unrolling loop 'anonymous' (/home/emre24/Desktop/vvc_proj_kernels/src/IDCT2.cpp:392:2) in function 'IDCT2' completely with a factor of 16 (/home/emre24/Desktop/vvc_proj_kernels/src/IDCT2.cpp:315:0)
INFO: [HLS 214-186] Unrolling loop 'anonymous' (/home/emre24/Desktop/vvc_proj_kernels/src/IDCT2.cpp:399:13) in function 'IDCT2' completely with a factor of 16 (/home/emre24/Desktop/vvc_proj_kernels/src/IDCT2.cpp:315:0)
INFO: [HLS 214-186] Unrolling loop 'anonymous' (/home/emre24/Desktop/vvc_proj_kernels/src/IDCT2.cpp:368:24) in function 'IDCT2' completely with a factor of 32 (/home/emre24/Desktop/vvc_proj_kernels/src/IDCT2.cpp:315:0)
INFO: [HLS 214-186] Unrolling loop 'anonymous' (/home/emre24/Desktop/vvc_proj_kernels/src/IDCT2.cpp:369:24) in function 'IDCT2' completely with a factor of 32 (/home/emre24/Desktop/vvc_proj_kernels/src/IDCT2.cpp:315:0)
INFO: [HLS 214-186] Unrolling loop 'anonymous' (/home/emre24/Desktop/vvc_proj_kernels/src/IDCT2.cpp:373:2) in function 'IDCT2' completely with a factor of 32 (/home/emre24/Desktop/vvc_proj_kernels/src/IDCT2.cpp:315:0)
INFO: [HLS 214-186] Unrolling loop 'anonymous' (/home/emre24/Desktop/vvc_proj_kernels/src/IDCT2.cpp:380:13) in function 'IDCT2' completely with a factor of 32 (/home/emre24/Desktop/vvc_proj_kernels/src/IDCT2.cpp:315:0)
INFO: [HLS 214-186] Unrolling loop 'anonymous' (/home/emre24/Desktop/vvc_proj_kernels/src/IDCT2.cpp:339:24) in function 'IDCT2' completely with a factor of 64 (/home/emre24/Desktop/vvc_proj_kernels/src/IDCT2.cpp:315:0)
INFO: [HLS 214-186] Unrolling loop 'anonymous' (/home/emre24/Desktop/vvc_proj_kernels/src/IDCT2.cpp:340:24) in function 'IDCT2' completely with a factor of 64 (/home/emre24/Desktop/vvc_proj_kernels/src/IDCT2.cpp:315:0)
INFO: [HLS 214-186] Unrolling loop 'anonymous' (/home/emre24/Desktop/vvc_proj_kernels/src/IDCT2.cpp:344:2) in function 'IDCT2' completely with a factor of 32 (/home/emre24/Desktop/vvc_proj_kernels/src/IDCT2.cpp:315:0)
INFO: [HLS 214-186] Unrolling loop 'anonymous' (/home/emre24/Desktop/vvc_proj_kernels/src/IDCT2.cpp:349:13) in function 'IDCT2' completely with a factor of 32 (/home/emre24/Desktop/vvc_proj_kernels/src/IDCT2.cpp:315:0)
INFO: [HLS 214-186] Unrolling loop 'anonymous' (/home/emre24/Desktop/vvc_proj_kernels/src/IDCT2.cpp:356:13) in function 'IDCT2' completely with a factor of 32 (/home/emre24/Desktop/vvc_proj_kernels/src/IDCT2.cpp:315:0)
INFO: [HLS 214-186] Unrolling loop 'anonymous' (/home/emre24/Desktop/vvc_proj_kernels/src/IDCT2.cpp:361:13) in function 'IDCT2' completely with a factor of 32 (/home/emre24/Desktop/vvc_proj_kernels/src/IDCT2.cpp:315:0)
INFO: [HLS 214-186] Unrolling loop 'anonymous' (/home/emre24/Desktop/vvc_proj_kernels/src/IDCT2.cpp:241:5) in function 'IDCT2B64' completely with a factor of 32 (/home/emre24/Desktop/vvc_proj_kernels/src/IDCT2.cpp:194:0)
INFO: [HLS 214-186] Unrolling loop 'anonymous' (/home/emre24/Desktop/vvc_proj_kernels/src/IDCT2.cpp:202:13) in function 'IDCT2B64' completely with a factor of 32 (/home/emre24/Desktop/vvc_proj_kernels/src/IDCT2.cpp:194:0)
INFO: [HLS 214-186] Unrolling loop 'anonymous' (/home/emre24/Desktop/vvc_proj_kernels/src/IDCT2.cpp:198:16) in function 'IDCT2B64' completely with a factor of 32 (/home/emre24/Desktop/vvc_proj_kernels/src/IDCT2.cpp:194:0)
