

================================================================
== Vitis HLS Report for 'IDST7B16'
================================================================
* Date:           Mon Dec 22 13:45:44 2025

* Version:        2024.2 (Build 5238294 on Nov  8 2024)
* Project:        idst7_dir
* Solution:       hls (Vitis Kernel Flow Target)
* Product family: versalaicore
* Target device:  xcvc1902-vsva2197-2MP-e-S


================================================================
== Performance Estimates
================================================================
+ Timing: 
    * Summary: 
    +--------+---------+----------+------------+
    |  Clock |  Target | Estimated| Uncertainty|
    +--------+---------+----------+------------+
    |ap_clk  |  3.33 ns|  2.408 ns|     0.90 ns|
    +--------+---------+----------+------------+

+ Latency: 
    * Summary: 
    +---------+---------+----------+----------+-----+-----+---------+
    |  Latency (cycles) |  Latency (absolute) |  Interval | Pipeline|
    |   min   |   max   |    min   |    max   | min | max |   Type  |
    +---------+---------+----------+----------+-----+-----+---------+
    |       33|       33|  0.110 us|  0.110 us|   33|   33|       no|
    +---------+---------+----------+----------+-----+-----+---------+

    + Detail: 
        * Instance: 
        N/A

        * Loop: 
        N/A

============================================================
+ Verbose Summary: Synthesis Manager
============================================================
InlineROM: 1
ExposeGlobal: 0
============================================================
+ Verbose Summary: CDFG Model
============================================================
IsTopModel: 0
ResetActiveHigh: 1
IsCombinational: 0
IsDatapathOnly: 0
HasWiredReturn: 1
HasMFsm: 0
HasVarLatency: 1
IsPipeline: 0
IsRtlPipelined: 0
IsInstanceOverlapped: 0
IsDontTouch: 0
HasImplIP: 0
IsGatedGlobalClock: 0


============================================================
+ Verbose Summary: Schedule
============================================================
* Number of FSM states : 3
* Pipeline : 0
* Dataflow Pipeline: 0

* FSM state transitions: 
1 --> 2 
2 --> 3 
3 --> 

* FSM state operations: 

State 1 <SV = 0> <Delay = 1.70>
ST_1 : Operation 4 [1/1] (0.00ns)   --->   "%shift_read = read i32 @_ssdm_op_Read.ap_auto.i32, i32 %shift" [src/IDST7.cpp:117]   --->   Operation 4 'read' 'shift_read' <Predicate = true> <Delay = 0.00>
ST_1 : Operation 5 [1/1] (0.00ns)   --->   "%sext_ln43 = sext i32 %shift_read" [src/IDST7.cpp:43->src/IDST7.cpp:118]   --->   Operation 5 'sext' 'sext_ln43' <Predicate = true> <Delay = 0.00>
ST_1 : Operation 6 [1/1] (0.85ns)   --->   "%add_ln43 = add i33 %sext_ln43, i33 8589934591" [src/IDST7.cpp:43->src/IDST7.cpp:118]   --->   Operation 6 'add' 'add_ln43' <Predicate = true> <Delay = 0.85> <CoreInst = "Adder">   --->   Core 1 'Adder' <Latency = 0> <II = 1> <Delay = 0.85> <FuncUnit> <Opcode : 'add' 'sub'> <InPorts = 2> <OutPorts = 1>
ST_1 : Operation 7 [1/1] (0.00ns)   --->   "%tmp = bitselect i1 @_ssdm_op_BitSelect.i1.i33.i32, i33 %add_ln43, i32 32" [src/IDST7.cpp:43->src/IDST7.cpp:118]   --->   Operation 7 'bitselect' 'tmp' <Predicate = true> <Delay = 0.00>
ST_1 : Operation 8 [1/1] (0.00ns)   --->   "%trunc_ln43 = trunc i33 %add_ln43" [src/IDST7.cpp:43->src/IDST7.cpp:118]   --->   Operation 8 'trunc' 'trunc_ln43' <Predicate = true> <Delay = 0.00>
ST_1 : Operation 9 [1/1] (0.85ns)   --->   "%sub_ln43 = sub i32 0, i32 %trunc_ln43" [src/IDST7.cpp:43->src/IDST7.cpp:118]   --->   Operation 9 'sub' 'sub_ln43' <Predicate = true> <Delay = 0.85> <CoreInst = "Adder">   --->   Core 1 'Adder' <Latency = 0> <II = 1> <Delay = 0.85> <FuncUnit> <Opcode : 'add' 'sub'> <InPorts = 2> <OutPorts = 1>
ST_1 : Operation 10 [1/1] (0.00ns)   --->   "%tmp_23 = bitselect i1 @_ssdm_op_BitSelect.i1.i32.i32, i32 %shift_read, i32 31" [src/IDST7.cpp:61->src/IDST7.cpp:118]   --->   Operation 10 'bitselect' 'tmp_23' <Predicate = true> <Delay = 0.00>

State 2 <SV = 1> <Delay = 2.17>
ST_2 : Operation 11 [1/1] (0.00ns)   --->   "%oMax_read = read i32 @_ssdm_op_Read.ap_auto.i32, i32 %oMax" [src/IDST7.cpp:117]   --->   Operation 11 'read' 'oMax_read' <Predicate = true> <Delay = 0.00>
ST_2 : Operation 12 [1/1] (0.00ns)   --->   "%oMin_read = read i32 @_ssdm_op_Read.ap_auto.i32, i32 %oMin" [src/IDST7.cpp:117]   --->   Operation 12 'read' 'oMin_read' <Predicate = true> <Delay = 0.00>
ST_2 : Operation 13 [1/1] (0.00ns)   --->   "%skipLine2_read = read i32 @_ssdm_op_Read.ap_auto.i32, i32 %skipLine2" [src/IDST7.cpp:117]   --->   Operation 13 'read' 'skipLine2_read' <Predicate = true> <Delay = 0.00>
ST_2 : Operation 14 [1/1] (0.00ns)   --->   "%src_15_val_read = read i32 @_ssdm_op_Read.ap_auto.i32, i32 %src_15_val" [src/IDST7.cpp:117]   --->   Operation 14 'read' 'src_15_val_read' <Predicate = true> <Delay = 0.00>
ST_2 : Operation 15 [1/1] (0.00ns)   --->   "%src_14_val_read = read i32 @_ssdm_op_Read.ap_auto.i32, i32 %src_14_val" [src/IDST7.cpp:117]   --->   Operation 15 'read' 'src_14_val_read' <Predicate = true> <Delay = 0.00>
ST_2 : Operation 16 [1/1] (0.00ns)   --->   "%src_13_val_read = read i32 @_ssdm_op_Read.ap_auto.i32, i32 %src_13_val" [src/IDST7.cpp:117]   --->   Operation 16 'read' 'src_13_val_read' <Predicate = true> <Delay = 0.00>
ST_2 : Operation 17 [1/1] (0.00ns)   --->   "%src_12_val_read = read i32 @_ssdm_op_Read.ap_auto.i32, i32 %src_12_val" [src/IDST7.cpp:117]   --->   Operation 17 'read' 'src_12_val_read' <Predicate = true> <Delay = 0.00>
ST_2 : Operation 18 [1/1] (0.00ns)   --->   "%src_11_val_read = read i32 @_ssdm_op_Read.ap_auto.i32, i32 %src_11_val" [src/IDST7.cpp:117]   --->   Operation 18 'read' 'src_11_val_read' <Predicate = true> <Delay = 0.00>
ST_2 : Operation 19 [1/1] (0.00ns)   --->   "%src_10_val_read = read i32 @_ssdm_op_Read.ap_auto.i32, i32 %src_10_val" [src/IDST7.cpp:117]   --->   Operation 19 'read' 'src_10_val_read' <Predicate = true> <Delay = 0.00>
ST_2 : Operation 20 [1/1] (0.00ns)   --->   "%src_9_val_read = read i32 @_ssdm_op_Read.ap_auto.i32, i32 %src_9_val" [src/IDST7.cpp:117]   --->   Operation 20 'read' 'src_9_val_read' <Predicate = true> <Delay = 0.00>
ST_2 : Operation 21 [1/1] (0.00ns)   --->   "%src_8_val_read = read i32 @_ssdm_op_Read.ap_auto.i32, i32 %src_8_val" [src/IDST7.cpp:117]   --->   Operation 21 'read' 'src_8_val_read' <Predicate = true> <Delay = 0.00>
ST_2 : Operation 22 [1/1] (0.00ns)   --->   "%src_7_val_read = read i32 @_ssdm_op_Read.ap_auto.i32, i32 %src_7_val" [src/IDST7.cpp:117]   --->   Operation 22 'read' 'src_7_val_read' <Predicate = true> <Delay = 0.00>
ST_2 : Operation 23 [1/1] (0.00ns)   --->   "%src_6_val_read = read i32 @_ssdm_op_Read.ap_auto.i32, i32 %src_6_val" [src/IDST7.cpp:117]   --->   Operation 23 'read' 'src_6_val_read' <Predicate = true> <Delay = 0.00>
ST_2 : Operation 24 [1/1] (0.00ns)   --->   "%src_5_val_read = read i32 @_ssdm_op_Read.ap_auto.i32, i32 %src_5_val" [src/IDST7.cpp:117]   --->   Operation 24 'read' 'src_5_val_read' <Predicate = true> <Delay = 0.00>
ST_2 : Operation 25 [1/1] (0.00ns)   --->   "%src_4_val_read = read i32 @_ssdm_op_Read.ap_auto.i32, i32 %src_4_val" [src/IDST7.cpp:117]   --->   Operation 25 'read' 'src_4_val_read' <Predicate = true> <Delay = 0.00>
ST_2 : Operation 26 [1/1] (0.00ns)   --->   "%src_3_val_read = read i32 @_ssdm_op_Read.ap_auto.i32, i32 %src_3_val" [src/IDST7.cpp:117]   --->   Operation 26 'read' 'src_3_val_read' <Predicate = true> <Delay = 0.00>
ST_2 : Operation 27 [1/1] (0.00ns)   --->   "%src_2_val_read = read i32 @_ssdm_op_Read.ap_auto.i32, i32 %src_2_val" [src/IDST7.cpp:117]   --->   Operation 27 'read' 'src_2_val_read' <Predicate = true> <Delay = 0.00>
ST_2 : Operation 28 [1/1] (0.00ns)   --->   "%src_1_val_read = read i32 @_ssdm_op_Read.ap_auto.i32, i32 %src_1_val" [src/IDST7.cpp:117]   --->   Operation 28 'read' 'src_1_val_read' <Predicate = true> <Delay = 0.00>
ST_2 : Operation 29 [1/1] (0.00ns)   --->   "%src_0_val_read = read i32 @_ssdm_op_Read.ap_auto.i32, i32 %src_0_val" [src/IDST7.cpp:117]   --->   Operation 29 'read' 'src_0_val_read' <Predicate = true> <Delay = 0.00>
ST_2 : Operation 30 [1/1] (1.06ns)   --->   "%rndFactor = lshr i32 1, i32 %sub_ln43" [src/IDST7.cpp:43->src/IDST7.cpp:118]   --->   Operation 30 'lshr' 'rndFactor' <Predicate = (tmp)> <Delay = 1.06> <CoreInst = "Shifter">   --->   Core 79 'Shifter' <Latency = 0> <II = 1> <Delay = 1.06> <FuncUnit> <Opcode : 'shl' 'lshr' 'ashr'> <InPorts = 2> <OutPorts = 1>
ST_2 : Operation 31 [1/1] (1.06ns)   --->   "%rndFactor_5 = shl i32 1, i32 %trunc_ln43" [src/IDST7.cpp:43->src/IDST7.cpp:118]   --->   Operation 31 'shl' 'rndFactor_5' <Predicate = (!tmp)> <Delay = 1.06> <CoreInst = "Shifter">   --->   Core 79 'Shifter' <Latency = 0> <II = 1> <Delay = 1.06> <FuncUnit> <Opcode : 'shl' 'lshr' 'ashr'> <InPorts = 2> <OutPorts = 1>
ST_2 : Operation 32 [1/1] (0.41ns)   --->   "%rndFactor_6 = select i1 %tmp, i32 %rndFactor, i32 %rndFactor_5" [src/IDST7.cpp:43->src/IDST7.cpp:118]   --->   Operation 32 'select' 'rndFactor_6' <Predicate = true> <Delay = 0.41> <CoreInst = "Sel">   --->   Core 77 'Sel' <Latency = 0> <II = 1> <Delay = 0.41> <FuncUnit> <Opcode : 'select'> <InPorts = 3> <OutPorts = 1>
ST_2 : Operation 33 [1/1] (0.85ns)   --->   "%cutoff = sub i32 16, i32 %skipLine2_read" [src/IDST7.cpp:44->src/IDST7.cpp:118]   --->   Operation 33 'sub' 'cutoff' <Predicate = true> <Delay = 0.85> <CoreInst = "Adder">   --->   Core 1 'Adder' <Latency = 0> <II = 1> <Delay = 0.85> <FuncUnit> <Opcode : 'add' 'sub'> <InPorts = 2> <OutPorts = 1>
ST_2 : Operation 34 [1/1] (0.85ns)   --->   "%sub_i_i_i_i = sub i32 0, i32 %shift_read" [src/IDST7.cpp:117]   --->   Operation 34 'sub' 'sub_i_i_i_i' <Predicate = true> <Delay = 0.85> <CoreInst = "Adder">   --->   Core 1 'Adder' <Latency = 0> <II = 1> <Delay = 0.85> <FuncUnit> <Opcode : 'add' 'sub'> <InPorts = 2> <OutPorts = 1>
ST_2 : Operation 35 [1/1] (0.00ns)   --->   "%tmp_24 = partselect i31 @_ssdm_op_PartSelect.i31.i32.i32.i32, i32 %cutoff, i32 1, i32 31" [src/IDST7.cpp:44->src/IDST7.cpp:118]   --->   Operation 35 'partselect' 'tmp_24' <Predicate = true> <Delay = 0.00>
ST_2 : Operation 36 [1/1] (0.00ns)   --->   "%tmp_25 = partselect i30 @_ssdm_op_PartSelect.i30.i32.i32.i32, i32 %cutoff, i32 2, i32 31" [src/IDST7.cpp:44->src/IDST7.cpp:118]   --->   Operation 36 'partselect' 'tmp_25' <Predicate = true> <Delay = 0.00>
ST_2 : Operation 37 [1/1] (0.00ns)   --->   "%tmp_26 = partselect i29 @_ssdm_op_PartSelect.i29.i32.i32.i32, i32 %cutoff, i32 3, i32 31" [src/IDST7.cpp:44->src/IDST7.cpp:118]   --->   Operation 37 'partselect' 'tmp_26' <Predicate = true> <Delay = 0.00>
ST_2 : Operation 38 [1/1] (0.00ns)   --->   "%tmp_27 = partselect i28 @_ssdm_op_PartSelect.i28.i32.i32.i32, i32 %cutoff, i32 4, i32 31" [src/IDST7.cpp:44->src/IDST7.cpp:118]   --->   Operation 38 'partselect' 'tmp_27' <Predicate = true> <Delay = 0.00>
ST_2 : Operation 39 [2/2] (0.69ns)   --->   "%call_ln117 = call void @IDST7B16_Pipeline_VITIS_LOOP_47_1, i32 %dst_0, i32 %dst_15, i32 %dst_14, i32 %dst_13, i32 %dst_12, i32 %dst_11, i32 %dst_10, i32 %dst_9, i32 %dst_8, i32 %dst_7, i32 %dst_6, i32 %dst_5, i32 %dst_4, i32 %dst_3, i32 %dst_2, i32 %dst_1, i32 %src_0_val_read, i32 %src_1_val_read, i32 %src_2_val_read, i32 %src_3_val_read, i32 %src_4_val_read, i32 %src_5_val_read, i32 %src_6_val_read, i32 %src_7_val_read, i32 %src_8_val_read, i32 %src_9_val_read, i32 %src_10_val_read, i32 %src_11_val_read, i32 %src_12_val_read, i32 %src_13_val_read, i32 %src_14_val_read, i32 %src_15_val_read, i32 %rndFactor_6, i32 %sub_i_i_i_i, i32 %shift_read, i1 %tmp_23, i32 %oMin_read, i32 %oMax_read, i28 %tmp_27, i32 %cutoff, i29 %tmp_26, i30 %tmp_25, i31 %tmp_24, i7 %p_ZL8idst7_16_0, i8 %p_ZL8idst7_16_1, i8 %p_ZL8idst7_16_2, i8 %p_ZL8idst7_16_3, i8 %p_ZL8idst7_16_4, i8 %p_ZL8idst7_16_5, i8 %p_ZL8idst7_16_6, i8 %p_ZL8idst7_16_7, i8 %p_ZL8idst7_16_8, i8 %p_ZL8idst7_16_9, i8 %p_ZL8idst7_16_10, i8 %p_ZL8idst7_16_11, i8 %p_ZL8idst7_16_12, i8 %p_ZL8idst7_16_13, i8 %p_ZL8idst7_16_14, i8 %p_ZL8idst7_16_15" [src/IDST7.cpp:117]   --->   Operation 39 'call' 'call_ln117' <Predicate = true> <Delay = 0.69> <CoreType = "Generic">   --->   Generic Core

State 3 <SV = 2> <Delay = 1.08>
ST_3 : Operation 40 [1/2] (1.08ns)   --->   "%call_ln117 = call void @IDST7B16_Pipeline_VITIS_LOOP_47_1, i32 %dst_0, i32 %dst_15, i32 %dst_14, i32 %dst_13, i32 %dst_12, i32 %dst_11, i32 %dst_10, i32 %dst_9, i32 %dst_8, i32 %dst_7, i32 %dst_6, i32 %dst_5, i32 %dst_4, i32 %dst_3, i32 %dst_2, i32 %dst_1, i32 %src_0_val_read, i32 %src_1_val_read, i32 %src_2_val_read, i32 %src_3_val_read, i32 %src_4_val_read, i32 %src_5_val_read, i32 %src_6_val_read, i32 %src_7_val_read, i32 %src_8_val_read, i32 %src_9_val_read, i32 %src_10_val_read, i32 %src_11_val_read, i32 %src_12_val_read, i32 %src_13_val_read, i32 %src_14_val_read, i32 %src_15_val_read, i32 %rndFactor_6, i32 %sub_i_i_i_i, i32 %shift_read, i1 %tmp_23, i32 %oMin_read, i32 %oMax_read, i28 %tmp_27, i32 %cutoff, i29 %tmp_26, i30 %tmp_25, i31 %tmp_24, i7 %p_ZL8idst7_16_0, i8 %p_ZL8idst7_16_1, i8 %p_ZL8idst7_16_2, i8 %p_ZL8idst7_16_3, i8 %p_ZL8idst7_16_4, i8 %p_ZL8idst7_16_5, i8 %p_ZL8idst7_16_6, i8 %p_ZL8idst7_16_7, i8 %p_ZL8idst7_16_8, i8 %p_ZL8idst7_16_9, i8 %p_ZL8idst7_16_10, i8 %p_ZL8idst7_16_11, i8 %p_ZL8idst7_16_12, i8 %p_ZL8idst7_16_13, i8 %p_ZL8idst7_16_14, i8 %p_ZL8idst7_16_15" [src/IDST7.cpp:117]   --->   Operation 40 'call' 'call_ln117' <Predicate = true> <Delay = 1.08> <CoreType = "Generic">   --->   Generic Core
ST_3 : Operation 41 [1/1] (0.00ns)   --->   "%ret_ln160 = ret" [src/IDST7.cpp:160]   --->   Operation 41 'ret' 'ret_ln160' <Predicate = true> <Delay = 0.00>


============================================================
+ Verbose Summary: Timing violations
============================================================
Target clock period: 3.333ns, clock uncertainty: 0.900ns.

 <State 1>: 1.700ns
The critical path consists of the following:
	wire read operation ('shift_read', src/IDST7.cpp:117) on port 'shift' (src/IDST7.cpp:117) [56]  (0.000 ns)
	'add' operation 33 bit ('add_ln43', src/IDST7.cpp:43->src/IDST7.cpp:118) [74]  (0.850 ns)
	'sub' operation 32 bit ('sub_ln43', src/IDST7.cpp:43->src/IDST7.cpp:118) [77]  (0.850 ns)

 <State 2>: 2.172ns
The critical path consists of the following:
	'lshr' operation 32 bit ('rndFactor', src/IDST7.cpp:43->src/IDST7.cpp:118) [78]  (1.067 ns)
	'select' operation 32 bit ('rndFactor', src/IDST7.cpp:43->src/IDST7.cpp:118) [80]  (0.413 ns)
	'call' operation 0 bit ('call_ln117', src/IDST7.cpp:117) to 'IDST7B16_Pipeline_VITIS_LOOP_47_1' [88]  (0.692 ns)

 <State 3>: 1.084ns
The critical path consists of the following:
	'call' operation 0 bit ('call_ln117', src/IDST7.cpp:117) to 'IDST7B16_Pipeline_VITIS_LOOP_47_1' [88]  (1.084 ns)


============================================================
+ Verbose Summary: Binding
============================================================
N/A
* FSMD analyzer results:
  - Output states:
 - Input state : 
  - Chain level:
	State 1
	State 2
	State 3


============================================================
+ Verbose Summary: Datapath Resource usage 
============================================================
N/A
