

================================================================
== Vitis HLS Report for 'IDST7B16_Pipeline_VITIS_LOOP_47_1'
================================================================
* Date:           Tue Dec  9 15:04:45 2025

* Version:        2024.2 (Build 5238294 on Nov  8 2024)
* Project:        idst7_dir
* Solution:       hls (Vitis Kernel Flow Target)
* Product family: zynquplus
* Target device:  xczu9eg-ffvb1156-2-e


================================================================
== Performance Estimates
================================================================
+ Timing: 
    * Summary: 
    +--------+----------+----------+------------+
    |  Clock |  Target  | Estimated| Uncertainty|
    +--------+----------+----------+------------+
    |ap_clk  |  10.00 ns|  7.027 ns|     2.70 ns|
    +--------+----------+----------+------------+

+ Latency: 
    * Summary: 
    +---------+---------+----------+----------+-----+-----+------------------------------------------------+
    |  Latency (cycles) |  Latency (absolute) |  Interval |                    Pipeline                    |
    |   min   |   max   |    min   |    max   | min | max |                      Type                      |
    +---------+---------+----------+----------+-----+-----+------------------------------------------------+
    |       22|       22|  0.220 us|  0.220 us|   17|   17|  loop auto-rewind stp (delay=0 clock cycles(s))|
    +---------+---------+----------+----------+-----+-----+------------------------------------------------+

    + Detail: 
        * Instance: 
        N/A

        * Loop: 
        +-------------------+---------+---------+----------+-----------+-----------+------+----------+
        |                   |  Latency (cycles) | Iteration|  Initiation Interval  | Trip |          |
        |     Loop Name     |   min   |   max   |  Latency |  achieved |   target  | Count| Pipelined|
        +-------------------+---------+---------+----------+-----------+-----------+------+----------+
        |- VITIS_LOOP_47_1  |       20|       20|         6|          1|          1|    16|       yes|
        +-------------------+---------+---------+----------+-----------+-----------+------+----------+

============================================================
+ Verbose Summary: Synthesis Manager
============================================================
InlineROM: 1
ExposeGlobal: 0
============================================================
+ Verbose Summary: CDFG Model
============================================================
IsTopModel: 0
ResetActiveHigh: 1
IsCombinational: 0
IsDatapathOnly: 0
HasWiredReturn: 1
HasMFsm: 2
HasVarLatency: 1
IsPipeline: 0
IsRtlPipelined: 0
IsInstanceOverlapped: 0
IsDontTouch: 0
HasImplIP: 0
IsGatedGlobalClock: 0

+ Individual pipeline summary: 
  * Pipeline-0: initiation interval (II) = 1, depth = 6


============================================================
+ Verbose Summary: Schedule
============================================================
* Number of FSM states : 6
* Pipeline : 1
  Pipeline-0 : II = 1, D = 6, States = { 1 2 3 4 5 6 }
* Dataflow Pipeline: 0

* FSM state transitions: 
1 --> 2 
2 --> 3 
3 --> 4 
4 --> 5 
5 --> 6 
6 --> 

* FSM state operations: 

State 1 <SV = 0> <Delay = 1.64>
ST_1 : Operation 9 [1/1] (0.00ns)   --->   "%j = alloca i32 1" [src/IDST7.cpp:47->src/IDST7.cpp:118]   --->   Operation 9 'alloca' 'j' <Predicate = true> <Delay = 0.00>
ST_1 : Operation 10 [1/1] (0.00ns)   --->   "%tmp = read i31 @_ssdm_op_Read.ap_auto.i31, i31 %empty"   --->   Operation 10 'read' 'tmp' <Predicate = true> <Delay = 0.00>
ST_1 : Operation 11 [1/1] (0.00ns)   --->   "%tmp_19 = read i30 @_ssdm_op_Read.ap_auto.i30, i30 %empty_47"   --->   Operation 11 'read' 'tmp_19' <Predicate = true> <Delay = 0.00>
ST_1 : Operation 12 [1/1] (0.00ns)   --->   "%tmp_20 = read i29 @_ssdm_op_Read.ap_auto.i29, i29 %empty_46"   --->   Operation 12 'read' 'tmp_20' <Predicate = true> <Delay = 0.00>
ST_1 : Operation 13 [1/1] (0.00ns)   --->   "%cutoff_read = read i32 @_ssdm_op_Read.ap_auto.i32, i32 %cutoff"   --->   Operation 13 'read' 'cutoff_read' <Predicate = true> <Delay = 0.00>
ST_1 : Operation 14 [1/1] (0.00ns)   --->   "%tmp_21 = read i28 @_ssdm_op_Read.ap_auto.i28, i28 %empty_45"   --->   Operation 14 'read' 'tmp_21' <Predicate = true> <Delay = 0.00>
ST_1 : Operation 15 [1/1] (0.00ns)   --->   "%oMax_read = read i32 @_ssdm_op_Read.ap_auto.i32, i32 %oMax"   --->   Operation 15 'read' 'oMax_read' <Predicate = true> <Delay = 0.00>
ST_1 : Operation 16 [1/1] (0.00ns)   --->   "%oMin_read = read i32 @_ssdm_op_Read.ap_auto.i32, i32 %oMin"   --->   Operation 16 'read' 'oMin_read' <Predicate = true> <Delay = 0.00>
ST_1 : Operation 17 [1/1] (0.00ns)   --->   "%tmp_22 = read i1 @_ssdm_op_Read.ap_auto.i1, i1 %empty_44"   --->   Operation 17 'read' 'tmp_22' <Predicate = true> <Delay = 0.00>
ST_1 : Operation 18 [1/1] (0.00ns)   --->   "%sh_prom_i_i_i_read = read i32 @_ssdm_op_Read.ap_auto.i32, i32 %sh_prom_i_i_i"   --->   Operation 18 'read' 'sh_prom_i_i_i_read' <Predicate = true> <Delay = 0.00>
ST_1 : Operation 19 [1/1] (0.00ns)   --->   "%sh_prom_i9_i_i_read = read i32 @_ssdm_op_Read.ap_auto.i32, i32 %sh_prom_i9_i_i"   --->   Operation 19 'read' 'sh_prom_i9_i_i_read' <Predicate = true> <Delay = 0.00>
ST_1 : Operation 20 [1/1] (0.00ns)   --->   "%conv3_i12_i_i_read = read i32 @_ssdm_op_Read.ap_auto.i32, i32 %conv3_i12_i_i"   --->   Operation 20 'read' 'conv3_i12_i_i_read' <Predicate = true> <Delay = 0.00>
ST_1 : Operation 21 [1/1] (0.00ns)   --->   "%src_15_val_read = read i32 @_ssdm_op_Read.ap_auto.i32, i32 %src_15_val"   --->   Operation 21 'read' 'src_15_val_read' <Predicate = true> <Delay = 0.00>
ST_1 : Operation 22 [1/1] (0.00ns)   --->   "%src_14_val_read = read i32 @_ssdm_op_Read.ap_auto.i32, i32 %src_14_val"   --->   Operation 22 'read' 'src_14_val_read' <Predicate = true> <Delay = 0.00>
ST_1 : Operation 23 [1/1] (0.00ns)   --->   "%src_13_val_read = read i32 @_ssdm_op_Read.ap_auto.i32, i32 %src_13_val"   --->   Operation 23 'read' 'src_13_val_read' <Predicate = true> <Delay = 0.00>
ST_1 : Operation 24 [1/1] (0.00ns)   --->   "%src_12_val_read = read i32 @_ssdm_op_Read.ap_auto.i32, i32 %src_12_val"   --->   Operation 24 'read' 'src_12_val_read' <Predicate = true> <Delay = 0.00>
ST_1 : Operation 25 [1/1] (0.00ns)   --->   "%src_11_val_read = read i32 @_ssdm_op_Read.ap_auto.i32, i32 %src_11_val"   --->   Operation 25 'read' 'src_11_val_read' <Predicate = true> <Delay = 0.00>
ST_1 : Operation 26 [1/1] (0.00ns)   --->   "%src_10_val_read = read i32 @_ssdm_op_Read.ap_auto.i32, i32 %src_10_val"   --->   Operation 26 'read' 'src_10_val_read' <Predicate = true> <Delay = 0.00>
ST_1 : Operation 27 [1/1] (0.00ns)   --->   "%src_9_val_read = read i32 @_ssdm_op_Read.ap_auto.i32, i32 %src_9_val"   --->   Operation 27 'read' 'src_9_val_read' <Predicate = true> <Delay = 0.00>
ST_1 : Operation 28 [1/1] (0.00ns)   --->   "%src_8_val_read = read i32 @_ssdm_op_Read.ap_auto.i32, i32 %src_8_val"   --->   Operation 28 'read' 'src_8_val_read' <Predicate = true> <Delay = 0.00>
ST_1 : Operation 29 [1/1] (0.00ns)   --->   "%src_7_val_read = read i32 @_ssdm_op_Read.ap_auto.i32, i32 %src_7_val"   --->   Operation 29 'read' 'src_7_val_read' <Predicate = true> <Delay = 0.00>
ST_1 : Operation 30 [1/1] (0.00ns)   --->   "%src_6_val_read = read i32 @_ssdm_op_Read.ap_auto.i32, i32 %src_6_val"   --->   Operation 30 'read' 'src_6_val_read' <Predicate = true> <Delay = 0.00>
ST_1 : Operation 31 [1/1] (0.00ns)   --->   "%src_5_val_read = read i32 @_ssdm_op_Read.ap_auto.i32, i32 %src_5_val"   --->   Operation 31 'read' 'src_5_val_read' <Predicate = true> <Delay = 0.00>
ST_1 : Operation 32 [1/1] (0.00ns)   --->   "%src_4_val_read = read i32 @_ssdm_op_Read.ap_auto.i32, i32 %src_4_val"   --->   Operation 32 'read' 'src_4_val_read' <Predicate = true> <Delay = 0.00>
ST_1 : Operation 33 [1/1] (0.00ns)   --->   "%src_3_val_read = read i32 @_ssdm_op_Read.ap_auto.i32, i32 %src_3_val"   --->   Operation 33 'read' 'src_3_val_read' <Predicate = true> <Delay = 0.00>
ST_1 : Operation 34 [1/1] (0.00ns)   --->   "%src_2_val_read = read i32 @_ssdm_op_Read.ap_auto.i32, i32 %src_2_val"   --->   Operation 34 'read' 'src_2_val_read' <Predicate = true> <Delay = 0.00>
ST_1 : Operation 35 [1/1] (0.00ns)   --->   "%src_1_val_read = read i32 @_ssdm_op_Read.ap_auto.i32, i32 %src_1_val"   --->   Operation 35 'read' 'src_1_val_read' <Predicate = true> <Delay = 0.00>
ST_1 : Operation 36 [1/1] (0.00ns)   --->   "%src_0_val_read = read i32 @_ssdm_op_Read.ap_auto.i32, i32 %src_0_val"   --->   Operation 36 'read' 'src_0_val_read' <Predicate = true> <Delay = 0.00>
ST_1 : Operation 37 [1/1] (0.00ns)   --->   "%sh_prom_i_i_i_cast = zext i32 %sh_prom_i_i_i_read"   --->   Operation 37 'zext' 'sh_prom_i_i_i_cast' <Predicate = true> <Delay = 0.00>
ST_1 : Operation 38 [1/1] (0.00ns)   --->   "%sh_prom_i9_i_i_cast = zext i32 %sh_prom_i9_i_i_read"   --->   Operation 38 'zext' 'sh_prom_i9_i_i_cast' <Predicate = true> <Delay = 0.00>
ST_1 : Operation 39 [1/1] (0.00ns)   --->   "%conv3_i12_i_i_cast = sext i32 %conv3_i12_i_i_read"   --->   Operation 39 'sext' 'conv3_i12_i_i_cast' <Predicate = true> <Delay = 0.00>
ST_1 : Operation 40 [1/1] (0.97ns)   --->   "%icmp101 = icmp_sgt  i28 %tmp_21, i28 0"   --->   Operation 40 'icmp' 'icmp101' <Predicate = true> <Delay = 0.97> <CoreInst = "Cmp">   --->   Core 9 'Cmp' <Latency = 0> <II = 1> <Delay = 0.97> <FuncUnit> <Opcode : 'seteq' 'setne' 'setle' 'setge' 'setlt' 'setgt'> <InPorts = 2> <OutPorts = 1>
ST_1 : Operation 41 [1/1] (1.01ns)   --->   "%cmp_i_i_14 = icmp_sgt  i32 %cutoff_read, i32 14"   --->   Operation 41 'icmp' 'cmp_i_i_14' <Predicate = true> <Delay = 1.01> <CoreInst = "Cmp">   --->   Core 9 'Cmp' <Latency = 0> <II = 1> <Delay = 1.01> <FuncUnit> <Opcode : 'seteq' 'setne' 'setle' 'setge' 'setlt' 'setgt'> <InPorts = 2> <OutPorts = 1>
ST_1 : Operation 42 [1/1] (1.01ns)   --->   "%cmp_i_i_13 = icmp_sgt  i32 %cutoff_read, i32 13"   --->   Operation 42 'icmp' 'cmp_i_i_13' <Predicate = true> <Delay = 1.01> <CoreInst = "Cmp">   --->   Core 9 'Cmp' <Latency = 0> <II = 1> <Delay = 1.01> <FuncUnit> <Opcode : 'seteq' 'setne' 'setle' 'setge' 'setlt' 'setgt'> <InPorts = 2> <OutPorts = 1>
ST_1 : Operation 43 [1/1] (1.01ns)   --->   "%cmp_i_i_12 = icmp_sgt  i32 %cutoff_read, i32 12"   --->   Operation 43 'icmp' 'cmp_i_i_12' <Predicate = true> <Delay = 1.01> <CoreInst = "Cmp">   --->   Core 9 'Cmp' <Latency = 0> <II = 1> <Delay = 1.01> <FuncUnit> <Opcode : 'seteq' 'setne' 'setle' 'setge' 'setlt' 'setgt'> <InPorts = 2> <OutPorts = 1>
ST_1 : Operation 44 [1/1] (1.01ns)   --->   "%cmp_i_i_11 = icmp_sgt  i32 %cutoff_read, i32 11"   --->   Operation 44 'icmp' 'cmp_i_i_11' <Predicate = true> <Delay = 1.01> <CoreInst = "Cmp">   --->   Core 9 'Cmp' <Latency = 0> <II = 1> <Delay = 1.01> <FuncUnit> <Opcode : 'seteq' 'setne' 'setle' 'setge' 'setlt' 'setgt'> <InPorts = 2> <OutPorts = 1>
ST_1 : Operation 45 [1/1] (1.01ns)   --->   "%cmp_i_i_10 = icmp_sgt  i32 %cutoff_read, i32 10"   --->   Operation 45 'icmp' 'cmp_i_i_10' <Predicate = true> <Delay = 1.01> <CoreInst = "Cmp">   --->   Core 9 'Cmp' <Latency = 0> <II = 1> <Delay = 1.01> <FuncUnit> <Opcode : 'seteq' 'setne' 'setle' 'setge' 'setlt' 'setgt'> <InPorts = 2> <OutPorts = 1>
ST_1 : Operation 46 [1/1] (1.01ns)   --->   "%cmp_i_i_9 = icmp_sgt  i32 %cutoff_read, i32 9"   --->   Operation 46 'icmp' 'cmp_i_i_9' <Predicate = true> <Delay = 1.01> <CoreInst = "Cmp">   --->   Core 9 'Cmp' <Latency = 0> <II = 1> <Delay = 1.01> <FuncUnit> <Opcode : 'seteq' 'setne' 'setle' 'setge' 'setlt' 'setgt'> <InPorts = 2> <OutPorts = 1>
ST_1 : Operation 47 [1/1] (1.01ns)   --->   "%cmp_i_i_8 = icmp_sgt  i32 %cutoff_read, i32 8"   --->   Operation 47 'icmp' 'cmp_i_i_8' <Predicate = true> <Delay = 1.01> <CoreInst = "Cmp">   --->   Core 9 'Cmp' <Latency = 0> <II = 1> <Delay = 1.01> <FuncUnit> <Opcode : 'seteq' 'setne' 'setle' 'setge' 'setlt' 'setgt'> <InPorts = 2> <OutPorts = 1>
ST_1 : Operation 48 [1/1] (0.98ns)   --->   "%icmp98 = icmp_sgt  i29 %tmp_20, i29 0"   --->   Operation 48 'icmp' 'icmp98' <Predicate = true> <Delay = 0.98> <CoreInst = "Cmp">   --->   Core 9 'Cmp' <Latency = 0> <II = 1> <Delay = 0.98> <FuncUnit> <Opcode : 'seteq' 'setne' 'setle' 'setge' 'setlt' 'setgt'> <InPorts = 2> <OutPorts = 1>
ST_1 : Operation 49 [1/1] (1.01ns)   --->   "%cmp_i_i_6 = icmp_sgt  i32 %cutoff_read, i32 6"   --->   Operation 49 'icmp' 'cmp_i_i_6' <Predicate = true> <Delay = 1.01> <CoreInst = "Cmp">   --->   Core 9 'Cmp' <Latency = 0> <II = 1> <Delay = 1.01> <FuncUnit> <Opcode : 'seteq' 'setne' 'setle' 'setge' 'setlt' 'setgt'> <InPorts = 2> <OutPorts = 1>
ST_1 : Operation 50 [1/1] (1.01ns)   --->   "%cmp_i_i_5 = icmp_sgt  i32 %cutoff_read, i32 5"   --->   Operation 50 'icmp' 'cmp_i_i_5' <Predicate = true> <Delay = 1.01> <CoreInst = "Cmp">   --->   Core 9 'Cmp' <Latency = 0> <II = 1> <Delay = 1.01> <FuncUnit> <Opcode : 'seteq' 'setne' 'setle' 'setge' 'setlt' 'setgt'> <InPorts = 2> <OutPorts = 1>
ST_1 : Operation 51 [1/1] (1.01ns)   --->   "%cmp_i_i_4 = icmp_sgt  i32 %cutoff_read, i32 4"   --->   Operation 51 'icmp' 'cmp_i_i_4' <Predicate = true> <Delay = 1.01> <CoreInst = "Cmp">   --->   Core 9 'Cmp' <Latency = 0> <II = 1> <Delay = 1.01> <FuncUnit> <Opcode : 'seteq' 'setne' 'setle' 'setge' 'setlt' 'setgt'> <InPorts = 2> <OutPorts = 1>
ST_1 : Operation 52 [1/1] (0.99ns)   --->   "%icmp95 = icmp_sgt  i30 %tmp_19, i30 0"   --->   Operation 52 'icmp' 'icmp95' <Predicate = true> <Delay = 0.99> <CoreInst = "Cmp">   --->   Core 9 'Cmp' <Latency = 0> <II = 1> <Delay = 0.99> <FuncUnit> <Opcode : 'seteq' 'setne' 'setle' 'setge' 'setlt' 'setgt'> <InPorts = 2> <OutPorts = 1>
ST_1 : Operation 53 [1/1] (1.01ns)   --->   "%cmp_i_i_2 = icmp_sgt  i32 %cutoff_read, i32 2"   --->   Operation 53 'icmp' 'cmp_i_i_2' <Predicate = true> <Delay = 1.01> <CoreInst = "Cmp">   --->   Core 9 'Cmp' <Latency = 0> <II = 1> <Delay = 1.01> <FuncUnit> <Opcode : 'seteq' 'setne' 'setle' 'setge' 'setlt' 'setgt'> <InPorts = 2> <OutPorts = 1>
ST_1 : Operation 54 [1/1] (1.00ns)   --->   "%icmp = icmp_sgt  i31 %tmp, i31 0"   --->   Operation 54 'icmp' 'icmp' <Predicate = true> <Delay = 1.00> <CoreInst = "Cmp">   --->   Core 9 'Cmp' <Latency = 0> <II = 1> <Delay = 1.00> <FuncUnit> <Opcode : 'seteq' 'setne' 'setle' 'setge' 'setlt' 'setgt'> <InPorts = 2> <OutPorts = 1>
ST_1 : Operation 55 [1/1] (1.01ns)   --->   "%cmp_i_i = icmp_sgt  i32 %cutoff_read, i32 0"   --->   Operation 55 'icmp' 'cmp_i_i' <Predicate = true> <Delay = 1.01> <CoreInst = "Cmp">   --->   Core 9 'Cmp' <Latency = 0> <II = 1> <Delay = 1.01> <FuncUnit> <Opcode : 'seteq' 'setne' 'setle' 'setge' 'setlt' 'setgt'> <InPorts = 2> <OutPorts = 1>
ST_1 : Operation 56 [1/1] (0.42ns)   --->   "%store_ln47 = store i5 0, i5 %j" [src/IDST7.cpp:47->src/IDST7.cpp:118]   --->   Operation 56 'store' 'store_ln47' <Predicate = true> <Delay = 0.42>
ST_1 : Operation 57 [1/1] (0.00ns)   --->   "%br_ln47 = br void %for.body.i" [src/IDST7.cpp:47->src/IDST7.cpp:118]   --->   Operation 57 'br' 'br_ln47' <Predicate = true> <Delay = 0.00>
ST_1 : Operation 58 [1/1] (0.00ns)   --->   "%j_3 = load i5 %j" [src/IDST7.cpp:47->src/IDST7.cpp:118]   --->   Operation 58 'load' 'j_3' <Predicate = true> <Delay = 0.00>
ST_1 : Operation 59 [1/1] (0.78ns)   --->   "%icmp_ln47 = icmp_eq  i5 %j_3, i5 16" [src/IDST7.cpp:47->src/IDST7.cpp:118]   --->   Operation 59 'icmp' 'icmp_ln47' <Predicate = true> <Delay = 0.78> <CoreInst = "Cmp">   --->   Core 9 'Cmp' <Latency = 0> <II = 1> <Delay = 0.78> <FuncUnit> <Opcode : 'seteq' 'setne' 'setle' 'setge' 'setlt' 'setgt'> <InPorts = 2> <OutPorts = 1>
ST_1 : Operation 60 [1/1] (0.78ns)   --->   "%add_ln47 = add i5 %j_3, i5 1" [src/IDST7.cpp:47->src/IDST7.cpp:118]   --->   Operation 60 'add' 'add_ln47' <Predicate = true> <Delay = 0.78> <CoreInst = "Adder">   --->   Core 1 'Adder' <Latency = 0> <II = 1> <Delay = 0.78> <FuncUnit> <Opcode : 'add' 'sub'> <InPorts = 2> <OutPorts = 1>
ST_1 : Operation 61 [1/1] (0.00ns)   --->   "%br_ln47 = br i1 %icmp_ln47, void %for.body.i.split_ifconv, void %_Z13INV_MATMUL_16PK6ap_intILi32EEPS0_S0_S0_S0_S0_PA16_S1_.exit.exitStub" [src/IDST7.cpp:47->src/IDST7.cpp:118]   --->   Operation 61 'br' 'br_ln47' <Predicate = true> <Delay = 0.00>
ST_1 : Operation 62 [1/1] (0.00ns)   --->   "%zext_ln47 = zext i5 %j_3" [src/IDST7.cpp:47->src/IDST7.cpp:118]   --->   Operation 62 'zext' 'zext_ln47' <Predicate = (!icmp_ln47)> <Delay = 0.00>
ST_1 : Operation 63 [1/1] (0.00ns)   --->   "%trunc_ln47 = trunc i5 %j_3" [src/IDST7.cpp:47->src/IDST7.cpp:118]   --->   Operation 63 'trunc' 'trunc_ln47' <Predicate = (!icmp_ln47)> <Delay = 0.00>
ST_1 : Operation 64 [1/1] (0.00ns)   --->   "%p_ZL8idst7_16_0_addr = getelementptr i7 %p_ZL8idst7_16_0, i64 0, i64 %zext_ln47" [src/IDST7.cpp:57->src/IDST7.cpp:118]   --->   Operation 64 'getelementptr' 'p_ZL8idst7_16_0_addr' <Predicate = (!icmp_ln47 & cmp_i_i)> <Delay = 0.00>
ST_1 : Operation 65 [2/2] (0.67ns)   --->   "%p_ZL8idst7_16_0_load = load i4 %p_ZL8idst7_16_0_addr" [src/IDST7.cpp:57->src/IDST7.cpp:118]   --->   Operation 65 'load' 'p_ZL8idst7_16_0_load' <Predicate = (!icmp_ln47 & cmp_i_i)> <Delay = 0.67> <CoreInst = "ROM">   --->   Core 100 'ROM' <Latency = 1> <II = 1> <Delay = 0.67> <Storage> <Opcode : 'load'> <Ports = 0> <Width = 7> <Depth = 16> <ROM>
ST_1 : Operation 66 [1/1] (0.00ns)   --->   "%p_ZL8idst7_16_1_addr = getelementptr i8 %p_ZL8idst7_16_1, i64 0, i64 %zext_ln47" [src/IDST7.cpp:57->src/IDST7.cpp:118]   --->   Operation 66 'getelementptr' 'p_ZL8idst7_16_1_addr' <Predicate = (!icmp_ln47 & icmp)> <Delay = 0.00>
ST_1 : Operation 67 [2/2] (0.67ns)   --->   "%p_ZL8idst7_16_1_load = load i4 %p_ZL8idst7_16_1_addr" [src/IDST7.cpp:57->src/IDST7.cpp:118]   --->   Operation 67 'load' 'p_ZL8idst7_16_1_load' <Predicate = (!icmp_ln47 & icmp)> <Delay = 0.67> <CoreInst = "ROM">   --->   Core 100 'ROM' <Latency = 1> <II = 1> <Delay = 0.67> <Storage> <Opcode : 'load'> <Ports = 0> <Width = 8> <Depth = 16> <ROM>
ST_1 : Operation 68 [1/1] (0.00ns)   --->   "%p_ZL8idst7_16_2_addr = getelementptr i8 %p_ZL8idst7_16_2, i64 0, i64 %zext_ln47" [src/IDST7.cpp:57->src/IDST7.cpp:118]   --->   Operation 68 'getelementptr' 'p_ZL8idst7_16_2_addr' <Predicate = (!icmp_ln47 & cmp_i_i_2)> <Delay = 0.00>
ST_1 : Operation 69 [2/2] (0.67ns)   --->   "%p_ZL8idst7_16_2_load = load i4 %p_ZL8idst7_16_2_addr" [src/IDST7.cpp:57->src/IDST7.cpp:118]   --->   Operation 69 'load' 'p_ZL8idst7_16_2_load' <Predicate = (!icmp_ln47 & cmp_i_i_2)> <Delay = 0.67> <CoreInst = "ROM">   --->   Core 100 'ROM' <Latency = 1> <II = 1> <Delay = 0.67> <Storage> <Opcode : 'load'> <Ports = 0> <Width = 8> <Depth = 16> <ROM>
ST_1 : Operation 70 [1/1] (0.00ns)   --->   "%p_ZL8idst7_16_3_addr = getelementptr i8 %p_ZL8idst7_16_3, i64 0, i64 %zext_ln47" [src/IDST7.cpp:57->src/IDST7.cpp:118]   --->   Operation 70 'getelementptr' 'p_ZL8idst7_16_3_addr' <Predicate = (!icmp_ln47 & icmp95)> <Delay = 0.00>
ST_1 : Operation 71 [2/2] (0.67ns)   --->   "%p_ZL8idst7_16_3_load = load i4 %p_ZL8idst7_16_3_addr" [src/IDST7.cpp:57->src/IDST7.cpp:118]   --->   Operation 71 'load' 'p_ZL8idst7_16_3_load' <Predicate = (!icmp_ln47 & icmp95)> <Delay = 0.67> <CoreInst = "ROM">   --->   Core 100 'ROM' <Latency = 1> <II = 1> <Delay = 0.67> <Storage> <Opcode : 'load'> <Ports = 0> <Width = 8> <Depth = 16> <ROM>
ST_1 : Operation 72 [1/1] (0.00ns)   --->   "%p_ZL8idst7_16_4_addr = getelementptr i8 %p_ZL8idst7_16_4, i64 0, i64 %zext_ln47" [src/IDST7.cpp:57->src/IDST7.cpp:118]   --->   Operation 72 'getelementptr' 'p_ZL8idst7_16_4_addr' <Predicate = (!icmp_ln47 & cmp_i_i_4)> <Delay = 0.00>
ST_1 : Operation 73 [2/2] (0.67ns)   --->   "%p_ZL8idst7_16_4_load = load i4 %p_ZL8idst7_16_4_addr" [src/IDST7.cpp:57->src/IDST7.cpp:118]   --->   Operation 73 'load' 'p_ZL8idst7_16_4_load' <Predicate = (!icmp_ln47 & cmp_i_i_4)> <Delay = 0.67> <CoreInst = "ROM">   --->   Core 100 'ROM' <Latency = 1> <II = 1> <Delay = 0.67> <Storage> <Opcode : 'load'> <Ports = 0> <Width = 8> <Depth = 16> <ROM>
ST_1 : Operation 74 [1/1] (0.79ns)   --->   "%switch_ln62 = switch i4 %trunc_ln47, void %arrayidx22.i21.case.15, i4 0, void %arrayidx22.i21.case.0, i4 1, void %arrayidx22.i21.case.1, i4 2, void %arrayidx22.i21.case.2, i4 3, void %arrayidx22.i21.case.3, i4 4, void %arrayidx22.i21.case.4, i4 5, void %arrayidx22.i21.case.5, i4 6, void %arrayidx22.i21.case.6, i4 7, void %arrayidx22.i21.case.7, i4 8, void %arrayidx22.i21.case.8, i4 9, void %arrayidx22.i21.case.9, i4 10, void %arrayidx22.i21.case.10, i4 11, void %arrayidx22.i21.case.11, i4 12, void %arrayidx22.i21.case.12, i4 13, void %arrayidx22.i21.case.13, i4 14, void %arrayidx22.i21.case.14" [src/IDST7.cpp:62->src/IDST7.cpp:118]   --->   Operation 74 'switch' 'switch_ln62' <Predicate = (!icmp_ln47)> <Delay = 0.79>
ST_1 : Operation 75 [1/1] (0.42ns)   --->   "%store_ln47 = store i5 %add_ln47, i5 %j" [src/IDST7.cpp:47->src/IDST7.cpp:118]   --->   Operation 75 'store' 'store_ln47' <Predicate = (!icmp_ln47)> <Delay = 0.42>
ST_1 : Operation 76 [1/1] (0.00ns)   --->   "%br_ln47 = br void %for.body.i" [src/IDST7.cpp:47->src/IDST7.cpp:118]   --->   Operation 76 'br' 'br_ln47' <Predicate = (!icmp_ln47)> <Delay = 0.00>

State 2 <SV = 1> <Delay = 7.02>
ST_2 : Operation 77 [1/2] ( I:0.67ns O:0.67ns )   --->   "%p_ZL8idst7_16_0_load = load i4 %p_ZL8idst7_16_0_addr" [src/IDST7.cpp:57->src/IDST7.cpp:118]   --->   Operation 77 'load' 'p_ZL8idst7_16_0_load' <Predicate = (cmp_i_i)> <Delay = 0.67> <CoreInst = "ROM">   --->   Core 100 'ROM' <Latency = 1> <II = 1> <Delay = 0.67> <Storage> <Opcode : 'load'> <Ports = 0> <Width = 7> <Depth = 16> <ROM>
ST_2 : Operation 78 [1/1] (0.00ns)   --->   "%zext_ln57 = zext i7 %p_ZL8idst7_16_0_load" [src/IDST7.cpp:57->src/IDST7.cpp:118]   --->   Operation 78 'zext' 'zext_ln57' <Predicate = (cmp_i_i)> <Delay = 0.00>
ST_2 : Operation 79 [1/1] (3.42ns)   --->   "%sum = mul i32 %zext_ln57, i32 %src_0_val_read" [src/IDST7.cpp:57->src/IDST7.cpp:118]   --->   Operation 79 'mul' 'sum' <Predicate = (cmp_i_i)> <Delay = 3.42> <CoreInst = "Multiplier">   --->   Core 3 'Multiplier' <Latency = 0> <II = 1> <Delay = 3.42> <FuncUnit> <Opcode : 'mul'> <InPorts = 2> <OutPorts = 1>
ST_2 : Operation 80 [1/1] (0.44ns)   --->   "%sum_79 = select i1 %cmp_i_i, i32 %sum, i32 0" [src/IDST7.cpp:57->src/IDST7.cpp:118]   --->   Operation 80 'select' 'sum_79' <Predicate = true> <Delay = 0.44> <CoreInst = "Sel">   --->   Core 73 'Sel' <Latency = 0> <II = 1> <Delay = 0.44> <FuncUnit> <Opcode : 'select'> <InPorts = 3> <OutPorts = 1>
ST_2 : Operation 81 [1/2] ( I:0.67ns O:0.67ns )   --->   "%p_ZL8idst7_16_1_load = load i4 %p_ZL8idst7_16_1_addr" [src/IDST7.cpp:57->src/IDST7.cpp:118]   --->   Operation 81 'load' 'p_ZL8idst7_16_1_load' <Predicate = (icmp)> <Delay = 0.67> <CoreInst = "ROM">   --->   Core 100 'ROM' <Latency = 1> <II = 1> <Delay = 0.67> <Storage> <Opcode : 'load'> <Ports = 0> <Width = 8> <Depth = 16> <ROM>
ST_2 : Operation 82 [1/1] (0.00ns)   --->   "%sext_ln57 = sext i8 %p_ZL8idst7_16_1_load" [src/IDST7.cpp:57->src/IDST7.cpp:118]   --->   Operation 82 'sext' 'sext_ln57' <Predicate = (icmp)> <Delay = 0.00>
ST_2 : Operation 83 [1/1] (3.42ns)   --->   "%mul_ln57 = mul i32 %sext_ln57, i32 %src_1_val_read" [src/IDST7.cpp:57->src/IDST7.cpp:118]   --->   Operation 83 'mul' 'mul_ln57' <Predicate = (icmp)> <Delay = 3.42> <CoreInst = "Multiplier">   --->   Core 3 'Multiplier' <Latency = 0> <II = 1> <Delay = 3.42> <FuncUnit> <Opcode : 'mul'> <InPorts = 2> <OutPorts = 1>
ST_2 : Operation 84 [1/1] (1.01ns)   --->   "%sum_80 = add i32 %mul_ln57, i32 %sum_79" [src/IDST7.cpp:57->src/IDST7.cpp:118]   --->   Operation 84 'add' 'sum_80' <Predicate = (icmp)> <Delay = 1.01> <CoreInst = "Adder">   --->   Core 1 'Adder' <Latency = 0> <II = 1> <Delay = 1.01> <FuncUnit> <Opcode : 'add' 'sub'> <InPorts = 2> <OutPorts = 1>
ST_2 : Operation 85 [1/1] (0.44ns)   --->   "%sum_81 = select i1 %icmp, i32 %sum_80, i32 %sum_79" [src/IDST7.cpp:57->src/IDST7.cpp:118]   --->   Operation 85 'select' 'sum_81' <Predicate = true> <Delay = 0.44> <CoreInst = "Sel">   --->   Core 73 'Sel' <Latency = 0> <II = 1> <Delay = 0.44> <FuncUnit> <Opcode : 'select'> <InPorts = 3> <OutPorts = 1>
ST_2 : Operation 86 [1/2] ( I:0.67ns O:0.67ns )   --->   "%p_ZL8idst7_16_2_load = load i4 %p_ZL8idst7_16_2_addr" [src/IDST7.cpp:57->src/IDST7.cpp:118]   --->   Operation 86 'load' 'p_ZL8idst7_16_2_load' <Predicate = (cmp_i_i_2)> <Delay = 0.67> <CoreInst = "ROM">   --->   Core 100 'ROM' <Latency = 1> <II = 1> <Delay = 0.67> <Storage> <Opcode : 'load'> <Ports = 0> <Width = 8> <Depth = 16> <ROM>
ST_2 : Operation 87 [1/1] (0.00ns)   --->   "%sext_ln57_1 = sext i8 %p_ZL8idst7_16_2_load" [src/IDST7.cpp:57->src/IDST7.cpp:118]   --->   Operation 87 'sext' 'sext_ln57_1' <Predicate = (cmp_i_i_2)> <Delay = 0.00>
ST_2 : Operation 88 [1/1] (3.42ns)   --->   "%mul_ln57_1 = mul i32 %sext_ln57_1, i32 %src_2_val_read" [src/IDST7.cpp:57->src/IDST7.cpp:118]   --->   Operation 88 'mul' 'mul_ln57_1' <Predicate = (cmp_i_i_2)> <Delay = 3.42> <CoreInst = "Multiplier">   --->   Core 3 'Multiplier' <Latency = 0> <II = 1> <Delay = 3.42> <FuncUnit> <Opcode : 'mul'> <InPorts = 2> <OutPorts = 1>
ST_2 : Operation 89 [1/1] (1.01ns)   --->   "%sum_82 = add i32 %mul_ln57_1, i32 %sum_81" [src/IDST7.cpp:57->src/IDST7.cpp:118]   --->   Operation 89 'add' 'sum_82' <Predicate = (cmp_i_i_2)> <Delay = 1.01> <CoreInst = "Adder">   --->   Core 1 'Adder' <Latency = 0> <II = 1> <Delay = 1.01> <FuncUnit> <Opcode : 'add' 'sub'> <InPorts = 2> <OutPorts = 1>
ST_2 : Operation 90 [1/2] ( I:0.67ns O:0.67ns )   --->   "%p_ZL8idst7_16_3_load = load i4 %p_ZL8idst7_16_3_addr" [src/IDST7.cpp:57->src/IDST7.cpp:118]   --->   Operation 90 'load' 'p_ZL8idst7_16_3_load' <Predicate = (icmp95)> <Delay = 0.67> <CoreInst = "ROM">   --->   Core 100 'ROM' <Latency = 1> <II = 1> <Delay = 0.67> <Storage> <Opcode : 'load'> <Ports = 0> <Width = 8> <Depth = 16> <ROM>
ST_2 : Operation 91 [1/1] (0.00ns)   --->   "%sext_ln57_2 = sext i8 %p_ZL8idst7_16_3_load" [src/IDST7.cpp:57->src/IDST7.cpp:118]   --->   Operation 91 'sext' 'sext_ln57_2' <Predicate = (icmp95)> <Delay = 0.00>
ST_2 : Operation 92 [1/1] (3.42ns)   --->   "%mul_ln57_2 = mul i32 %sext_ln57_2, i32 %src_3_val_read" [src/IDST7.cpp:57->src/IDST7.cpp:118]   --->   Operation 92 'mul' 'mul_ln57_2' <Predicate = (icmp95)> <Delay = 3.42> <CoreInst = "Multiplier">   --->   Core 3 'Multiplier' <Latency = 0> <II = 1> <Delay = 3.42> <FuncUnit> <Opcode : 'mul'> <InPorts = 2> <OutPorts = 1>
ST_2 : Operation 93 [1/2] ( I:0.67ns O:0.67ns )   --->   "%p_ZL8idst7_16_4_load = load i4 %p_ZL8idst7_16_4_addr" [src/IDST7.cpp:57->src/IDST7.cpp:118]   --->   Operation 93 'load' 'p_ZL8idst7_16_4_load' <Predicate = (cmp_i_i_4)> <Delay = 0.67> <CoreInst = "ROM">   --->   Core 100 'ROM' <Latency = 1> <II = 1> <Delay = 0.67> <Storage> <Opcode : 'load'> <Ports = 0> <Width = 8> <Depth = 16> <ROM>
ST_2 : Operation 94 [1/1] (0.00ns)   --->   "%sext_ln57_3 = sext i8 %p_ZL8idst7_16_4_load" [src/IDST7.cpp:57->src/IDST7.cpp:118]   --->   Operation 94 'sext' 'sext_ln57_3' <Predicate = (cmp_i_i_4)> <Delay = 0.00>
ST_2 : Operation 95 [1/1] (3.42ns)   --->   "%mul_ln57_3 = mul i32 %sext_ln57_3, i32 %src_4_val_read" [src/IDST7.cpp:57->src/IDST7.cpp:118]   --->   Operation 95 'mul' 'mul_ln57_3' <Predicate = (cmp_i_i_4)> <Delay = 3.42> <CoreInst = "Multiplier">   --->   Core 3 'Multiplier' <Latency = 0> <II = 1> <Delay = 3.42> <FuncUnit> <Opcode : 'mul'> <InPorts = 2> <OutPorts = 1>
ST_2 : Operation 96 [1/1] (0.00ns)   --->   "%p_ZL8idst7_16_5_addr = getelementptr i8 %p_ZL8idst7_16_5, i64 0, i64 %zext_ln47" [src/IDST7.cpp:57->src/IDST7.cpp:118]   --->   Operation 96 'getelementptr' 'p_ZL8idst7_16_5_addr' <Predicate = (cmp_i_i_5)> <Delay = 0.00>
ST_2 : Operation 97 [2/2] (0.67ns)   --->   "%p_ZL8idst7_16_5_load = load i4 %p_ZL8idst7_16_5_addr" [src/IDST7.cpp:57->src/IDST7.cpp:118]   --->   Operation 97 'load' 'p_ZL8idst7_16_5_load' <Predicate = (cmp_i_i_5)> <Delay = 0.67> <CoreInst = "ROM">   --->   Core 100 'ROM' <Latency = 1> <II = 1> <Delay = 0.67> <Storage> <Opcode : 'load'> <Ports = 0> <Width = 8> <Depth = 16> <ROM>
ST_2 : Operation 98 [1/1] (0.00ns)   --->   "%p_ZL8idst7_16_6_addr = getelementptr i8 %p_ZL8idst7_16_6, i64 0, i64 %zext_ln47" [src/IDST7.cpp:57->src/IDST7.cpp:118]   --->   Operation 98 'getelementptr' 'p_ZL8idst7_16_6_addr' <Predicate = (cmp_i_i_6)> <Delay = 0.00>
ST_2 : Operation 99 [2/2] (0.67ns)   --->   "%p_ZL8idst7_16_6_load = load i4 %p_ZL8idst7_16_6_addr" [src/IDST7.cpp:57->src/IDST7.cpp:118]   --->   Operation 99 'load' 'p_ZL8idst7_16_6_load' <Predicate = (cmp_i_i_6)> <Delay = 0.67> <CoreInst = "ROM">   --->   Core 100 'ROM' <Latency = 1> <II = 1> <Delay = 0.67> <Storage> <Opcode : 'load'> <Ports = 0> <Width = 8> <Depth = 16> <ROM>
ST_2 : Operation 100 [1/1] (0.00ns)   --->   "%p_ZL8idst7_16_7_addr = getelementptr i8 %p_ZL8idst7_16_7, i64 0, i64 %zext_ln47" [src/IDST7.cpp:57->src/IDST7.cpp:118]   --->   Operation 100 'getelementptr' 'p_ZL8idst7_16_7_addr' <Predicate = (icmp98)> <Delay = 0.00>
ST_2 : Operation 101 [2/2] (0.67ns)   --->   "%p_ZL8idst7_16_7_load = load i4 %p_ZL8idst7_16_7_addr" [src/IDST7.cpp:57->src/IDST7.cpp:118]   --->   Operation 101 'load' 'p_ZL8idst7_16_7_load' <Predicate = (icmp98)> <Delay = 0.67> <CoreInst = "ROM">   --->   Core 100 'ROM' <Latency = 1> <II = 1> <Delay = 0.67> <Storage> <Opcode : 'load'> <Ports = 0> <Width = 8> <Depth = 16> <ROM>
ST_2 : Operation 102 [1/1] (0.00ns)   --->   "%p_ZL8idst7_16_8_addr = getelementptr i8 %p_ZL8idst7_16_8, i64 0, i64 %zext_ln47" [src/IDST7.cpp:57->src/IDST7.cpp:118]   --->   Operation 102 'getelementptr' 'p_ZL8idst7_16_8_addr' <Predicate = (cmp_i_i_8)> <Delay = 0.00>
ST_2 : Operation 103 [2/2] (0.67ns)   --->   "%p_ZL8idst7_16_8_load = load i4 %p_ZL8idst7_16_8_addr" [src/IDST7.cpp:57->src/IDST7.cpp:118]   --->   Operation 103 'load' 'p_ZL8idst7_16_8_load' <Predicate = (cmp_i_i_8)> <Delay = 0.67> <CoreInst = "ROM">   --->   Core 100 'ROM' <Latency = 1> <II = 1> <Delay = 0.67> <Storage> <Opcode : 'load'> <Ports = 0> <Width = 8> <Depth = 16> <ROM>
ST_2 : Operation 104 [1/1] (0.00ns)   --->   "%p_ZL8idst7_16_9_addr = getelementptr i8 %p_ZL8idst7_16_9, i64 0, i64 %zext_ln47" [src/IDST7.cpp:57->src/IDST7.cpp:118]   --->   Operation 104 'getelementptr' 'p_ZL8idst7_16_9_addr' <Predicate = (cmp_i_i_9)> <Delay = 0.00>
ST_2 : Operation 105 [2/2] (0.67ns)   --->   "%p_ZL8idst7_16_9_load = load i4 %p_ZL8idst7_16_9_addr" [src/IDST7.cpp:57->src/IDST7.cpp:118]   --->   Operation 105 'load' 'p_ZL8idst7_16_9_load' <Predicate = (cmp_i_i_9)> <Delay = 0.67> <CoreInst = "ROM">   --->   Core 100 'ROM' <Latency = 1> <II = 1> <Delay = 0.67> <Storage> <Opcode : 'load'> <Ports = 0> <Width = 8> <Depth = 16> <ROM>
ST_2 : Operation 106 [1/1] (0.00ns)   --->   "%p_ZL8idst7_16_10_addr = getelementptr i8 %p_ZL8idst7_16_10, i64 0, i64 %zext_ln47" [src/IDST7.cpp:57->src/IDST7.cpp:118]   --->   Operation 106 'getelementptr' 'p_ZL8idst7_16_10_addr' <Predicate = (cmp_i_i_10)> <Delay = 0.00>
ST_2 : Operation 107 [2/2] (0.67ns)   --->   "%p_ZL8idst7_16_10_load = load i4 %p_ZL8idst7_16_10_addr" [src/IDST7.cpp:57->src/IDST7.cpp:118]   --->   Operation 107 'load' 'p_ZL8idst7_16_10_load' <Predicate = (cmp_i_i_10)> <Delay = 0.67> <CoreInst = "ROM">   --->   Core 100 'ROM' <Latency = 1> <II = 1> <Delay = 0.67> <Storage> <Opcode : 'load'> <Ports = 0> <Width = 8> <Depth = 16> <ROM>
ST_2 : Operation 108 [1/1] (0.00ns)   --->   "%p_ZL8idst7_16_11_addr = getelementptr i8 %p_ZL8idst7_16_11, i64 0, i64 %zext_ln47" [src/IDST7.cpp:57->src/IDST7.cpp:118]   --->   Operation 108 'getelementptr' 'p_ZL8idst7_16_11_addr' <Predicate = (cmp_i_i_11)> <Delay = 0.00>
ST_2 : Operation 109 [2/2] (0.67ns)   --->   "%p_ZL8idst7_16_11_load = load i4 %p_ZL8idst7_16_11_addr" [src/IDST7.cpp:57->src/IDST7.cpp:118]   --->   Operation 109 'load' 'p_ZL8idst7_16_11_load' <Predicate = (cmp_i_i_11)> <Delay = 0.67> <CoreInst = "ROM">   --->   Core 100 'ROM' <Latency = 1> <II = 1> <Delay = 0.67> <Storage> <Opcode : 'load'> <Ports = 0> <Width = 8> <Depth = 16> <ROM>
ST_2 : Operation 110 [1/1] (0.00ns)   --->   "%p_ZL8idst7_16_12_addr = getelementptr i8 %p_ZL8idst7_16_12, i64 0, i64 %zext_ln47" [src/IDST7.cpp:57->src/IDST7.cpp:118]   --->   Operation 110 'getelementptr' 'p_ZL8idst7_16_12_addr' <Predicate = (cmp_i_i_12)> <Delay = 0.00>
ST_2 : Operation 111 [2/2] (0.67ns)   --->   "%p_ZL8idst7_16_12_load = load i4 %p_ZL8idst7_16_12_addr" [src/IDST7.cpp:57->src/IDST7.cpp:118]   --->   Operation 111 'load' 'p_ZL8idst7_16_12_load' <Predicate = (cmp_i_i_12)> <Delay = 0.67> <CoreInst = "ROM">   --->   Core 100 'ROM' <Latency = 1> <II = 1> <Delay = 0.67> <Storage> <Opcode : 'load'> <Ports = 0> <Width = 8> <Depth = 16> <ROM>
ST_2 : Operation 112 [1/1] (0.00ns)   --->   "%p_ZL8idst7_16_13_addr = getelementptr i8 %p_ZL8idst7_16_13, i64 0, i64 %zext_ln47" [src/IDST7.cpp:57->src/IDST7.cpp:118]   --->   Operation 112 'getelementptr' 'p_ZL8idst7_16_13_addr' <Predicate = (cmp_i_i_13)> <Delay = 0.00>
ST_2 : Operation 113 [2/2] (0.67ns)   --->   "%p_ZL8idst7_16_13_load = load i4 %p_ZL8idst7_16_13_addr" [src/IDST7.cpp:57->src/IDST7.cpp:118]   --->   Operation 113 'load' 'p_ZL8idst7_16_13_load' <Predicate = (cmp_i_i_13)> <Delay = 0.67> <CoreInst = "ROM">   --->   Core 100 'ROM' <Latency = 1> <II = 1> <Delay = 0.67> <Storage> <Opcode : 'load'> <Ports = 0> <Width = 8> <Depth = 16> <ROM>
ST_2 : Operation 114 [1/1] (0.00ns)   --->   "%p_ZL8idst7_16_14_addr = getelementptr i8 %p_ZL8idst7_16_14, i64 0, i64 %zext_ln47" [src/IDST7.cpp:57->src/IDST7.cpp:118]   --->   Operation 114 'getelementptr' 'p_ZL8idst7_16_14_addr' <Predicate = (cmp_i_i_14)> <Delay = 0.00>
ST_2 : Operation 115 [2/2] (0.67ns)   --->   "%p_ZL8idst7_16_14_load = load i4 %p_ZL8idst7_16_14_addr" [src/IDST7.cpp:57->src/IDST7.cpp:118]   --->   Operation 115 'load' 'p_ZL8idst7_16_14_load' <Predicate = (cmp_i_i_14)> <Delay = 0.67> <CoreInst = "ROM">   --->   Core 100 'ROM' <Latency = 1> <II = 1> <Delay = 0.67> <Storage> <Opcode : 'load'> <Ports = 0> <Width = 8> <Depth = 16> <ROM>
ST_2 : Operation 116 [1/1] (0.00ns)   --->   "%p_ZL8idst7_16_15_addr = getelementptr i8 %p_ZL8idst7_16_15, i64 0, i64 %zext_ln47" [src/IDST7.cpp:57->src/IDST7.cpp:118]   --->   Operation 116 'getelementptr' 'p_ZL8idst7_16_15_addr' <Predicate = (icmp101)> <Delay = 0.00>
ST_2 : Operation 117 [2/2] (0.67ns)   --->   "%p_ZL8idst7_16_15_load = load i4 %p_ZL8idst7_16_15_addr" [src/IDST7.cpp:57->src/IDST7.cpp:118]   --->   Operation 117 'load' 'p_ZL8idst7_16_15_load' <Predicate = (icmp101)> <Delay = 0.67> <CoreInst = "ROM">   --->   Core 100 'ROM' <Latency = 1> <II = 1> <Delay = 0.67> <Storage> <Opcode : 'load'> <Ports = 0> <Width = 8> <Depth = 16> <ROM>

State 3 <SV = 2> <Delay = 7.02>
ST_3 : Operation 118 [1/1] (0.44ns)   --->   "%sum_83 = select i1 %cmp_i_i_2, i32 %sum_82, i32 %sum_81" [src/IDST7.cpp:57->src/IDST7.cpp:118]   --->   Operation 118 'select' 'sum_83' <Predicate = true> <Delay = 0.44> <CoreInst = "Sel">   --->   Core 73 'Sel' <Latency = 0> <II = 1> <Delay = 0.44> <FuncUnit> <Opcode : 'select'> <InPorts = 3> <OutPorts = 1>
ST_3 : Operation 119 [1/1] (1.01ns)   --->   "%sum_84 = add i32 %mul_ln57_2, i32 %sum_83" [src/IDST7.cpp:57->src/IDST7.cpp:118]   --->   Operation 119 'add' 'sum_84' <Predicate = (icmp95)> <Delay = 1.01> <CoreInst = "Adder">   --->   Core 1 'Adder' <Latency = 0> <II = 1> <Delay = 1.01> <FuncUnit> <Opcode : 'add' 'sub'> <InPorts = 2> <OutPorts = 1>
ST_3 : Operation 120 [1/1] (0.44ns)   --->   "%sum_85 = select i1 %icmp95, i32 %sum_84, i32 %sum_83" [src/IDST7.cpp:57->src/IDST7.cpp:118]   --->   Operation 120 'select' 'sum_85' <Predicate = true> <Delay = 0.44> <CoreInst = "Sel">   --->   Core 73 'Sel' <Latency = 0> <II = 1> <Delay = 0.44> <FuncUnit> <Opcode : 'select'> <InPorts = 3> <OutPorts = 1>
ST_3 : Operation 121 [1/1] (1.01ns)   --->   "%sum_86 = add i32 %mul_ln57_3, i32 %sum_85" [src/IDST7.cpp:57->src/IDST7.cpp:118]   --->   Operation 121 'add' 'sum_86' <Predicate = (cmp_i_i_4)> <Delay = 1.01> <CoreInst = "Adder">   --->   Core 1 'Adder' <Latency = 0> <II = 1> <Delay = 1.01> <FuncUnit> <Opcode : 'add' 'sub'> <InPorts = 2> <OutPorts = 1>
ST_3 : Operation 122 [1/1] (0.44ns)   --->   "%sum_87 = select i1 %cmp_i_i_4, i32 %sum_86, i32 %sum_85" [src/IDST7.cpp:57->src/IDST7.cpp:118]   --->   Operation 122 'select' 'sum_87' <Predicate = true> <Delay = 0.44> <CoreInst = "Sel">   --->   Core 73 'Sel' <Latency = 0> <II = 1> <Delay = 0.44> <FuncUnit> <Opcode : 'select'> <InPorts = 3> <OutPorts = 1>
ST_3 : Operation 123 [1/2] ( I:0.67ns O:0.67ns )   --->   "%p_ZL8idst7_16_5_load = load i4 %p_ZL8idst7_16_5_addr" [src/IDST7.cpp:57->src/IDST7.cpp:118]   --->   Operation 123 'load' 'p_ZL8idst7_16_5_load' <Predicate = (cmp_i_i_5)> <Delay = 0.67> <CoreInst = "ROM">   --->   Core 100 'ROM' <Latency = 1> <II = 1> <Delay = 0.67> <Storage> <Opcode : 'load'> <Ports = 0> <Width = 8> <Depth = 16> <ROM>
ST_3 : Operation 124 [1/1] (0.00ns)   --->   "%sext_ln57_4 = sext i8 %p_ZL8idst7_16_5_load" [src/IDST7.cpp:57->src/IDST7.cpp:118]   --->   Operation 124 'sext' 'sext_ln57_4' <Predicate = (cmp_i_i_5)> <Delay = 0.00>
ST_3 : Operation 125 [1/1] (3.42ns)   --->   "%mul_ln57_4 = mul i32 %sext_ln57_4, i32 %src_5_val_read" [src/IDST7.cpp:57->src/IDST7.cpp:118]   --->   Operation 125 'mul' 'mul_ln57_4' <Predicate = (cmp_i_i_5)> <Delay = 3.42> <CoreInst = "Multiplier">   --->   Core 3 'Multiplier' <Latency = 0> <II = 1> <Delay = 3.42> <FuncUnit> <Opcode : 'mul'> <InPorts = 2> <OutPorts = 1>
ST_3 : Operation 126 [1/1] (1.01ns)   --->   "%sum_88 = add i32 %mul_ln57_4, i32 %sum_87" [src/IDST7.cpp:57->src/IDST7.cpp:118]   --->   Operation 126 'add' 'sum_88' <Predicate = (cmp_i_i_5)> <Delay = 1.01> <CoreInst = "Adder">   --->   Core 1 'Adder' <Latency = 0> <II = 1> <Delay = 1.01> <FuncUnit> <Opcode : 'add' 'sub'> <InPorts = 2> <OutPorts = 1>
ST_3 : Operation 127 [1/1] (0.44ns)   --->   "%sum_89 = select i1 %cmp_i_i_5, i32 %sum_88, i32 %sum_87" [src/IDST7.cpp:57->src/IDST7.cpp:118]   --->   Operation 127 'select' 'sum_89' <Predicate = true> <Delay = 0.44> <CoreInst = "Sel">   --->   Core 73 'Sel' <Latency = 0> <II = 1> <Delay = 0.44> <FuncUnit> <Opcode : 'select'> <InPorts = 3> <OutPorts = 1>
ST_3 : Operation 128 [1/2] ( I:0.67ns O:0.67ns )   --->   "%p_ZL8idst7_16_6_load = load i4 %p_ZL8idst7_16_6_addr" [src/IDST7.cpp:57->src/IDST7.cpp:118]   --->   Operation 128 'load' 'p_ZL8idst7_16_6_load' <Predicate = (cmp_i_i_6)> <Delay = 0.67> <CoreInst = "ROM">   --->   Core 100 'ROM' <Latency = 1> <II = 1> <Delay = 0.67> <Storage> <Opcode : 'load'> <Ports = 0> <Width = 8> <Depth = 16> <ROM>
ST_3 : Operation 129 [1/1] (0.00ns)   --->   "%sext_ln57_5 = sext i8 %p_ZL8idst7_16_6_load" [src/IDST7.cpp:57->src/IDST7.cpp:118]   --->   Operation 129 'sext' 'sext_ln57_5' <Predicate = (cmp_i_i_6)> <Delay = 0.00>
ST_3 : Operation 130 [1/1] (3.42ns)   --->   "%mul_ln57_5 = mul i32 %sext_ln57_5, i32 %src_6_val_read" [src/IDST7.cpp:57->src/IDST7.cpp:118]   --->   Operation 130 'mul' 'mul_ln57_5' <Predicate = (cmp_i_i_6)> <Delay = 3.42> <CoreInst = "Multiplier">   --->   Core 3 'Multiplier' <Latency = 0> <II = 1> <Delay = 3.42> <FuncUnit> <Opcode : 'mul'> <InPorts = 2> <OutPorts = 1>
ST_3 : Operation 131 [1/1] (1.01ns)   --->   "%sum_90 = add i32 %mul_ln57_5, i32 %sum_89" [src/IDST7.cpp:57->src/IDST7.cpp:118]   --->   Operation 131 'add' 'sum_90' <Predicate = (cmp_i_i_6)> <Delay = 1.01> <CoreInst = "Adder">   --->   Core 1 'Adder' <Latency = 0> <II = 1> <Delay = 1.01> <FuncUnit> <Opcode : 'add' 'sub'> <InPorts = 2> <OutPorts = 1>
ST_3 : Operation 132 [1/1] (0.44ns)   --->   "%sum_91 = select i1 %cmp_i_i_6, i32 %sum_90, i32 %sum_89" [src/IDST7.cpp:57->src/IDST7.cpp:118]   --->   Operation 132 'select' 'sum_91' <Predicate = true> <Delay = 0.44> <CoreInst = "Sel">   --->   Core 73 'Sel' <Latency = 0> <II = 1> <Delay = 0.44> <FuncUnit> <Opcode : 'select'> <InPorts = 3> <OutPorts = 1>
ST_3 : Operation 133 [1/2] ( I:0.67ns O:0.67ns )   --->   "%p_ZL8idst7_16_7_load = load i4 %p_ZL8idst7_16_7_addr" [src/IDST7.cpp:57->src/IDST7.cpp:118]   --->   Operation 133 'load' 'p_ZL8idst7_16_7_load' <Predicate = (icmp98)> <Delay = 0.67> <CoreInst = "ROM">   --->   Core 100 'ROM' <Latency = 1> <II = 1> <Delay = 0.67> <Storage> <Opcode : 'load'> <Ports = 0> <Width = 8> <Depth = 16> <ROM>
ST_3 : Operation 134 [1/1] (0.00ns)   --->   "%sext_ln57_6 = sext i8 %p_ZL8idst7_16_7_load" [src/IDST7.cpp:57->src/IDST7.cpp:118]   --->   Operation 134 'sext' 'sext_ln57_6' <Predicate = (icmp98)> <Delay = 0.00>
ST_3 : Operation 135 [1/1] (3.42ns)   --->   "%mul_ln57_6 = mul i32 %sext_ln57_6, i32 %src_7_val_read" [src/IDST7.cpp:57->src/IDST7.cpp:118]   --->   Operation 135 'mul' 'mul_ln57_6' <Predicate = (icmp98)> <Delay = 3.42> <CoreInst = "Multiplier">   --->   Core 3 'Multiplier' <Latency = 0> <II = 1> <Delay = 3.42> <FuncUnit> <Opcode : 'mul'> <InPorts = 2> <OutPorts = 1>
ST_3 : Operation 136 [1/2] ( I:0.67ns O:0.67ns )   --->   "%p_ZL8idst7_16_8_load = load i4 %p_ZL8idst7_16_8_addr" [src/IDST7.cpp:57->src/IDST7.cpp:118]   --->   Operation 136 'load' 'p_ZL8idst7_16_8_load' <Predicate = (cmp_i_i_8)> <Delay = 0.67> <CoreInst = "ROM">   --->   Core 100 'ROM' <Latency = 1> <II = 1> <Delay = 0.67> <Storage> <Opcode : 'load'> <Ports = 0> <Width = 8> <Depth = 16> <ROM>
ST_3 : Operation 137 [1/1] (0.00ns)   --->   "%sext_ln57_7 = sext i8 %p_ZL8idst7_16_8_load" [src/IDST7.cpp:57->src/IDST7.cpp:118]   --->   Operation 137 'sext' 'sext_ln57_7' <Predicate = (cmp_i_i_8)> <Delay = 0.00>
ST_3 : Operation 138 [1/1] (3.42ns)   --->   "%mul_ln57_7 = mul i32 %sext_ln57_7, i32 %src_8_val_read" [src/IDST7.cpp:57->src/IDST7.cpp:118]   --->   Operation 138 'mul' 'mul_ln57_7' <Predicate = (cmp_i_i_8)> <Delay = 3.42> <CoreInst = "Multiplier">   --->   Core 3 'Multiplier' <Latency = 0> <II = 1> <Delay = 3.42> <FuncUnit> <Opcode : 'mul'> <InPorts = 2> <OutPorts = 1>
ST_3 : Operation 139 [1/2] ( I:0.67ns O:0.67ns )   --->   "%p_ZL8idst7_16_9_load = load i4 %p_ZL8idst7_16_9_addr" [src/IDST7.cpp:57->src/IDST7.cpp:118]   --->   Operation 139 'load' 'p_ZL8idst7_16_9_load' <Predicate = (cmp_i_i_9)> <Delay = 0.67> <CoreInst = "ROM">   --->   Core 100 'ROM' <Latency = 1> <II = 1> <Delay = 0.67> <Storage> <Opcode : 'load'> <Ports = 0> <Width = 8> <Depth = 16> <ROM>
ST_3 : Operation 140 [1/2] ( I:0.67ns O:0.67ns )   --->   "%p_ZL8idst7_16_10_load = load i4 %p_ZL8idst7_16_10_addr" [src/IDST7.cpp:57->src/IDST7.cpp:118]   --->   Operation 140 'load' 'p_ZL8idst7_16_10_load' <Predicate = (cmp_i_i_10)> <Delay = 0.67> <CoreInst = "ROM">   --->   Core 100 'ROM' <Latency = 1> <II = 1> <Delay = 0.67> <Storage> <Opcode : 'load'> <Ports = 0> <Width = 8> <Depth = 16> <ROM>
ST_3 : Operation 141 [1/2] ( I:0.67ns O:0.67ns )   --->   "%p_ZL8idst7_16_11_load = load i4 %p_ZL8idst7_16_11_addr" [src/IDST7.cpp:57->src/IDST7.cpp:118]   --->   Operation 141 'load' 'p_ZL8idst7_16_11_load' <Predicate = (cmp_i_i_11)> <Delay = 0.67> <CoreInst = "ROM">   --->   Core 100 'ROM' <Latency = 1> <II = 1> <Delay = 0.67> <Storage> <Opcode : 'load'> <Ports = 0> <Width = 8> <Depth = 16> <ROM>
ST_3 : Operation 142 [1/2] ( I:0.67ns O:0.67ns )   --->   "%p_ZL8idst7_16_12_load = load i4 %p_ZL8idst7_16_12_addr" [src/IDST7.cpp:57->src/IDST7.cpp:118]   --->   Operation 142 'load' 'p_ZL8idst7_16_12_load' <Predicate = (cmp_i_i_12)> <Delay = 0.67> <CoreInst = "ROM">   --->   Core 100 'ROM' <Latency = 1> <II = 1> <Delay = 0.67> <Storage> <Opcode : 'load'> <Ports = 0> <Width = 8> <Depth = 16> <ROM>
ST_3 : Operation 143 [1/2] ( I:0.67ns O:0.67ns )   --->   "%p_ZL8idst7_16_13_load = load i4 %p_ZL8idst7_16_13_addr" [src/IDST7.cpp:57->src/IDST7.cpp:118]   --->   Operation 143 'load' 'p_ZL8idst7_16_13_load' <Predicate = (cmp_i_i_13)> <Delay = 0.67> <CoreInst = "ROM">   --->   Core 100 'ROM' <Latency = 1> <II = 1> <Delay = 0.67> <Storage> <Opcode : 'load'> <Ports = 0> <Width = 8> <Depth = 16> <ROM>
ST_3 : Operation 144 [1/2] ( I:0.67ns O:0.67ns )   --->   "%p_ZL8idst7_16_14_load = load i4 %p_ZL8idst7_16_14_addr" [src/IDST7.cpp:57->src/IDST7.cpp:118]   --->   Operation 144 'load' 'p_ZL8idst7_16_14_load' <Predicate = (cmp_i_i_14)> <Delay = 0.67> <CoreInst = "ROM">   --->   Core 100 'ROM' <Latency = 1> <II = 1> <Delay = 0.67> <Storage> <Opcode : 'load'> <Ports = 0> <Width = 8> <Depth = 16> <ROM>
ST_3 : Operation 145 [1/2] ( I:0.67ns O:0.67ns )   --->   "%p_ZL8idst7_16_15_load = load i4 %p_ZL8idst7_16_15_addr" [src/IDST7.cpp:57->src/IDST7.cpp:118]   --->   Operation 145 'load' 'p_ZL8idst7_16_15_load' <Predicate = (icmp101)> <Delay = 0.67> <CoreInst = "ROM">   --->   Core 100 'ROM' <Latency = 1> <II = 1> <Delay = 0.67> <Storage> <Opcode : 'load'> <Ports = 0> <Width = 8> <Depth = 16> <ROM>

State 4 <SV = 3> <Delay = 6.35>
ST_4 : Operation 146 [1/1] (1.01ns)   --->   "%sum_92 = add i32 %mul_ln57_6, i32 %sum_91" [src/IDST7.cpp:57->src/IDST7.cpp:118]   --->   Operation 146 'add' 'sum_92' <Predicate = (icmp98)> <Delay = 1.01> <CoreInst = "Adder">   --->   Core 1 'Adder' <Latency = 0> <II = 1> <Delay = 1.01> <FuncUnit> <Opcode : 'add' 'sub'> <InPorts = 2> <OutPorts = 1>
ST_4 : Operation 147 [1/1] (0.44ns)   --->   "%sum_93 = select i1 %icmp98, i32 %sum_92, i32 %sum_91" [src/IDST7.cpp:57->src/IDST7.cpp:118]   --->   Operation 147 'select' 'sum_93' <Predicate = true> <Delay = 0.44> <CoreInst = "Sel">   --->   Core 73 'Sel' <Latency = 0> <II = 1> <Delay = 0.44> <FuncUnit> <Opcode : 'select'> <InPorts = 3> <OutPorts = 1>
ST_4 : Operation 148 [1/1] (1.01ns)   --->   "%sum_94 = add i32 %mul_ln57_7, i32 %sum_93" [src/IDST7.cpp:57->src/IDST7.cpp:118]   --->   Operation 148 'add' 'sum_94' <Predicate = (cmp_i_i_8)> <Delay = 1.01> <CoreInst = "Adder">   --->   Core 1 'Adder' <Latency = 0> <II = 1> <Delay = 1.01> <FuncUnit> <Opcode : 'add' 'sub'> <InPorts = 2> <OutPorts = 1>
ST_4 : Operation 149 [1/1] (0.44ns)   --->   "%sum_95 = select i1 %cmp_i_i_8, i32 %sum_94, i32 %sum_93" [src/IDST7.cpp:57->src/IDST7.cpp:118]   --->   Operation 149 'select' 'sum_95' <Predicate = true> <Delay = 0.44> <CoreInst = "Sel">   --->   Core 73 'Sel' <Latency = 0> <II = 1> <Delay = 0.44> <FuncUnit> <Opcode : 'select'> <InPorts = 3> <OutPorts = 1>
ST_4 : Operation 150 [1/1] (0.00ns)   --->   "%sext_ln57_8 = sext i8 %p_ZL8idst7_16_9_load" [src/IDST7.cpp:57->src/IDST7.cpp:118]   --->   Operation 150 'sext' 'sext_ln57_8' <Predicate = (cmp_i_i_9)> <Delay = 0.00>
ST_4 : Operation 151 [1/1] (3.42ns)   --->   "%mul_ln57_8 = mul i32 %sext_ln57_8, i32 %src_9_val_read" [src/IDST7.cpp:57->src/IDST7.cpp:118]   --->   Operation 151 'mul' 'mul_ln57_8' <Predicate = (cmp_i_i_9)> <Delay = 3.42> <CoreInst = "Multiplier">   --->   Core 3 'Multiplier' <Latency = 0> <II = 1> <Delay = 3.42> <FuncUnit> <Opcode : 'mul'> <InPorts = 2> <OutPorts = 1>
ST_4 : Operation 152 [1/1] (1.01ns)   --->   "%sum_96 = add i32 %mul_ln57_8, i32 %sum_95" [src/IDST7.cpp:57->src/IDST7.cpp:118]   --->   Operation 152 'add' 'sum_96' <Predicate = (cmp_i_i_9)> <Delay = 1.01> <CoreInst = "Adder">   --->   Core 1 'Adder' <Latency = 0> <II = 1> <Delay = 1.01> <FuncUnit> <Opcode : 'add' 'sub'> <InPorts = 2> <OutPorts = 1>
ST_4 : Operation 153 [1/1] (0.44ns)   --->   "%sum_97 = select i1 %cmp_i_i_9, i32 %sum_96, i32 %sum_95" [src/IDST7.cpp:57->src/IDST7.cpp:118]   --->   Operation 153 'select' 'sum_97' <Predicate = true> <Delay = 0.44> <CoreInst = "Sel">   --->   Core 73 'Sel' <Latency = 0> <II = 1> <Delay = 0.44> <FuncUnit> <Opcode : 'select'> <InPorts = 3> <OutPorts = 1>
ST_4 : Operation 154 [1/1] (0.00ns)   --->   "%sext_ln57_9 = sext i8 %p_ZL8idst7_16_10_load" [src/IDST7.cpp:57->src/IDST7.cpp:118]   --->   Operation 154 'sext' 'sext_ln57_9' <Predicate = (cmp_i_i_10)> <Delay = 0.00>
ST_4 : Operation 155 [1/1] (3.42ns)   --->   "%mul_ln57_9 = mul i32 %sext_ln57_9, i32 %src_10_val_read" [src/IDST7.cpp:57->src/IDST7.cpp:118]   --->   Operation 155 'mul' 'mul_ln57_9' <Predicate = (cmp_i_i_10)> <Delay = 3.42> <CoreInst = "Multiplier">   --->   Core 3 'Multiplier' <Latency = 0> <II = 1> <Delay = 3.42> <FuncUnit> <Opcode : 'mul'> <InPorts = 2> <OutPorts = 1>
ST_4 : Operation 156 [1/1] (1.01ns)   --->   "%sum_98 = add i32 %mul_ln57_9, i32 %sum_97" [src/IDST7.cpp:57->src/IDST7.cpp:118]   --->   Operation 156 'add' 'sum_98' <Predicate = (cmp_i_i_10)> <Delay = 1.01> <CoreInst = "Adder">   --->   Core 1 'Adder' <Latency = 0> <II = 1> <Delay = 1.01> <FuncUnit> <Opcode : 'add' 'sub'> <InPorts = 2> <OutPorts = 1>
ST_4 : Operation 157 [1/1] (0.44ns)   --->   "%sum_99 = select i1 %cmp_i_i_10, i32 %sum_98, i32 %sum_97" [src/IDST7.cpp:57->src/IDST7.cpp:118]   --->   Operation 157 'select' 'sum_99' <Predicate = true> <Delay = 0.44> <CoreInst = "Sel">   --->   Core 73 'Sel' <Latency = 0> <II = 1> <Delay = 0.44> <FuncUnit> <Opcode : 'select'> <InPorts = 3> <OutPorts = 1>
ST_4 : Operation 158 [1/1] (0.00ns)   --->   "%sext_ln57_10 = sext i8 %p_ZL8idst7_16_11_load" [src/IDST7.cpp:57->src/IDST7.cpp:118]   --->   Operation 158 'sext' 'sext_ln57_10' <Predicate = (cmp_i_i_11)> <Delay = 0.00>
ST_4 : Operation 159 [1/1] (3.42ns)   --->   "%mul_ln57_10 = mul i32 %sext_ln57_10, i32 %src_11_val_read" [src/IDST7.cpp:57->src/IDST7.cpp:118]   --->   Operation 159 'mul' 'mul_ln57_10' <Predicate = (cmp_i_i_11)> <Delay = 3.42> <CoreInst = "Multiplier">   --->   Core 3 'Multiplier' <Latency = 0> <II = 1> <Delay = 3.42> <FuncUnit> <Opcode : 'mul'> <InPorts = 2> <OutPorts = 1>
ST_4 : Operation 160 [1/1] (0.00ns)   --->   "%sext_ln57_11 = sext i8 %p_ZL8idst7_16_12_load" [src/IDST7.cpp:57->src/IDST7.cpp:118]   --->   Operation 160 'sext' 'sext_ln57_11' <Predicate = (cmp_i_i_12)> <Delay = 0.00>
ST_4 : Operation 161 [1/1] (3.42ns)   --->   "%mul_ln57_11 = mul i32 %sext_ln57_11, i32 %src_12_val_read" [src/IDST7.cpp:57->src/IDST7.cpp:118]   --->   Operation 161 'mul' 'mul_ln57_11' <Predicate = (cmp_i_i_12)> <Delay = 3.42> <CoreInst = "Multiplier">   --->   Core 3 'Multiplier' <Latency = 0> <II = 1> <Delay = 3.42> <FuncUnit> <Opcode : 'mul'> <InPorts = 2> <OutPorts = 1>

State 5 <SV = 4> <Delay = 6.35>
ST_5 : Operation 162 [1/1] (1.01ns)   --->   "%sum_100 = add i32 %mul_ln57_10, i32 %sum_99" [src/IDST7.cpp:57->src/IDST7.cpp:118]   --->   Operation 162 'add' 'sum_100' <Predicate = (cmp_i_i_11)> <Delay = 1.01> <CoreInst = "Adder">   --->   Core 1 'Adder' <Latency = 0> <II = 1> <Delay = 1.01> <FuncUnit> <Opcode : 'add' 'sub'> <InPorts = 2> <OutPorts = 1>
ST_5 : Operation 163 [1/1] (0.44ns)   --->   "%sum_101 = select i1 %cmp_i_i_11, i32 %sum_100, i32 %sum_99" [src/IDST7.cpp:57->src/IDST7.cpp:118]   --->   Operation 163 'select' 'sum_101' <Predicate = true> <Delay = 0.44> <CoreInst = "Sel">   --->   Core 73 'Sel' <Latency = 0> <II = 1> <Delay = 0.44> <FuncUnit> <Opcode : 'select'> <InPorts = 3> <OutPorts = 1>
ST_5 : Operation 164 [1/1] (1.01ns)   --->   "%sum_102 = add i32 %mul_ln57_11, i32 %sum_101" [src/IDST7.cpp:57->src/IDST7.cpp:118]   --->   Operation 164 'add' 'sum_102' <Predicate = (cmp_i_i_12)> <Delay = 1.01> <CoreInst = "Adder">   --->   Core 1 'Adder' <Latency = 0> <II = 1> <Delay = 1.01> <FuncUnit> <Opcode : 'add' 'sub'> <InPorts = 2> <OutPorts = 1>
ST_5 : Operation 165 [1/1] (0.44ns)   --->   "%sum_103 = select i1 %cmp_i_i_12, i32 %sum_102, i32 %sum_101" [src/IDST7.cpp:57->src/IDST7.cpp:118]   --->   Operation 165 'select' 'sum_103' <Predicate = true> <Delay = 0.44> <CoreInst = "Sel">   --->   Core 73 'Sel' <Latency = 0> <II = 1> <Delay = 0.44> <FuncUnit> <Opcode : 'select'> <InPorts = 3> <OutPorts = 1>
ST_5 : Operation 166 [1/1] (0.00ns)   --->   "%sext_ln57_12 = sext i8 %p_ZL8idst7_16_13_load" [src/IDST7.cpp:57->src/IDST7.cpp:118]   --->   Operation 166 'sext' 'sext_ln57_12' <Predicate = (cmp_i_i_13)> <Delay = 0.00>
ST_5 : Operation 167 [1/1] (3.42ns)   --->   "%mul_ln57_12 = mul i32 %sext_ln57_12, i32 %src_13_val_read" [src/IDST7.cpp:57->src/IDST7.cpp:118]   --->   Operation 167 'mul' 'mul_ln57_12' <Predicate = (cmp_i_i_13)> <Delay = 3.42> <CoreInst = "Multiplier">   --->   Core 3 'Multiplier' <Latency = 0> <II = 1> <Delay = 3.42> <FuncUnit> <Opcode : 'mul'> <InPorts = 2> <OutPorts = 1>
ST_5 : Operation 168 [1/1] (1.01ns)   --->   "%sum_104 = add i32 %mul_ln57_12, i32 %sum_103" [src/IDST7.cpp:57->src/IDST7.cpp:118]   --->   Operation 168 'add' 'sum_104' <Predicate = (cmp_i_i_13)> <Delay = 1.01> <CoreInst = "Adder">   --->   Core 1 'Adder' <Latency = 0> <II = 1> <Delay = 1.01> <FuncUnit> <Opcode : 'add' 'sub'> <InPorts = 2> <OutPorts = 1>
ST_5 : Operation 169 [1/1] (0.44ns)   --->   "%sum_105 = select i1 %cmp_i_i_13, i32 %sum_104, i32 %sum_103" [src/IDST7.cpp:57->src/IDST7.cpp:118]   --->   Operation 169 'select' 'sum_105' <Predicate = true> <Delay = 0.44> <CoreInst = "Sel">   --->   Core 73 'Sel' <Latency = 0> <II = 1> <Delay = 0.44> <FuncUnit> <Opcode : 'select'> <InPorts = 3> <OutPorts = 1>
ST_5 : Operation 170 [1/1] (0.00ns)   --->   "%sext_ln57_13 = sext i8 %p_ZL8idst7_16_14_load" [src/IDST7.cpp:57->src/IDST7.cpp:118]   --->   Operation 170 'sext' 'sext_ln57_13' <Predicate = (cmp_i_i_14)> <Delay = 0.00>
ST_5 : Operation 171 [1/1] (3.42ns)   --->   "%mul_ln57_13 = mul i32 %sext_ln57_13, i32 %src_14_val_read" [src/IDST7.cpp:57->src/IDST7.cpp:118]   --->   Operation 171 'mul' 'mul_ln57_13' <Predicate = (cmp_i_i_14)> <Delay = 3.42> <CoreInst = "Multiplier">   --->   Core 3 'Multiplier' <Latency = 0> <II = 1> <Delay = 3.42> <FuncUnit> <Opcode : 'mul'> <InPorts = 2> <OutPorts = 1>
ST_5 : Operation 172 [1/1] (1.01ns)   --->   "%sum_106 = add i32 %mul_ln57_13, i32 %sum_105" [src/IDST7.cpp:57->src/IDST7.cpp:118]   --->   Operation 172 'add' 'sum_106' <Predicate = (cmp_i_i_14)> <Delay = 1.01> <CoreInst = "Adder">   --->   Core 1 'Adder' <Latency = 0> <II = 1> <Delay = 1.01> <FuncUnit> <Opcode : 'add' 'sub'> <InPorts = 2> <OutPorts = 1>
ST_5 : Operation 173 [1/1] (0.44ns)   --->   "%sum_107 = select i1 %cmp_i_i_14, i32 %sum_106, i32 %sum_105" [src/IDST7.cpp:57->src/IDST7.cpp:118]   --->   Operation 173 'select' 'sum_107' <Predicate = true> <Delay = 0.44> <CoreInst = "Sel">   --->   Core 73 'Sel' <Latency = 0> <II = 1> <Delay = 0.44> <FuncUnit> <Opcode : 'select'> <InPorts = 3> <OutPorts = 1>
ST_5 : Operation 174 [1/1] (0.00ns)   --->   "%sext_ln57_14 = sext i8 %p_ZL8idst7_16_15_load" [src/IDST7.cpp:57->src/IDST7.cpp:118]   --->   Operation 174 'sext' 'sext_ln57_14' <Predicate = (icmp101)> <Delay = 0.00>
ST_5 : Operation 175 [1/1] (3.42ns)   --->   "%mul_ln57_14 = mul i32 %sext_ln57_14, i32 %src_15_val_read" [src/IDST7.cpp:57->src/IDST7.cpp:118]   --->   Operation 175 'mul' 'mul_ln57_14' <Predicate = (icmp101)> <Delay = 3.42> <CoreInst = "Multiplier">   --->   Core 3 'Multiplier' <Latency = 0> <II = 1> <Delay = 3.42> <FuncUnit> <Opcode : 'mul'> <InPorts = 2> <OutPorts = 1>
ST_5 : Operation 224 [1/1] (0.42ns)   --->   "%ret_ln0 = ret"   --->   Operation 224 'ret' 'ret_ln0' <Predicate = (icmp_ln47)> <Delay = 0.42>

State 6 <SV = 5> <Delay = 5.40>
ST_6 : Operation 176 [1/1] (0.00ns)   --->   "%specpipeline_ln49 = specpipeline void @_ssdm_op_SpecPipeline, i32 4294967295, i32 0, i32 0, i32 0, void @empty_7" [src/IDST7.cpp:49->src/IDST7.cpp:118]   --->   Operation 176 'specpipeline' 'specpipeline_ln49' <Predicate = true> <Delay = 0.00>
ST_6 : Operation 177 [1/1] (0.00ns)   --->   "%speclooptripcount_ln47 = speclooptripcount void @_ssdm_op_SpecLoopTripCount, i64 16, i64 16, i64 16" [src/IDST7.cpp:47->src/IDST7.cpp:118]   --->   Operation 177 'speclooptripcount' 'speclooptripcount_ln47' <Predicate = true> <Delay = 0.00>
ST_6 : Operation 178 [1/1] (0.00ns)   --->   "%specloopname_ln47 = specloopname void @_ssdm_op_SpecLoopName, void @empty_15" [src/IDST7.cpp:47->src/IDST7.cpp:118]   --->   Operation 178 'specloopname' 'specloopname_ln47' <Predicate = true> <Delay = 0.00>
ST_6 : Operation 179 [1/1] (1.01ns)   --->   "%sum_108 = add i32 %mul_ln57_14, i32 %sum_107" [src/IDST7.cpp:57->src/IDST7.cpp:118]   --->   Operation 179 'add' 'sum_108' <Predicate = (icmp101)> <Delay = 1.01> <CoreInst = "Adder">   --->   Core 1 'Adder' <Latency = 0> <II = 1> <Delay = 1.01> <FuncUnit> <Opcode : 'add' 'sub'> <InPorts = 2> <OutPorts = 1>
ST_6 : Operation 180 [1/1] (0.00ns) (grouped into LUT with out node add_ln61)   --->   "%sum_109 = select i1 %icmp101, i32 %sum_108, i32 %sum_107" [src/IDST7.cpp:57->src/IDST7.cpp:118]   --->   Operation 180 'select' 'sum_109' <Predicate = true> <Delay = 0.00> <CoreInst = "Sel">   --->   Core 73 'Sel' <Latency = 0> <II = 1> <Delay = 0.44> <FuncUnit> <Opcode : 'select'> <InPorts = 3> <OutPorts = 1>
ST_6 : Operation 181 [1/1] (0.00ns) (grouped into LUT with out node add_ln61)   --->   "%sext_ln61 = sext i32 %sum_109" [src/IDST7.cpp:61->src/IDST7.cpp:118]   --->   Operation 181 'sext' 'sext_ln61' <Predicate = true> <Delay = 0.00>
ST_6 : Operation 182 [1/1] (1.01ns) (out node of the LUT)   --->   "%add_ln61 = add i33 %sext_ln61, i33 %conv3_i12_i_i_cast" [src/IDST7.cpp:61->src/IDST7.cpp:118]   --->   Operation 182 'add' 'add_ln61' <Predicate = true> <Delay = 1.01> <CoreInst = "Adder">   --->   Core 1 'Adder' <Latency = 0> <II = 1> <Delay = 1.01> <FuncUnit> <Opcode : 'add' 'sub'> <InPorts = 2> <OutPorts = 1>
ST_6 : Operation 183 [1/1] (1.46ns)   --->   "%shl_ln61 = shl i33 %add_ln61, i33 %sh_prom_i9_i_i_cast" [src/IDST7.cpp:61->src/IDST7.cpp:118]   --->   Operation 183 'shl' 'shl_ln61' <Predicate = (tmp_22)> <Delay = 1.46> <CoreInst = "Shifter">   --->   Core 75 'Shifter' <Latency = 0> <II = 1> <Delay = 1.46> <FuncUnit> <Opcode : 'shl' 'lshr' 'ashr'> <InPorts = 2> <OutPorts = 1>
ST_6 : Operation 184 [1/1] (1.46ns)   --->   "%ashr_ln61 = ashr i33 %add_ln61, i33 %sh_prom_i_i_i_cast" [src/IDST7.cpp:61->src/IDST7.cpp:118]   --->   Operation 184 'ashr' 'ashr_ln61' <Predicate = (!tmp_22)> <Delay = 1.46> <CoreInst = "Shifter">   --->   Core 75 'Shifter' <Latency = 0> <II = 1> <Delay = 1.46> <FuncUnit> <Opcode : 'shl' 'lshr' 'ashr'> <InPorts = 2> <OutPorts = 1>
ST_6 : Operation 185 [1/1] (0.00ns)   --->   "%trunc_ln61 = trunc i33 %shl_ln61" [src/IDST7.cpp:61->src/IDST7.cpp:118]   --->   Operation 185 'trunc' 'trunc_ln61' <Predicate = (tmp_22)> <Delay = 0.00>
ST_6 : Operation 186 [1/1] (0.00ns)   --->   "%trunc_ln61_1 = trunc i33 %ashr_ln61" [src/IDST7.cpp:61->src/IDST7.cpp:118]   --->   Operation 186 'trunc' 'trunc_ln61_1' <Predicate = (!tmp_22)> <Delay = 0.00>
ST_6 : Operation 187 [1/1] (0.44ns)   --->   "%scaled = select i1 %tmp_22, i32 %trunc_ln61, i32 %trunc_ln61_1" [src/IDST7.cpp:61->src/IDST7.cpp:118]   --->   Operation 187 'select' 'scaled' <Predicate = true> <Delay = 0.44> <CoreInst = "Sel">   --->   Core 73 'Sel' <Latency = 0> <II = 1> <Delay = 0.44> <FuncUnit> <Opcode : 'select'> <InPorts = 3> <OutPorts = 1>
ST_6 : Operation 188 [1/1] (1.01ns)   --->   "%icmp_ln8 = icmp_slt  i32 %scaled, i32 %oMin_read" [src/IDST7.cpp:8->src/IDST7.cpp:62->src/IDST7.cpp:118]   --->   Operation 188 'icmp' 'icmp_ln8' <Predicate = true> <Delay = 1.01> <CoreInst = "Cmp">   --->   Core 9 'Cmp' <Latency = 0> <II = 1> <Delay = 1.01> <FuncUnit> <Opcode : 'seteq' 'setne' 'setle' 'setge' 'setlt' 'setgt'> <InPorts = 2> <OutPorts = 1>
ST_6 : Operation 189 [1/1] (1.01ns)   --->   "%icmp_ln9 = icmp_sgt  i32 %scaled, i32 %oMax_read" [src/IDST7.cpp:9->src/IDST7.cpp:62->src/IDST7.cpp:118]   --->   Operation 189 'icmp' 'icmp_ln9' <Predicate = true> <Delay = 1.01> <CoreInst = "Cmp">   --->   Core 9 'Cmp' <Latency = 0> <II = 1> <Delay = 1.01> <FuncUnit> <Opcode : 'seteq' 'setne' 'setle' 'setge' 'setlt' 'setgt'> <InPorts = 2> <OutPorts = 1>
ST_6 : Operation 190 [1/1] (0.00ns) (grouped into LUT with out node select_ln8)   --->   "%select_ln9 = select i1 %icmp_ln9, i32 %oMax_read, i32 %scaled" [src/IDST7.cpp:9->src/IDST7.cpp:62->src/IDST7.cpp:118]   --->   Operation 190 'select' 'select_ln9' <Predicate = true> <Delay = 0.00> <CoreInst = "Sel">   --->   Core 73 'Sel' <Latency = 0> <II = 1> <Delay = 0.44> <FuncUnit> <Opcode : 'select'> <InPorts = 3> <OutPorts = 1>
ST_6 : Operation 191 [1/1] (0.44ns) (out node of the LUT)   --->   "%select_ln8 = select i1 %icmp_ln8, i32 %oMin_read, i32 %select_ln9" [src/IDST7.cpp:8->src/IDST7.cpp:62->src/IDST7.cpp:118]   --->   Operation 191 'select' 'select_ln8' <Predicate = true> <Delay = 0.44> <CoreInst = "Sel">   --->   Core 73 'Sel' <Latency = 0> <II = 1> <Delay = 0.44> <FuncUnit> <Opcode : 'select'> <InPorts = 3> <OutPorts = 1>
ST_6 : Operation 192 [1/1] (0.00ns)   --->   "%write_ln62 = write void @_ssdm_op_Write.ap_auto.i32P0A, i32 %dst_14, i32 %select_ln8" [src/IDST7.cpp:62->src/IDST7.cpp:118]   --->   Operation 192 'write' 'write_ln62' <Predicate = (trunc_ln47 == 14)> <Delay = 0.00>
ST_6 : Operation 193 [1/1] (0.00ns)   --->   "%br_ln62 = br void %arrayidx22.i21.exit" [src/IDST7.cpp:62->src/IDST7.cpp:118]   --->   Operation 193 'br' 'br_ln62' <Predicate = (trunc_ln47 == 14)> <Delay = 0.00>
ST_6 : Operation 194 [1/1] (0.00ns)   --->   "%write_ln62 = write void @_ssdm_op_Write.ap_auto.i32P0A, i32 %dst_13, i32 %select_ln8" [src/IDST7.cpp:62->src/IDST7.cpp:118]   --->   Operation 194 'write' 'write_ln62' <Predicate = (trunc_ln47 == 13)> <Delay = 0.00>
ST_6 : Operation 195 [1/1] (0.00ns)   --->   "%br_ln62 = br void %arrayidx22.i21.exit" [src/IDST7.cpp:62->src/IDST7.cpp:118]   --->   Operation 195 'br' 'br_ln62' <Predicate = (trunc_ln47 == 13)> <Delay = 0.00>
ST_6 : Operation 196 [1/1] (0.00ns)   --->   "%write_ln62 = write void @_ssdm_op_Write.ap_auto.i32P0A, i32 %dst_12, i32 %select_ln8" [src/IDST7.cpp:62->src/IDST7.cpp:118]   --->   Operation 196 'write' 'write_ln62' <Predicate = (trunc_ln47 == 12)> <Delay = 0.00>
ST_6 : Operation 197 [1/1] (0.00ns)   --->   "%br_ln62 = br void %arrayidx22.i21.exit" [src/IDST7.cpp:62->src/IDST7.cpp:118]   --->   Operation 197 'br' 'br_ln62' <Predicate = (trunc_ln47 == 12)> <Delay = 0.00>
ST_6 : Operation 198 [1/1] (0.00ns)   --->   "%write_ln62 = write void @_ssdm_op_Write.ap_auto.i32P0A, i32 %dst_11, i32 %select_ln8" [src/IDST7.cpp:62->src/IDST7.cpp:118]   --->   Operation 198 'write' 'write_ln62' <Predicate = (trunc_ln47 == 11)> <Delay = 0.00>
ST_6 : Operation 199 [1/1] (0.00ns)   --->   "%br_ln62 = br void %arrayidx22.i21.exit" [src/IDST7.cpp:62->src/IDST7.cpp:118]   --->   Operation 199 'br' 'br_ln62' <Predicate = (trunc_ln47 == 11)> <Delay = 0.00>
ST_6 : Operation 200 [1/1] (0.00ns)   --->   "%write_ln62 = write void @_ssdm_op_Write.ap_auto.i32P0A, i32 %dst_10, i32 %select_ln8" [src/IDST7.cpp:62->src/IDST7.cpp:118]   --->   Operation 200 'write' 'write_ln62' <Predicate = (trunc_ln47 == 10)> <Delay = 0.00>
ST_6 : Operation 201 [1/1] (0.00ns)   --->   "%br_ln62 = br void %arrayidx22.i21.exit" [src/IDST7.cpp:62->src/IDST7.cpp:118]   --->   Operation 201 'br' 'br_ln62' <Predicate = (trunc_ln47 == 10)> <Delay = 0.00>
ST_6 : Operation 202 [1/1] (0.00ns)   --->   "%write_ln62 = write void @_ssdm_op_Write.ap_auto.i32P0A, i32 %dst_9, i32 %select_ln8" [src/IDST7.cpp:62->src/IDST7.cpp:118]   --->   Operation 202 'write' 'write_ln62' <Predicate = (trunc_ln47 == 9)> <Delay = 0.00>
ST_6 : Operation 203 [1/1] (0.00ns)   --->   "%br_ln62 = br void %arrayidx22.i21.exit" [src/IDST7.cpp:62->src/IDST7.cpp:118]   --->   Operation 203 'br' 'br_ln62' <Predicate = (trunc_ln47 == 9)> <Delay = 0.00>
ST_6 : Operation 204 [1/1] (0.00ns)   --->   "%write_ln62 = write void @_ssdm_op_Write.ap_auto.i32P0A, i32 %dst_8, i32 %select_ln8" [src/IDST7.cpp:62->src/IDST7.cpp:118]   --->   Operation 204 'write' 'write_ln62' <Predicate = (trunc_ln47 == 8)> <Delay = 0.00>
ST_6 : Operation 205 [1/1] (0.00ns)   --->   "%br_ln62 = br void %arrayidx22.i21.exit" [src/IDST7.cpp:62->src/IDST7.cpp:118]   --->   Operation 205 'br' 'br_ln62' <Predicate = (trunc_ln47 == 8)> <Delay = 0.00>
ST_6 : Operation 206 [1/1] (0.00ns)   --->   "%write_ln62 = write void @_ssdm_op_Write.ap_auto.i32P0A, i32 %dst_7, i32 %select_ln8" [src/IDST7.cpp:62->src/IDST7.cpp:118]   --->   Operation 206 'write' 'write_ln62' <Predicate = (trunc_ln47 == 7)> <Delay = 0.00>
ST_6 : Operation 207 [1/1] (0.00ns)   --->   "%br_ln62 = br void %arrayidx22.i21.exit" [src/IDST7.cpp:62->src/IDST7.cpp:118]   --->   Operation 207 'br' 'br_ln62' <Predicate = (trunc_ln47 == 7)> <Delay = 0.00>
ST_6 : Operation 208 [1/1] (0.00ns)   --->   "%write_ln62 = write void @_ssdm_op_Write.ap_auto.i32P0A, i32 %dst_6, i32 %select_ln8" [src/IDST7.cpp:62->src/IDST7.cpp:118]   --->   Operation 208 'write' 'write_ln62' <Predicate = (trunc_ln47 == 6)> <Delay = 0.00>
ST_6 : Operation 209 [1/1] (0.00ns)   --->   "%br_ln62 = br void %arrayidx22.i21.exit" [src/IDST7.cpp:62->src/IDST7.cpp:118]   --->   Operation 209 'br' 'br_ln62' <Predicate = (trunc_ln47 == 6)> <Delay = 0.00>
ST_6 : Operation 210 [1/1] (0.00ns)   --->   "%write_ln62 = write void @_ssdm_op_Write.ap_auto.i32P0A, i32 %dst_5, i32 %select_ln8" [src/IDST7.cpp:62->src/IDST7.cpp:118]   --->   Operation 210 'write' 'write_ln62' <Predicate = (trunc_ln47 == 5)> <Delay = 0.00>
ST_6 : Operation 211 [1/1] (0.00ns)   --->   "%br_ln62 = br void %arrayidx22.i21.exit" [src/IDST7.cpp:62->src/IDST7.cpp:118]   --->   Operation 211 'br' 'br_ln62' <Predicate = (trunc_ln47 == 5)> <Delay = 0.00>
ST_6 : Operation 212 [1/1] (0.00ns)   --->   "%write_ln62 = write void @_ssdm_op_Write.ap_auto.i32P0A, i32 %dst_4, i32 %select_ln8" [src/IDST7.cpp:62->src/IDST7.cpp:118]   --->   Operation 212 'write' 'write_ln62' <Predicate = (trunc_ln47 == 4)> <Delay = 0.00>
ST_6 : Operation 213 [1/1] (0.00ns)   --->   "%br_ln62 = br void %arrayidx22.i21.exit" [src/IDST7.cpp:62->src/IDST7.cpp:118]   --->   Operation 213 'br' 'br_ln62' <Predicate = (trunc_ln47 == 4)> <Delay = 0.00>
ST_6 : Operation 214 [1/1] (0.00ns)   --->   "%write_ln62 = write void @_ssdm_op_Write.ap_auto.i32P0A, i32 %dst_3, i32 %select_ln8" [src/IDST7.cpp:62->src/IDST7.cpp:118]   --->   Operation 214 'write' 'write_ln62' <Predicate = (trunc_ln47 == 3)> <Delay = 0.00>
ST_6 : Operation 215 [1/1] (0.00ns)   --->   "%br_ln62 = br void %arrayidx22.i21.exit" [src/IDST7.cpp:62->src/IDST7.cpp:118]   --->   Operation 215 'br' 'br_ln62' <Predicate = (trunc_ln47 == 3)> <Delay = 0.00>
ST_6 : Operation 216 [1/1] (0.00ns)   --->   "%write_ln62 = write void @_ssdm_op_Write.ap_auto.i32P0A, i32 %dst_2, i32 %select_ln8" [src/IDST7.cpp:62->src/IDST7.cpp:118]   --->   Operation 216 'write' 'write_ln62' <Predicate = (trunc_ln47 == 2)> <Delay = 0.00>
ST_6 : Operation 217 [1/1] (0.00ns)   --->   "%br_ln62 = br void %arrayidx22.i21.exit" [src/IDST7.cpp:62->src/IDST7.cpp:118]   --->   Operation 217 'br' 'br_ln62' <Predicate = (trunc_ln47 == 2)> <Delay = 0.00>
ST_6 : Operation 218 [1/1] (0.00ns)   --->   "%write_ln62 = write void @_ssdm_op_Write.ap_auto.i32P0A, i32 %dst_1, i32 %select_ln8" [src/IDST7.cpp:62->src/IDST7.cpp:118]   --->   Operation 218 'write' 'write_ln62' <Predicate = (trunc_ln47 == 1)> <Delay = 0.00>
ST_6 : Operation 219 [1/1] (0.00ns)   --->   "%br_ln62 = br void %arrayidx22.i21.exit" [src/IDST7.cpp:62->src/IDST7.cpp:118]   --->   Operation 219 'br' 'br_ln62' <Predicate = (trunc_ln47 == 1)> <Delay = 0.00>
ST_6 : Operation 220 [1/1] (0.00ns)   --->   "%write_ln62 = write void @_ssdm_op_Write.ap_auto.i32P0A, i32 %dst_0, i32 %select_ln8" [src/IDST7.cpp:62->src/IDST7.cpp:118]   --->   Operation 220 'write' 'write_ln62' <Predicate = (trunc_ln47 == 0)> <Delay = 0.00>
ST_6 : Operation 221 [1/1] (0.00ns)   --->   "%br_ln62 = br void %arrayidx22.i21.exit" [src/IDST7.cpp:62->src/IDST7.cpp:118]   --->   Operation 221 'br' 'br_ln62' <Predicate = (trunc_ln47 == 0)> <Delay = 0.00>
ST_6 : Operation 222 [1/1] (0.00ns)   --->   "%write_ln62 = write void @_ssdm_op_Write.ap_auto.i32P0A, i32 %dst_15, i32 %select_ln8" [src/IDST7.cpp:62->src/IDST7.cpp:118]   --->   Operation 222 'write' 'write_ln62' <Predicate = (trunc_ln47 == 15)> <Delay = 0.00>
ST_6 : Operation 223 [1/1] (0.00ns)   --->   "%br_ln62 = br void %arrayidx22.i21.exit" [src/IDST7.cpp:62->src/IDST7.cpp:118]   --->   Operation 223 'br' 'br_ln62' <Predicate = (trunc_ln47 == 15)> <Delay = 0.00>


============================================================
+ Verbose Summary: Timing violations
============================================================
Target clock period: 10.000ns, clock uncertainty: 2.700ns.

 <State 1>: 1.643ns
The critical path consists of the following:
	'store' operation 0 bit ('store_ln47', src/IDST7.cpp:47->src/IDST7.cpp:118) of constant 0 on local variable 'j', src/IDST7.cpp:47->src/IDST7.cpp:118 [107]  (0.427 ns)
	'load' operation 5 bit ('j', src/IDST7.cpp:47->src/IDST7.cpp:118) on local variable 'j', src/IDST7.cpp:47->src/IDST7.cpp:118 [110]  (0.000 ns)
	'icmp' operation 1 bit ('icmp_ln47', src/IDST7.cpp:47->src/IDST7.cpp:118) [111]  (0.789 ns)
	'store' operation 0 bit ('store_ln47', src/IDST7.cpp:47->src/IDST7.cpp:118) of variable 'add_ln47', src/IDST7.cpp:47->src/IDST7.cpp:118 on local variable 'j', src/IDST7.cpp:47->src/IDST7.cpp:118 [276]  (0.427 ns)

 <State 2>: 7.027ns
The critical path consists of the following:
	'load' operation 7 bit ('p_ZL8idst7_16_0_load', src/IDST7.cpp:57->src/IDST7.cpp:118) on array 'p_ZL8idst7_16_0' [121]  (0.677 ns)
	'mul' operation 32 bit ('sum', src/IDST7.cpp:57->src/IDST7.cpp:118) [123]  (3.420 ns)
	'select' operation 32 bit ('sum', src/IDST7.cpp:57->src/IDST7.cpp:118) [124]  (0.449 ns)
	'add' operation 32 bit ('sum', src/IDST7.cpp:57->src/IDST7.cpp:118) [129]  (1.016 ns)
	'select' operation 32 bit ('sum', src/IDST7.cpp:57->src/IDST7.cpp:118) [130]  (0.449 ns)
	'add' operation 32 bit ('sum', src/IDST7.cpp:57->src/IDST7.cpp:118) [135]  (1.016 ns)

 <State 3>: 7.027ns
The critical path consists of the following:
	'load' operation 8 bit ('p_ZL8idst7_16_5_load', src/IDST7.cpp:57->src/IDST7.cpp:118) on array 'p_ZL8idst7_16_5' [150]  (0.677 ns)
	'mul' operation 32 bit ('mul_ln57_4', src/IDST7.cpp:57->src/IDST7.cpp:118) [152]  (3.420 ns)
	'add' operation 32 bit ('sum', src/IDST7.cpp:57->src/IDST7.cpp:118) [153]  (1.016 ns)
	'select' operation 32 bit ('sum', src/IDST7.cpp:57->src/IDST7.cpp:118) [154]  (0.449 ns)
	'add' operation 32 bit ('sum', src/IDST7.cpp:57->src/IDST7.cpp:118) [159]  (1.016 ns)
	'select' operation 32 bit ('sum', src/IDST7.cpp:57->src/IDST7.cpp:118) [160]  (0.449 ns)

 <State 4>: 6.350ns
The critical path consists of the following:
	'mul' operation 32 bit ('mul_ln57_8', src/IDST7.cpp:57->src/IDST7.cpp:118) [176]  (3.420 ns)
	'add' operation 32 bit ('sum', src/IDST7.cpp:57->src/IDST7.cpp:118) [177]  (1.016 ns)
	'select' operation 32 bit ('sum', src/IDST7.cpp:57->src/IDST7.cpp:118) [178]  (0.449 ns)
	'add' operation 32 bit ('sum', src/IDST7.cpp:57->src/IDST7.cpp:118) [183]  (1.016 ns)
	'select' operation 32 bit ('sum', src/IDST7.cpp:57->src/IDST7.cpp:118) [184]  (0.449 ns)

 <State 5>: 6.350ns
The critical path consists of the following:
	'mul' operation 32 bit ('mul_ln57_12', src/IDST7.cpp:57->src/IDST7.cpp:118) [200]  (3.420 ns)
	'add' operation 32 bit ('sum', src/IDST7.cpp:57->src/IDST7.cpp:118) [201]  (1.016 ns)
	'select' operation 32 bit ('sum', src/IDST7.cpp:57->src/IDST7.cpp:118) [202]  (0.449 ns)
	'add' operation 32 bit ('sum', src/IDST7.cpp:57->src/IDST7.cpp:118) [207]  (1.016 ns)
	'select' operation 32 bit ('sum', src/IDST7.cpp:57->src/IDST7.cpp:118) [208]  (0.449 ns)

 <State 6>: 5.406ns
The critical path consists of the following:
	'add' operation 32 bit ('sum', src/IDST7.cpp:57->src/IDST7.cpp:118) [213]  (1.016 ns)
	'select' operation 32 bit ('sum', src/IDST7.cpp:57->src/IDST7.cpp:118) [214]  (0.000 ns)
	'add' operation 33 bit ('add_ln61', src/IDST7.cpp:61->src/IDST7.cpp:118) [216]  (1.016 ns)
	'shl' operation 33 bit ('shl_ln61', src/IDST7.cpp:61->src/IDST7.cpp:118) [217]  (1.460 ns)
	'select' operation 32 bit ('scaled', src/IDST7.cpp:61->src/IDST7.cpp:118) [221]  (0.449 ns)
	'icmp' operation 1 bit ('icmp_ln8', src/IDST7.cpp:8->src/IDST7.cpp:62->src/IDST7.cpp:118) [222]  (1.016 ns)
	'select' operation 32 bit ('select_ln8', src/IDST7.cpp:8->src/IDST7.cpp:62->src/IDST7.cpp:118) [225]  (0.449 ns)
	wire write operation ('write_ln62', src/IDST7.cpp:62->src/IDST7.cpp:118) on port 'dst_14' (src/IDST7.cpp:62->src/IDST7.cpp:118) [228]  (0.000 ns)


============================================================
+ Verbose Summary: Binding
============================================================
N/A
* FSMD analyzer results:
  - Output states:
 - Input state : 
  - Chain level:
	State 1
	State 2
	State 3
	State 4
	State 5
	State 6


============================================================
+ Verbose Summary: Datapath Resource usage 
============================================================
N/A
