

================================================================
== Vitis HLS Report for 'IDST7B32'
================================================================
* Date:           Tue Dec  9 15:04:45 2025

* Version:        2024.2 (Build 5238294 on Nov  8 2024)
* Project:        idst7_dir
* Solution:       hls (Vitis Kernel Flow Target)
* Product family: zynquplus
* Target device:  xczu9eg-ffvb1156-2-e


================================================================
== Performance Estimates
================================================================
+ Timing: 
    * Summary: 
    +--------+----------+----------+------------+
    |  Clock |  Target  | Estimated| Uncertainty|
    +--------+----------+----------+------------+
    |ap_clk  |  10.00 ns|  7.027 ns|     2.70 ns|
    +--------+----------+----------+------------+

+ Latency: 
    * Summary: 
    +---------+---------+----------+----------+-----+-----+---------+
    |  Latency (cycles) |  Latency (absolute) |  Interval | Pipeline|
    |   min   |   max   |    min   |    max   | min | max |   Type  |
    +---------+---------+----------+----------+-----+-----+---------+
    |       43|       43|  0.430 us|  0.430 us|   43|   43|       no|
    +---------+---------+----------+----------+-----+-----+---------+

    + Detail: 
        * Instance: 
        N/A

        * Loop: 
        N/A

============================================================
+ Verbose Summary: Synthesis Manager
============================================================
InlineROM: 1
ExposeGlobal: 0
============================================================
+ Verbose Summary: CDFG Model
============================================================
IsTopModel: 0
ResetActiveHigh: 1
IsCombinational: 0
IsDatapathOnly: 0
HasWiredReturn: 1
HasMFsm: 0
HasVarLatency: 1
IsPipeline: 0
IsRtlPipelined: 0
IsInstanceOverlapped: 0
IsDontTouch: 0
HasImplIP: 0
IsGatedGlobalClock: 0


============================================================
+ Verbose Summary: Schedule
============================================================
* Number of FSM states : 2
* Pipeline : 0
* Dataflow Pipeline: 0

* FSM state transitions: 
1 --> 2 
2 --> 

* FSM state operations: 

State 1 <SV = 0> <Delay = 4.88>
ST_1 : Operation 3 [1/1] (0.00ns)   --->   "%oMax_read = read i32 @_ssdm_op_Read.ap_auto.i32, i32 %oMax" [src/IDST7.cpp:162]   --->   Operation 3 'read' 'oMax_read' <Predicate = true> <Delay = 0.00>
ST_1 : Operation 4 [1/1] (0.00ns)   --->   "%oMin_read = read i32 @_ssdm_op_Read.ap_auto.i32, i32 %oMin" [src/IDST7.cpp:162]   --->   Operation 4 'read' 'oMin_read' <Predicate = true> <Delay = 0.00>
ST_1 : Operation 5 [1/1] (0.00ns)   --->   "%skipLine2_read = read i32 @_ssdm_op_Read.ap_auto.i32, i32 %skipLine2" [src/IDST7.cpp:162]   --->   Operation 5 'read' 'skipLine2_read' <Predicate = true> <Delay = 0.00>
ST_1 : Operation 6 [1/1] (0.00ns)   --->   "%shift_read = read i32 @_ssdm_op_Read.ap_auto.i32, i32 %shift" [src/IDST7.cpp:162]   --->   Operation 6 'read' 'shift_read' <Predicate = true> <Delay = 0.00>
ST_1 : Operation 7 [1/1] (0.00ns)   --->   "%src_16_val_read = read i32 @_ssdm_op_Read.ap_auto.i32, i32 %src_16_val" [src/IDST7.cpp:162]   --->   Operation 7 'read' 'src_16_val_read' <Predicate = true> <Delay = 0.00>
ST_1 : Operation 8 [1/1] (0.00ns)   --->   "%src_15_val_read = read i32 @_ssdm_op_Read.ap_auto.i32, i32 %src_15_val" [src/IDST7.cpp:162]   --->   Operation 8 'read' 'src_15_val_read' <Predicate = true> <Delay = 0.00>
ST_1 : Operation 9 [1/1] (0.00ns)   --->   "%src_14_val_read = read i32 @_ssdm_op_Read.ap_auto.i32, i32 %src_14_val" [src/IDST7.cpp:162]   --->   Operation 9 'read' 'src_14_val_read' <Predicate = true> <Delay = 0.00>
ST_1 : Operation 10 [1/1] (0.00ns)   --->   "%src_13_val_read = read i32 @_ssdm_op_Read.ap_auto.i32, i32 %src_13_val" [src/IDST7.cpp:162]   --->   Operation 10 'read' 'src_13_val_read' <Predicate = true> <Delay = 0.00>
ST_1 : Operation 11 [1/1] (0.00ns)   --->   "%src_12_val_read = read i32 @_ssdm_op_Read.ap_auto.i32, i32 %src_12_val" [src/IDST7.cpp:162]   --->   Operation 11 'read' 'src_12_val_read' <Predicate = true> <Delay = 0.00>
ST_1 : Operation 12 [1/1] (0.00ns)   --->   "%src_11_val_read = read i32 @_ssdm_op_Read.ap_auto.i32, i32 %src_11_val" [src/IDST7.cpp:162]   --->   Operation 12 'read' 'src_11_val_read' <Predicate = true> <Delay = 0.00>
ST_1 : Operation 13 [1/1] (0.00ns)   --->   "%src_10_val_read = read i32 @_ssdm_op_Read.ap_auto.i32, i32 %src_10_val" [src/IDST7.cpp:162]   --->   Operation 13 'read' 'src_10_val_read' <Predicate = true> <Delay = 0.00>
ST_1 : Operation 14 [1/1] (0.00ns)   --->   "%src_9_val_read = read i32 @_ssdm_op_Read.ap_auto.i32, i32 %src_9_val" [src/IDST7.cpp:162]   --->   Operation 14 'read' 'src_9_val_read' <Predicate = true> <Delay = 0.00>
ST_1 : Operation 15 [1/1] (0.00ns)   --->   "%src_8_val_read = read i32 @_ssdm_op_Read.ap_auto.i32, i32 %src_8_val" [src/IDST7.cpp:162]   --->   Operation 15 'read' 'src_8_val_read' <Predicate = true> <Delay = 0.00>
ST_1 : Operation 16 [1/1] (0.00ns)   --->   "%src_7_val_read = read i32 @_ssdm_op_Read.ap_auto.i32, i32 %src_7_val" [src/IDST7.cpp:162]   --->   Operation 16 'read' 'src_7_val_read' <Predicate = true> <Delay = 0.00>
ST_1 : Operation 17 [1/1] (0.00ns)   --->   "%src_6_val_read = read i32 @_ssdm_op_Read.ap_auto.i32, i32 %src_6_val" [src/IDST7.cpp:162]   --->   Operation 17 'read' 'src_6_val_read' <Predicate = true> <Delay = 0.00>
ST_1 : Operation 18 [1/1] (0.00ns)   --->   "%src_5_val_read = read i32 @_ssdm_op_Read.ap_auto.i32, i32 %src_5_val" [src/IDST7.cpp:162]   --->   Operation 18 'read' 'src_5_val_read' <Predicate = true> <Delay = 0.00>
ST_1 : Operation 19 [1/1] (0.00ns)   --->   "%src_4_val_read = read i32 @_ssdm_op_Read.ap_auto.i32, i32 %src_4_val" [src/IDST7.cpp:162]   --->   Operation 19 'read' 'src_4_val_read' <Predicate = true> <Delay = 0.00>
ST_1 : Operation 20 [1/1] (0.00ns)   --->   "%src_3_val_read = read i32 @_ssdm_op_Read.ap_auto.i32, i32 %src_3_val" [src/IDST7.cpp:162]   --->   Operation 20 'read' 'src_3_val_read' <Predicate = true> <Delay = 0.00>
ST_1 : Operation 21 [1/1] (0.00ns)   --->   "%src_2_val_read = read i32 @_ssdm_op_Read.ap_auto.i32, i32 %src_2_val" [src/IDST7.cpp:162]   --->   Operation 21 'read' 'src_2_val_read' <Predicate = true> <Delay = 0.00>
ST_1 : Operation 22 [1/1] (0.00ns)   --->   "%src_1_val_read = read i32 @_ssdm_op_Read.ap_auto.i32, i32 %src_1_val" [src/IDST7.cpp:162]   --->   Operation 22 'read' 'src_1_val_read' <Predicate = true> <Delay = 0.00>
ST_1 : Operation 23 [1/1] (0.00ns)   --->   "%src_0_val_read = read i32 @_ssdm_op_Read.ap_auto.i32, i32 %src_0_val" [src/IDST7.cpp:162]   --->   Operation 23 'read' 'src_0_val_read' <Predicate = true> <Delay = 0.00>
ST_1 : Operation 24 [1/1] (0.00ns)   --->   "%sext_ln70 = sext i32 %shift_read" [src/IDST7.cpp:70->src/IDST7.cpp:164]   --->   Operation 24 'sext' 'sext_ln70' <Predicate = true> <Delay = 0.00>
ST_1 : Operation 25 [1/1] (1.01ns)   --->   "%add_ln70 = add i33 %sext_ln70, i33 8589934591" [src/IDST7.cpp:70->src/IDST7.cpp:164]   --->   Operation 25 'add' 'add_ln70' <Predicate = true> <Delay = 1.01> <CoreInst = "Adder">   --->   Core 1 'Adder' <Latency = 0> <II = 1> <Delay = 1.01> <FuncUnit> <Opcode : 'add' 'sub'> <InPorts = 2> <OutPorts = 1>
ST_1 : Operation 26 [1/1] (0.00ns)   --->   "%tmp = bitselect i1 @_ssdm_op_BitSelect.i1.i33.i32, i33 %add_ln70, i32 32" [src/IDST7.cpp:70->src/IDST7.cpp:164]   --->   Operation 26 'bitselect' 'tmp' <Predicate = true> <Delay = 0.00>
ST_1 : Operation 27 [1/1] (0.00ns)   --->   "%trunc_ln70 = trunc i33 %add_ln70" [src/IDST7.cpp:70->src/IDST7.cpp:164]   --->   Operation 27 'trunc' 'trunc_ln70' <Predicate = true> <Delay = 0.00>
ST_1 : Operation 28 [1/1] (1.01ns)   --->   "%sub_ln70 = sub i32 0, i32 %trunc_ln70" [src/IDST7.cpp:70->src/IDST7.cpp:164]   --->   Operation 28 'sub' 'sub_ln70' <Predicate = true> <Delay = 1.01> <CoreInst = "Adder">   --->   Core 1 'Adder' <Latency = 0> <II = 1> <Delay = 1.01> <FuncUnit> <Opcode : 'add' 'sub'> <InPorts = 2> <OutPorts = 1>
ST_1 : Operation 29 [1/1] (1.38ns)   --->   "%rndFactor = lshr i32 1, i32 %sub_ln70" [src/IDST7.cpp:70->src/IDST7.cpp:164]   --->   Operation 29 'lshr' 'rndFactor' <Predicate = true> <Delay = 1.38> <CoreInst = "Shifter">   --->   Core 75 'Shifter' <Latency = 0> <II = 1> <Delay = 1.38> <FuncUnit> <Opcode : 'shl' 'lshr' 'ashr'> <InPorts = 2> <OutPorts = 1>
ST_1 : Operation 30 [1/1] (1.38ns)   --->   "%rndFactor_3 = shl i32 1, i32 %trunc_ln70" [src/IDST7.cpp:70->src/IDST7.cpp:164]   --->   Operation 30 'shl' 'rndFactor_3' <Predicate = true> <Delay = 1.38> <CoreInst = "Shifter">   --->   Core 75 'Shifter' <Latency = 0> <II = 1> <Delay = 1.38> <FuncUnit> <Opcode : 'shl' 'lshr' 'ashr'> <InPorts = 2> <OutPorts = 1>
ST_1 : Operation 31 [1/1] (0.44ns)   --->   "%rndFactor_4 = select i1 %tmp, i32 %rndFactor, i32 %rndFactor_3" [src/IDST7.cpp:70->src/IDST7.cpp:164]   --->   Operation 31 'select' 'rndFactor_4' <Predicate = true> <Delay = 0.44> <CoreInst = "Sel">   --->   Core 73 'Sel' <Latency = 0> <II = 1> <Delay = 0.44> <FuncUnit> <Opcode : 'select'> <InPorts = 3> <OutPorts = 1>
ST_1 : Operation 32 [1/1] (1.01ns)   --->   "%cutoff = sub i32 32, i32 %skipLine2_read" [src/IDST7.cpp:71->src/IDST7.cpp:164]   --->   Operation 32 'sub' 'cutoff' <Predicate = true> <Delay = 1.01> <CoreInst = "Adder">   --->   Core 1 'Adder' <Latency = 0> <II = 1> <Delay = 1.01> <FuncUnit> <Opcode : 'add' 'sub'> <InPorts = 2> <OutPorts = 1>
ST_1 : Operation 33 [1/1] (0.00ns)   --->   "%tmp_13 = bitselect i1 @_ssdm_op_BitSelect.i1.i32.i32, i32 %shift_read, i32 31" [src/IDST7.cpp:87->src/IDST7.cpp:164]   --->   Operation 33 'bitselect' 'tmp_13' <Predicate = true> <Delay = 0.00>
ST_1 : Operation 34 [1/1] (1.01ns)   --->   "%sub_i_i_i_i = sub i32 0, i32 %shift_read" [src/IDST7.cpp:162]   --->   Operation 34 'sub' 'sub_i_i_i_i' <Predicate = true> <Delay = 1.01> <CoreInst = "Adder">   --->   Core 1 'Adder' <Latency = 0> <II = 1> <Delay = 1.01> <FuncUnit> <Opcode : 'add' 'sub'> <InPorts = 2> <OutPorts = 1>
ST_1 : Operation 35 [1/1] (0.00ns)   --->   "%tmp_14 = partselect i31 @_ssdm_op_PartSelect.i31.i32.i32.i32, i32 %cutoff, i32 1, i32 31" [src/IDST7.cpp:71->src/IDST7.cpp:164]   --->   Operation 35 'partselect' 'tmp_14' <Predicate = true> <Delay = 0.00>
ST_1 : Operation 36 [1/1] (0.00ns)   --->   "%tmp_15 = partselect i30 @_ssdm_op_PartSelect.i30.i32.i32.i32, i32 %cutoff, i32 2, i32 31" [src/IDST7.cpp:71->src/IDST7.cpp:164]   --->   Operation 36 'partselect' 'tmp_15' <Predicate = true> <Delay = 0.00>
ST_1 : Operation 37 [1/1] (0.00ns)   --->   "%tmp_16 = partselect i29 @_ssdm_op_PartSelect.i29.i32.i32.i32, i32 %cutoff, i32 3, i32 31" [src/IDST7.cpp:71->src/IDST7.cpp:164]   --->   Operation 37 'partselect' 'tmp_16' <Predicate = true> <Delay = 0.00>
ST_1 : Operation 38 [1/1] (0.00ns)   --->   "%tmp_17 = partselect i28 @_ssdm_op_PartSelect.i28.i32.i32.i32, i32 %cutoff, i32 4, i32 31" [src/IDST7.cpp:71->src/IDST7.cpp:164]   --->   Operation 38 'partselect' 'tmp_17' <Predicate = true> <Delay = 0.00>
ST_1 : Operation 39 [1/1] (0.00ns)   --->   "%tmp_18 = partselect i27 @_ssdm_op_PartSelect.i27.i32.i32.i32, i32 %cutoff, i32 5, i32 31" [src/IDST7.cpp:71->src/IDST7.cpp:164]   --->   Operation 39 'partselect' 'tmp_18' <Predicate = true> <Delay = 0.00>
ST_1 : Operation 40 [2/2] (1.01ns)   --->   "%call_ln162 = call void @IDST7B32_Pipeline_VITIS_LOOP_73_1, i32 %dst_0, i32 %dst_31, i32 %dst_30, i32 %dst_29, i32 %dst_28, i32 %dst_27, i32 %dst_26, i32 %dst_25, i32 %dst_24, i32 %dst_23, i32 %dst_22, i32 %dst_21, i32 %dst_20, i32 %dst_19, i32 %dst_18, i32 %dst_17, i32 %dst_16, i32 %dst_15, i32 %dst_14, i32 %dst_13, i32 %dst_12, i32 %dst_11, i32 %dst_10, i32 %dst_9, i32 %dst_8, i32 %dst_7, i32 %dst_6, i32 %dst_5, i32 %dst_4, i32 %dst_3, i32 %dst_2, i32 %dst_1, i32 %src_0_val_read, i32 %src_1_val_read, i32 %src_2_val_read, i32 %src_3_val_read, i32 %src_4_val_read, i32 %src_5_val_read, i32 %src_6_val_read, i32 %src_7_val_read, i32 %src_8_val_read, i32 %src_9_val_read, i32 %src_10_val_read, i32 %src_11_val_read, i32 %src_12_val_read, i32 %src_13_val_read, i32 %src_14_val_read, i32 %src_15_val_read, i32 %src_16_val_read, i32 %rndFactor_4, i32 %sub_i_i_i_i, i32 %shift_read, i1 %tmp_13, i32 %oMin_read, i32 %oMax_read, i27 %tmp_18, i32 %cutoff, i28 %tmp_17, i29 %tmp_16, i30 %tmp_15, i31 %tmp_14, i7 %p_ZL8idst7_32_0, i8 %p_ZL8idst7_32_1, i8 %p_ZL8idst7_32_2, i8 %p_ZL8idst7_32_3, i8 %p_ZL8idst7_32_4, i8 %p_ZL8idst7_32_5, i8 %p_ZL8idst7_32_6, i8 %p_ZL8idst7_32_7, i8 %p_ZL8idst7_32_8, i8 %p_ZL8idst7_32_9, i8 %p_ZL8idst7_32_10, i8 %p_ZL8idst7_32_11, i8 %p_ZL8idst7_32_12, i8 %p_ZL8idst7_32_13, i8 %p_ZL8idst7_32_14, i8 %p_ZL8idst7_32_15, i8 %p_ZL8idst7_32_16, i8 %p_ZL8idst7_32_17, i8 %p_ZL8idst7_32_18, i8 %p_ZL8idst7_32_19, i8 %p_ZL8idst7_32_20, i8 %p_ZL8idst7_32_21, i8 %p_ZL8idst7_32_22, i8 %p_ZL8idst7_32_23, i8 %p_ZL8idst7_32_24, i8 %p_ZL8idst7_32_25, i8 %p_ZL8idst7_32_26, i8 %p_ZL8idst7_32_27, i8 %p_ZL8idst7_32_28, i8 %p_ZL8idst7_32_29, i8 %p_ZL8idst7_32_30, i8 %p_ZL8idst7_32_31" [src/IDST7.cpp:162]   --->   Operation 40 'call' 'call_ln162' <Predicate = true> <Delay = 1.01> <CoreType = "Generic">   --->   Generic Core

State 2 <SV = 1> <Delay = 5.40>
ST_2 : Operation 41 [1/2] (5.40ns)   --->   "%call_ln162 = call void @IDST7B32_Pipeline_VITIS_LOOP_73_1, i32 %dst_0, i32 %dst_31, i32 %dst_30, i32 %dst_29, i32 %dst_28, i32 %dst_27, i32 %dst_26, i32 %dst_25, i32 %dst_24, i32 %dst_23, i32 %dst_22, i32 %dst_21, i32 %dst_20, i32 %dst_19, i32 %dst_18, i32 %dst_17, i32 %dst_16, i32 %dst_15, i32 %dst_14, i32 %dst_13, i32 %dst_12, i32 %dst_11, i32 %dst_10, i32 %dst_9, i32 %dst_8, i32 %dst_7, i32 %dst_6, i32 %dst_5, i32 %dst_4, i32 %dst_3, i32 %dst_2, i32 %dst_1, i32 %src_0_val_read, i32 %src_1_val_read, i32 %src_2_val_read, i32 %src_3_val_read, i32 %src_4_val_read, i32 %src_5_val_read, i32 %src_6_val_read, i32 %src_7_val_read, i32 %src_8_val_read, i32 %src_9_val_read, i32 %src_10_val_read, i32 %src_11_val_read, i32 %src_12_val_read, i32 %src_13_val_read, i32 %src_14_val_read, i32 %src_15_val_read, i32 %src_16_val_read, i32 %rndFactor_4, i32 %sub_i_i_i_i, i32 %shift_read, i1 %tmp_13, i32 %oMin_read, i32 %oMax_read, i27 %tmp_18, i32 %cutoff, i28 %tmp_17, i29 %tmp_16, i30 %tmp_15, i31 %tmp_14, i7 %p_ZL8idst7_32_0, i8 %p_ZL8idst7_32_1, i8 %p_ZL8idst7_32_2, i8 %p_ZL8idst7_32_3, i8 %p_ZL8idst7_32_4, i8 %p_ZL8idst7_32_5, i8 %p_ZL8idst7_32_6, i8 %p_ZL8idst7_32_7, i8 %p_ZL8idst7_32_8, i8 %p_ZL8idst7_32_9, i8 %p_ZL8idst7_32_10, i8 %p_ZL8idst7_32_11, i8 %p_ZL8idst7_32_12, i8 %p_ZL8idst7_32_13, i8 %p_ZL8idst7_32_14, i8 %p_ZL8idst7_32_15, i8 %p_ZL8idst7_32_16, i8 %p_ZL8idst7_32_17, i8 %p_ZL8idst7_32_18, i8 %p_ZL8idst7_32_19, i8 %p_ZL8idst7_32_20, i8 %p_ZL8idst7_32_21, i8 %p_ZL8idst7_32_22, i8 %p_ZL8idst7_32_23, i8 %p_ZL8idst7_32_24, i8 %p_ZL8idst7_32_25, i8 %p_ZL8idst7_32_26, i8 %p_ZL8idst7_32_27, i8 %p_ZL8idst7_32_28, i8 %p_ZL8idst7_32_29, i8 %p_ZL8idst7_32_30, i8 %p_ZL8idst7_32_31" [src/IDST7.cpp:162]   --->   Operation 41 'call' 'call_ln162' <Predicate = true> <Delay = 5.40> <CoreType = "Generic">   --->   Generic Core
ST_2 : Operation 42 [1/1] (0.00ns)   --->   "%ret_ln241 = ret" [src/IDST7.cpp:241]   --->   Operation 42 'ret' 'ret_ln241' <Predicate = true> <Delay = 0.00>


============================================================
+ Verbose Summary: Timing violations
============================================================
Target clock period: 10.000ns, clock uncertainty: 2.700ns.

 <State 1>: 4.885ns
The critical path consists of the following:
	wire read operation ('shift_read', src/IDST7.cpp:162) on port 'shift' (src/IDST7.cpp:162) [89]  (0.000 ns)
	'add' operation 33 bit ('add_ln70', src/IDST7.cpp:70->src/IDST7.cpp:164) [108]  (1.016 ns)
	'sub' operation 32 bit ('sub_ln70', src/IDST7.cpp:70->src/IDST7.cpp:164) [111]  (1.016 ns)
	'lshr' operation 32 bit ('rndFactor', src/IDST7.cpp:70->src/IDST7.cpp:164) [112]  (1.388 ns)
	'select' operation 32 bit ('rndFactor', src/IDST7.cpp:70->src/IDST7.cpp:164) [114]  (0.449 ns)
	'call' operation 0 bit ('call_ln162', src/IDST7.cpp:162) to 'IDST7B32_Pipeline_VITIS_LOOP_73_1' [123]  (1.016 ns)

 <State 2>: 5.406ns
The critical path consists of the following:
	'call' operation 0 bit ('call_ln162', src/IDST7.cpp:162) to 'IDST7B32_Pipeline_VITIS_LOOP_73_1' [123]  (5.406 ns)


============================================================
+ Verbose Summary: Binding
============================================================
N/A
* FSMD analyzer results:
  - Output states:
 - Input state : 
  - Chain level:
	State 1
	State 2


============================================================
+ Verbose Summary: Datapath Resource usage 
============================================================
N/A
