  **** HLS Build v2024.2 5238294
INFO: [HLS 200-2005] Using work_dir /home/mahir/Desktop/vvc/VVC-Decoder-Accelerator/dct8_dir 
INFO: [HLS 200-2006] Changing directory to /home/mahir/Desktop/vvc/VVC-Decoder-Accelerator
INFO: [HLS 200-1505] Using default flow_target 'vivado'
Resolution: For help on HLS 200-1505 see docs.xilinx.com/access/sources/dita/topic?Doc_Version=2024.2%20English&url=ug1448-hls-guidance&resourceid=200-1505.html
INFO: [HLS 200-1465] Applying ini 'syn.file=../src/IDCT8.cpp' from /home/mahir/Desktop/vvc/VVC-Decoder-Accelerator/Hardware/dct8-compile.cfg(19)
INFO: [HLS 200-10] Adding design file '/home/mahir/Desktop/vvc/VVC-Decoder-Accelerator/src/IDCT8.cpp' to the project
INFO: [HLS 200-1465] Applying ini 'syn.file=../src/transform_coeffs.h' from /home/mahir/Desktop/vvc/VVC-Decoder-Accelerator/Hardware/dct8-compile.cfg(20)
INFO: [HLS 200-10] Adding design file '/home/mahir/Desktop/vvc/VVC-Decoder-Accelerator/src/transform_coeffs.h' to the project
INFO: [HLS 200-1465] Applying ini 'syn.top=IDCT8' from /home/mahir/Desktop/vvc/VVC-Decoder-Accelerator/Hardware/dct8-compile.cfg(21)
INFO: [HLS 200-1465] Applying ini 'flow_target=vitis' from /home/mahir/Desktop/vvc/VVC-Decoder-Accelerator/Hardware/dct8-compile.cfg(16)
INFO: [HLS 200-1505] Using flow_target 'vitis'
Resolution: For help on HLS 200-1505 see docs.xilinx.com/access/sources/dita/topic?Doc_Version=2024.2%20English&url=ug1448-hls-guidance&resourceid=200-1505.html
INFO: [HLS 200-435] Setting 'open_solution -flow_target vitis' configuration: config_interface -m_axi_latency=64
INFO: [HLS 200-435] Setting 'open_solution -flow_target vitis' configuration: config_interface -m_axi_alignment_byte_size=64
INFO: [HLS 200-435] Setting 'open_solution -flow_target vitis' configuration: config_interface -m_axi_max_widen_bitwidth=512
INFO: [HLS 200-435] Setting 'open_solution -flow_target vitis' configuration: config_rtl -register_reset_num=3
INFO: [HLS 200-1465] Applying ini 'part=xczu9eg-ffvb1156-2-e' from /home/mahir/Desktop/vvc/VVC-Decoder-Accelerator/Hardware/dct8-compile.cfg(1)
INFO: [HLS 200-1611] Setting target device to 'xczu9eg-ffvb1156-2-e'
INFO: [HLS 200-1465] Applying ini 'package.output.format=xo' from /home/mahir/Desktop/vvc/VVC-Decoder-Accelerator/Hardware/dct8-compile.cfg(17)
INFO: [HLS 200-111] Finished File checks and directory preparation: CPU user time: 2.02 seconds. CPU system time: 0.22 seconds. Elapsed time: 2.13 seconds; current allocated memory: 909.270 MB.
INFO: [HLS 200-10] Analyzing design file 'src/IDCT8.cpp' ... 
INFO: [HLS 200-111] Finished Source Code Analysis and Preprocessing: CPU user time: 2.91 seconds. CPU system time: 0.32 seconds. Elapsed time: 3.23 seconds; current allocated memory: 911.859 MB.
INFO: [HLS 200-777] Using interface defaults for 'Vitis' flow target.
INFO: [HLS 200-1995] There were 8,976 instructions in the design after the 'Compile/Link' phase of compilation. See the Design Size Report for more details: /home/mahir/Desktop/vvc/VVC-Decoder-Accelerator/dct8_dir/hls/syn/report/csynth_design_size.rpt
INFO: [HLS 200-1995] There were 12,379 instructions in the design after the 'Unroll/Inline (step 1)' phase of compilation. See the Design Size Report for more details: /home/mahir/Desktop/vvc/VVC-Decoder-Accelerator/dct8_dir/hls/syn/report/csynth_design_size.rpt
INFO: [HLS 200-1995] There were 10,394 instructions in the design after the 'Unroll/Inline (step 2)' phase of compilation. See the Design Size Report for more details: /home/mahir/Desktop/vvc/VVC-Decoder-Accelerator/dct8_dir/hls/syn/report/csynth_design_size.rpt
INFO: [HLS 200-1995] There were 10,370 instructions in the design after the 'Unroll/Inline (step 3)' phase of compilation. See the Design Size Report for more details: /home/mahir/Desktop/vvc/VVC-Decoder-Accelerator/dct8_dir/hls/syn/report/csynth_design_size.rpt
INFO: [HLS 200-1995] There were 10,347 instructions in the design after the 'Unroll/Inline (step 4)' phase of compilation. See the Design Size Report for more details: /home/mahir/Desktop/vvc/VVC-Decoder-Accelerator/dct8_dir/hls/syn/report/csynth_design_size.rpt
INFO: [HLS 200-1995] There were 9,144 instructions in the design after the 'Array/Struct (step 1)' phase of compilation. See the Design Size Report for more details: /home/mahir/Desktop/vvc/VVC-Decoder-Accelerator/dct8_dir/hls/syn/report/csynth_design_size.rpt
INFO: [HLS 200-1995] There were 9,140 instructions in the design after the 'Array/Struct (step 2)' phase of compilation. See the Design Size Report for more details: /home/mahir/Desktop/vvc/VVC-Decoder-Accelerator/dct8_dir/hls/syn/report/csynth_design_size.rpt
INFO: [HLS 200-1995] There were 9,140 instructions in the design after the 'Array/Struct (step 3)' phase of compilation. See the Design Size Report for more details: /home/mahir/Desktop/vvc/VVC-Decoder-Accelerator/dct8_dir/hls/syn/report/csynth_design_size.rpt
INFO: [HLS 200-1995] There were 9,140 instructions in the design after the 'Array/Struct (step 4)' phase of compilation. See the Design Size Report for more details: /home/mahir/Desktop/vvc/VVC-Decoder-Accelerator/dct8_dir/hls/syn/report/csynth_design_size.rpt
INFO: [HLS 200-1995] There were 9,143 instructions in the design after the 'Array/Struct (step 5)' phase of compilation. See the Design Size Report for more details: /home/mahir/Desktop/vvc/VVC-Decoder-Accelerator/dct8_dir/hls/syn/report/csynth_design_size.rpt
INFO: [HLS 200-1995] There were 7,606 instructions in the design after the 'Performance' phase of compilation. See the Design Size Report for more details: /home/mahir/Desktop/vvc/VVC-Decoder-Accelerator/dct8_dir/hls/syn/report/csynth_design_size.rpt
INFO: [HLS 200-1995] There were 4,841 instructions in the design after the 'Performance (step 2)' phase of compilation. See the Design Size Report for more details: /home/mahir/Desktop/vvc/VVC-Decoder-Accelerator/dct8_dir/hls/syn/report/csynth_design_size.rpt
INFO: [HLS 200-1995] There were 4,666 instructions in the design after the 'Performance (step 3)' phase of compilation. See the Design Size Report for more details: /home/mahir/Desktop/vvc/VVC-Decoder-Accelerator/dct8_dir/hls/syn/report/csynth_design_size.rpt
INFO: [HLS 200-1995] There were 4,540 instructions in the design after the 'Performance (step 4)' phase of compilation. See the Design Size Report for more details: /home/mahir/Desktop/vvc/VVC-Decoder-Accelerator/dct8_dir/hls/syn/report/csynth_design_size.rpt
INFO: [HLS 200-1995] There were 4,548 instructions in the design after the 'HW Transforms (step 1)' phase of compilation. See the Design Size Report for more details: /home/mahir/Desktop/vvc/VVC-Decoder-Accelerator/dct8_dir/hls/syn/report/csynth_design_size.rpt
INFO: [HLS 200-1995] There were 4,548 instructions in the design after the 'HW Transforms (step 2)' phase of compilation. See the Design Size Report for more details: /home/mahir/Desktop/vvc/VVC-Decoder-Accelerator/dct8_dir/hls/syn/report/csynth_design_size.rpt
INFO: [HLS 214-131] Inlining function 'CLIP3(ap_int<32>, ap_int<32>, ap_int<32>)' into 'INV_MATMUL_32(ap_int<32> const*, ap_int<32>*, ap_int<32>, ap_int<32>, ap_int<32>, ap_int<32>, ap_int<32> const (*) [32])' (src/IDCT8.cpp:88:18)
INFO: [HLS 214-131] Inlining function 'INV_MATMUL_32(ap_int<32> const*, ap_int<32>*, ap_int<32>, ap_int<32>, ap_int<32>, ap_int<32>, ap_int<32> const (*) [32])' into 'IDCT8B32(ap_int<32>*, ap_int<32>*, ap_int<32>, ap_int<32>, ap_int<32>, ap_int<32>)' (src/IDCT8.cpp:165:5)
INFO: [HLS 214-131] Inlining function 'CLIP3(ap_int<32>, ap_int<32>, ap_int<32>)' into 'INV_MATMUL_16(ap_int<32> const*, ap_int<32>*, ap_int<32>, ap_int<32>, ap_int<32>, ap_int<32>, ap_int<32> const (*) [16])' (src/IDCT8.cpp:62:18)
INFO: [HLS 214-131] Inlining function 'INV_MATMUL_16(ap_int<32> const*, ap_int<32>*, ap_int<32>, ap_int<32>, ap_int<32>, ap_int<32>, ap_int<32> const (*) [16])' into 'IDCT8B16(ap_int<32>*, ap_int<32>*, ap_int<32>, ap_int<32>, ap_int<32>, ap_int<32>)' (src/IDCT8.cpp:118:5)
INFO: [HLS 214-131] Inlining function 'CLIP3(ap_int<32>, ap_int<32>, ap_int<32>)' into 'INV_MATMUL_8(ap_int<32> const*, ap_int<32>*, ap_int<32>, ap_int<32>, ap_int<32>, ap_int<32>, ap_int<32> const (*) [8])' (src/IDCT8.cpp:35:18)
INFO: [HLS 214-131] Inlining function 'INV_MATMUL_8(ap_int<32> const*, ap_int<32>*, ap_int<32>, ap_int<32>, ap_int<32>, ap_int<32>, ap_int<32> const (*) [8])' into 'IDCT8B8(ap_int<32>*, ap_int<32>*, ap_int<32>, ap_int<32>, ap_int<32>, ap_int<32>)' (src/IDCT8.cpp:114:5)
INFO: [HLS 214-131] Inlining function 'CLIP3(ap_int<32>, ap_int<32>, ap_int<32>)' into 'IDCT8B4(ap_int<32>*, ap_int<32>*, ap_int<32>, ap_int<32>, ap_int<32>)' (src/IDCT8.cpp:109:14)
INFO: [HLS 214-291] Loop 'VITIS_LOOP_332_8' is marked as complete unroll implied by the pipeline pragma (src/IDCT8.cpp:332:20)
INFO: [HLS 214-291] Loop 'VITIS_LOOP_339_9' is marked as complete unroll implied by the pipeline pragma (src/IDCT8.cpp:339:31)
INFO: [HLS 214-291] Loop 'VITIS_LOOP_312_6' is marked as complete unroll implied by the pipeline pragma (src/IDCT8.cpp:312:20)
INFO: [HLS 214-291] Loop 'VITIS_LOOP_319_7' is marked as complete unroll implied by the pipeline pragma (src/IDCT8.cpp:319:31)
INFO: [HLS 214-291] Loop 'VITIS_LOOP_293_4' is marked as complete unroll implied by the pipeline pragma (src/IDCT8.cpp:293:20)
INFO: [HLS 214-291] Loop 'VITIS_LOOP_300_5' is marked as complete unroll implied by the pipeline pragma (src/IDCT8.cpp:300:31)
INFO: [HLS 214-291] Loop 'VITIS_LOOP_273_2' is marked as complete unroll implied by the pipeline pragma (src/IDCT8.cpp:273:20)
INFO: [HLS 214-291] Loop 'VITIS_LOOP_280_3' is marked as complete unroll implied by the pipeline pragma (src/IDCT8.cpp:280:31)
INFO: [HLS 214-291] Loop 'VITIS_LOOP_21_1' is marked as complete unroll implied by the pipeline pragma (src/IDCT8.cpp:21:22)
INFO: [HLS 214-291] Loop 'VITIS_LOOP_25_2' is marked as complete unroll implied by the pipeline pragma (src/IDCT8.cpp:25:26)
INFO: [HLS 214-291] Loop 'VITIS_LOOP_47_1' is marked as complete unroll implied by the pipeline pragma (src/IDCT8.cpp:47:22)
INFO: [HLS 214-291] Loop 'VITIS_LOOP_52_2' is marked as complete unroll implied by the pipeline pragma (src/IDCT8.cpp:52:26)
INFO: [HLS 214-291] Loop 'VITIS_LOOP_73_1' is marked as complete unroll implied by the pipeline pragma (src/IDCT8.cpp:73:22)
INFO: [HLS 214-291] Loop 'VITIS_LOOP_78_2' is marked as complete unroll implied by the pipeline pragma (src/IDCT8.cpp:78:26)
INFO: [HLS 214-186] Unrolling loop 'VITIS_LOOP_332_8' (src/IDCT8.cpp:332:20) in function 'IDCT8' completely with a factor of 4 (src/IDCT8.cpp:245:0)
INFO: [HLS 214-186] Unrolling loop 'VITIS_LOOP_339_9' (src/IDCT8.cpp:339:31) in function 'IDCT8' completely with a factor of 4 (src/IDCT8.cpp:245:0)
INFO: [HLS 214-186] Unrolling loop 'VITIS_LOOP_312_6' (src/IDCT8.cpp:312:20) in function 'IDCT8' completely with a factor of 8 (src/IDCT8.cpp:245:0)
INFO: [HLS 214-186] Unrolling loop 'VITIS_LOOP_319_7' (src/IDCT8.cpp:319:31) in function 'IDCT8' completely with a factor of 8 (src/IDCT8.cpp:245:0)
INFO: [HLS 214-186] Unrolling loop 'VITIS_LOOP_293_4' (src/IDCT8.cpp:293:20) in function 'IDCT8' completely with a factor of 16 (src/IDCT8.cpp:245:0)
INFO: [HLS 214-186] Unrolling loop 'VITIS_LOOP_300_5' (src/IDCT8.cpp:300:31) in function 'IDCT8' completely with a factor of 16 (src/IDCT8.cpp:245:0)
INFO: [HLS 214-186] Unrolling loop 'VITIS_LOOP_273_2' (src/IDCT8.cpp:273:20) in function 'IDCT8' completely with a factor of 32 (src/IDCT8.cpp:245:0)
INFO: [HLS 214-186] Unrolling loop 'VITIS_LOOP_280_3' (src/IDCT8.cpp:280:31) in function 'IDCT8' completely with a factor of 32 (src/IDCT8.cpp:245:0)
INFO: [HLS 214-186] Unrolling loop 'VITIS_LOOP_21_1' (src/IDCT8.cpp:21:22) in function 'IDCT8B8' completely with a factor of 8 (src/IDCT8.cpp:113:0)
WARNING: [HLS 214-189] Pipeline directive for loop 'VITIS_LOOP_21_1' (src/IDCT8.cpp:21:22) in function 'IDCT8B8' has been removed because the loop is unrolled completely (src/IDCT8.cpp:113:0)
INFO: [HLS 214-186] Unrolling loop 'VITIS_LOOP_25_2' (src/IDCT8.cpp:25:26) in function 'IDCT8B8' completely with a factor of 8 (src/IDCT8.cpp:113:0)
WARNING: [HLS 214-189] Pipeline directive for loop 'VITIS_LOOP_25_2' (src/IDCT8.cpp:25:26) in function 'IDCT8B8' has been removed because the loop is unrolled completely (src/IDCT8.cpp:113:0)
INFO: [HLS 214-186] Unrolling loop 'VITIS_LOOP_47_1' (src/IDCT8.cpp:47:22) in function 'IDCT8B16' completely with a factor of 16 (src/IDCT8.cpp:117:0)
WARNING: [HLS 214-189] Pipeline directive for loop 'VITIS_LOOP_47_1' (src/IDCT8.cpp:47:22) in function 'IDCT8B16' has been removed because the loop is unrolled completely (src/IDCT8.cpp:117:0)
INFO: [HLS 214-186] Unrolling loop 'VITIS_LOOP_52_2' (src/IDCT8.cpp:52:26) in function 'IDCT8B16' completely with a factor of 16 (src/IDCT8.cpp:117:0)
WARNING: [HLS 214-189] Pipeline directive for loop 'VITIS_LOOP_52_2' (src/IDCT8.cpp:52:26) in function 'IDCT8B16' has been removed because the loop is unrolled completely (src/IDCT8.cpp:117:0)
INFO: [HLS 214-186] Unrolling loop 'VITIS_LOOP_73_1' (src/IDCT8.cpp:73:22) in function 'IDCT8B32' completely with a factor of 32 (src/IDCT8.cpp:163:0)
WARNING: [HLS 214-189] Pipeline directive for loop 'VITIS_LOOP_73_1' (src/IDCT8.cpp:73:22) in function 'IDCT8B32' has been removed because the loop is unrolled completely (src/IDCT8.cpp:163:0)
INFO: [HLS 214-186] Unrolling loop 'VITIS_LOOP_78_2' (src/IDCT8.cpp:78:26) in function 'IDCT8B32' completely with a factor of 32 (src/IDCT8.cpp:163:0)
WARNING: [HLS 214-189] Pipeline directive for loop 'VITIS_LOOP_78_2' (src/IDCT8.cpp:78:26) in function 'IDCT8B32' has been removed because the loop is unrolled completely (src/IDCT8.cpp:163:0)
INFO: [HLS 214-178] Inlining function 'IDCT8B4(ap_int<32>*, ap_int<32>*, ap_int<32>, ap_int<32>, ap_int<32>)' into 'IDCT8' (src/IDCT8.cpp:245:0)
INFO: [HLS 214-248] Applying array_partition to 'in_data': Complete partitioning on dimension 1. (src/IDCT8.cpp:268:24)
INFO: [HLS 214-248] Applying array_partition to 'out_data': Complete partitioning on dimension 1. (src/IDCT8.cpp:269:24)
INFO: [HLS 214-248] Applying array_partition to 'in_data36': Complete partitioning on dimension 1. (src/IDCT8.cpp:288:24)
INFO: [HLS 214-248] Applying array_partition to 'out_data37': Complete partitioning on dimension 1. (src/IDCT8.cpp:289:24)
INFO: [HLS 214-248] Applying array_partition to 'in_data79': Complete partitioning on dimension 1. (src/IDCT8.cpp:307:24)
INFO: [HLS 214-248] Applying array_partition to 'out_data80': Complete partitioning on dimension 1. (src/IDCT8.cpp:308:24)
INFO: [HLS 214-364] Automatically inlining function 'IDCT8B8(ap_int<32>*, ap_int<32>*, ap_int<32>, ap_int<32>, ap_int<32>, ap_int<32>)' to improve effectiveness of pipeline pragma in function 'IDCT8' (src/IDCT8.cpp:317:13)
INFO: [HLS 214-364] Automatically inlining function 'IDCT8B16(ap_int<32>*, ap_int<32>*, ap_int<32>, ap_int<32>, ap_int<32>, ap_int<32>)' to improve effectiveness of pipeline pragma in function 'IDCT8' (src/IDCT8.cpp:298:13)
INFO: [HLS 214-364] Automatically inlining function 'IDCT8B32(ap_int<32>*, ap_int<32>*, ap_int<32>, ap_int<32>, ap_int<32>, ap_int<32>)' to improve effectiveness of pipeline pragma in function 'IDCT8' (src/IDCT8.cpp:278:13)
INFO: [HLS 214-115] Multiple burst reads of variable length and bit width 512 in loop 'VITIS_LOOP_260_1'(src/IDCT8.cpp:260:20) has been inferred on bundle 'gmem0'. These burst requests might be further partitioned into multiple requests during RTL generation, based on max_read_burst_length or max_write_burst_length settings. (src/IDCT8.cpp:260:20)
INFO: [HLS 214-115] Multiple burst writes of variable length and bit width 512 in loop 'VITIS_LOOP_260_1'(src/IDCT8.cpp:260:20) has been inferred on bundle 'gmem1'. These burst requests might be further partitioned into multiple requests during RTL generation, based on max_read_burst_length or max_write_burst_length settings. (src/IDCT8.cpp:260:20)
INFO: [HLS 200-111] Finished Compiling Optimization and Transform: CPU user time: 7.19 seconds. CPU system time: 0.26 seconds. Elapsed time: 12.08 seconds; current allocated memory: 914.727 MB.
INFO: [HLS 200-111] Finished Checking Pragmas: CPU user time: 0 seconds. CPU system time: 0 seconds. Elapsed time: 0 seconds; current allocated memory: 914.727 MB.
INFO: [HLS 200-10] Starting code transformations ...
INFO: [HLS 200-111] Finished Standard Transforms: CPU user time: 0.07 seconds. CPU system time: 0 seconds. Elapsed time: 0.07 seconds; current allocated memory: 925.594 MB.
INFO: [HLS 200-10] Checking synthesizability ...
WARNING: [SYNCHK 200-24] src/IDCT8.cpp:275: Index for bit vector operation is out of bound.
INFO: [SYNCHK 200-10] 0 error(s), 1 warning(s).
INFO: [HLS 200-111] Finished Checking Synthesizability: CPU user time: 0.39 seconds. CPU system time: 0 seconds. Elapsed time: 0.39 seconds; current allocated memory: 926.793 MB.
INFO: [HLS 200-111] Finished Loop, function and other optimizations: CPU user time: 2.66 seconds. CPU system time: 0.01 seconds. Elapsed time: 2.67 seconds; current allocated memory: 963.211 MB.
INFO: [HLS 200-111] Finished Architecture Synthesis: CPU user time: 3.31 seconds. CPU system time: 0.01 seconds. Elapsed time: 3.32 seconds; current allocated memory: 971.219 MB.
INFO: [HLS 200-10] Starting hardware synthesis ...
INFO: [HLS 200-10] Synthesizing 'IDCT8' ...
INFO: [SYN 201-201] Setting up clock 'default' with a period of 10ns.
INFO: [HLS 200-10] ----------------------------------------------------------------
INFO: [HLS 200-42] -- Implementing module 'IDCT8_Pipeline_VITIS_LOOP_260_1' 
INFO: [HLS 200-10] ----------------------------------------------------------------
INFO: [SCHED 204-11] Starting scheduling ...
INFO: [SCHED 204-61] Pipelining loop 'VITIS_LOOP_260_1'.
INFO: [HLS 200-1470] Pipelining result : Target II = 1, Final II = 1, Depth = 11, loop 'VITIS_LOOP_260_1'
INFO: [SCHED 204-11] Finished scheduling.
INFO: [HLS 200-111] Finished Scheduling: CPU user time: 2.86 seconds. CPU system time: 0.04 seconds. Elapsed time: 2.91 seconds; current allocated memory: 1.052 GB.
INFO: [BIND 205-100] Starting micro-architecture generation ...
INFO: [BIND 205-101] Performing variable lifetime analysis.
INFO: [BIND 205-101] Exploring resource sharing.
INFO: [BIND 205-101] Binding ...
INFO: [BIND 205-100] Finished micro-architecture generation.
INFO: [HLS 200-111] Finished Binding: CPU user time: 2.64 seconds. CPU system time: 0.01 seconds. Elapsed time: 2.66 seconds; current allocated memory: 1.052 GB.
INFO: [HLS 200-10] ----------------------------------------------------------------
INFO: [HLS 200-42] -- Implementing module 'IDCT8' 
INFO: [HLS 200-10] ----------------------------------------------------------------
INFO: [SCHED 204-11] Starting scheduling ...
INFO: [SCHED 204-11] Finished scheduling.
INFO: [HLS 200-111] Finished Scheduling: CPU user time: 0.25 seconds. CPU system time: 0 seconds. Elapsed time: 0.26 seconds; current allocated memory: 1.052 GB.
INFO: [BIND 205-100] Starting micro-architecture generation ...
INFO: [BIND 205-101] Performing variable lifetime analysis.
INFO: [BIND 205-101] Exploring resource sharing.
INFO: [BIND 205-101] Binding ...
INFO: [BIND 205-100] Finished micro-architecture generation.
INFO: [HLS 200-111] Finished Binding: CPU user time: 0.04 seconds. CPU system time: 0.01 seconds. Elapsed time: 0.04 seconds; current allocated memory: 1.052 GB.
INFO: [HLS 200-10] ----------------------------------------------------------------
INFO: [HLS 200-10] -- Generating RTL for module 'IDCT8_Pipeline_VITIS_LOOP_260_1' 
INFO: [HLS 200-10] ----------------------------------------------------------------
INFO: [HLS 200-1030] Apply Unified Pipeline Control on module 'IDCT8_Pipeline_VITIS_LOOP_260_1' pipeline 'VITIS_LOOP_260_1' pipeline type 'loop pipeline'
WARNING: [RTGEN 206-101] Setting dangling out port 'IDCT8_Pipeline_VITIS_LOOP_260_1/m_axi_gmem0_0_ARVALID' to 0.
WARNING: [RTGEN 206-101] Setting dangling out port 'IDCT8_Pipeline_VITIS_LOOP_260_1/m_axi_gmem0_0_ARADDR' to 0.
WARNING: [RTGEN 206-101] Setting dangling out port 'IDCT8_Pipeline_VITIS_LOOP_260_1/m_axi_gmem0_0_ARID' to 0.
WARNING: [RTGEN 206-101] Setting dangling out port 'IDCT8_Pipeline_VITIS_LOOP_260_1/m_axi_gmem0_0_ARLEN' to 0.
WARNING: [RTGEN 206-101] Setting dangling out port 'IDCT8_Pipeline_VITIS_LOOP_260_1/m_axi_gmem0_0_ARSIZE' to 0.
WARNING: [RTGEN 206-101] Setting dangling out port 'IDCT8_Pipeline_VITIS_LOOP_260_1/m_axi_gmem0_0_ARBURST' to 0.
WARNING: [RTGEN 206-101] Setting dangling out port 'IDCT8_Pipeline_VITIS_LOOP_260_1/m_axi_gmem0_0_ARLOCK' to 0.
WARNING: [RTGEN 206-101] Setting dangling out port 'IDCT8_Pipeline_VITIS_LOOP_260_1/m_axi_gmem0_0_ARCACHE' to 0.
WARNING: [RTGEN 206-101] Setting dangling out port 'IDCT8_Pipeline_VITIS_LOOP_260_1/m_axi_gmem0_0_ARPROT' to 0.
WARNING: [RTGEN 206-101] Setting dangling out port 'IDCT8_Pipeline_VITIS_LOOP_260_1/m_axi_gmem0_0_ARQOS' to 0.
WARNING: [RTGEN 206-101] Setting dangling out port 'IDCT8_Pipeline_VITIS_LOOP_260_1/m_axi_gmem0_0_ARREGION' to 0.
WARNING: [RTGEN 206-101] Setting dangling out port 'IDCT8_Pipeline_VITIS_LOOP_260_1/m_axi_gmem0_0_ARUSER' to 0.
WARNING: [RTGEN 206-101] Setting dangling out port 'IDCT8_Pipeline_VITIS_LOOP_260_1/m_axi_gmem1_0_AWVALID' to 0.
WARNING: [RTGEN 206-101] Setting dangling out port 'IDCT8_Pipeline_VITIS_LOOP_260_1/m_axi_gmem1_0_AWADDR' to 0.
WARNING: [RTGEN 206-101] Setting dangling out port 'IDCT8_Pipeline_VITIS_LOOP_260_1/m_axi_gmem1_0_AWID' to 0.
WARNING: [RTGEN 206-101] Setting dangling out port 'IDCT8_Pipeline_VITIS_LOOP_260_1/m_axi_gmem1_0_AWLEN' to 0.
WARNING: [RTGEN 206-101] Setting dangling out port 'IDCT8_Pipeline_VITIS_LOOP_260_1/m_axi_gmem1_0_AWSIZE' to 0.
WARNING: [RTGEN 206-101] Setting dangling out port 'IDCT8_Pipeline_VITIS_LOOP_260_1/m_axi_gmem1_0_AWBURST' to 0.
WARNING: [RTGEN 206-101] Setting dangling out port 'IDCT8_Pipeline_VITIS_LOOP_260_1/m_axi_gmem1_0_AWLOCK' to 0.
WARNING: [RTGEN 206-101] Setting dangling out port 'IDCT8_Pipeline_VITIS_LOOP_260_1/m_axi_gmem1_0_AWCACHE' to 0.
WARNING: [RTGEN 206-101] Setting dangling out port 'IDCT8_Pipeline_VITIS_LOOP_260_1/m_axi_gmem1_0_AWPROT' to 0.
WARNING: [RTGEN 206-101] Setting dangling out port 'IDCT8_Pipeline_VITIS_LOOP_260_1/m_axi_gmem1_0_AWQOS' to 0.
WARNING: [RTGEN 206-101] Setting dangling out port 'IDCT8_Pipeline_VITIS_LOOP_260_1/m_axi_gmem1_0_AWREGION' to 0.
WARNING: [RTGEN 206-101] Setting dangling out port 'IDCT8_Pipeline_VITIS_LOOP_260_1/m_axi_gmem1_0_AWUSER' to 0.
WARNING: [RTGEN 206-101] Setting dangling out port 'IDCT8_Pipeline_VITIS_LOOP_260_1/m_axi_gmem1_0_BREADY' to 0.
INFO: [RTGEN 206-104] Estimated max fanout for 'IDCT8_Pipeline_VITIS_LOOP_260_1' is 30780 from HDL expression: (1'b0 == ap_block_pp0_stage0_11001_grp1)
INFO: [RTGEN 206-100] Generating core module 'mul_32s_5s_32_1_1': 10 instance(s).
INFO: [RTGEN 206-100] Generating core module 'mul_32s_6s_32_1_1': 8 instance(s).
INFO: [RTGEN 206-100] Generating core module 'mul_32s_7s_32_1_1': 28 instance(s).
INFO: [RTGEN 206-100] Generating core module 'mul_32s_7s_39_1_1': 1 instance(s).
INFO: [RTGEN 206-100] Generating core module 'mul_32s_8s_32_1_1': 109 instance(s).
INFO: [RTGEN 206-100] Finished creating RTL model for 'IDCT8_Pipeline_VITIS_LOOP_260_1'.
INFO: [HLS 200-111] Finished Creating RTL model: CPU user time: 0.86 seconds. CPU system time: 0 seconds. Elapsed time: 0.89 seconds; current allocated memory: 1.052 GB.
INFO: [HLS 200-10] ----------------------------------------------------------------
INFO: [HLS 200-10] -- Generating RTL for module 'IDCT8' 
INFO: [HLS 200-10] ----------------------------------------------------------------
WARNING: [RTGEN 206-101] Design contains AXI ports. Reset is fixed to synchronous and active low.
INFO: [RTGEN 206-500] Setting interface mode on port 'IDCT8/gmem0' to 'm_axi'.
INFO: [RTGEN 206-500] Setting interface mode on port 'IDCT8/gmem1' to 'm_axi'.
INFO: [RTGEN 206-500] Setting interface mode on port 'IDCT8/in_r' to 's_axilite & ap_none'.
INFO: [RTGEN 206-500] Setting interface mode on port 'IDCT8/out_r' to 's_axilite & ap_none'.
INFO: [RTGEN 206-500] Setting interface mode on port 'IDCT8/block_size' to 's_axilite & ap_none'.
INFO: [RTGEN 206-500] Setting interface mode on port 'IDCT8/sIn' to 's_axilite & ap_none'.
INFO: [RTGEN 206-500] Setting interface mode on port 'IDCT8/size' to 's_axilite & ap_none'.
INFO: [RTGEN 206-500] Setting interface mode on port 'IDCT8/shift' to 's_axilite & ap_none'.
INFO: [RTGEN 206-500] Setting interface mode on port 'IDCT8/oMin' to 's_axilite & ap_none'.
INFO: [RTGEN 206-500] Setting interface mode on port 'IDCT8/oMax' to 's_axilite & ap_none'.
INFO: [RTGEN 206-500] Setting interface mode on function 'IDCT8' to 's_axilite & ap_ctrl_chain'.
INFO: [RTGEN 206-100] Bundling port 'in_r', 'out_r', 'block_size', 'sIn', 'size', 'shift', 'oMin', 'oMax' and 'return' to AXI-Lite port control.
INFO: [RTGEN 206-100] Finished creating RTL model for 'IDCT8'.
INFO: [HLS 200-111] Finished Creating RTL model: CPU user time: 1.3 seconds. CPU system time: 0.06 seconds. Elapsed time: 1.36 seconds; current allocated memory: 1.119 GB.
INFO: [HLS 200-111] Finished Generating all RTL models: CPU user time: 0.3 seconds. CPU system time: 0.01 seconds. Elapsed time: 0.31 seconds; current allocated memory: 1.141 GB.
INFO: [HLS 200-1603] Design has inferred MAXI bursts and missed bursts, see Vitis HLS GUI synthesis summary report for detailed information.
INFO: [HLS 200-111] Finished Updating report files: CPU user time: 0.71 seconds. CPU system time: 0.01 seconds. Elapsed time: 0.72 seconds; current allocated memory: 1.184 GB.
INFO: [VHDL 208-304] Generating VHDL RTL for IDCT8.
INFO: [VLOG 209-307] Generating Verilog RTL for IDCT8.
INFO: [HLS 200-790] **** Loop Constraint Status: All loop constraints were satisfied.
INFO: [HLS 200-789] **** Estimated Fmax: 136.99 MHz
INFO: [HLS 200-112] Total CPU user time: 27.66 seconds. Total CPU system time: 0.97 seconds. Total elapsed time: 33.19 seconds; peak allocated memory: 1.184 GB.
INFO: [v++ 60-791] Total elapsed time: 0h 0m 36s
