  **** HLS Build v2024.2 5238294
INFO: [HLS 200-2005] Using work_dir /home/mahir/Desktop/vvc/VVC-Decoder-Accelerator/dct8_dir 
INFO: [HLS 200-2006] Changing directory to /home/mahir/Desktop/vvc/VVC-Decoder-Accelerator
INFO: [HLS 200-1505] Using default flow_target 'vivado'
Resolution: For help on HLS 200-1505 see docs.xilinx.com/access/sources/dita/topic?Doc_Version=2024.2%20English&url=ug1448-hls-guidance&resourceid=200-1505.html
INFO: [HLS 200-1465] Applying ini 'syn.file=../src/IDCT8.cpp' from /home/mahir/Desktop/vvc/VVC-Decoder-Accelerator/Hardware/dct8-compile.cfg(19)
INFO: [HLS 200-10] Adding design file '/home/mahir/Desktop/vvc/VVC-Decoder-Accelerator/src/IDCT8.cpp' to the project
INFO: [HLS 200-1465] Applying ini 'syn.file=../src/transform_coeffs.h' from /home/mahir/Desktop/vvc/VVC-Decoder-Accelerator/Hardware/dct8-compile.cfg(20)
INFO: [HLS 200-10] Adding design file '/home/mahir/Desktop/vvc/VVC-Decoder-Accelerator/src/transform_coeffs.h' to the project
INFO: [HLS 200-1465] Applying ini 'syn.top=IDCT8' from /home/mahir/Desktop/vvc/VVC-Decoder-Accelerator/Hardware/dct8-compile.cfg(21)
INFO: [HLS 200-1465] Applying ini 'flow_target=vitis' from /home/mahir/Desktop/vvc/VVC-Decoder-Accelerator/Hardware/dct8-compile.cfg(16)
INFO: [HLS 200-1505] Using flow_target 'vitis'
Resolution: For help on HLS 200-1505 see docs.xilinx.com/access/sources/dita/topic?Doc_Version=2024.2%20English&url=ug1448-hls-guidance&resourceid=200-1505.html
INFO: [HLS 200-435] Setting 'open_solution -flow_target vitis' configuration: config_interface -m_axi_latency=64
INFO: [HLS 200-435] Setting 'open_solution -flow_target vitis' configuration: config_interface -m_axi_alignment_byte_size=64
INFO: [HLS 200-435] Setting 'open_solution -flow_target vitis' configuration: config_interface -m_axi_max_widen_bitwidth=512
INFO: [HLS 200-435] Setting 'open_solution -flow_target vitis' configuration: config_rtl -register_reset_num=3
INFO: [HLS 200-1465] Applying ini 'part=xczu9eg-ffvb1156-2-e' from /home/mahir/Desktop/vvc/VVC-Decoder-Accelerator/Hardware/dct8-compile.cfg(1)
INFO: [HLS 200-1611] Setting target device to 'xczu9eg-ffvb1156-2-e'
INFO: [HLS 200-1465] Applying ini 'package.output.format=xo' from /home/mahir/Desktop/vvc/VVC-Decoder-Accelerator/Hardware/dct8-compile.cfg(17)
INFO: [HLS 200-111] Finished File checks and directory preparation: CPU user time: 1.98 seconds. CPU system time: 0.19 seconds. Elapsed time: 2.06 seconds; current allocated memory: 909.414 MB.
INFO: [HLS 200-10] Analyzing design file 'src/IDCT8.cpp' ... 
WARNING: [HLS 207-5538] 'Resource pragma' is deprecated, use 'bind_op/bind_storage pragma' instead (src/IDCT8.cpp:728:9)
WARNING: [HLS 207-5538] 'Resource pragma' is deprecated, use 'bind_op/bind_storage pragma' instead (src/IDCT8.cpp:729:9)
WARNING: [HLS 207-5538] 'Resource pragma' is deprecated, use 'bind_op/bind_storage pragma' instead (src/IDCT8.cpp:730:9)
WARNING: [HLS 207-5538] 'Resource pragma' is deprecated, use 'bind_op/bind_storage pragma' instead (src/IDCT8.cpp:731:9)
WARNING: [HLS 207-5538] 'Resource pragma' is deprecated, use 'bind_op/bind_storage pragma' instead (src/IDCT8.cpp:732:9)
WARNING: [HLS 207-5538] 'Resource pragma' is deprecated, use 'bind_op/bind_storage pragma' instead (src/IDCT8.cpp:733:9)
WARNING: [HLS 207-5538] 'Resource pragma' is deprecated, use 'bind_op/bind_storage pragma' instead (src/IDCT8.cpp:734:9)
WARNING: [HLS 207-5538] 'Resource pragma' is deprecated, use 'bind_op/bind_storage pragma' instead (src/IDCT8.cpp:735:9)
WARNING: [HLS 207-5538] 'Resource pragma' is deprecated, use 'bind_op/bind_storage pragma' instead (src/IDCT8.cpp:736:9)
WARNING: [HLS 207-5538] 'Resource pragma' is deprecated, use 'bind_op/bind_storage pragma' instead (src/IDCT8.cpp:737:9)
WARNING: [HLS 207-5538] 'Resource pragma' is deprecated, use 'bind_op/bind_storage pragma' instead (src/IDCT8.cpp:738:9)
WARNING: [HLS 207-5538] 'Resource pragma' is deprecated, use 'bind_op/bind_storage pragma' instead (src/IDCT8.cpp:739:9)
WARNING: [HLS 207-5538] 'Resource pragma' is deprecated, use 'bind_op/bind_storage pragma' instead (src/IDCT8.cpp:740:9)
WARNING: [HLS 207-5538] 'Resource pragma' is deprecated, use 'bind_op/bind_storage pragma' instead (src/IDCT8.cpp:741:9)
WARNING: [HLS 207-5538] 'Resource pragma' is deprecated, use 'bind_op/bind_storage pragma' instead (src/IDCT8.cpp:742:9)
WARNING: [HLS 207-5538] 'Resource pragma' is deprecated, use 'bind_op/bind_storage pragma' instead (src/IDCT8.cpp:743:9)
WARNING: [HLS 207-5538] 'Resource pragma' is deprecated, use 'bind_op/bind_storage pragma' instead (src/IDCT8.cpp:744:9)
WARNING: [HLS 207-5538] 'Resource pragma' is deprecated, use 'bind_op/bind_storage pragma' instead (src/IDCT8.cpp:745:9)
WARNING: [HLS 207-5538] 'Resource pragma' is deprecated, use 'bind_op/bind_storage pragma' instead (src/IDCT8.cpp:746:9)
WARNING: [HLS 207-5538] 'Resource pragma' is deprecated, use 'bind_op/bind_storage pragma' instead (src/IDCT8.cpp:747:9)
WARNING: [HLS 207-5538] 'Resource pragma' is deprecated, use 'bind_op/bind_storage pragma' instead (src/IDCT8.cpp:748:9)
WARNING: [HLS 207-5538] 'Resource pragma' is deprecated, use 'bind_op/bind_storage pragma' instead (src/IDCT8.cpp:749:9)
WARNING: [HLS 207-5538] 'Resource pragma' is deprecated, use 'bind_op/bind_storage pragma' instead (src/IDCT8.cpp:750:9)
WARNING: [HLS 207-5538] 'Resource pragma' is deprecated, use 'bind_op/bind_storage pragma' instead (src/IDCT8.cpp:751:9)
WARNING: [HLS 207-5538] 'Resource pragma' is deprecated, use 'bind_op/bind_storage pragma' instead (src/IDCT8.cpp:752:9)
WARNING: [HLS 207-5538] 'Resource pragma' is deprecated, use 'bind_op/bind_storage pragma' instead (src/IDCT8.cpp:753:9)
WARNING: [HLS 207-5538] 'Resource pragma' is deprecated, use 'bind_op/bind_storage pragma' instead (src/IDCT8.cpp:754:9)
WARNING: [HLS 207-5538] 'Resource pragma' is deprecated, use 'bind_op/bind_storage pragma' instead (src/IDCT8.cpp:755:9)
WARNING: [HLS 207-5538] 'Resource pragma' is deprecated, use 'bind_op/bind_storage pragma' instead (src/IDCT8.cpp:756:9)
WARNING: [HLS 207-5538] 'Resource pragma' is deprecated, use 'bind_op/bind_storage pragma' instead (src/IDCT8.cpp:757:9)
WARNING: [HLS 207-5538] 'Resource pragma' is deprecated, use 'bind_op/bind_storage pragma' instead (src/IDCT8.cpp:758:9)
WARNING: [HLS 207-5538] 'Resource pragma' is deprecated, use 'bind_op/bind_storage pragma' instead (src/IDCT8.cpp:759:9)
WARNING: [HLS 207-5538] 'Resource pragma' is deprecated, use 'bind_op/bind_storage pragma' instead (src/IDCT8.cpp:760:9)
WARNING: [HLS 207-5538] 'Resource pragma' is deprecated, use 'bind_op/bind_storage pragma' instead (src/IDCT8.cpp:761:9)
WARNING: [HLS 207-5538] 'Resource pragma' is deprecated, use 'bind_op/bind_storage pragma' instead (src/IDCT8.cpp:762:9)
WARNING: [HLS 207-5538] 'Resource pragma' is deprecated, use 'bind_op/bind_storage pragma' instead (src/IDCT8.cpp:763:9)
WARNING: [HLS 207-5538] 'Resource pragma' is deprecated, use 'bind_op/bind_storage pragma' instead (src/IDCT8.cpp:764:9)
WARNING: [HLS 207-5538] 'Resource pragma' is deprecated, use 'bind_op/bind_storage pragma' instead (src/IDCT8.cpp:765:9)
WARNING: [HLS 207-5538] 'Resource pragma' is deprecated, use 'bind_op/bind_storage pragma' instead (src/IDCT8.cpp:766:9)
WARNING: [HLS 207-5538] 'Resource pragma' is deprecated, use 'bind_op/bind_storage pragma' instead (src/IDCT8.cpp:767:9)
WARNING: [HLS 207-5538] 'Resource pragma' is deprecated, use 'bind_op/bind_storage pragma' instead (src/IDCT8.cpp:768:9)
WARNING: [HLS 207-5538] 'Resource pragma' is deprecated, use 'bind_op/bind_storage pragma' instead (src/IDCT8.cpp:769:9)
WARNING: [HLS 207-5538] 'Resource pragma' is deprecated, use 'bind_op/bind_storage pragma' instead (src/IDCT8.cpp:770:9)
WARNING: [HLS 207-5538] 'Resource pragma' is deprecated, use 'bind_op/bind_storage pragma' instead (src/IDCT8.cpp:771:9)
WARNING: [HLS 207-5538] 'Resource pragma' is deprecated, use 'bind_op/bind_storage pragma' instead (src/IDCT8.cpp:772:9)
WARNING: [HLS 207-5538] 'Resource pragma' is deprecated, use 'bind_op/bind_storage pragma' instead (src/IDCT8.cpp:773:9)
WARNING: [HLS 207-5538] 'Resource pragma' is deprecated, use 'bind_op/bind_storage pragma' instead (src/IDCT8.cpp:774:9)
WARNING: [HLS 207-5538] 'Resource pragma' is deprecated, use 'bind_op/bind_storage pragma' instead (src/IDCT8.cpp:775:9)
WARNING: [HLS 207-5538] 'Resource pragma' is deprecated, use 'bind_op/bind_storage pragma' instead (src/IDCT8.cpp:776:9)
WARNING: [HLS 207-5538] 'Resource pragma' is deprecated, use 'bind_op/bind_storage pragma' instead (src/IDCT8.cpp:777:9)
WARNING: [HLS 207-5538] 'Resource pragma' is deprecated, use 'bind_op/bind_storage pragma' instead (src/IDCT8.cpp:778:9)
WARNING: [HLS 207-5538] 'Resource pragma' is deprecated, use 'bind_op/bind_storage pragma' instead (src/IDCT8.cpp:779:9)
WARNING: [HLS 207-5538] 'Resource pragma' is deprecated, use 'bind_op/bind_storage pragma' instead (src/IDCT8.cpp:780:9)
WARNING: [HLS 207-5538] 'Resource pragma' is deprecated, use 'bind_op/bind_storage pragma' instead (src/IDCT8.cpp:781:9)
WARNING: [HLS 207-5538] 'Resource pragma' is deprecated, use 'bind_op/bind_storage pragma' instead (src/IDCT8.cpp:782:9)
WARNING: [HLS 207-5538] 'Resource pragma' is deprecated, use 'bind_op/bind_storage pragma' instead (src/IDCT8.cpp:783:9)
WARNING: [HLS 207-5538] 'Resource pragma' is deprecated, use 'bind_op/bind_storage pragma' instead (src/IDCT8.cpp:784:9)
WARNING: [HLS 207-5538] 'Resource pragma' is deprecated, use 'bind_op/bind_storage pragma' instead (src/IDCT8.cpp:785:9)
WARNING: [HLS 207-5538] 'Resource pragma' is deprecated, use 'bind_op/bind_storage pragma' instead (src/IDCT8.cpp:786:9)
WARNING: [HLS 207-5538] 'Resource pragma' is deprecated, use 'bind_op/bind_storage pragma' instead (src/IDCT8.cpp:787:9)
WARNING: [HLS 207-5538] 'Resource pragma' is deprecated, use 'bind_op/bind_storage pragma' instead (src/IDCT8.cpp:788:9)
WARNING: [HLS 207-5538] 'Resource pragma' is deprecated, use 'bind_op/bind_storage pragma' instead (src/IDCT8.cpp:789:9)
WARNING: [HLS 207-5538] 'Resource pragma' is deprecated, use 'bind_op/bind_storage pragma' instead (src/IDCT8.cpp:790:9)
WARNING: [HLS 207-5538] 'Resource pragma' is deprecated, use 'bind_op/bind_storage pragma' instead (src/IDCT8.cpp:791:9)
WARNING: [HLS 207-5538] 'Resource pragma' is deprecated, use 'bind_op/bind_storage pragma' instead (src/IDCT8.cpp:792:9)
WARNING: [HLS 207-5538] 'Resource pragma' is deprecated, use 'bind_op/bind_storage pragma' instead (src/IDCT8.cpp:793:9)
WARNING: [HLS 207-5538] 'Resource pragma' is deprecated, use 'bind_op/bind_storage pragma' instead (src/IDCT8.cpp:794:9)
WARNING: [HLS 207-5538] 'Resource pragma' is deprecated, use 'bind_op/bind_storage pragma' instead (src/IDCT8.cpp:795:9)
WARNING: [HLS 207-5538] 'Resource pragma' is deprecated, use 'bind_op/bind_storage pragma' instead (src/IDCT8.cpp:796:9)
WARNING: [HLS 207-5538] 'Resource pragma' is deprecated, use 'bind_op/bind_storage pragma' instead (src/IDCT8.cpp:797:9)
WARNING: [HLS 207-5538] 'Resource pragma' is deprecated, use 'bind_op/bind_storage pragma' instead (src/IDCT8.cpp:798:9)
WARNING: [HLS 207-5538] 'Resource pragma' is deprecated, use 'bind_op/bind_storage pragma' instead (src/IDCT8.cpp:799:9)
WARNING: [HLS 207-5538] 'Resource pragma' is deprecated, use 'bind_op/bind_storage pragma' instead (src/IDCT8.cpp:800:9)
WARNING: [HLS 207-5538] 'Resource pragma' is deprecated, use 'bind_op/bind_storage pragma' instead (src/IDCT8.cpp:801:9)
WARNING: [HLS 207-5538] 'Resource pragma' is deprecated, use 'bind_op/bind_storage pragma' instead (src/IDCT8.cpp:802:9)
WARNING: [HLS 207-5538] 'Resource pragma' is deprecated, use 'bind_op/bind_storage pragma' instead (src/IDCT8.cpp:803:9)
WARNING: [HLS 207-5538] 'Resource pragma' is deprecated, use 'bind_op/bind_storage pragma' instead (src/IDCT8.cpp:804:9)
WARNING: [HLS 207-5538] 'Resource pragma' is deprecated, use 'bind_op/bind_storage pragma' instead (src/IDCT8.cpp:805:9)
WARNING: [HLS 207-5538] 'Resource pragma' is deprecated, use 'bind_op/bind_storage pragma' instead (src/IDCT8.cpp:806:9)
WARNING: [HLS 207-5538] 'Resource pragma' is deprecated, use 'bind_op/bind_storage pragma' instead (src/IDCT8.cpp:807:9)
WARNING: [HLS 207-5538] 'Resource pragma' is deprecated, use 'bind_op/bind_storage pragma' instead (src/IDCT8.cpp:808:9)
WARNING: [HLS 207-5538] 'Resource pragma' is deprecated, use 'bind_op/bind_storage pragma' instead (src/IDCT8.cpp:809:9)
WARNING: [HLS 207-5538] 'Resource pragma' is deprecated, use 'bind_op/bind_storage pragma' instead (src/IDCT8.cpp:810:9)
WARNING: [HLS 207-5538] 'Resource pragma' is deprecated, use 'bind_op/bind_storage pragma' instead (src/IDCT8.cpp:811:9)
WARNING: [HLS 207-5538] 'Resource pragma' is deprecated, use 'bind_op/bind_storage pragma' instead (src/IDCT8.cpp:812:9)
WARNING: [HLS 207-5538] 'Resource pragma' is deprecated, use 'bind_op/bind_storage pragma' instead (src/IDCT8.cpp:813:9)
WARNING: [HLS 207-5538] 'Resource pragma' is deprecated, use 'bind_op/bind_storage pragma' instead (src/IDCT8.cpp:814:9)
WARNING: [HLS 207-5538] 'Resource pragma' is deprecated, use 'bind_op/bind_storage pragma' instead (src/IDCT8.cpp:815:9)
WARNING: [HLS 207-5538] 'Resource pragma' is deprecated, use 'bind_op/bind_storage pragma' instead (src/IDCT8.cpp:816:9)
WARNING: [HLS 207-5538] 'Resource pragma' is deprecated, use 'bind_op/bind_storage pragma' instead (src/IDCT8.cpp:817:9)
WARNING: [HLS 207-5538] 'Resource pragma' is deprecated, use 'bind_op/bind_storage pragma' instead (src/IDCT8.cpp:818:9)
WARNING: [HLS 207-5538] 'Resource pragma' is deprecated, use 'bind_op/bind_storage pragma' instead (src/IDCT8.cpp:819:9)
WARNING: [HLS 207-5538] 'Resource pragma' is deprecated, use 'bind_op/bind_storage pragma' instead (src/IDCT8.cpp:820:9)
WARNING: [HLS 207-5538] 'Resource pragma' is deprecated, use 'bind_op/bind_storage pragma' instead (src/IDCT8.cpp:821:9)
WARNING: [HLS 207-5538] 'Resource pragma' is deprecated, use 'bind_op/bind_storage pragma' instead (src/IDCT8.cpp:822:9)
WARNING: [HLS 207-5538] 'Resource pragma' is deprecated, use 'bind_op/bind_storage pragma' instead (src/IDCT8.cpp:823:9)
WARNING: [HLS 207-5538] 'Resource pragma' is deprecated, use 'bind_op/bind_storage pragma' instead (src/IDCT8.cpp:824:9)
WARNING: [HLS 207-5538] 'Resource pragma' is deprecated, use 'bind_op/bind_storage pragma' instead (src/IDCT8.cpp:825:9)
WARNING: [HLS 207-5538] 'Resource pragma' is deprecated, use 'bind_op/bind_storage pragma' instead (src/IDCT8.cpp:826:9)
WARNING: [HLS 207-5538] 'Resource pragma' is deprecated, use 'bind_op/bind_storage pragma' instead (src/IDCT8.cpp:827:9)
WARNING: [HLS 207-5538] 'Resource pragma' is deprecated, use 'bind_op/bind_storage pragma' instead (src/IDCT8.cpp:828:9)
WARNING: [HLS 207-5538] 'Resource pragma' is deprecated, use 'bind_op/bind_storage pragma' instead (src/IDCT8.cpp:829:9)
WARNING: [HLS 207-5538] 'Resource pragma' is deprecated, use 'bind_op/bind_storage pragma' instead (src/IDCT8.cpp:830:9)
WARNING: [HLS 207-5538] 'Resource pragma' is deprecated, use 'bind_op/bind_storage pragma' instead (src/IDCT8.cpp:831:9)
WARNING: [HLS 207-5538] 'Resource pragma' is deprecated, use 'bind_op/bind_storage pragma' instead (src/IDCT8.cpp:832:9)
WARNING: [HLS 207-5538] 'Resource pragma' is deprecated, use 'bind_op/bind_storage pragma' instead (src/IDCT8.cpp:833:9)
WARNING: [HLS 207-5538] 'Resource pragma' is deprecated, use 'bind_op/bind_storage pragma' instead (src/IDCT8.cpp:834:9)
WARNING: [HLS 207-5538] 'Resource pragma' is deprecated, use 'bind_op/bind_storage pragma' instead (src/IDCT8.cpp:835:9)
WARNING: [HLS 207-5538] 'Resource pragma' is deprecated, use 'bind_op/bind_storage pragma' instead (src/IDCT8.cpp:836:9)
WARNING: [HLS 207-5538] 'Resource pragma' is deprecated, use 'bind_op/bind_storage pragma' instead (src/IDCT8.cpp:837:9)
WARNING: [HLS 207-5538] 'Resource pragma' is deprecated, use 'bind_op/bind_storage pragma' instead (src/IDCT8.cpp:838:9)
WARNING: [HLS 207-5538] 'Resource pragma' is deprecated, use 'bind_op/bind_storage pragma' instead (src/IDCT8.cpp:839:9)
WARNING: [HLS 207-5538] 'Resource pragma' is deprecated, use 'bind_op/bind_storage pragma' instead (src/IDCT8.cpp:840:9)
WARNING: [HLS 207-5538] 'Resource pragma' is deprecated, use 'bind_op/bind_storage pragma' instead (src/IDCT8.cpp:841:9)
WARNING: [HLS 207-5538] 'Resource pragma' is deprecated, use 'bind_op/bind_storage pragma' instead (src/IDCT8.cpp:842:9)
WARNING: [HLS 207-5538] 'Resource pragma' is deprecated, use 'bind_op/bind_storage pragma' instead (src/IDCT8.cpp:843:9)
WARNING: [HLS 207-5538] 'Resource pragma' is deprecated, use 'bind_op/bind_storage pragma' instead (src/IDCT8.cpp:844:9)
WARNING: [HLS 207-5538] 'Resource pragma' is deprecated, use 'bind_op/bind_storage pragma' instead (src/IDCT8.cpp:845:9)
WARNING: [HLS 207-5538] 'Resource pragma' is deprecated, use 'bind_op/bind_storage pragma' instead (src/IDCT8.cpp:846:9)
WARNING: [HLS 207-5538] 'Resource pragma' is deprecated, use 'bind_op/bind_storage pragma' instead (src/IDCT8.cpp:847:9)
WARNING: [HLS 207-5538] 'Resource pragma' is deprecated, use 'bind_op/bind_storage pragma' instead (src/IDCT8.cpp:848:9)
WARNING: [HLS 207-5538] 'Resource pragma' is deprecated, use 'bind_op/bind_storage pragma' instead (src/IDCT8.cpp:849:9)
WARNING: [HLS 207-5538] 'Resource pragma' is deprecated, use 'bind_op/bind_storage pragma' instead (src/IDCT8.cpp:850:9)
WARNING: [HLS 207-5538] 'Resource pragma' is deprecated, use 'bind_op/bind_storage pragma' instead (src/IDCT8.cpp:851:9)
WARNING: [HLS 207-5538] 'Resource pragma' is deprecated, use 'bind_op/bind_storage pragma' instead (src/IDCT8.cpp:852:9)
WARNING: [HLS 207-5538] 'Resource pragma' is deprecated, use 'bind_op/bind_storage pragma' instead (src/IDCT8.cpp:853:9)
WARNING: [HLS 207-5538] 'Resource pragma' is deprecated, use 'bind_op/bind_storage pragma' instead (src/IDCT8.cpp:854:9)
WARNING: [HLS 207-5538] 'Resource pragma' is deprecated, use 'bind_op/bind_storage pragma' instead (src/IDCT8.cpp:855:9)
WARNING: [HLS 207-5538] 'Resource pragma' is deprecated, use 'bind_op/bind_storage pragma' instead (src/IDCT8.cpp:856:9)
WARNING: [HLS 207-5538] 'Resource pragma' is deprecated, use 'bind_op/bind_storage pragma' instead (src/IDCT8.cpp:857:9)
WARNING: [HLS 207-5538] 'Resource pragma' is deprecated, use 'bind_op/bind_storage pragma' instead (src/IDCT8.cpp:858:9)
WARNING: [HLS 207-5538] 'Resource pragma' is deprecated, use 'bind_op/bind_storage pragma' instead (src/IDCT8.cpp:859:9)
WARNING: [HLS 207-5538] 'Resource pragma' is deprecated, use 'bind_op/bind_storage pragma' instead (src/IDCT8.cpp:860:9)
WARNING: [HLS 207-5538] 'Resource pragma' is deprecated, use 'bind_op/bind_storage pragma' instead (src/IDCT8.cpp:861:9)
WARNING: [HLS 207-5538] 'Resource pragma' is deprecated, use 'bind_op/bind_storage pragma' instead (src/IDCT8.cpp:862:9)
WARNING: [HLS 207-5538] 'Resource pragma' is deprecated, use 'bind_op/bind_storage pragma' instead (src/IDCT8.cpp:863:9)
WARNING: [HLS 207-5538] 'Resource pragma' is deprecated, use 'bind_op/bind_storage pragma' instead (src/IDCT8.cpp:864:9)
WARNING: [HLS 207-5538] 'Resource pragma' is deprecated, use 'bind_op/bind_storage pragma' instead (src/IDCT8.cpp:865:9)
WARNING: [HLS 207-5538] 'Resource pragma' is deprecated, use 'bind_op/bind_storage pragma' instead (src/IDCT8.cpp:866:9)
WARNING: [HLS 207-5538] 'Resource pragma' is deprecated, use 'bind_op/bind_storage pragma' instead (src/IDCT8.cpp:867:9)
WARNING: [HLS 207-5538] 'Resource pragma' is deprecated, use 'bind_op/bind_storage pragma' instead (src/IDCT8.cpp:868:9)
WARNING: [HLS 207-5538] 'Resource pragma' is deprecated, use 'bind_op/bind_storage pragma' instead (src/IDCT8.cpp:869:9)
WARNING: [HLS 207-5538] 'Resource pragma' is deprecated, use 'bind_op/bind_storage pragma' instead (src/IDCT8.cpp:870:9)
WARNING: [HLS 207-5538] 'Resource pragma' is deprecated, use 'bind_op/bind_storage pragma' instead (src/IDCT8.cpp:871:9)
WARNING: [HLS 207-5538] 'Resource pragma' is deprecated, use 'bind_op/bind_storage pragma' instead (src/IDCT8.cpp:872:9)
WARNING: [HLS 207-5538] 'Resource pragma' is deprecated, use 'bind_op/bind_storage pragma' instead (src/IDCT8.cpp:873:9)
WARNING: [HLS 207-5538] 'Resource pragma' is deprecated, use 'bind_op/bind_storage pragma' instead (src/IDCT8.cpp:874:9)
WARNING: [HLS 207-5538] 'Resource pragma' is deprecated, use 'bind_op/bind_storage pragma' instead (src/IDCT8.cpp:875:9)
WARNING: [HLS 207-5538] 'Resource pragma' is deprecated, use 'bind_op/bind_storage pragma' instead (src/IDCT8.cpp:876:9)
WARNING: [HLS 207-5538] 'Resource pragma' is deprecated, use 'bind_op/bind_storage pragma' instead (src/IDCT8.cpp:877:9)
WARNING: [HLS 207-5538] 'Resource pragma' is deprecated, use 'bind_op/bind_storage pragma' instead (src/IDCT8.cpp:878:9)
WARNING: [HLS 207-5538] 'Resource pragma' is deprecated, use 'bind_op/bind_storage pragma' instead (src/IDCT8.cpp:879:9)
WARNING: [HLS 207-5538] 'Resource pragma' is deprecated, use 'bind_op/bind_storage pragma' instead (src/IDCT8.cpp:880:9)
WARNING: [HLS 207-5538] 'Resource pragma' is deprecated, use 'bind_op/bind_storage pragma' instead (src/IDCT8.cpp:881:9)
WARNING: [HLS 207-5538] 'Resource pragma' is deprecated, use 'bind_op/bind_storage pragma' instead (src/IDCT8.cpp:882:9)
WARNING: [HLS 207-5538] 'Resource pragma' is deprecated, use 'bind_op/bind_storage pragma' instead (src/IDCT8.cpp:883:9)
WARNING: [HLS 207-5538] 'Resource pragma' is deprecated, use 'bind_op/bind_storage pragma' instead (src/IDCT8.cpp:884:9)
WARNING: [HLS 207-5538] 'Resource pragma' is deprecated, use 'bind_op/bind_storage pragma' instead (src/IDCT8.cpp:885:9)
WARNING: [HLS 207-5538] 'Resource pragma' is deprecated, use 'bind_op/bind_storage pragma' instead (src/IDCT8.cpp:886:9)
WARNING: [HLS 207-5538] 'Resource pragma' is deprecated, use 'bind_op/bind_storage pragma' instead (src/IDCT8.cpp:887:9)
WARNING: [HLS 207-5538] 'Resource pragma' is deprecated, use 'bind_op/bind_storage pragma' instead (src/IDCT8.cpp:888:9)
WARNING: [HLS 207-5538] 'Resource pragma' is deprecated, use 'bind_op/bind_storage pragma' instead (src/IDCT8.cpp:889:9)
WARNING: [HLS 207-5538] 'Resource pragma' is deprecated, use 'bind_op/bind_storage pragma' instead (src/IDCT8.cpp:890:9)
WARNING: [HLS 207-5538] 'Resource pragma' is deprecated, use 'bind_op/bind_storage pragma' instead (src/IDCT8.cpp:891:9)
WARNING: [HLS 207-5538] 'Resource pragma' is deprecated, use 'bind_op/bind_storage pragma' instead (src/IDCT8.cpp:892:9)
WARNING: [HLS 207-5538] 'Resource pragma' is deprecated, use 'bind_op/bind_storage pragma' instead (src/IDCT8.cpp:893:9)
WARNING: [HLS 207-5538] 'Resource pragma' is deprecated, use 'bind_op/bind_storage pragma' instead (src/IDCT8.cpp:894:9)
WARNING: [HLS 207-5538] 'Resource pragma' is deprecated, use 'bind_op/bind_storage pragma' instead (src/IDCT8.cpp:895:9)
WARNING: [HLS 207-5538] 'Resource pragma' is deprecated, use 'bind_op/bind_storage pragma' instead (src/IDCT8.cpp:896:9)
WARNING: [HLS 207-5538] 'Resource pragma' is deprecated, use 'bind_op/bind_storage pragma' instead (src/IDCT8.cpp:897:9)
WARNING: [HLS 207-5538] 'Resource pragma' is deprecated, use 'bind_op/bind_storage pragma' instead (src/IDCT8.cpp:898:9)
WARNING: [HLS 207-5538] 'Resource pragma' is deprecated, use 'bind_op/bind_storage pragma' instead (src/IDCT8.cpp:899:9)
WARNING: [HLS 207-5538] 'Resource pragma' is deprecated, use 'bind_op/bind_storage pragma' instead (src/IDCT8.cpp:900:9)
WARNING: [HLS 207-5538] 'Resource pragma' is deprecated, use 'bind_op/bind_storage pragma' instead (src/IDCT8.cpp:901:9)
WARNING: [HLS 207-5538] 'Resource pragma' is deprecated, use 'bind_op/bind_storage pragma' instead (src/IDCT8.cpp:902:9)
WARNING: [HLS 207-5538] 'Resource pragma' is deprecated, use 'bind_op/bind_storage pragma' instead (src/IDCT8.cpp:903:9)
WARNING: [HLS 207-5538] 'Resource pragma' is deprecated, use 'bind_op/bind_storage pragma' instead (src/IDCT8.cpp:904:9)
WARNING: [HLS 207-5538] 'Resource pragma' is deprecated, use 'bind_op/bind_storage pragma' instead (src/IDCT8.cpp:905:9)
WARNING: [HLS 207-5538] 'Resource pragma' is deprecated, use 'bind_op/bind_storage pragma' instead (src/IDCT8.cpp:906:9)
WARNING: [HLS 207-5538] 'Resource pragma' is deprecated, use 'bind_op/bind_storage pragma' instead (src/IDCT8.cpp:907:9)
WARNING: [HLS 207-5538] 'Resource pragma' is deprecated, use 'bind_op/bind_storage pragma' instead (src/IDCT8.cpp:908:9)
WARNING: [HLS 207-5538] 'Resource pragma' is deprecated, use 'bind_op/bind_storage pragma' instead (src/IDCT8.cpp:909:9)
WARNING: [HLS 207-5538] 'Resource pragma' is deprecated, use 'bind_op/bind_storage pragma' instead (src/IDCT8.cpp:910:9)
WARNING: [HLS 207-5538] 'Resource pragma' is deprecated, use 'bind_op/bind_storage pragma' instead (src/IDCT8.cpp:911:9)
WARNING: [HLS 207-5538] 'Resource pragma' is deprecated, use 'bind_op/bind_storage pragma' instead (src/IDCT8.cpp:912:9)
WARNING: [HLS 207-5538] 'Resource pragma' is deprecated, use 'bind_op/bind_storage pragma' instead (src/IDCT8.cpp:913:9)
WARNING: [HLS 207-5538] 'Resource pragma' is deprecated, use 'bind_op/bind_storage pragma' instead (src/IDCT8.cpp:914:9)
WARNING: [HLS 207-5538] 'Resource pragma' is deprecated, use 'bind_op/bind_storage pragma' instead (src/IDCT8.cpp:915:9)
WARNING: [HLS 207-5538] 'Resource pragma' is deprecated, use 'bind_op/bind_storage pragma' instead (src/IDCT8.cpp:916:9)
WARNING: [HLS 207-5538] 'Resource pragma' is deprecated, use 'bind_op/bind_storage pragma' instead (src/IDCT8.cpp:917:9)
WARNING: [HLS 207-5538] 'Resource pragma' is deprecated, use 'bind_op/bind_storage pragma' instead (src/IDCT8.cpp:918:9)
WARNING: [HLS 207-5538] 'Resource pragma' is deprecated, use 'bind_op/bind_storage pragma' instead (src/IDCT8.cpp:919:9)
WARNING: [HLS 207-5538] 'Resource pragma' is deprecated, use 'bind_op/bind_storage pragma' instead (src/IDCT8.cpp:920:9)
WARNING: [HLS 207-5538] 'Resource pragma' is deprecated, use 'bind_op/bind_storage pragma' instead (src/IDCT8.cpp:921:9)
WARNING: [HLS 207-5538] 'Resource pragma' is deprecated, use 'bind_op/bind_storage pragma' instead (src/IDCT8.cpp:922:9)
WARNING: [HLS 207-5538] 'Resource pragma' is deprecated, use 'bind_op/bind_storage pragma' instead (src/IDCT8.cpp:923:9)
WARNING: [HLS 207-5538] 'Resource pragma' is deprecated, use 'bind_op/bind_storage pragma' instead (src/IDCT8.cpp:924:9)
WARNING: [HLS 207-5538] 'Resource pragma' is deprecated, use 'bind_op/bind_storage pragma' instead (src/IDCT8.cpp:925:9)
WARNING: [HLS 207-5538] 'Resource pragma' is deprecated, use 'bind_op/bind_storage pragma' instead (src/IDCT8.cpp:926:9)
WARNING: [HLS 207-5538] 'Resource pragma' is deprecated, use 'bind_op/bind_storage pragma' instead (src/IDCT8.cpp:927:9)
WARNING: [HLS 207-5538] 'Resource pragma' is deprecated, use 'bind_op/bind_storage pragma' instead (src/IDCT8.cpp:928:9)
WARNING: [HLS 207-5538] 'Resource pragma' is deprecated, use 'bind_op/bind_storage pragma' instead (src/IDCT8.cpp:929:9)
WARNING: [HLS 207-5538] 'Resource pragma' is deprecated, use 'bind_op/bind_storage pragma' instead (src/IDCT8.cpp:930:9)
WARNING: [HLS 207-5538] 'Resource pragma' is deprecated, use 'bind_op/bind_storage pragma' instead (src/IDCT8.cpp:931:9)
WARNING: [HLS 207-5538] 'Resource pragma' is deprecated, use 'bind_op/bind_storage pragma' instead (src/IDCT8.cpp:932:9)
WARNING: [HLS 207-5538] 'Resource pragma' is deprecated, use 'bind_op/bind_storage pragma' instead (src/IDCT8.cpp:933:9)
WARNING: [HLS 207-5538] 'Resource pragma' is deprecated, use 'bind_op/bind_storage pragma' instead (src/IDCT8.cpp:934:9)
WARNING: [HLS 207-5538] 'Resource pragma' is deprecated, use 'bind_op/bind_storage pragma' instead (src/IDCT8.cpp:935:9)
WARNING: [HLS 207-5538] 'Resource pragma' is deprecated, use 'bind_op/bind_storage pragma' instead (src/IDCT8.cpp:936:9)
WARNING: [HLS 207-5538] 'Resource pragma' is deprecated, use 'bind_op/bind_storage pragma' instead (src/IDCT8.cpp:937:9)
WARNING: [HLS 207-5538] 'Resource pragma' is deprecated, use 'bind_op/bind_storage pragma' instead (src/IDCT8.cpp:938:9)
WARNING: [HLS 207-5538] 'Resource pragma' is deprecated, use 'bind_op/bind_storage pragma' instead (src/IDCT8.cpp:939:9)
WARNING: [HLS 207-5538] 'Resource pragma' is deprecated, use 'bind_op/bind_storage pragma' instead (src/IDCT8.cpp:940:9)
WARNING: [HLS 207-5538] 'Resource pragma' is deprecated, use 'bind_op/bind_storage pragma' instead (src/IDCT8.cpp:941:9)
WARNING: [HLS 207-5538] 'Resource pragma' is deprecated, use 'bind_op/bind_storage pragma' instead (src/IDCT8.cpp:942:9)
WARNING: [HLS 207-5538] 'Resource pragma' is deprecated, use 'bind_op/bind_storage pragma' instead (src/IDCT8.cpp:943:9)
WARNING: [HLS 207-5538] 'Resource pragma' is deprecated, use 'bind_op/bind_storage pragma' instead (src/IDCT8.cpp:944:9)
WARNING: [HLS 207-5538] 'Resource pragma' is deprecated, use 'bind_op/bind_storage pragma' instead (src/IDCT8.cpp:945:9)
WARNING: [HLS 207-5538] 'Resource pragma' is deprecated, use 'bind_op/bind_storage pragma' instead (src/IDCT8.cpp:946:9)
WARNING: [HLS 207-5538] 'Resource pragma' is deprecated, use 'bind_op/bind_storage pragma' instead (src/IDCT8.cpp:947:9)
WARNING: [HLS 207-5538] 'Resource pragma' is deprecated, use 'bind_op/bind_storage pragma' instead (src/IDCT8.cpp:948:9)
WARNING: [HLS 207-5538] 'Resource pragma' is deprecated, use 'bind_op/bind_storage pragma' instead (src/IDCT8.cpp:949:9)
WARNING: [HLS 207-5538] 'Resource pragma' is deprecated, use 'bind_op/bind_storage pragma' instead (src/IDCT8.cpp:950:9)
WARNING: [HLS 207-5538] 'Resource pragma' is deprecated, use 'bind_op/bind_storage pragma' instead (src/IDCT8.cpp:951:9)
WARNING: [HLS 207-5538] 'Resource pragma' is deprecated, use 'bind_op/bind_storage pragma' instead (src/IDCT8.cpp:952:9)
WARNING: [HLS 207-5538] 'Resource pragma' is deprecated, use 'bind_op/bind_storage pragma' instead (src/IDCT8.cpp:953:9)
WARNING: [HLS 207-5538] 'Resource pragma' is deprecated, use 'bind_op/bind_storage pragma' instead (src/IDCT8.cpp:954:9)
WARNING: [HLS 207-5538] 'Resource pragma' is deprecated, use 'bind_op/bind_storage pragma' instead (src/IDCT8.cpp:955:9)
WARNING: [HLS 207-5538] 'Resource pragma' is deprecated, use 'bind_op/bind_storage pragma' instead (src/IDCT8.cpp:956:9)
WARNING: [HLS 207-5538] 'Resource pragma' is deprecated, use 'bind_op/bind_storage pragma' instead (src/IDCT8.cpp:957:9)
WARNING: [HLS 207-5538] 'Resource pragma' is deprecated, use 'bind_op/bind_storage pragma' instead (src/IDCT8.cpp:958:9)
WARNING: [HLS 207-5538] 'Resource pragma' is deprecated, use 'bind_op/bind_storage pragma' instead (src/IDCT8.cpp:959:9)
WARNING: [HLS 207-5538] 'Resource pragma' is deprecated, use 'bind_op/bind_storage pragma' instead (src/IDCT8.cpp:960:9)
WARNING: [HLS 207-5538] 'Resource pragma' is deprecated, use 'bind_op/bind_storage pragma' instead (src/IDCT8.cpp:961:9)
WARNING: [HLS 207-5538] 'Resource pragma' is deprecated, use 'bind_op/bind_storage pragma' instead (src/IDCT8.cpp:962:9)
WARNING: [HLS 207-5538] 'Resource pragma' is deprecated, use 'bind_op/bind_storage pragma' instead (src/IDCT8.cpp:963:9)
WARNING: [HLS 207-5538] 'Resource pragma' is deprecated, use 'bind_op/bind_storage pragma' instead (src/IDCT8.cpp:964:9)
WARNING: [HLS 207-5538] 'Resource pragma' is deprecated, use 'bind_op/bind_storage pragma' instead (src/IDCT8.cpp:965:9)
WARNING: [HLS 207-5538] 'Resource pragma' is deprecated, use 'bind_op/bind_storage pragma' instead (src/IDCT8.cpp:966:9)
WARNING: [HLS 207-5538] 'Resource pragma' is deprecated, use 'bind_op/bind_storage pragma' instead (src/IDCT8.cpp:967:9)
WARNING: [HLS 207-5538] 'Resource pragma' is deprecated, use 'bind_op/bind_storage pragma' instead (src/IDCT8.cpp:968:9)
WARNING: [HLS 207-5538] 'Resource pragma' is deprecated, use 'bind_op/bind_storage pragma' instead (src/IDCT8.cpp:969:9)
WARNING: [HLS 207-5538] 'Resource pragma' is deprecated, use 'bind_op/bind_storage pragma' instead (src/IDCT8.cpp:970:9)
WARNING: [HLS 207-5538] 'Resource pragma' is deprecated, use 'bind_op/bind_storage pragma' instead (src/IDCT8.cpp:971:9)
WARNING: [HLS 207-5538] 'Resource pragma' is deprecated, use 'bind_op/bind_storage pragma' instead (src/IDCT8.cpp:972:9)
WARNING: [HLS 207-5538] 'Resource pragma' is deprecated, use 'bind_op/bind_storage pragma' instead (src/IDCT8.cpp:973:9)
WARNING: [HLS 207-5538] 'Resource pragma' is deprecated, use 'bind_op/bind_storage pragma' instead (src/IDCT8.cpp:974:9)
WARNING: [HLS 207-5538] 'Resource pragma' is deprecated, use 'bind_op/bind_storage pragma' instead (src/IDCT8.cpp:975:9)
WARNING: [HLS 207-5538] 'Resource pragma' is deprecated, use 'bind_op/bind_storage pragma' instead (src/IDCT8.cpp:976:9)
WARNING: [HLS 207-5538] 'Resource pragma' is deprecated, use 'bind_op/bind_storage pragma' instead (src/IDCT8.cpp:977:9)
WARNING: [HLS 207-5538] 'Resource pragma' is deprecated, use 'bind_op/bind_storage pragma' instead (src/IDCT8.cpp:978:9)
WARNING: [HLS 207-5538] 'Resource pragma' is deprecated, use 'bind_op/bind_storage pragma' instead (src/IDCT8.cpp:979:9)
WARNING: [HLS 207-5538] 'Resource pragma' is deprecated, use 'bind_op/bind_storage pragma' instead (src/IDCT8.cpp:980:9)
WARNING: [HLS 207-5538] 'Resource pragma' is deprecated, use 'bind_op/bind_storage pragma' instead (src/IDCT8.cpp:981:9)
WARNING: [HLS 207-5538] 'Resource pragma' is deprecated, use 'bind_op/bind_storage pragma' instead (src/IDCT8.cpp:982:9)
WARNING: [HLS 207-5538] 'Resource pragma' is deprecated, use 'bind_op/bind_storage pragma' instead (src/IDCT8.cpp:983:9)
WARNING: [HLS 207-5538] 'Resource pragma' is deprecated, use 'bind_op/bind_storage pragma' instead (src/IDCT8.cpp:984:9)
WARNING: [HLS 207-5538] 'Resource pragma' is deprecated, use 'bind_op/bind_storage pragma' instead (src/IDCT8.cpp:985:9)
WARNING: [HLS 207-5538] 'Resource pragma' is deprecated, use 'bind_op/bind_storage pragma' instead (src/IDCT8.cpp:986:9)
WARNING: [HLS 207-5538] 'Resource pragma' is deprecated, use 'bind_op/bind_storage pragma' instead (src/IDCT8.cpp:987:9)
WARNING: [HLS 207-5538] 'Resource pragma' is deprecated, use 'bind_op/bind_storage pragma' instead (src/IDCT8.cpp:988:9)
WARNING: [HLS 207-5538] 'Resource pragma' is deprecated, use 'bind_op/bind_storage pragma' instead (src/IDCT8.cpp:989:9)
WARNING: [HLS 207-5538] 'Resource pragma' is deprecated, use 'bind_op/bind_storage pragma' instead (src/IDCT8.cpp:990:9)
WARNING: [HLS 207-5538] 'Resource pragma' is deprecated, use 'bind_op/bind_storage pragma' instead (src/IDCT8.cpp:991:9)
WARNING: [HLS 207-5538] 'Resource pragma' is deprecated, use 'bind_op/bind_storage pragma' instead (src/IDCT8.cpp:992:9)
WARNING: [HLS 207-5538] 'Resource pragma' is deprecated, use 'bind_op/bind_storage pragma' instead (src/IDCT8.cpp:993:9)
WARNING: [HLS 207-5538] 'Resource pragma' is deprecated, use 'bind_op/bind_storage pragma' instead (src/IDCT8.cpp:994:9)
WARNING: [HLS 207-5538] 'Resource pragma' is deprecated, use 'bind_op/bind_storage pragma' instead (src/IDCT8.cpp:995:9)
WARNING: [HLS 207-5538] 'Resource pragma' is deprecated, use 'bind_op/bind_storage pragma' instead (src/IDCT8.cpp:996:9)
WARNING: [HLS 207-5538] 'Resource pragma' is deprecated, use 'bind_op/bind_storage pragma' instead (src/IDCT8.cpp:997:9)
WARNING: [HLS 207-5538] 'Resource pragma' is deprecated, use 'bind_op/bind_storage pragma' instead (src/IDCT8.cpp:998:9)
WARNING: [HLS 207-5538] 'Resource pragma' is deprecated, use 'bind_op/bind_storage pragma' instead (src/IDCT8.cpp:999:9)
WARNING: [HLS 207-5538] 'Resource pragma' is deprecated, use 'bind_op/bind_storage pragma' instead (src/IDCT8.cpp:1000:9)
WARNING: [HLS 207-5538] 'Resource pragma' is deprecated, use 'bind_op/bind_storage pragma' instead (src/IDCT8.cpp:1001:9)
WARNING: [HLS 207-5538] 'Resource pragma' is deprecated, use 'bind_op/bind_storage pragma' instead (src/IDCT8.cpp:1002:9)
WARNING: [HLS 207-5538] 'Resource pragma' is deprecated, use 'bind_op/bind_storage pragma' instead (src/IDCT8.cpp:1003:9)
WARNING: [HLS 207-5538] 'Resource pragma' is deprecated, use 'bind_op/bind_storage pragma' instead (src/IDCT8.cpp:1004:9)
WARNING: [HLS 207-5538] 'Resource pragma' is deprecated, use 'bind_op/bind_storage pragma' instead (src/IDCT8.cpp:1005:9)
WARNING: [HLS 207-5538] 'Resource pragma' is deprecated, use 'bind_op/bind_storage pragma' instead (src/IDCT8.cpp:1006:9)
WARNING: [HLS 207-5538] 'Resource pragma' is deprecated, use 'bind_op/bind_storage pragma' instead (src/IDCT8.cpp:1007:9)
WARNING: [HLS 207-5538] 'Resource pragma' is deprecated, use 'bind_op/bind_storage pragma' instead (src/IDCT8.cpp:1008:9)
WARNING: [HLS 207-5538] 'Resource pragma' is deprecated, use 'bind_op/bind_storage pragma' instead (src/IDCT8.cpp:1009:9)
WARNING: [HLS 207-5538] 'Resource pragma' is deprecated, use 'bind_op/bind_storage pragma' instead (src/IDCT8.cpp:1010:9)
WARNING: [HLS 207-5538] 'Resource pragma' is deprecated, use 'bind_op/bind_storage pragma' instead (src/IDCT8.cpp:1011:9)
WARNING: [HLS 207-5538] 'Resource pragma' is deprecated, use 'bind_op/bind_storage pragma' instead (src/IDCT8.cpp:1012:9)
WARNING: [HLS 207-5538] 'Resource pragma' is deprecated, use 'bind_op/bind_storage pragma' instead (src/IDCT8.cpp:1013:9)
WARNING: [HLS 207-5538] 'Resource pragma' is deprecated, use 'bind_op/bind_storage pragma' instead (src/IDCT8.cpp:1014:9)
WARNING: [HLS 207-5538] 'Resource pragma' is deprecated, use 'bind_op/bind_storage pragma' instead (src/IDCT8.cpp:1015:9)
WARNING: [HLS 207-5538] 'Resource pragma' is deprecated, use 'bind_op/bind_storage pragma' instead (src/IDCT8.cpp:1016:9)
WARNING: [HLS 207-5538] 'Resource pragma' is deprecated, use 'bind_op/bind_storage pragma' instead (src/IDCT8.cpp:1017:9)
WARNING: [HLS 207-5538] 'Resource pragma' is deprecated, use 'bind_op/bind_storage pragma' instead (src/IDCT8.cpp:1018:9)
WARNING: [HLS 207-5538] 'Resource pragma' is deprecated, use 'bind_op/bind_storage pragma' instead (src/IDCT8.cpp:1019:9)
WARNING: [HLS 207-5538] 'Resource pragma' is deprecated, use 'bind_op/bind_storage pragma' instead (src/IDCT8.cpp:1020:9)
WARNING: [HLS 207-5538] 'Resource pragma' is deprecated, use 'bind_op/bind_storage pragma' instead (src/IDCT8.cpp:1021:9)
WARNING: [HLS 207-5538] 'Resource pragma' is deprecated, use 'bind_op/bind_storage pragma' instead (src/IDCT8.cpp:1022:9)
WARNING: [HLS 207-5538] 'Resource pragma' is deprecated, use 'bind_op/bind_storage pragma' instead (src/IDCT8.cpp:1023:9)
WARNING: [HLS 207-5538] 'Resource pragma' is deprecated, use 'bind_op/bind_storage pragma' instead (src/IDCT8.cpp:1024:9)
WARNING: [HLS 207-5538] 'Resource pragma' is deprecated, use 'bind_op/bind_storage pragma' instead (src/IDCT8.cpp:1025:9)
WARNING: [HLS 207-5538] 'Resource pragma' is deprecated, use 'bind_op/bind_storage pragma' instead (src/IDCT8.cpp:1026:9)
WARNING: [HLS 207-5538] 'Resource pragma' is deprecated, use 'bind_op/bind_storage pragma' instead (src/IDCT8.cpp:1027:9)
WARNING: [HLS 207-5538] 'Resource pragma' is deprecated, use 'bind_op/bind_storage pragma' instead (src/IDCT8.cpp:1028:9)
WARNING: [HLS 207-5538] 'Resource pragma' is deprecated, use 'bind_op/bind_storage pragma' instead (src/IDCT8.cpp:1029:9)
WARNING: [HLS 207-5538] 'Resource pragma' is deprecated, use 'bind_op/bind_storage pragma' instead (src/IDCT8.cpp:1030:9)
WARNING: [HLS 207-5538] 'Resource pragma' is deprecated, use 'bind_op/bind_storage pragma' instead (src/IDCT8.cpp:1031:9)
WARNING: [HLS 207-5538] 'Resource pragma' is deprecated, use 'bind_op/bind_storage pragma' instead (src/IDCT8.cpp:1032:9)
WARNING: [HLS 207-5538] 'Resource pragma' is deprecated, use 'bind_op/bind_storage pragma' instead (src/IDCT8.cpp:1033:9)
WARNING: [HLS 207-5538] 'Resource pragma' is deprecated, use 'bind_op/bind_storage pragma' instead (src/IDCT8.cpp:1034:9)
WARNING: [HLS 207-5538] 'Resource pragma' is deprecated, use 'bind_op/bind_storage pragma' instead (src/IDCT8.cpp:1035:9)
WARNING: [HLS 207-5538] 'Resource pragma' is deprecated, use 'bind_op/bind_storage pragma' instead (src/IDCT8.cpp:1036:9)
WARNING: [HLS 207-5538] 'Resource pragma' is deprecated, use 'bind_op/bind_storage pragma' instead (src/IDCT8.cpp:1037:9)
WARNING: [HLS 207-5538] 'Resource pragma' is deprecated, use 'bind_op/bind_storage pragma' instead (src/IDCT8.cpp:1038:9)
WARNING: [HLS 207-5538] 'Resource pragma' is deprecated, use 'bind_op/bind_storage pragma' instead (src/IDCT8.cpp:1039:9)
WARNING: [HLS 207-5538] 'Resource pragma' is deprecated, use 'bind_op/bind_storage pragma' instead (src/IDCT8.cpp:1040:9)
WARNING: [HLS 207-5538] 'Resource pragma' is deprecated, use 'bind_op/bind_storage pragma' instead (src/IDCT8.cpp:1041:9)
WARNING: [HLS 207-5538] 'Resource pragma' is deprecated, use 'bind_op/bind_storage pragma' instead (src/IDCT8.cpp:1042:9)
WARNING: [HLS 207-5538] 'Resource pragma' is deprecated, use 'bind_op/bind_storage pragma' instead (src/IDCT8.cpp:1043:9)
WARNING: [HLS 207-5538] 'Resource pragma' is deprecated, use 'bind_op/bind_storage pragma' instead (src/IDCT8.cpp:1044:9)
WARNING: [HLS 207-5538] 'Resource pragma' is deprecated, use 'bind_op/bind_storage pragma' instead (src/IDCT8.cpp:1045:9)
WARNING: [HLS 207-5538] 'Resource pragma' is deprecated, use 'bind_op/bind_storage pragma' instead (src/IDCT8.cpp:1046:9)
WARNING: [HLS 207-5538] 'Resource pragma' is deprecated, use 'bind_op/bind_storage pragma' instead (src/IDCT8.cpp:1047:9)
WARNING: [HLS 207-5538] 'Resource pragma' is deprecated, use 'bind_op/bind_storage pragma' instead (src/IDCT8.cpp:1048:9)
WARNING: [HLS 207-5538] 'Resource pragma' is deprecated, use 'bind_op/bind_storage pragma' instead (src/IDCT8.cpp:1049:9)
WARNING: [HLS 207-5538] 'Resource pragma' is deprecated, use 'bind_op/bind_storage pragma' instead (src/IDCT8.cpp:1050:9)
WARNING: [HLS 207-5538] 'Resource pragma' is deprecated, use 'bind_op/bind_storage pragma' instead (src/IDCT8.cpp:1051:9)
WARNING: [HLS 207-5538] 'Resource pragma' is deprecated, use 'bind_op/bind_storage pragma' instead (src/IDCT8.cpp:1052:9)
WARNING: [HLS 207-5538] 'Resource pragma' is deprecated, use 'bind_op/bind_storage pragma' instead (src/IDCT8.cpp:1053:9)
WARNING: [HLS 207-5538] 'Resource pragma' is deprecated, use 'bind_op/bind_storage pragma' instead (src/IDCT8.cpp:1054:9)
WARNING: [HLS 207-5538] 'Resource pragma' is deprecated, use 'bind_op/bind_storage pragma' instead (src/IDCT8.cpp:1055:9)
WARNING: [HLS 207-5538] 'Resource pragma' is deprecated, use 'bind_op/bind_storage pragma' instead (src/IDCT8.cpp:1056:9)
WARNING: [HLS 207-5538] 'Resource pragma' is deprecated, use 'bind_op/bind_storage pragma' instead (src/IDCT8.cpp:1057:9)
WARNING: [HLS 207-5538] 'Resource pragma' is deprecated, use 'bind_op/bind_storage pragma' instead (src/IDCT8.cpp:1058:9)
WARNING: [HLS 207-5538] 'Resource pragma' is deprecated, use 'bind_op/bind_storage pragma' instead (src/IDCT8.cpp:1059:9)
WARNING: [HLS 207-5538] 'Resource pragma' is deprecated, use 'bind_op/bind_storage pragma' instead (src/IDCT8.cpp:1060:9)
WARNING: [HLS 207-5538] 'Resource pragma' is deprecated, use 'bind_op/bind_storage pragma' instead (src/IDCT8.cpp:1061:9)
WARNING: [HLS 207-5538] 'Resource pragma' is deprecated, use 'bind_op/bind_storage pragma' instead (src/IDCT8.cpp:1062:9)
WARNING: [HLS 207-5538] 'Resource pragma' is deprecated, use 'bind_op/bind_storage pragma' instead (src/IDCT8.cpp:1063:9)
WARNING: [HLS 207-5538] 'Resource pragma' is deprecated, use 'bind_op/bind_storage pragma' instead (src/IDCT8.cpp:1064:9)
WARNING: [HLS 207-5538] 'Resource pragma' is deprecated, use 'bind_op/bind_storage pragma' instead (src/IDCT8.cpp:1065:9)
WARNING: [HLS 207-5538] 'Resource pragma' is deprecated, use 'bind_op/bind_storage pragma' instead (src/IDCT8.cpp:1066:9)
WARNING: [HLS 207-5538] 'Resource pragma' is deprecated, use 'bind_op/bind_storage pragma' instead (src/IDCT8.cpp:1067:9)
WARNING: [HLS 207-5538] 'Resource pragma' is deprecated, use 'bind_op/bind_storage pragma' instead (src/IDCT8.cpp:1068:9)
WARNING: [HLS 207-5538] 'Resource pragma' is deprecated, use 'bind_op/bind_storage pragma' instead (src/IDCT8.cpp:1069:9)
WARNING: [HLS 207-5538] 'Resource pragma' is deprecated, use 'bind_op/bind_storage pragma' instead (src/IDCT8.cpp:1070:9)
WARNING: [HLS 207-5538] 'Resource pragma' is deprecated, use 'bind_op/bind_storage pragma' instead (src/IDCT8.cpp:1071:9)
WARNING: [HLS 207-5538] 'Resource pragma' is deprecated, use 'bind_op/bind_storage pragma' instead (src/IDCT8.cpp:1072:9)
WARNING: [HLS 207-5538] 'Resource pragma' is deprecated, use 'bind_op/bind_storage pragma' instead (src/IDCT8.cpp:1073:9)
WARNING: [HLS 207-5538] 'Resource pragma' is deprecated, use 'bind_op/bind_storage pragma' instead (src/IDCT8.cpp:1074:9)
WARNING: [HLS 207-5538] 'Resource pragma' is deprecated, use 'bind_op/bind_storage pragma' instead (src/IDCT8.cpp:1075:9)
WARNING: [HLS 207-5538] 'Resource pragma' is deprecated, use 'bind_op/bind_storage pragma' instead (src/IDCT8.cpp:1076:9)
WARNING: [HLS 207-5538] 'Resource pragma' is deprecated, use 'bind_op/bind_storage pragma' instead (src/IDCT8.cpp:1077:9)
WARNING: [HLS 207-5538] 'Resource pragma' is deprecated, use 'bind_op/bind_storage pragma' instead (src/IDCT8.cpp:1078:9)
WARNING: [HLS 207-5538] 'Resource pragma' is deprecated, use 'bind_op/bind_storage pragma' instead (src/IDCT8.cpp:1079:9)
WARNING: [HLS 207-5538] 'Resource pragma' is deprecated, use 'bind_op/bind_storage pragma' instead (src/IDCT8.cpp:1080:9)
WARNING: [HLS 207-5538] 'Resource pragma' is deprecated, use 'bind_op/bind_storage pragma' instead (src/IDCT8.cpp:1081:9)
WARNING: [HLS 207-5538] 'Resource pragma' is deprecated, use 'bind_op/bind_storage pragma' instead (src/IDCT8.cpp:1082:9)
WARNING: [HLS 207-5538] 'Resource pragma' is deprecated, use 'bind_op/bind_storage pragma' instead (src/IDCT8.cpp:1083:9)
WARNING: [HLS 207-5538] 'Resource pragma' is deprecated, use 'bind_op/bind_storage pragma' instead (src/IDCT8.cpp:1084:9)
WARNING: [HLS 207-5538] 'Resource pragma' is deprecated, use 'bind_op/bind_storage pragma' instead (src/IDCT8.cpp:1085:9)
WARNING: [HLS 207-5538] 'Resource pragma' is deprecated, use 'bind_op/bind_storage pragma' instead (src/IDCT8.cpp:1086:9)
WARNING: [HLS 207-5538] 'Resource pragma' is deprecated, use 'bind_op/bind_storage pragma' instead (src/IDCT8.cpp:1087:9)
WARNING: [HLS 207-5538] 'Resource pragma' is deprecated, use 'bind_op/bind_storage pragma' instead (src/IDCT8.cpp:1088:9)
WARNING: [HLS 207-5538] 'Resource pragma' is deprecated, use 'bind_op/bind_storage pragma' instead (src/IDCT8.cpp:1089:9)
WARNING: [HLS 207-5538] 'Resource pragma' is deprecated, use 'bind_op/bind_storage pragma' instead (src/IDCT8.cpp:1090:9)
WARNING: [HLS 207-5538] 'Resource pragma' is deprecated, use 'bind_op/bind_storage pragma' instead (src/IDCT8.cpp:1091:9)
WARNING: [HLS 207-5538] 'Resource pragma' is deprecated, use 'bind_op/bind_storage pragma' instead (src/IDCT8.cpp:1092:9)
WARNING: [HLS 207-5538] 'Resource pragma' is deprecated, use 'bind_op/bind_storage pragma' instead (src/IDCT8.cpp:1093:9)
WARNING: [HLS 207-5538] 'Resource pragma' is deprecated, use 'bind_op/bind_storage pragma' instead (src/IDCT8.cpp:1094:9)
WARNING: [HLS 207-5538] 'Resource pragma' is deprecated, use 'bind_op/bind_storage pragma' instead (src/IDCT8.cpp:1095:9)
WARNING: [HLS 207-5538] 'Resource pragma' is deprecated, use 'bind_op/bind_storage pragma' instead (src/IDCT8.cpp:1096:9)
WARNING: [HLS 207-5538] 'Resource pragma' is deprecated, use 'bind_op/bind_storage pragma' instead (src/IDCT8.cpp:1097:9)
WARNING: [HLS 207-5538] 'Resource pragma' is deprecated, use 'bind_op/bind_storage pragma' instead (src/IDCT8.cpp:1098:9)
WARNING: [HLS 207-5538] 'Resource pragma' is deprecated, use 'bind_op/bind_storage pragma' instead (src/IDCT8.cpp:1099:9)
WARNING: [HLS 207-5538] 'Resource pragma' is deprecated, use 'bind_op/bind_storage pragma' instead (src/IDCT8.cpp:1100:9)
WARNING: [HLS 207-5538] 'Resource pragma' is deprecated, use 'bind_op/bind_storage pragma' instead (src/IDCT8.cpp:1101:9)
WARNING: [HLS 207-5538] 'Resource pragma' is deprecated, use 'bind_op/bind_storage pragma' instead (src/IDCT8.cpp:1102:9)
WARNING: [HLS 207-5538] 'Resource pragma' is deprecated, use 'bind_op/bind_storage pragma' instead (src/IDCT8.cpp:1103:9)
WARNING: [HLS 207-5538] 'Resource pragma' is deprecated, use 'bind_op/bind_storage pragma' instead (src/IDCT8.cpp:1104:9)
WARNING: [HLS 207-5538] 'Resource pragma' is deprecated, use 'bind_op/bind_storage pragma' instead (src/IDCT8.cpp:1105:9)
WARNING: [HLS 207-5538] 'Resource pragma' is deprecated, use 'bind_op/bind_storage pragma' instead (src/IDCT8.cpp:1106:9)
WARNING: [HLS 207-5538] 'Resource pragma' is deprecated, use 'bind_op/bind_storage pragma' instead (src/IDCT8.cpp:1107:9)
WARNING: [HLS 207-5538] 'Resource pragma' is deprecated, use 'bind_op/bind_storage pragma' instead (src/IDCT8.cpp:1108:9)
WARNING: [HLS 207-5538] 'Resource pragma' is deprecated, use 'bind_op/bind_storage pragma' instead (src/IDCT8.cpp:1109:9)
WARNING: [HLS 207-5538] 'Resource pragma' is deprecated, use 'bind_op/bind_storage pragma' instead (src/IDCT8.cpp:1110:9)
WARNING: [HLS 207-5538] 'Resource pragma' is deprecated, use 'bind_op/bind_storage pragma' instead (src/IDCT8.cpp:1111:9)
WARNING: [HLS 207-5538] 'Resource pragma' is deprecated, use 'bind_op/bind_storage pragma' instead (src/IDCT8.cpp:1112:9)
WARNING: [HLS 207-5538] 'Resource pragma' is deprecated, use 'bind_op/bind_storage pragma' instead (src/IDCT8.cpp:1113:9)
WARNING: [HLS 207-5538] 'Resource pragma' is deprecated, use 'bind_op/bind_storage pragma' instead (src/IDCT8.cpp:1114:9)
WARNING: [HLS 207-5538] 'Resource pragma' is deprecated, use 'bind_op/bind_storage pragma' instead (src/IDCT8.cpp:1115:9)
WARNING: [HLS 207-5538] 'Resource pragma' is deprecated, use 'bind_op/bind_storage pragma' instead (src/IDCT8.cpp:1116:9)
WARNING: [HLS 207-5538] 'Resource pragma' is deprecated, use 'bind_op/bind_storage pragma' instead (src/IDCT8.cpp:1117:9)
WARNING: [HLS 207-5538] 'Resource pragma' is deprecated, use 'bind_op/bind_storage pragma' instead (src/IDCT8.cpp:1118:9)
WARNING: [HLS 207-5538] 'Resource pragma' is deprecated, use 'bind_op/bind_storage pragma' instead (src/IDCT8.cpp:1119:9)
WARNING: [HLS 207-5538] 'Resource pragma' is deprecated, use 'bind_op/bind_storage pragma' instead (src/IDCT8.cpp:1120:9)
WARNING: [HLS 207-5538] 'Resource pragma' is deprecated, use 'bind_op/bind_storage pragma' instead (src/IDCT8.cpp:1121:9)
WARNING: [HLS 207-5538] 'Resource pragma' is deprecated, use 'bind_op/bind_storage pragma' instead (src/IDCT8.cpp:1122:9)
WARNING: [HLS 207-5538] 'Resource pragma' is deprecated, use 'bind_op/bind_storage pragma' instead (src/IDCT8.cpp:1123:9)
WARNING: [HLS 207-5538] 'Resource pragma' is deprecated, use 'bind_op/bind_storage pragma' instead (src/IDCT8.cpp:1124:9)
WARNING: [HLS 207-5538] 'Resource pragma' is deprecated, use 'bind_op/bind_storage pragma' instead (src/IDCT8.cpp:1125:9)
WARNING: [HLS 207-5538] 'Resource pragma' is deprecated, use 'bind_op/bind_storage pragma' instead (src/IDCT8.cpp:1126:9)
WARNING: [HLS 207-5538] 'Resource pragma' is deprecated, use 'bind_op/bind_storage pragma' instead (src/IDCT8.cpp:1127:9)
WARNING: [HLS 207-5538] 'Resource pragma' is deprecated, use 'bind_op/bind_storage pragma' instead (src/IDCT8.cpp:1128:9)
WARNING: [HLS 207-5538] 'Resource pragma' is deprecated, use 'bind_op/bind_storage pragma' instead (src/IDCT8.cpp:1129:9)
WARNING: [HLS 207-5538] 'Resource pragma' is deprecated, use 'bind_op/bind_storage pragma' instead (src/IDCT8.cpp:1130:9)
WARNING: [HLS 207-5538] 'Resource pragma' is deprecated, use 'bind_op/bind_storage pragma' instead (src/IDCT8.cpp:1131:9)
WARNING: [HLS 207-5538] 'Resource pragma' is deprecated, use 'bind_op/bind_storage pragma' instead (src/IDCT8.cpp:1132:9)
WARNING: [HLS 207-5538] 'Resource pragma' is deprecated, use 'bind_op/bind_storage pragma' instead (src/IDCT8.cpp:1133:9)
WARNING: [HLS 207-5538] 'Resource pragma' is deprecated, use 'bind_op/bind_storage pragma' instead (src/IDCT8.cpp:1134:9)
WARNING: [HLS 207-5538] 'Resource pragma' is deprecated, use 'bind_op/bind_storage pragma' instead (src/IDCT8.cpp:1135:9)
WARNING: [HLS 207-5538] 'Resource pragma' is deprecated, use 'bind_op/bind_storage pragma' instead (src/IDCT8.cpp:1136:9)
WARNING: [HLS 207-5538] 'Resource pragma' is deprecated, use 'bind_op/bind_storage pragma' instead (src/IDCT8.cpp:1137:9)
WARNING: [HLS 207-5538] 'Resource pragma' is deprecated, use 'bind_op/bind_storage pragma' instead (src/IDCT8.cpp:1138:9)
WARNING: [HLS 207-5538] 'Resource pragma' is deprecated, use 'bind_op/bind_storage pragma' instead (src/IDCT8.cpp:1139:9)
WARNING: [HLS 207-5538] 'Resource pragma' is deprecated, use 'bind_op/bind_storage pragma' instead (src/IDCT8.cpp:1140:9)
WARNING: [HLS 207-5538] 'Resource pragma' is deprecated, use 'bind_op/bind_storage pragma' instead (src/IDCT8.cpp:1141:9)
WARNING: [HLS 207-5538] 'Resource pragma' is deprecated, use 'bind_op/bind_storage pragma' instead (src/IDCT8.cpp:1142:9)
WARNING: [HLS 207-5538] 'Resource pragma' is deprecated, use 'bind_op/bind_storage pragma' instead (src/IDCT8.cpp:1143:9)
WARNING: [HLS 207-5538] 'Resource pragma' is deprecated, use 'bind_op/bind_storage pragma' instead (src/IDCT8.cpp:1144:9)
WARNING: [HLS 207-5538] 'Resource pragma' is deprecated, use 'bind_op/bind_storage pragma' instead (src/IDCT8.cpp:1145:9)
WARNING: [HLS 207-5538] 'Resource pragma' is deprecated, use 'bind_op/bind_storage pragma' instead (src/IDCT8.cpp:1146:9)
WARNING: [HLS 207-5538] 'Resource pragma' is deprecated, use 'bind_op/bind_storage pragma' instead (src/IDCT8.cpp:1147:9)
WARNING: [HLS 207-5538] 'Resource pragma' is deprecated, use 'bind_op/bind_storage pragma' instead (src/IDCT8.cpp:1148:9)
WARNING: [HLS 207-5538] 'Resource pragma' is deprecated, use 'bind_op/bind_storage pragma' instead (src/IDCT8.cpp:1149:9)
WARNING: [HLS 207-5538] 'Resource pragma' is deprecated, use 'bind_op/bind_storage pragma' instead (src/IDCT8.cpp:1150:9)
WARNING: [HLS 207-5538] 'Resource pragma' is deprecated, use 'bind_op/bind_storage pragma' instead (src/IDCT8.cpp:1151:9)
WARNING: [HLS 207-5538] 'Resource pragma' is deprecated, use 'bind_op/bind_storage pragma' instead (src/IDCT8.cpp:1152:9)
WARNING: [HLS 207-5538] 'Resource pragma' is deprecated, use 'bind_op/bind_storage pragma' instead (src/IDCT8.cpp:1153:9)
WARNING: [HLS 207-5538] 'Resource pragma' is deprecated, use 'bind_op/bind_storage pragma' instead (src/IDCT8.cpp:1154:9)
WARNING: [HLS 207-5538] 'Resource pragma' is deprecated, use 'bind_op/bind_storage pragma' instead (src/IDCT8.cpp:1155:9)
WARNING: [HLS 207-5538] 'Resource pragma' is deprecated, use 'bind_op/bind_storage pragma' instead (src/IDCT8.cpp:1156:9)
WARNING: [HLS 207-5538] 'Resource pragma' is deprecated, use 'bind_op/bind_storage pragma' instead (src/IDCT8.cpp:1157:9)
WARNING: [HLS 207-5538] 'Resource pragma' is deprecated, use 'bind_op/bind_storage pragma' instead (src/IDCT8.cpp:1158:9)
WARNING: [HLS 207-5538] 'Resource pragma' is deprecated, use 'bind_op/bind_storage pragma' instead (src/IDCT8.cpp:1159:9)
WARNING: [HLS 207-5538] 'Resource pragma' is deprecated, use 'bind_op/bind_storage pragma' instead (src/IDCT8.cpp:1160:9)
WARNING: [HLS 207-5538] 'Resource pragma' is deprecated, use 'bind_op/bind_storage pragma' instead (src/IDCT8.cpp:1161:9)
WARNING: [HLS 207-5538] 'Resource pragma' is deprecated, use 'bind_op/bind_storage pragma' instead (src/IDCT8.cpp:1162:9)
WARNING: [HLS 207-5538] 'Resource pragma' is deprecated, use 'bind_op/bind_storage pragma' instead (src/IDCT8.cpp:1163:9)
WARNING: [HLS 207-5538] 'Resource pragma' is deprecated, use 'bind_op/bind_storage pragma' instead (src/IDCT8.cpp:1164:9)
WARNING: [HLS 207-5538] 'Resource pragma' is deprecated, use 'bind_op/bind_storage pragma' instead (src/IDCT8.cpp:1165:9)
WARNING: [HLS 207-5538] 'Resource pragma' is deprecated, use 'bind_op/bind_storage pragma' instead (src/IDCT8.cpp:1166:9)
WARNING: [HLS 207-5538] 'Resource pragma' is deprecated, use 'bind_op/bind_storage pragma' instead (src/IDCT8.cpp:1167:9)
WARNING: [HLS 207-5538] 'Resource pragma' is deprecated, use 'bind_op/bind_storage pragma' instead (src/IDCT8.cpp:1168:9)
WARNING: [HLS 207-5538] 'Resource pragma' is deprecated, use 'bind_op/bind_storage pragma' instead (src/IDCT8.cpp:1169:9)
WARNING: [HLS 207-5538] 'Resource pragma' is deprecated, use 'bind_op/bind_storage pragma' instead (src/IDCT8.cpp:1170:9)
WARNING: [HLS 207-5538] 'Resource pragma' is deprecated, use 'bind_op/bind_storage pragma' instead (src/IDCT8.cpp:1171:9)
WARNING: [HLS 207-5538] 'Resource pragma' is deprecated, use 'bind_op/bind_storage pragma' instead (src/IDCT8.cpp:1172:9)
WARNING: [HLS 207-5538] 'Resource pragma' is deprecated, use 'bind_op/bind_storage pragma' instead (src/IDCT8.cpp:1173:9)
WARNING: [HLS 207-5538] 'Resource pragma' is deprecated, use 'bind_op/bind_storage pragma' instead (src/IDCT8.cpp:1174:9)
WARNING: [HLS 207-5538] 'Resource pragma' is deprecated, use 'bind_op/bind_storage pragma' instead (src/IDCT8.cpp:1175:9)
WARNING: [HLS 207-5538] 'Resource pragma' is deprecated, use 'bind_op/bind_storage pragma' instead (src/IDCT8.cpp:1176:9)
WARNING: [HLS 207-5538] 'Resource pragma' is deprecated, use 'bind_op/bind_storage pragma' instead (src/IDCT8.cpp:1177:9)
WARNING: [HLS 207-5538] 'Resource pragma' is deprecated, use 'bind_op/bind_storage pragma' instead (src/IDCT8.cpp:1178:9)
WARNING: [HLS 207-5538] 'Resource pragma' is deprecated, use 'bind_op/bind_storage pragma' instead (src/IDCT8.cpp:1179:9)
WARNING: [HLS 207-5538] 'Resource pragma' is deprecated, use 'bind_op/bind_storage pragma' instead (src/IDCT8.cpp:1180:9)
WARNING: [HLS 207-5538] 'Resource pragma' is deprecated, use 'bind_op/bind_storage pragma' instead (src/IDCT8.cpp:1181:9)
WARNING: [HLS 207-5538] 'Resource pragma' is deprecated, use 'bind_op/bind_storage pragma' instead (src/IDCT8.cpp:1182:9)
WARNING: [HLS 207-5538] 'Resource pragma' is deprecated, use 'bind_op/bind_storage pragma' instead (src/IDCT8.cpp:1183:9)
WARNING: [HLS 207-5538] 'Resource pragma' is deprecated, use 'bind_op/bind_storage pragma' instead (src/IDCT8.cpp:1184:9)
WARNING: [HLS 207-5538] 'Resource pragma' is deprecated, use 'bind_op/bind_storage pragma' instead (src/IDCT8.cpp:1185:9)
WARNING: [HLS 207-5538] 'Resource pragma' is deprecated, use 'bind_op/bind_storage pragma' instead (src/IDCT8.cpp:1186:9)
WARNING: [HLS 207-5538] 'Resource pragma' is deprecated, use 'bind_op/bind_storage pragma' instead (src/IDCT8.cpp:1187:9)
WARNING: [HLS 207-5538] 'Resource pragma' is deprecated, use 'bind_op/bind_storage pragma' instead (src/IDCT8.cpp:1188:9)
WARNING: [HLS 207-5538] 'Resource pragma' is deprecated, use 'bind_op/bind_storage pragma' instead (src/IDCT8.cpp:1189:9)
WARNING: [HLS 207-5538] 'Resource pragma' is deprecated, use 'bind_op/bind_storage pragma' instead (src/IDCT8.cpp:1190:9)
WARNING: [HLS 207-5538] 'Resource pragma' is deprecated, use 'bind_op/bind_storage pragma' instead (src/IDCT8.cpp:1191:9)
WARNING: [HLS 207-5538] 'Resource pragma' is deprecated, use 'bind_op/bind_storage pragma' instead (src/IDCT8.cpp:1192:9)
WARNING: [HLS 207-5538] 'Resource pragma' is deprecated, use 'bind_op/bind_storage pragma' instead (src/IDCT8.cpp:1193:9)
WARNING: [HLS 207-5538] 'Resource pragma' is deprecated, use 'bind_op/bind_storage pragma' instead (src/IDCT8.cpp:1194:9)
WARNING: [HLS 207-5538] 'Resource pragma' is deprecated, use 'bind_op/bind_storage pragma' instead (src/IDCT8.cpp:1195:9)
WARNING: [HLS 207-5538] 'Resource pragma' is deprecated, use 'bind_op/bind_storage pragma' instead (src/IDCT8.cpp:1196:9)
WARNING: [HLS 207-5538] 'Resource pragma' is deprecated, use 'bind_op/bind_storage pragma' instead (src/IDCT8.cpp:1197:9)
WARNING: [HLS 207-5538] 'Resource pragma' is deprecated, use 'bind_op/bind_storage pragma' instead (src/IDCT8.cpp:1198:9)
WARNING: [HLS 207-5538] 'Resource pragma' is deprecated, use 'bind_op/bind_storage pragma' instead (src/IDCT8.cpp:1199:9)
WARNING: [HLS 207-5538] 'Resource pragma' is deprecated, use 'bind_op/bind_storage pragma' instead (src/IDCT8.cpp:1200:9)
WARNING: [HLS 207-5538] 'Resource pragma' is deprecated, use 'bind_op/bind_storage pragma' instead (src/IDCT8.cpp:1201:9)
WARNING: [HLS 207-5538] 'Resource pragma' is deprecated, use 'bind_op/bind_storage pragma' instead (src/IDCT8.cpp:1202:9)
WARNING: [HLS 207-5538] 'Resource pragma' is deprecated, use 'bind_op/bind_storage pragma' instead (src/IDCT8.cpp:1203:9)
WARNING: [HLS 207-5538] 'Resource pragma' is deprecated, use 'bind_op/bind_storage pragma' instead (src/IDCT8.cpp:1204:9)
WARNING: [HLS 207-5538] 'Resource pragma' is deprecated, use 'bind_op/bind_storage pragma' instead (src/IDCT8.cpp:1205:9)
WARNING: [HLS 207-5538] 'Resource pragma' is deprecated, use 'bind_op/bind_storage pragma' instead (src/IDCT8.cpp:1206:9)
WARNING: [HLS 207-5538] 'Resource pragma' is deprecated, use 'bind_op/bind_storage pragma' instead (src/IDCT8.cpp:1207:9)
WARNING: [HLS 207-5538] 'Resource pragma' is deprecated, use 'bind_op/bind_storage pragma' instead (src/IDCT8.cpp:1208:9)
WARNING: [HLS 207-5538] 'Resource pragma' is deprecated, use 'bind_op/bind_storage pragma' instead (src/IDCT8.cpp:1209:9)
WARNING: [HLS 207-5538] 'Resource pragma' is deprecated, use 'bind_op/bind_storage pragma' instead (src/IDCT8.cpp:1210:9)
WARNING: [HLS 207-5538] 'Resource pragma' is deprecated, use 'bind_op/bind_storage pragma' instead (src/IDCT8.cpp:1211:9)
WARNING: [HLS 207-5538] 'Resource pragma' is deprecated, use 'bind_op/bind_storage pragma' instead (src/IDCT8.cpp:1212:9)
WARNING: [HLS 207-5538] 'Resource pragma' is deprecated, use 'bind_op/bind_storage pragma' instead (src/IDCT8.cpp:1213:9)
WARNING: [HLS 207-5538] 'Resource pragma' is deprecated, use 'bind_op/bind_storage pragma' instead (src/IDCT8.cpp:1214:9)
WARNING: [HLS 207-5538] 'Resource pragma' is deprecated, use 'bind_op/bind_storage pragma' instead (src/IDCT8.cpp:1215:9)
WARNING: [HLS 207-5538] 'Resource pragma' is deprecated, use 'bind_op/bind_storage pragma' instead (src/IDCT8.cpp:1216:9)
WARNING: [HLS 207-5538] 'Resource pragma' is deprecated, use 'bind_op/bind_storage pragma' instead (src/IDCT8.cpp:1217:9)
WARNING: [HLS 207-5538] 'Resource pragma' is deprecated, use 'bind_op/bind_storage pragma' instead (src/IDCT8.cpp:1218:9)
WARNING: [HLS 207-5538] 'Resource pragma' is deprecated, use 'bind_op/bind_storage pragma' instead (src/IDCT8.cpp:1219:9)
WARNING: [HLS 207-5538] 'Resource pragma' is deprecated, use 'bind_op/bind_storage pragma' instead (src/IDCT8.cpp:1220:9)
WARNING: [HLS 207-5538] 'Resource pragma' is deprecated, use 'bind_op/bind_storage pragma' instead (src/IDCT8.cpp:1221:9)
WARNING: [HLS 207-5538] 'Resource pragma' is deprecated, use 'bind_op/bind_storage pragma' instead (src/IDCT8.cpp:1222:9)
WARNING: [HLS 207-5538] 'Resource pragma' is deprecated, use 'bind_op/bind_storage pragma' instead (src/IDCT8.cpp:1223:9)
WARNING: [HLS 207-5538] 'Resource pragma' is deprecated, use 'bind_op/bind_storage pragma' instead (src/IDCT8.cpp:1224:9)
WARNING: [HLS 207-5538] 'Resource pragma' is deprecated, use 'bind_op/bind_storage pragma' instead (src/IDCT8.cpp:1225:9)
WARNING: [HLS 207-5538] 'Resource pragma' is deprecated, use 'bind_op/bind_storage pragma' instead (src/IDCT8.cpp:1226:9)
WARNING: [HLS 207-5538] 'Resource pragma' is deprecated, use 'bind_op/bind_storage pragma' instead (src/IDCT8.cpp:1227:9)
WARNING: [HLS 207-5538] 'Resource pragma' is deprecated, use 'bind_op/bind_storage pragma' instead (src/IDCT8.cpp:1228:9)
WARNING: [HLS 207-5538] 'Resource pragma' is deprecated, use 'bind_op/bind_storage pragma' instead (src/IDCT8.cpp:1229:9)
WARNING: [HLS 207-5538] 'Resource pragma' is deprecated, use 'bind_op/bind_storage pragma' instead (src/IDCT8.cpp:1230:9)
WARNING: [HLS 207-5538] 'Resource pragma' is deprecated, use 'bind_op/bind_storage pragma' instead (src/IDCT8.cpp:1231:9)
WARNING: [HLS 207-5538] 'Resource pragma' is deprecated, use 'bind_op/bind_storage pragma' instead (src/IDCT8.cpp:1232:9)
WARNING: [HLS 207-5538] 'Resource pragma' is deprecated, use 'bind_op/bind_storage pragma' instead (src/IDCT8.cpp:1233:9)
WARNING: [HLS 207-5538] 'Resource pragma' is deprecated, use 'bind_op/bind_storage pragma' instead (src/IDCT8.cpp:1234:9)
WARNING: [HLS 207-5538] 'Resource pragma' is deprecated, use 'bind_op/bind_storage pragma' instead (src/IDCT8.cpp:1235:9)
WARNING: [HLS 207-5538] 'Resource pragma' is deprecated, use 'bind_op/bind_storage pragma' instead (src/IDCT8.cpp:1236:9)
WARNING: [HLS 207-5538] 'Resource pragma' is deprecated, use 'bind_op/bind_storage pragma' instead (src/IDCT8.cpp:1237:9)
WARNING: [HLS 207-5538] 'Resource pragma' is deprecated, use 'bind_op/bind_storage pragma' instead (src/IDCT8.cpp:1238:9)
WARNING: [HLS 207-5538] 'Resource pragma' is deprecated, use 'bind_op/bind_storage pragma' instead (src/IDCT8.cpp:1239:9)
WARNING: [HLS 207-5538] 'Resource pragma' is deprecated, use 'bind_op/bind_storage pragma' instead (src/IDCT8.cpp:1240:9)
WARNING: [HLS 207-5538] 'Resource pragma' is deprecated, use 'bind_op/bind_storage pragma' instead (src/IDCT8.cpp:1241:9)
WARNING: [HLS 207-5538] 'Resource pragma' is deprecated, use 'bind_op/bind_storage pragma' instead (src/IDCT8.cpp:1242:9)
WARNING: [HLS 207-5538] 'Resource pragma' is deprecated, use 'bind_op/bind_storage pragma' instead (src/IDCT8.cpp:1243:9)
WARNING: [HLS 207-5538] 'Resource pragma' is deprecated, use 'bind_op/bind_storage pragma' instead (src/IDCT8.cpp:1244:9)
WARNING: [HLS 207-5538] 'Resource pragma' is deprecated, use 'bind_op/bind_storage pragma' instead (src/IDCT8.cpp:1245:9)
WARNING: [HLS 207-5538] 'Resource pragma' is deprecated, use 'bind_op/bind_storage pragma' instead (src/IDCT8.cpp:1246:9)
WARNING: [HLS 207-5538] 'Resource pragma' is deprecated, use 'bind_op/bind_storage pragma' instead (src/IDCT8.cpp:1247:9)
WARNING: [HLS 207-5538] 'Resource pragma' is deprecated, use 'bind_op/bind_storage pragma' instead (src/IDCT8.cpp:1248:9)
WARNING: [HLS 207-5538] 'Resource pragma' is deprecated, use 'bind_op/bind_storage pragma' instead (src/IDCT8.cpp:1249:9)
WARNING: [HLS 207-5538] 'Resource pragma' is deprecated, use 'bind_op/bind_storage pragma' instead (src/IDCT8.cpp:1250:9)
WARNING: [HLS 207-5538] 'Resource pragma' is deprecated, use 'bind_op/bind_storage pragma' instead (src/IDCT8.cpp:1251:9)
WARNING: [HLS 207-5538] 'Resource pragma' is deprecated, use 'bind_op/bind_storage pragma' instead (src/IDCT8.cpp:1252:9)
WARNING: [HLS 207-5538] 'Resource pragma' is deprecated, use 'bind_op/bind_storage pragma' instead (src/IDCT8.cpp:1253:9)
WARNING: [HLS 207-5538] 'Resource pragma' is deprecated, use 'bind_op/bind_storage pragma' instead (src/IDCT8.cpp:1254:9)
WARNING: [HLS 207-5538] 'Resource pragma' is deprecated, use 'bind_op/bind_storage pragma' instead (src/IDCT8.cpp:1255:9)
WARNING: [HLS 207-5538] 'Resource pragma' is deprecated, use 'bind_op/bind_storage pragma' instead (src/IDCT8.cpp:1256:9)
WARNING: [HLS 207-5538] 'Resource pragma' is deprecated, use 'bind_op/bind_storage pragma' instead (src/IDCT8.cpp:1257:9)
WARNING: [HLS 207-5538] 'Resource pragma' is deprecated, use 'bind_op/bind_storage pragma' instead (src/IDCT8.cpp:1258:9)
WARNING: [HLS 207-5538] 'Resource pragma' is deprecated, use 'bind_op/bind_storage pragma' instead (src/IDCT8.cpp:1259:9)
WARNING: [HLS 207-5538] 'Resource pragma' is deprecated, use 'bind_op/bind_storage pragma' instead (src/IDCT8.cpp:1260:9)
WARNING: [HLS 207-5538] 'Resource pragma' is deprecated, use 'bind_op/bind_storage pragma' instead (src/IDCT8.cpp:1261:9)
WARNING: [HLS 207-5538] 'Resource pragma' is deprecated, use 'bind_op/bind_storage pragma' instead (src/IDCT8.cpp:1262:9)
WARNING: [HLS 207-5538] 'Resource pragma' is deprecated, use 'bind_op/bind_storage pragma' instead (src/IDCT8.cpp:1263:9)
WARNING: [HLS 207-5538] 'Resource pragma' is deprecated, use 'bind_op/bind_storage pragma' instead (src/IDCT8.cpp:1264:9)
WARNING: [HLS 207-5538] 'Resource pragma' is deprecated, use 'bind_op/bind_storage pragma' instead (src/IDCT8.cpp:1265:9)
WARNING: [HLS 207-5538] 'Resource pragma' is deprecated, use 'bind_op/bind_storage pragma' instead (src/IDCT8.cpp:1266:9)
WARNING: [HLS 207-5538] 'Resource pragma' is deprecated, use 'bind_op/bind_storage pragma' instead (src/IDCT8.cpp:1267:9)
WARNING: [HLS 207-5538] 'Resource pragma' is deprecated, use 'bind_op/bind_storage pragma' instead (src/IDCT8.cpp:1268:9)
WARNING: [HLS 207-5538] 'Resource pragma' is deprecated, use 'bind_op/bind_storage pragma' instead (src/IDCT8.cpp:1269:9)
WARNING: [HLS 207-5538] 'Resource pragma' is deprecated, use 'bind_op/bind_storage pragma' instead (src/IDCT8.cpp:1270:9)
WARNING: [HLS 207-5538] 'Resource pragma' is deprecated, use 'bind_op/bind_storage pragma' instead (src/IDCT8.cpp:1271:9)
WARNING: [HLS 207-5538] 'Resource pragma' is deprecated, use 'bind_op/bind_storage pragma' instead (src/IDCT8.cpp:1272:9)
WARNING: [HLS 207-5538] 'Resource pragma' is deprecated, use 'bind_op/bind_storage pragma' instead (src/IDCT8.cpp:1273:9)
WARNING: [HLS 207-5538] 'Resource pragma' is deprecated, use 'bind_op/bind_storage pragma' instead (src/IDCT8.cpp:1274:9)
WARNING: [HLS 207-5538] 'Resource pragma' is deprecated, use 'bind_op/bind_storage pragma' instead (src/IDCT8.cpp:1275:9)
WARNING: [HLS 207-5538] 'Resource pragma' is deprecated, use 'bind_op/bind_storage pragma' instead (src/IDCT8.cpp:1276:9)
WARNING: [HLS 207-5538] 'Resource pragma' is deprecated, use 'bind_op/bind_storage pragma' instead (src/IDCT8.cpp:1277:9)
WARNING: [HLS 207-5538] 'Resource pragma' is deprecated, use 'bind_op/bind_storage pragma' instead (src/IDCT8.cpp:1278:9)
WARNING: [HLS 207-5538] 'Resource pragma' is deprecated, use 'bind_op/bind_storage pragma' instead (src/IDCT8.cpp:1279:9)
WARNING: [HLS 207-5538] 'Resource pragma' is deprecated, use 'bind_op/bind_storage pragma' instead (src/IDCT8.cpp:1280:9)
WARNING: [HLS 207-5538] 'Resource pragma' is deprecated, use 'bind_op/bind_storage pragma' instead (src/IDCT8.cpp:1281:9)
WARNING: [HLS 207-5538] 'Resource pragma' is deprecated, use 'bind_op/bind_storage pragma' instead (src/IDCT8.cpp:1282:9)
WARNING: [HLS 207-5538] 'Resource pragma' is deprecated, use 'bind_op/bind_storage pragma' instead (src/IDCT8.cpp:1283:9)
WARNING: [HLS 207-5538] 'Resource pragma' is deprecated, use 'bind_op/bind_storage pragma' instead (src/IDCT8.cpp:1284:9)
WARNING: [HLS 207-5538] 'Resource pragma' is deprecated, use 'bind_op/bind_storage pragma' instead (src/IDCT8.cpp:1285:9)
WARNING: [HLS 207-5538] 'Resource pragma' is deprecated, use 'bind_op/bind_storage pragma' instead (src/IDCT8.cpp:1286:9)
WARNING: [HLS 207-5538] 'Resource pragma' is deprecated, use 'bind_op/bind_storage pragma' instead (src/IDCT8.cpp:1287:9)
WARNING: [HLS 207-5538] 'Resource pragma' is deprecated, use 'bind_op/bind_storage pragma' instead (src/IDCT8.cpp:1288:9)
WARNING: [HLS 207-5538] 'Resource pragma' is deprecated, use 'bind_op/bind_storage pragma' instead (src/IDCT8.cpp:1289:9)
WARNING: [HLS 207-5538] 'Resource pragma' is deprecated, use 'bind_op/bind_storage pragma' instead (src/IDCT8.cpp:1290:9)
WARNING: [HLS 207-5538] 'Resource pragma' is deprecated, use 'bind_op/bind_storage pragma' instead (src/IDCT8.cpp:1291:9)
WARNING: [HLS 207-5538] 'Resource pragma' is deprecated, use 'bind_op/bind_storage pragma' instead (src/IDCT8.cpp:1292:9)
WARNING: [HLS 207-5538] 'Resource pragma' is deprecated, use 'bind_op/bind_storage pragma' instead (src/IDCT8.cpp:1293:9)
WARNING: [HLS 207-5538] 'Resource pragma' is deprecated, use 'bind_op/bind_storage pragma' instead (src/IDCT8.cpp:1294:9)
WARNING: [HLS 207-5538] 'Resource pragma' is deprecated, use 'bind_op/bind_storage pragma' instead (src/IDCT8.cpp:1295:9)
WARNING: [HLS 207-5538] 'Resource pragma' is deprecated, use 'bind_op/bind_storage pragma' instead (src/IDCT8.cpp:1296:9)
WARNING: [HLS 207-5538] 'Resource pragma' is deprecated, use 'bind_op/bind_storage pragma' instead (src/IDCT8.cpp:1297:9)
WARNING: [HLS 207-5538] 'Resource pragma' is deprecated, use 'bind_op/bind_storage pragma' instead (src/IDCT8.cpp:1298:9)
WARNING: [HLS 207-5538] 'Resource pragma' is deprecated, use 'bind_op/bind_storage pragma' instead (src/IDCT8.cpp:1299:9)
WARNING: [HLS 207-5538] 'Resource pragma' is deprecated, use 'bind_op/bind_storage pragma' instead (src/IDCT8.cpp:1300:9)
WARNING: [HLS 207-5538] 'Resource pragma' is deprecated, use 'bind_op/bind_storage pragma' instead (src/IDCT8.cpp:1301:9)
WARNING: [HLS 207-5538] 'Resource pragma' is deprecated, use 'bind_op/bind_storage pragma' instead (src/IDCT8.cpp:1302:9)
WARNING: [HLS 207-5538] 'Resource pragma' is deprecated, use 'bind_op/bind_storage pragma' instead (src/IDCT8.cpp:1303:9)
INFO: [HLS 200-111] Finished Source Code Analysis and Preprocessing: CPU user time: 6.56 seconds. CPU system time: 0.4 seconds. Elapsed time: 6.97 seconds; current allocated memory: 937.625 MB.
INFO: [HLS 200-777] Using interface defaults for 'Vitis' flow target.
WARNING: [HLS 200-1995] There were 267,111 instructions in the design after the 'Compile/Link' phase of compilation. See the Design Size Report for more details: /home/mahir/Desktop/vvc/VVC-Decoder-Accelerator/dct8_dir/hls/syn/report/csynth_design_size.rpt
INFO: [HLS 200-1995] There were 11,382 instructions in the design after the 'Unroll/Inline (step 1)' phase of compilation. See the Design Size Report for more details: /home/mahir/Desktop/vvc/VVC-Decoder-Accelerator/dct8_dir/hls/syn/report/csynth_design_size.rpt
INFO: [HLS 200-1995] There were 6,267 instructions in the design after the 'Unroll/Inline (step 2)' phase of compilation. See the Design Size Report for more details: /home/mahir/Desktop/vvc/VVC-Decoder-Accelerator/dct8_dir/hls/syn/report/csynth_design_size.rpt
INFO: [HLS 200-1995] There were 6,243 instructions in the design after the 'Unroll/Inline (step 3)' phase of compilation. See the Design Size Report for more details: /home/mahir/Desktop/vvc/VVC-Decoder-Accelerator/dct8_dir/hls/syn/report/csynth_design_size.rpt
INFO: [HLS 200-1995] There were 6,220 instructions in the design after the 'Unroll/Inline (step 4)' phase of compilation. See the Design Size Report for more details: /home/mahir/Desktop/vvc/VVC-Decoder-Accelerator/dct8_dir/hls/syn/report/csynth_design_size.rpt
INFO: [HLS 200-1995] There were 6,043 instructions in the design after the 'Array/Struct (step 1)' phase of compilation. See the Design Size Report for more details: /home/mahir/Desktop/vvc/VVC-Decoder-Accelerator/dct8_dir/hls/syn/report/csynth_design_size.rpt
INFO: [HLS 200-1995] There were 6,043 instructions in the design after the 'Array/Struct (step 2)' phase of compilation. See the Design Size Report for more details: /home/mahir/Desktop/vvc/VVC-Decoder-Accelerator/dct8_dir/hls/syn/report/csynth_design_size.rpt
INFO: [HLS 200-1995] There were 6,043 instructions in the design after the 'Array/Struct (step 3)' phase of compilation. See the Design Size Report for more details: /home/mahir/Desktop/vvc/VVC-Decoder-Accelerator/dct8_dir/hls/syn/report/csynth_design_size.rpt
INFO: [HLS 200-1995] There were 6,043 instructions in the design after the 'Array/Struct (step 4)' phase of compilation. See the Design Size Report for more details: /home/mahir/Desktop/vvc/VVC-Decoder-Accelerator/dct8_dir/hls/syn/report/csynth_design_size.rpt
INFO: [HLS 200-1995] There were 6,034 instructions in the design after the 'Array/Struct (step 5)' phase of compilation. See the Design Size Report for more details: /home/mahir/Desktop/vvc/VVC-Decoder-Accelerator/dct8_dir/hls/syn/report/csynth_design_size.rpt
INFO: [HLS 200-1995] There were 5,661 instructions in the design after the 'Performance (step 1)' phase of compilation. See the Design Size Report for more details: /home/mahir/Desktop/vvc/VVC-Decoder-Accelerator/dct8_dir/hls/syn/report/csynth_design_size.rpt
INFO: [HLS 200-1995] There were 5,464 instructions in the design after the 'Performance (step 2)' phase of compilation. See the Design Size Report for more details: /home/mahir/Desktop/vvc/VVC-Decoder-Accelerator/dct8_dir/hls/syn/report/csynth_design_size.rpt
INFO: [HLS 200-1995] There were 5,184 instructions in the design after the 'Performance (step 3)' phase of compilation. See the Design Size Report for more details: /home/mahir/Desktop/vvc/VVC-Decoder-Accelerator/dct8_dir/hls/syn/report/csynth_design_size.rpt
INFO: [HLS 200-1995] There were 5,184 instructions in the design after the 'Performance (step 4)' phase of compilation. See the Design Size Report for more details: /home/mahir/Desktop/vvc/VVC-Decoder-Accelerator/dct8_dir/hls/syn/report/csynth_design_size.rpt
INFO: [HLS 200-1995] There were 4,040 instructions in the design after the 'HW Transforms (step 1)' phase of compilation. See the Design Size Report for more details: /home/mahir/Desktop/vvc/VVC-Decoder-Accelerator/dct8_dir/hls/syn/report/csynth_design_size.rpt
INFO: [HLS 200-1995] There were 4,043 instructions in the design after the 'HW Transforms (step 2)' phase of compilation. See the Design Size Report for more details: /home/mahir/Desktop/vvc/VVC-Decoder-Accelerator/dct8_dir/hls/syn/report/csynth_design_size.rpt
INFO: [HLS 214-131] Inlining function 'CLIP3(ap_int<32>, ap_int<32>, ap_int<32>)' into 'IDCT8B32(ap_int<32>*, ap_int<32>*, ap_int<32>, ap_int<32>, ap_int<32>)' (src/IDCT8.cpp:1340:15)
INFO: [HLS 214-131] Inlining function 'CLIP3(ap_int<32>, ap_int<32>, ap_int<32>)' into 'IDCT8B16(ap_int<32>*, ap_int<32>*, ap_int<32>, ap_int<32>, ap_int<32>)' (src/IDCT8.cpp:108:17)
INFO: [HLS 214-131] Inlining function 'CLIP3(ap_int<32>, ap_int<32>, ap_int<32>)' into 'INV_MATMUL_8(ap_int<32> const*, ap_int<32>*, ap_int<32>, ap_int<32>, ap_int<32>, ap_int<32>, ap_int<32> const (*) [8])' (src/IDCT8.cpp:32:18)
INFO: [HLS 214-131] Inlining function 'INV_MATMUL_8(ap_int<32> const*, ap_int<32>*, ap_int<32>, ap_int<32>, ap_int<32>, ap_int<32>, ap_int<32> const (*) [8])' into 'IDCT8B8(ap_int<32>*, ap_int<32>*, ap_int<32>, ap_int<32>, ap_int<32>, ap_int<32>)' (src/IDCT8.cpp:67:5)
INFO: [HLS 214-131] Inlining function 'CLIP3(ap_int<32>, ap_int<32>, ap_int<32>)' into 'IDCT8B4(ap_int<32>*, ap_int<32>*, ap_int<32>, ap_int<32>, ap_int<32>)' (src/IDCT8.cpp:62:14)
INFO: [HLS 214-291] Loop 'VITIS_LOOP_1432_8' is marked as complete unroll implied by the pipeline pragma (src/IDCT8.cpp:1432:21)
INFO: [HLS 214-291] Loop 'VITIS_LOOP_1439_9' is marked as complete unroll implied by the pipeline pragma (src/IDCT8.cpp:1439:32)
INFO: [HLS 214-291] Loop 'VITIS_LOOP_1412_6' is marked as complete unroll implied by the pipeline pragma (src/IDCT8.cpp:1412:21)
INFO: [HLS 214-291] Loop 'VITIS_LOOP_1419_7' is marked as complete unroll implied by the pipeline pragma (src/IDCT8.cpp:1419:32)
INFO: [HLS 214-291] Loop 'VITIS_LOOP_1393_4' is marked as complete unroll implied by the pipeline pragma (src/IDCT8.cpp:1393:21)
INFO: [HLS 214-291] Loop 'VITIS_LOOP_1400_5' is marked as complete unroll implied by the pipeline pragma (src/IDCT8.cpp:1400:32)
INFO: [HLS 214-291] Loop 'VITIS_LOOP_1373_2' is marked as complete unroll implied by the pipeline pragma (src/IDCT8.cpp:1373:21)
INFO: [HLS 214-291] Loop 'VITIS_LOOP_1380_3' is marked as complete unroll implied by the pipeline pragma (src/IDCT8.cpp:1380:32)
INFO: [HLS 214-291] Loop 'VITIS_LOOP_21_1' is marked as complete unroll implied by the pipeline pragma (src/IDCT8.cpp:21:22)
INFO: [HLS 214-291] Loop 'VITIS_LOOP_24_2' is marked as complete unroll implied by the pipeline pragma (src/IDCT8.cpp:24:26)
INFO: [HLS 214-291] Loop 'VITIS_LOOP_83_1' is marked as complete unroll implied by the pipeline pragma (src/IDCT8.cpp:83:22)
INFO: [HLS 214-291] Loop 'VITIS_LOOP_143_2' is marked as complete unroll implied by the pipeline pragma (src/IDCT8.cpp:143:23)
INFO: [HLS 214-291] Loop 'VITIS_LOOP_127_1' is marked as complete unroll implied by the pipeline pragma (src/IDCT8.cpp:127:23)
INFO: [HLS 214-186] Unrolling loop 'VITIS_LOOP_1432_8' (src/IDCT8.cpp:1432:21) in function 'IDCT8' completely with a factor of 4 (src/IDCT8.cpp:1345:0)
INFO: [HLS 214-186] Unrolling loop 'VITIS_LOOP_1439_9' (src/IDCT8.cpp:1439:32) in function 'IDCT8' completely with a factor of 4 (src/IDCT8.cpp:1345:0)
INFO: [HLS 214-186] Unrolling loop 'VITIS_LOOP_1412_6' (src/IDCT8.cpp:1412:21) in function 'IDCT8' completely with a factor of 8 (src/IDCT8.cpp:1345:0)
INFO: [HLS 214-186] Unrolling loop 'VITIS_LOOP_1419_7' (src/IDCT8.cpp:1419:32) in function 'IDCT8' completely with a factor of 8 (src/IDCT8.cpp:1345:0)
INFO: [HLS 214-186] Unrolling loop 'VITIS_LOOP_1393_4' (src/IDCT8.cpp:1393:21) in function 'IDCT8' completely with a factor of 16 (src/IDCT8.cpp:1345:0)
INFO: [HLS 214-186] Unrolling loop 'VITIS_LOOP_1400_5' (src/IDCT8.cpp:1400:32) in function 'IDCT8' completely with a factor of 16 (src/IDCT8.cpp:1345:0)
INFO: [HLS 214-186] Unrolling loop 'VITIS_LOOP_1373_2' (src/IDCT8.cpp:1373:21) in function 'IDCT8' completely with a factor of 32 (src/IDCT8.cpp:1345:0)
INFO: [HLS 214-186] Unrolling loop 'VITIS_LOOP_1380_3' (src/IDCT8.cpp:1380:32) in function 'IDCT8' completely with a factor of 32 (src/IDCT8.cpp:1345:0)
INFO: [HLS 214-186] Unrolling loop 'VITIS_LOOP_21_1' (src/IDCT8.cpp:21:22) in function 'IDCT8B8' completely with a factor of 8 (src/IDCT8.cpp:66:0)
INFO: [HLS 214-186] Unrolling loop 'VITIS_LOOP_24_2' (src/IDCT8.cpp:24:26) in function 'IDCT8B8' completely with a factor of 8 (src/IDCT8.cpp:66:0)
INFO: [HLS 214-186] Unrolling loop 'VITIS_LOOP_83_1' (src/IDCT8.cpp:83:22) in function 'IDCT8B16' completely with a factor of 5 (src/IDCT8.cpp:70:0)
INFO: [HLS 214-186] Unrolling loop 'VITIS_LOOP_143_2' (src/IDCT8.cpp:143:23) in function 'IDCT8B32' completely with a factor of 2 (src/IDCT8.cpp:112:0)
INFO: [HLS 214-186] Unrolling loop 'VITIS_LOOP_127_1' (src/IDCT8.cpp:127:23) in function 'IDCT8B32' completely with a factor of 6 (src/IDCT8.cpp:112:0)
INFO: [HLS 214-178] Inlining function 'IDCT8B4(ap_int<32>*, ap_int<32>*, ap_int<32>, ap_int<32>, ap_int<32>)' into 'IDCT8' (src/IDCT8.cpp:1345:0)
INFO: [HLS 214-248] Applying array_partition to 'in_data': Complete partitioning on dimension 1. (src/IDCT8.cpp:1368:24)
INFO: [HLS 214-248] Applying array_partition to 'out_data': Complete partitioning on dimension 1. (src/IDCT8.cpp:1369:24)
INFO: [HLS 214-248] Applying array_partition to 'in_data35': Complete partitioning on dimension 1. (src/IDCT8.cpp:1388:24)
INFO: [HLS 214-248] Applying array_partition to 'out_data36': Complete partitioning on dimension 1. (src/IDCT8.cpp:1389:24)
INFO: [HLS 214-248] Applying array_partition to 'in_data77': Complete partitioning on dimension 1. (src/IDCT8.cpp:1407:24)
INFO: [HLS 214-248] Applying array_partition to 'out_data78': Complete partitioning on dimension 1. (src/IDCT8.cpp:1408:24)
INFO: [HLS 214-364] Automatically inlining function 'IDCT8B8(ap_int<32>*, ap_int<32>*, ap_int<32>, ap_int<32>, ap_int<32>, ap_int<32>)' to improve effectiveness of pipeline pragma in function 'IDCT8' (src/IDCT8.cpp:1417:13)
INFO: [HLS 214-364] Automatically inlining function 'IDCT8B16(ap_int<32>*, ap_int<32>*, ap_int<32>, ap_int<32>, ap_int<32>)' to improve effectiveness of pipeline pragma in function 'IDCT8' (src/IDCT8.cpp:1398:13)
INFO: [HLS 214-364] Automatically inlining function 'IDCT8B32(ap_int<32>*, ap_int<32>*, ap_int<32>, ap_int<32>, ap_int<32>)' to improve effectiveness of pipeline pragma in function 'IDCT8' (src/IDCT8.cpp:1378:13)
INFO: [HLS 214-115] Multiple burst reads of variable length and bit width 512 in loop 'VITIS_LOOP_1360_1'(src/IDCT8.cpp:1360:21) has been inferred on bundle 'gmem0'. These burst requests might be further partitioned into multiple requests during RTL generation, based on max_read_burst_length or max_write_burst_length settings. (src/IDCT8.cpp:1360:21)
INFO: [HLS 214-115] Multiple burst writes of variable length and bit width 512 in loop 'VITIS_LOOP_1360_1'(src/IDCT8.cpp:1360:21) has been inferred on bundle 'gmem1'. These burst requests might be further partitioned into multiple requests during RTL generation, based on max_read_burst_length or max_write_burst_length settings. (src/IDCT8.cpp:1360:21)
INFO: [HLS 200-111] Finished Compiling Optimization and Transform: CPU user time: 12.32 seconds. CPU system time: 0.29 seconds. Elapsed time: 17.02 seconds; current allocated memory: 939.805 MB.
INFO: [HLS 200-111] Finished Checking Pragmas: CPU user time: 0 seconds. CPU system time: 0 seconds. Elapsed time: 0 seconds; current allocated memory: 939.938 MB.
INFO: [HLS 200-10] Starting code transformations ...
INFO: [HLS 200-111] Finished Standard Transforms: CPU user time: 0.05 seconds. CPU system time: 0 seconds. Elapsed time: 0.05 seconds; current allocated memory: 947.219 MB.
INFO: [HLS 200-10] Checking synthesizability ...
WARNING: [SYNCHK 200-24] src/IDCT8.cpp:1375: Index for bit vector operation is out of bound.
INFO: [SYNCHK 200-10] 0 error(s), 1 warning(s).
INFO: [HLS 200-111] Finished Checking Synthesizability: CPU user time: 0.08 seconds. CPU system time: 0 seconds. Elapsed time: 0.09 seconds; current allocated memory: 948.164 MB.
INFO: [XFORM 203-401] Performing if-conversion on hyperblock from (src/IDCT8.cpp:1375:15) to (src/IDCT8.cpp:1386:9) in function 'IDCT8'... converting 6 basic blocks.
INFO: [XFORM 203-401] Performing if-conversion on hyperblock from (src/IDCT8.cpp:1395:15) to (src/IDCT8.cpp:1406:9) in function 'IDCT8'... converting 6 basic blocks.
INFO: [HLS 200-111] Finished Loop, function and other optimizations: CPU user time: 0.26 seconds. CPU system time: 0.01 seconds. Elapsed time: 0.27 seconds; current allocated memory: 982.102 MB.
INFO: [HLS 200-111] Finished Architecture Synthesis: CPU user time: 0.34 seconds. CPU system time: 0 seconds. Elapsed time: 0.34 seconds; current allocated memory: 987.816 MB.
INFO: [HLS 200-10] Starting hardware synthesis ...
INFO: [HLS 200-10] Synthesizing 'IDCT8' ...
INFO: [SYN 201-201] Setting up clock 'default' with a period of 10ns.
INFO: [HLS 200-10] ----------------------------------------------------------------
INFO: [HLS 200-42] -- Implementing module 'IDCT8_Pipeline_VITIS_LOOP_1360_1' 
INFO: [HLS 200-10] ----------------------------------------------------------------
INFO: [SCHED 204-11] Starting scheduling ...
INFO: [HLS 200-486] Changing DSP latency (root=add_ln1325_11) to 3 in order to utilize available DSP registers.
INFO: [SCHED 204-61] Pipelining loop 'VITIS_LOOP_1360_1'.
INFO: [HLS 200-1470] Pipelining result : Target II = 1, Final II = 1, Depth = 9, loop 'VITIS_LOOP_1360_1'
INFO: [SCHED 204-11] Finished scheduling.
INFO: [HLS 200-111] Finished Scheduling: CPU user time: 1.58 seconds. CPU system time: 0.03 seconds. Elapsed time: 1.61 seconds; current allocated memory: 1.019 GB.
INFO: [BIND 205-100] Starting micro-architecture generation ...
INFO: [BIND 205-101] Performing variable lifetime analysis.
INFO: [BIND 205-101] Exploring resource sharing.
INFO: [BIND 205-101] Binding ...
INFO: [BIND 205-100] Finished micro-architecture generation.
INFO: [HLS 200-111] Finished Binding: CPU user time: 2.04 seconds. CPU system time: 0.01 seconds. Elapsed time: 2.05 seconds; current allocated memory: 1.019 GB.
INFO: [HLS 200-10] ----------------------------------------------------------------
INFO: [HLS 200-42] -- Implementing module 'IDCT8' 
INFO: [HLS 200-10] ----------------------------------------------------------------
INFO: [SCHED 204-11] Starting scheduling ...
INFO: [SCHED 204-11] Finished scheduling.
INFO: [HLS 200-111] Finished Scheduling: CPU user time: 0.21 seconds. CPU system time: 0.01 seconds. Elapsed time: 0.23 seconds; current allocated memory: 1.019 GB.
INFO: [BIND 205-100] Starting micro-architecture generation ...
INFO: [BIND 205-101] Performing variable lifetime analysis.
INFO: [BIND 205-101] Exploring resource sharing.
INFO: [BIND 205-101] Binding ...
INFO: [BIND 205-100] Finished micro-architecture generation.
INFO: [HLS 200-111] Finished Binding: CPU user time: 0.04 seconds. CPU system time: 0 seconds. Elapsed time: 0.05 seconds; current allocated memory: 1.019 GB.
INFO: [HLS 200-10] ----------------------------------------------------------------
INFO: [HLS 200-10] -- Generating RTL for module 'IDCT8_Pipeline_VITIS_LOOP_1360_1' 
INFO: [HLS 200-10] ----------------------------------------------------------------
INFO: [HLS 200-1030] Apply Unified Pipeline Control on module 'IDCT8_Pipeline_VITIS_LOOP_1360_1' pipeline 'VITIS_LOOP_1360_1' pipeline type 'loop pipeline'
WARNING: [RTGEN 206-101] Setting dangling out port 'IDCT8_Pipeline_VITIS_LOOP_1360_1/m_axi_gmem0_0_ARVALID' to 0.
WARNING: [RTGEN 206-101] Setting dangling out port 'IDCT8_Pipeline_VITIS_LOOP_1360_1/m_axi_gmem0_0_ARADDR' to 0.
WARNING: [RTGEN 206-101] Setting dangling out port 'IDCT8_Pipeline_VITIS_LOOP_1360_1/m_axi_gmem0_0_ARID' to 0.
WARNING: [RTGEN 206-101] Setting dangling out port 'IDCT8_Pipeline_VITIS_LOOP_1360_1/m_axi_gmem0_0_ARLEN' to 0.
WARNING: [RTGEN 206-101] Setting dangling out port 'IDCT8_Pipeline_VITIS_LOOP_1360_1/m_axi_gmem0_0_ARSIZE' to 0.
WARNING: [RTGEN 206-101] Setting dangling out port 'IDCT8_Pipeline_VITIS_LOOP_1360_1/m_axi_gmem0_0_ARBURST' to 0.
WARNING: [RTGEN 206-101] Setting dangling out port 'IDCT8_Pipeline_VITIS_LOOP_1360_1/m_axi_gmem0_0_ARLOCK' to 0.
WARNING: [RTGEN 206-101] Setting dangling out port 'IDCT8_Pipeline_VITIS_LOOP_1360_1/m_axi_gmem0_0_ARCACHE' to 0.
WARNING: [RTGEN 206-101] Setting dangling out port 'IDCT8_Pipeline_VITIS_LOOP_1360_1/m_axi_gmem0_0_ARPROT' to 0.
WARNING: [RTGEN 206-101] Setting dangling out port 'IDCT8_Pipeline_VITIS_LOOP_1360_1/m_axi_gmem0_0_ARQOS' to 0.
WARNING: [RTGEN 206-101] Setting dangling out port 'IDCT8_Pipeline_VITIS_LOOP_1360_1/m_axi_gmem0_0_ARREGION' to 0.
WARNING: [RTGEN 206-101] Setting dangling out port 'IDCT8_Pipeline_VITIS_LOOP_1360_1/m_axi_gmem0_0_ARUSER' to 0.
WARNING: [RTGEN 206-101] Setting dangling out port 'IDCT8_Pipeline_VITIS_LOOP_1360_1/m_axi_gmem1_0_AWVALID' to 0.
WARNING: [RTGEN 206-101] Setting dangling out port 'IDCT8_Pipeline_VITIS_LOOP_1360_1/m_axi_gmem1_0_AWADDR' to 0.
WARNING: [RTGEN 206-101] Setting dangling out port 'IDCT8_Pipeline_VITIS_LOOP_1360_1/m_axi_gmem1_0_AWID' to 0.
WARNING: [RTGEN 206-101] Setting dangling out port 'IDCT8_Pipeline_VITIS_LOOP_1360_1/m_axi_gmem1_0_AWLEN' to 0.
WARNING: [RTGEN 206-101] Setting dangling out port 'IDCT8_Pipeline_VITIS_LOOP_1360_1/m_axi_gmem1_0_AWSIZE' to 0.
WARNING: [RTGEN 206-101] Setting dangling out port 'IDCT8_Pipeline_VITIS_LOOP_1360_1/m_axi_gmem1_0_AWBURST' to 0.
WARNING: [RTGEN 206-101] Setting dangling out port 'IDCT8_Pipeline_VITIS_LOOP_1360_1/m_axi_gmem1_0_AWLOCK' to 0.
WARNING: [RTGEN 206-101] Setting dangling out port 'IDCT8_Pipeline_VITIS_LOOP_1360_1/m_axi_gmem1_0_AWCACHE' to 0.
WARNING: [RTGEN 206-101] Setting dangling out port 'IDCT8_Pipeline_VITIS_LOOP_1360_1/m_axi_gmem1_0_AWPROT' to 0.
WARNING: [RTGEN 206-101] Setting dangling out port 'IDCT8_Pipeline_VITIS_LOOP_1360_1/m_axi_gmem1_0_AWQOS' to 0.
WARNING: [RTGEN 206-101] Setting dangling out port 'IDCT8_Pipeline_VITIS_LOOP_1360_1/m_axi_gmem1_0_AWREGION' to 0.
WARNING: [RTGEN 206-101] Setting dangling out port 'IDCT8_Pipeline_VITIS_LOOP_1360_1/m_axi_gmem1_0_AWUSER' to 0.
WARNING: [RTGEN 206-101] Setting dangling out port 'IDCT8_Pipeline_VITIS_LOOP_1360_1/m_axi_gmem1_0_BREADY' to 0.
INFO: [RTGEN 206-104] Estimated max fanout for 'IDCT8_Pipeline_VITIS_LOOP_1360_1' is 20463 from HDL expression: (1'b0 == ap_block_pp0_stage0_11001_grp1)
INFO: [RTGEN 206-100] Generating core module 'mac_muladd_8s_2ns_39s_39_4_1': 1 instance(s).
INFO: [RTGEN 206-100] Generating core module 'mul_2ns_7ns_8_1_1': 5 instance(s).
INFO: [RTGEN 206-100] Generating core module 'mul_2ns_8ns_9_1_1': 10 instance(s).
INFO: [RTGEN 206-100] Generating core module 'mul_32s_5s_37_1_1': 1 instance(s).
INFO: [RTGEN 206-100] Generating core module 'mul_32s_7s_32_1_1': 6 instance(s).
INFO: [RTGEN 206-100] Generating core module 'mul_32s_7s_39_1_1': 1 instance(s).
INFO: [RTGEN 206-100] Generating core module 'mul_32s_8s_32_1_1': 15 instance(s).
INFO: [RTGEN 206-100] Generating core module 'mul_32s_8s_39_1_1': 2 instance(s).
INFO: [RTGEN 206-100] Generating core module 'mul_32s_8s_40_1_1': 14 instance(s).
INFO: [RTGEN 206-100] Finished creating RTL model for 'IDCT8_Pipeline_VITIS_LOOP_1360_1'.
INFO: [HLS 200-111] Finished Creating RTL model: CPU user time: 0.91 seconds. CPU system time: 0.02 seconds. Elapsed time: 0.93 seconds; current allocated memory: 1.030 GB.
INFO: [HLS 200-10] ----------------------------------------------------------------
INFO: [HLS 200-10] -- Generating RTL for module 'IDCT8' 
INFO: [HLS 200-10] ----------------------------------------------------------------
WARNING: [RTGEN 206-101] Design contains AXI ports. Reset is fixed to synchronous and active low.
INFO: [RTGEN 206-500] Setting interface mode on port 'IDCT8/gmem0' to 'm_axi'.
INFO: [RTGEN 206-500] Setting interface mode on port 'IDCT8/gmem1' to 'm_axi'.
INFO: [RTGEN 206-500] Setting interface mode on port 'IDCT8/in_r' to 's_axilite & ap_none'.
INFO: [RTGEN 206-500] Setting interface mode on port 'IDCT8/out_r' to 's_axilite & ap_none'.
INFO: [RTGEN 206-500] Setting interface mode on port 'IDCT8/block_size' to 's_axilite & ap_none'.
INFO: [RTGEN 206-500] Setting interface mode on port 'IDCT8/sIn' to 's_axilite & ap_none'.
INFO: [RTGEN 206-500] Setting interface mode on port 'IDCT8/size' to 's_axilite & ap_none'.
INFO: [RTGEN 206-500] Setting interface mode on port 'IDCT8/shift' to 's_axilite & ap_none'.
INFO: [RTGEN 206-500] Setting interface mode on port 'IDCT8/oMin' to 's_axilite & ap_none'.
INFO: [RTGEN 206-500] Setting interface mode on port 'IDCT8/oMax' to 's_axilite & ap_none'.
INFO: [RTGEN 206-500] Setting interface mode on function 'IDCT8' to 's_axilite & ap_ctrl_chain'.
INFO: [RTGEN 206-100] Bundling port 'in_r', 'out_r', 'block_size', 'sIn', 'size', 'shift', 'oMin', 'oMax' and 'return' to AXI-Lite port control.
INFO: [RTGEN 206-100] Finished creating RTL model for 'IDCT8'.
INFO: [HLS 200-111] Finished Creating RTL model: CPU user time: 0.97 seconds. CPU system time: 0.04 seconds. Elapsed time: 1.02 seconds; current allocated memory: 1.107 GB.
INFO: [HLS 200-111] Finished Generating all RTL models: CPU user time: 0.25 seconds. CPU system time: 0.01 seconds. Elapsed time: 0.26 seconds; current allocated memory: 1.107 GB.
INFO: [HLS 200-1603] Design has inferred MAXI bursts and missed bursts, see Vitis HLS GUI synthesis summary report for detailed information.
INFO: [HLS 200-111] Finished Updating report files: CPU user time: 0.66 seconds. CPU system time: 0.01 seconds. Elapsed time: 0.67 seconds; current allocated memory: 1.131 GB.
INFO: [VHDL 208-304] Generating VHDL RTL for IDCT8.
INFO: [VLOG 209-307] Generating Verilog RTL for IDCT8.
INFO: [HLS 200-790] **** Loop Constraint Status: All loop constraints were satisfied.
INFO: [HLS 200-789] **** Estimated Fmax: 136.99 MHz
INFO: [HLS 200-112] Total CPU user time: 28.39 seconds. Total CPU system time: 1.02 seconds. Total elapsed time: 33.78 seconds; peak allocated memory: 1.131 GB.
INFO: [v++ 60-791] Total elapsed time: 0h 0m 37s
