  **** HLS Build v2024.2 5238294
INFO: [HLS 200-2005] Using work_dir /home/mahir/Desktop/vvc/VVC-Decoder-Accelerator/dct8_dir 
INFO: [HLS 200-2006] Changing directory to /home/mahir/Desktop/vvc/VVC-Decoder-Accelerator
INFO: [HLS 200-1505] Using default flow_target 'vivado'
Resolution: For help on HLS 200-1505 see docs.xilinx.com/access/sources/dita/topic?Doc_Version=2024.2%20English&url=ug1448-hls-guidance&resourceid=200-1505.html
INFO: [HLS 200-1465] Applying ini 'syn.file=../src/IDCT8.cpp' from /home/mahir/Desktop/vvc/VVC-Decoder-Accelerator/Hardware/dct8-compile.cfg(19)
INFO: [HLS 200-10] Adding design file '/home/mahir/Desktop/vvc/VVC-Decoder-Accelerator/src/IDCT8.cpp' to the project
INFO: [HLS 200-1465] Applying ini 'syn.file=../src/transform_coeffs.h' from /home/mahir/Desktop/vvc/VVC-Decoder-Accelerator/Hardware/dct8-compile.cfg(20)
INFO: [HLS 200-10] Adding design file '/home/mahir/Desktop/vvc/VVC-Decoder-Accelerator/src/transform_coeffs.h' to the project
INFO: [HLS 200-1465] Applying ini 'syn.top=IDCT8' from /home/mahir/Desktop/vvc/VVC-Decoder-Accelerator/Hardware/dct8-compile.cfg(21)
INFO: [HLS 200-1465] Applying ini 'flow_target=vitis' from /home/mahir/Desktop/vvc/VVC-Decoder-Accelerator/Hardware/dct8-compile.cfg(16)
INFO: [HLS 200-1505] Using flow_target 'vitis'
Resolution: For help on HLS 200-1505 see docs.xilinx.com/access/sources/dita/topic?Doc_Version=2024.2%20English&url=ug1448-hls-guidance&resourceid=200-1505.html
INFO: [HLS 200-435] Setting 'open_solution -flow_target vitis' configuration: config_interface -m_axi_latency=64
INFO: [HLS 200-435] Setting 'open_solution -flow_target vitis' configuration: config_interface -m_axi_alignment_byte_size=64
INFO: [HLS 200-435] Setting 'open_solution -flow_target vitis' configuration: config_interface -m_axi_max_widen_bitwidth=512
INFO: [HLS 200-435] Setting 'open_solution -flow_target vitis' configuration: config_rtl -register_reset_num=3
INFO: [HLS 200-1465] Applying ini 'part=xczu9eg-ffvb1156-2-e' from /home/mahir/Desktop/vvc/VVC-Decoder-Accelerator/Hardware/dct8-compile.cfg(1)
INFO: [HLS 200-1611] Setting target device to 'xczu9eg-ffvb1156-2-e'
INFO: [HLS 200-1465] Applying ini 'package.output.format=xo' from /home/mahir/Desktop/vvc/VVC-Decoder-Accelerator/Hardware/dct8-compile.cfg(17)
INFO: [HLS 200-111] Finished File checks and directory preparation: CPU user time: 1.98 seconds. CPU system time: 0.19 seconds. Elapsed time: 2.06 seconds; current allocated memory: 909.371 MB.
INFO: [HLS 200-10] Analyzing design file 'src/IDCT8.cpp' ... 
ERROR: [HLS 207-3339] no matching function for call to 'INV_MATMUL_8' (src/IDCT8.cpp:69:5)
INFO: [HLS 207-4378] candidate function not viable: no known conversion from 'const ap_uint<32> [8]' to 'const int *' for 9th argument (src/IDCT8.cpp:13:6)
ERROR: [HLS 207-3776] use of undeclared identifier 'shift' (src/IDCT8.cpp:81:23)
ERROR: [HLS 207-3776] use of undeclared identifier 'shift' (src/IDCT8.cpp:81:52)
ERROR: [HLS 207-3776] use of undeclared identifier 'shift' (src/IDCT8.cpp:94:92)
ERROR: [HLS 207-3776] use of undeclared identifier 'shift' (src/IDCT8.cpp:95:92)
ERROR: [HLS 207-3776] use of undeclared identifier 'shift' (src/IDCT8.cpp:96:93)
ERROR: [HLS 207-3776] use of undeclared identifier 'shift' (src/IDCT8.cpp:97:92)
ERROR: [HLS 207-3776] use of undeclared identifier 'shift' (src/IDCT8.cpp:98:93)
ERROR: [HLS 207-3776] use of undeclared identifier 'shift' (src/IDCT8.cpp:99:155)
ERROR: [HLS 207-3776] use of undeclared identifier 'shift' (src/IDCT8.cpp:101:149)
ERROR: [HLS 207-3776] use of undeclared identifier 'shift' (src/IDCT8.cpp:102:149)
ERROR: [HLS 207-3776] use of undeclared identifier 'shift' (src/IDCT8.cpp:103:151)
ERROR: [HLS 207-3776] use of undeclared identifier 'shift' (src/IDCT8.cpp:104:149)
ERROR: [HLS 207-3776] use of undeclared identifier 'shift' (src/IDCT8.cpp:105:149)
ERROR: [HLS 207-3776] use of undeclared identifier 'shift' (src/IDCT8.cpp:106:151)
ERROR: [HLS 207-3776] use of undeclared identifier 'shift' (src/IDCT8.cpp:107:152)
ERROR: [HLS 207-3776] use of undeclared identifier 'shift' (src/IDCT8.cpp:108:151)
ERROR: [HLS 207-3776] use of undeclared identifier 'shift' (src/IDCT8.cpp:109:151)
ERROR: [HLS 207-3776] use of undeclared identifier 'shift' (src/IDCT8.cpp:110:152)
ERROR: [HLS 207-59] too many errors emitted, stopping now
ERROR:  
INFO: [HLS 200-112] Total CPU user time: 2.55 seconds. Total CPU system time: 0.28 seconds. Total elapsed time: 2.73 seconds; peak allocated memory: 910.918 MB.
