  **** HLS Build v2024.2 5238294
INFO: [HLS 200-2005] Using work_dir /home/mahir/Desktop/vvc/VVC-Decoder-Accelerator/dct8_dir 
INFO: [HLS 200-2006] Changing directory to /home/mahir/Desktop/vvc/VVC-Decoder-Accelerator
INFO: [HLS 200-1505] Using default flow_target 'vivado'
Resolution: For help on HLS 200-1505 see docs.xilinx.com/access/sources/dita/topic?Doc_Version=2024.2%20English&url=ug1448-hls-guidance&resourceid=200-1505.html
INFO: [HLS 200-1465] Applying ini 'syn.file=../src/IDCT8.cpp' from /home/mahir/Desktop/vvc/VVC-Decoder-Accelerator/Hardware/dct8-compile.cfg(19)
INFO: [HLS 200-10] Adding design file '/home/mahir/Desktop/vvc/VVC-Decoder-Accelerator/src/IDCT8.cpp' to the project
INFO: [HLS 200-1465] Applying ini 'syn.file=../src/transform_coeffs.h' from /home/mahir/Desktop/vvc/VVC-Decoder-Accelerator/Hardware/dct8-compile.cfg(20)
INFO: [HLS 200-10] Adding design file '/home/mahir/Desktop/vvc/VVC-Decoder-Accelerator/src/transform_coeffs.h' to the project
INFO: [HLS 200-1465] Applying ini 'syn.top=IDCT8' from /home/mahir/Desktop/vvc/VVC-Decoder-Accelerator/Hardware/dct8-compile.cfg(21)
INFO: [HLS 200-1465] Applying ini 'flow_target=vitis' from /home/mahir/Desktop/vvc/VVC-Decoder-Accelerator/Hardware/dct8-compile.cfg(16)
INFO: [HLS 200-1505] Using flow_target 'vitis'
Resolution: For help on HLS 200-1505 see docs.xilinx.com/access/sources/dita/topic?Doc_Version=2024.2%20English&url=ug1448-hls-guidance&resourceid=200-1505.html
INFO: [HLS 200-435] Setting 'open_solution -flow_target vitis' configuration: config_interface -m_axi_latency=64
INFO: [HLS 200-435] Setting 'open_solution -flow_target vitis' configuration: config_interface -m_axi_alignment_byte_size=64
INFO: [HLS 200-435] Setting 'open_solution -flow_target vitis' configuration: config_interface -m_axi_max_widen_bitwidth=512
INFO: [HLS 200-435] Setting 'open_solution -flow_target vitis' configuration: config_rtl -register_reset_num=3
INFO: [HLS 200-1465] Applying ini 'part=xczu9eg-ffvb1156-2-e' from /home/mahir/Desktop/vvc/VVC-Decoder-Accelerator/Hardware/dct8-compile.cfg(1)
INFO: [HLS 200-1611] Setting target device to 'xczu9eg-ffvb1156-2-e'
INFO: [HLS 200-1465] Applying ini 'package.output.format=xo' from /home/mahir/Desktop/vvc/VVC-Decoder-Accelerator/Hardware/dct8-compile.cfg(17)
INFO: [HLS 200-111] Finished File checks and directory preparation: CPU user time: 1.95 seconds. CPU system time: 0.21 seconds. Elapsed time: 2.04 seconds; current allocated memory: 909.414 MB.
INFO: [HLS 200-10] Analyzing design file 'src/IDCT8.cpp' ... 
ERROR: [HLS 207-3734] no viable conversion from 'typename ap_int_base<32, true>::RType<32, true>::minus' (aka 'ap_int<33>') to 'const ap_int<32> *' (src/IDCT8.cpp:112:23)
INFO: [HLS 207-4372] candidate function (/tools/Xilinx/Vitis/2024.2/common/technology/autopilot/etc/ap_int_base.h:555:80)
ERROR: [HLS 207-3339] no matching function for call to 'INV_MATMUL_8' (src/IDCT8.cpp:129:5)
INFO: [HLS 207-4378] candidate function not viable: no known conversion from 'const ap_uint<32> [8]' to 'const int *' for 9th argument (src/IDCT8.cpp:13:6)
ERROR: [HLS 207-3777] use of undeclared identifier 'IDCT2B16'; did you mean 'IDCT8B16'? (src/IDCT8.cpp:164:5)
INFO: [HLS 207-4436] 'IDCT8B16' declared here (src/IDCT8.cpp:132:6)
ERROR: [HLS 207-3777] use of undeclared identifier 'IDCT2B16'; did you mean 'IDCT8B16'? (src/IDCT8.cpp:253:13)
ERROR: [HLS 207-3777] use of undeclared identifier 'IDCT2B8'; did you mean 'IDCT2B32'? (src/IDCT8.cpp:272:13)
INFO: [HLS 207-4436] 'IDCT2B32' declared here (src/IDCT8.cpp:136:6)
ERROR: [HLS 207-3777] use of undeclared identifier 'IDCT2B4'; did you mean 'IDCT2B32'? (src/IDCT8.cpp:291:13)
ERROR: [HLS 207-3777] use of undeclared identifier 'IDCT2B2'; did you mean 'IDCT2B32'? (src/IDCT8.cpp:310:13)
ERROR:  
INFO: [HLS 200-112] Total CPU user time: 2.46 seconds. Total CPU system time: 0.32 seconds. Total elapsed time: 2.66 seconds; peak allocated memory: 910.898 MB.
