

================================================================
== Vitis HLS Report for 'IDCT2B16'
================================================================
* Date:           Fri Nov 21 21:48:43 2025

* Version:        2024.2 (Build 5238294 on Nov  8 2024)
* Project:        dct2_dir
* Solution:       hls (Vitis Kernel Flow Target)
* Product family: zynquplus
* Target device:  xczu9eg-ffvb1156-2-e


================================================================
== Performance Estimates
================================================================
+ Timing: 
    * Summary: 
    +--------+----------+----------+------------+
    |  Clock |  Target  | Estimated| Uncertainty|
    +--------+----------+----------+------------+
    |ap_clk  |  10.00 ns|  7.199 ns|     2.70 ns|
    +--------+----------+----------+------------+

+ Latency: 
    * Summary: 
    +---------+---------+----------+----------+-----+-----+---------+
    |  Latency (cycles) |  Latency (absolute) |  Interval | Pipeline|
    |   min   |   max   |    min   |    max   | min | max |   Type  |
    +---------+---------+----------+----------+-----+-----+---------+
    |        0|        0|      0 ns|      0 ns|    1|    1|      yes|
    +---------+---------+----------+----------+-----+-----+---------+

    + Detail: 
        * Instance: 
        N/A

        * Loop: 
        N/A

============================================================
+ Verbose Summary: Synthesis Manager
============================================================
InlineROM: 1
ExposeGlobal: 0
============================================================
+ Verbose Summary: CDFG Model
============================================================
IsTopModel: 0
ResetActiveHigh: 1
IsCombinational: 0
IsDatapathOnly: 0
HasWiredReturn: 1
HasMFsm: 2
HasVarLatency: 0
IsPipeline: 1
IsRtlPipelined: 0
IsInstanceOverlapped: 0
IsDontTouch: 0
HasImplIP: 0
IsGatedGlobalClock: 0

+ Individual pipeline summary: 
  * Pipeline-0: initiation interval (II) = 1, depth = 1


============================================================
+ Verbose Summary: Schedule
============================================================
* Number of FSM states : 1
* Pipeline : 1
  Pipeline-0 : II = 1, D = 1, States = { 1 }
* Dataflow Pipeline: 0

* FSM state transitions: 
1 --> 

* FSM state operations: 

State 1 <SV = 0> <Delay = 7.19>
ST_1 : Operation 2 [1/1] (0.00ns)   --->   "%in_15_val_read = read i32 @_ssdm_op_Read.ap_auto.i32, i32 %in_15_val" [src/IDCT2.cpp:88]   --->   Operation 2 'read' 'in_15_val_read' <Predicate = true> <Delay = 0.00>
ST_1 : Operation 3 [1/1] (0.00ns)   --->   "%in_14_val_read = read i32 @_ssdm_op_Read.ap_auto.i32, i32 %in_14_val" [src/IDCT2.cpp:88]   --->   Operation 3 'read' 'in_14_val_read' <Predicate = true> <Delay = 0.00>
ST_1 : Operation 4 [1/1] (0.00ns)   --->   "%in_13_val_read = read i32 @_ssdm_op_Read.ap_auto.i32, i32 %in_13_val" [src/IDCT2.cpp:88]   --->   Operation 4 'read' 'in_13_val_read' <Predicate = true> <Delay = 0.00>
ST_1 : Operation 5 [1/1] (0.00ns)   --->   "%in_12_val_read = read i32 @_ssdm_op_Read.ap_auto.i32, i32 %in_12_val" [src/IDCT2.cpp:88]   --->   Operation 5 'read' 'in_12_val_read' <Predicate = true> <Delay = 0.00>
ST_1 : Operation 6 [1/1] (0.00ns)   --->   "%in_11_val_read = read i32 @_ssdm_op_Read.ap_auto.i32, i32 %in_11_val" [src/IDCT2.cpp:88]   --->   Operation 6 'read' 'in_11_val_read' <Predicate = true> <Delay = 0.00>
ST_1 : Operation 7 [1/1] (0.00ns)   --->   "%in_10_val_read = read i32 @_ssdm_op_Read.ap_auto.i32, i32 %in_10_val" [src/IDCT2.cpp:88]   --->   Operation 7 'read' 'in_10_val_read' <Predicate = true> <Delay = 0.00>
ST_1 : Operation 8 [1/1] (0.00ns)   --->   "%in_9_val_read = read i32 @_ssdm_op_Read.ap_auto.i32, i32 %in_9_val" [src/IDCT2.cpp:88]   --->   Operation 8 'read' 'in_9_val_read' <Predicate = true> <Delay = 0.00>
ST_1 : Operation 9 [1/1] (0.00ns)   --->   "%in_8_val_read = read i26 @_ssdm_op_Read.ap_auto.i26, i26 %in_8_val" [src/IDCT2.cpp:88]   --->   Operation 9 'read' 'in_8_val_read' <Predicate = true> <Delay = 0.00>
ST_1 : Operation 10 [1/1] (0.00ns)   --->   "%in_7_val_read = read i32 @_ssdm_op_Read.ap_auto.i32, i32 %in_7_val" [src/IDCT2.cpp:88]   --->   Operation 10 'read' 'in_7_val_read' <Predicate = true> <Delay = 0.00>
ST_1 : Operation 11 [1/1] (0.00ns)   --->   "%in_6_val_read = read i32 @_ssdm_op_Read.ap_auto.i32, i32 %in_6_val" [src/IDCT2.cpp:88]   --->   Operation 11 'read' 'in_6_val_read' <Predicate = true> <Delay = 0.00>
ST_1 : Operation 12 [1/1] (0.00ns)   --->   "%in_5_val_read = read i32 @_ssdm_op_Read.ap_auto.i32, i32 %in_5_val" [src/IDCT2.cpp:88]   --->   Operation 12 'read' 'in_5_val_read' <Predicate = true> <Delay = 0.00>
ST_1 : Operation 13 [1/1] (0.00ns)   --->   "%in_4_val_read = read i32 @_ssdm_op_Read.ap_auto.i32, i32 %in_4_val" [src/IDCT2.cpp:88]   --->   Operation 13 'read' 'in_4_val_read' <Predicate = true> <Delay = 0.00>
ST_1 : Operation 14 [1/1] (0.00ns)   --->   "%in_3_val_read = read i32 @_ssdm_op_Read.ap_auto.i32, i32 %in_3_val" [src/IDCT2.cpp:88]   --->   Operation 14 'read' 'in_3_val_read' <Predicate = true> <Delay = 0.00>
ST_1 : Operation 15 [1/1] (0.00ns)   --->   "%in_2_val_read = read i32 @_ssdm_op_Read.ap_auto.i32, i32 %in_2_val" [src/IDCT2.cpp:88]   --->   Operation 15 'read' 'in_2_val_read' <Predicate = true> <Delay = 0.00>
ST_1 : Operation 16 [1/1] (0.00ns)   --->   "%in_1_val_read = read i32 @_ssdm_op_Read.ap_auto.i32, i32 %in_1_val" [src/IDCT2.cpp:88]   --->   Operation 16 'read' 'in_1_val_read' <Predicate = true> <Delay = 0.00>
ST_1 : Operation 17 [1/1] (0.00ns)   --->   "%in_0_val_read = read i26 @_ssdm_op_Read.ap_auto.i26, i26 %in_0_val" [src/IDCT2.cpp:88]   --->   Operation 17 'read' 'in_0_val_read' <Predicate = true> <Delay = 0.00>
ST_1 : Operation 18 [1/1] (6.18ns)   --->   "%call_ret = call i256 @IDCT2B8, i26 %in_0_val_read, i32 %in_2_val_read, i32 %in_4_val_read, i32 %in_6_val_read, i26 %in_8_val_read, i32 %in_10_val_read, i32 %in_12_val_read, i32 %in_14_val_read" [src/IDCT2.cpp:99]   --->   Operation 18 'call' 'call_ret' <Predicate = true> <Delay = 6.18> <CoreType = "Generic">   --->   Generic Core
ST_1 : Operation 19 [1/1] (0.00ns)   --->   "%evens = extractvalue i256 %call_ret" [src/IDCT2.cpp:99]   --->   Operation 19 'extractvalue' 'evens' <Predicate = true> <Delay = 0.00>
ST_1 : Operation 20 [1/1] (0.00ns)   --->   "%evens_1 = extractvalue i256 %call_ret" [src/IDCT2.cpp:99]   --->   Operation 20 'extractvalue' 'evens_1' <Predicate = true> <Delay = 0.00>
ST_1 : Operation 21 [1/1] (0.00ns)   --->   "%evens_2 = extractvalue i256 %call_ret" [src/IDCT2.cpp:99]   --->   Operation 21 'extractvalue' 'evens_2' <Predicate = true> <Delay = 0.00>
ST_1 : Operation 22 [1/1] (0.00ns)   --->   "%evens_3 = extractvalue i256 %call_ret" [src/IDCT2.cpp:99]   --->   Operation 22 'extractvalue' 'evens_3' <Predicate = true> <Delay = 0.00>
ST_1 : Operation 23 [1/1] (0.00ns)   --->   "%evens_4 = extractvalue i256 %call_ret" [src/IDCT2.cpp:99]   --->   Operation 23 'extractvalue' 'evens_4' <Predicate = true> <Delay = 0.00>
ST_1 : Operation 24 [1/1] (0.00ns)   --->   "%evens_5 = extractvalue i256 %call_ret" [src/IDCT2.cpp:99]   --->   Operation 24 'extractvalue' 'evens_5' <Predicate = true> <Delay = 0.00>
ST_1 : Operation 25 [1/1] (0.00ns)   --->   "%evens_6 = extractvalue i256 %call_ret" [src/IDCT2.cpp:99]   --->   Operation 25 'extractvalue' 'evens_6' <Predicate = true> <Delay = 0.00>
ST_1 : Operation 26 [1/1] (0.00ns)   --->   "%evens_7 = extractvalue i256 %call_ret" [src/IDCT2.cpp:99]   --->   Operation 26 'extractvalue' 'evens_7' <Predicate = true> <Delay = 0.00>
ST_1 : Operation 27 [1/1] (0.00ns)   --->   "%shl_ln103 = shl i32 %in_1_val_read, i32 7" [src/IDCT2.cpp:103]   --->   Operation 27 'shl' 'shl_ln103' <Predicate = true> <Delay = 0.00>
ST_1 : Operation 28 [1/1] (0.00ns)   --->   "%shl_ln103_1 = shl i32 %in_1_val_read, i32 5" [src/IDCT2.cpp:103]   --->   Operation 28 'shl' 'shl_ln103_1' <Predicate = true> <Delay = 0.00>
ST_1 : Operation 29 [1/1] (0.00ns) (grouped into TernaryAdder)   --->   "%sub_ln103 = sub i32 %shl_ln103, i32 %shl_ln103_1" [src/IDCT2.cpp:103]   --->   Operation 29 'sub' 'sub_ln103' <Predicate = true> <Delay = 0.00> <CoreInst = "TAddSub">   --->   Core 10 'TAddSub' <Latency = 0> <II = 1> <Delay = 0.36> <IPBlock> <Opcode : '' 'add' 'sub'> <InPorts = 3> <OutPorts = 1> <Sync> <CReg>
ST_1 : Operation 30 [1/1] (0.00ns)   --->   "%shl_ln103_2 = shl i32 %in_1_val_read, i32 3" [src/IDCT2.cpp:103]   --->   Operation 30 'shl' 'shl_ln103_2' <Predicate = true> <Delay = 0.00>
ST_1 : Operation 31 [1/1] (0.73ns) (root node of TernaryAdder)   --->   "%sub_ln103_1 = sub i32 %sub_ln103, i32 %shl_ln103_2" [src/IDCT2.cpp:103]   --->   Operation 31 'sub' 'sub_ln103_1' <Predicate = true> <Delay = 0.73> <CoreInst = "TAddSub">   --->   Core 10 'TAddSub' <Latency = 0> <II = 1> <Delay = 0.36> <IPBlock> <Opcode : '' 'add' 'sub'> <InPorts = 3> <OutPorts = 1> <Sync> <CReg>
ST_1 : Operation 32 [1/1] (0.00ns)   --->   "%shl_ln103_3 = shl i32 %in_1_val_read, i32 1" [src/IDCT2.cpp:103]   --->   Operation 32 'shl' 'shl_ln103_3' <Predicate = true> <Delay = 0.00>
ST_1 : Operation 33 [1/1] (1.01ns)   --->   "%add_ln103_56 = add i32 %sub_ln103_1, i32 %shl_ln103_3" [src/IDCT2.cpp:103]   --->   Operation 33 'add' 'add_ln103_56' <Predicate = true> <Delay = 1.01> <CoreInst = "Adder">   --->   Core 1 'Adder' <Latency = 0> <II = 1> <Delay = 1.01> <FuncUnit> <Opcode : 'add' 'sub'> <InPorts = 2> <OutPorts = 1>
ST_1 : Operation 34 [1/1] (0.00ns) (grouped into LUT with out node sub_ln103_2)   --->   "%shl_ln103_4 = shl i32 %in_3_val_read, i32 7" [src/IDCT2.cpp:103]   --->   Operation 34 'shl' 'shl_ln103_4' <Predicate = true> <Delay = 0.00>
ST_1 : Operation 35 [1/1] (0.00ns) (grouped into LUT with out node sub_ln103_2)   --->   "%shl_ln103_5 = shl i32 %in_3_val_read, i32 5" [src/IDCT2.cpp:103]   --->   Operation 35 'shl' 'shl_ln103_5' <Predicate = true> <Delay = 0.00>
ST_1 : Operation 36 [1/1] (1.01ns) (out node of the LUT)   --->   "%sub_ln103_2 = sub i32 %shl_ln103_4, i32 %shl_ln103_5" [src/IDCT2.cpp:103]   --->   Operation 36 'sub' 'sub_ln103_2' <Predicate = true> <Delay = 1.01> <CoreInst = "Adder">   --->   Core 1 'Adder' <Latency = 0> <II = 1> <Delay = 1.01> <FuncUnit> <Opcode : 'add' 'sub'> <InPorts = 2> <OutPorts = 1>
ST_1 : Operation 37 [1/1] (0.00ns)   --->   "%shl_ln103_6 = shl i32 %in_3_val_read, i32 3" [src/IDCT2.cpp:103]   --->   Operation 37 'shl' 'shl_ln103_6' <Predicate = true> <Delay = 0.00>
ST_1 : Operation 38 [1/1] (0.00ns) (grouped into TernaryAdder)   --->   "%sub_ln103_3 = sub i32 %sub_ln103_2, i32 %shl_ln103_6" [src/IDCT2.cpp:103]   --->   Operation 38 'sub' 'sub_ln103_3' <Predicate = true> <Delay = 0.00> <CoreInst = "TAddSub">   --->   Core 10 'TAddSub' <Latency = 0> <II = 1> <Delay = 0.36> <IPBlock> <Opcode : '' 'add' 'sub'> <InPorts = 3> <OutPorts = 1> <Sync> <CReg>
ST_1 : Operation 39 [1/1] (0.73ns) (root node of TernaryAdder)   --->   "%sub_ln103_4 = sub i32 %sub_ln103_3, i32 %in_3_val_read" [src/IDCT2.cpp:103]   --->   Operation 39 'sub' 'sub_ln103_4' <Predicate = true> <Delay = 0.73> <CoreInst = "TAddSub">   --->   Core 10 'TAddSub' <Latency = 0> <II = 1> <Delay = 0.36> <IPBlock> <Opcode : '' 'add' 'sub'> <InPorts = 3> <OutPorts = 1> <Sync> <CReg>
ST_1 : Operation 40 [1/1] (0.00ns)   --->   "%shl_ln103_7 = shl i32 %in_5_val_read, i32 6" [src/IDCT2.cpp:103]   --->   Operation 40 'shl' 'shl_ln103_7' <Predicate = true> <Delay = 0.00>
ST_1 : Operation 41 [1/1] (0.00ns)   --->   "%shl_ln103_8 = shl i32 %in_5_val_read, i32 4" [src/IDCT2.cpp:103]   --->   Operation 41 'shl' 'shl_ln103_8' <Predicate = true> <Delay = 0.00>
ST_1 : Operation 42 [1/1] (1.01ns)   --->   "%add_ln103_57 = add i32 %shl_ln103_7, i32 %shl_ln103_8" [src/IDCT2.cpp:103]   --->   Operation 42 'add' 'add_ln103_57' <Predicate = true> <Delay = 1.01> <CoreInst = "Adder">   --->   Core 1 'Adder' <Latency = 0> <II = 1> <Delay = 1.01> <FuncUnit> <Opcode : 'add' 'sub'> <InPorts = 2> <OutPorts = 1>
ST_1 : Operation 43 [1/1] (0.00ns)   --->   "%shl_ln103_9 = shl i32 %in_7_val_read, i32 6" [src/IDCT2.cpp:103]   --->   Operation 43 'shl' 'shl_ln103_9' <Predicate = true> <Delay = 0.00>
ST_1 : Operation 44 [1/1] (0.00ns)   --->   "%shl_ln103_10 = shl i32 %in_7_val_read, i32 3" [src/IDCT2.cpp:103]   --->   Operation 44 'shl' 'shl_ln103_10' <Predicate = true> <Delay = 0.00>
ST_1 : Operation 45 [1/1] (0.00ns) (grouped into TernaryAdder)   --->   "%add_ln103_58 = add i32 %shl_ln103_9, i32 %shl_ln103_10" [src/IDCT2.cpp:103]   --->   Operation 45 'add' 'add_ln103_58' <Predicate = true> <Delay = 0.00> <CoreInst = "TAddSub">   --->   Core 10 'TAddSub' <Latency = 0> <II = 1> <Delay = 0.36> <IPBlock> <Opcode : '' 'add' 'sub'> <InPorts = 3> <OutPorts = 1> <Sync> <CReg>
ST_1 : Operation 46 [1/1] (0.00ns)   --->   "%shl_ln103_11 = shl i32 %in_7_val_read, i32 1" [src/IDCT2.cpp:103]   --->   Operation 46 'shl' 'shl_ln103_11' <Predicate = true> <Delay = 0.00>
ST_1 : Operation 47 [1/1] (0.73ns) (root node of TernaryAdder)   --->   "%sub_ln103_5 = sub i32 %add_ln103_58, i32 %shl_ln103_11" [src/IDCT2.cpp:103]   --->   Operation 47 'sub' 'sub_ln103_5' <Predicate = true> <Delay = 0.73> <CoreInst = "TAddSub">   --->   Core 10 'TAddSub' <Latency = 0> <II = 1> <Delay = 0.36> <IPBlock> <Opcode : '' 'add' 'sub'> <InPorts = 3> <OutPorts = 1> <Sync> <CReg>
ST_1 : Operation 48 [1/1] (0.00ns)   --->   "%shl_ln103_12 = shl i32 %in_9_val_read, i32 6" [src/IDCT2.cpp:103]   --->   Operation 48 'shl' 'shl_ln103_12' <Predicate = true> <Delay = 0.00>
ST_1 : Operation 49 [1/1] (0.00ns)   --->   "%shl_ln103_13 = shl i32 %in_9_val_read, i32 3" [src/IDCT2.cpp:103]   --->   Operation 49 'shl' 'shl_ln103_13' <Predicate = true> <Delay = 0.00>
ST_1 : Operation 50 [1/1] (1.01ns)   --->   "%sub_ln103_6 = sub i32 %shl_ln103_12, i32 %shl_ln103_13" [src/IDCT2.cpp:103]   --->   Operation 50 'sub' 'sub_ln103_6' <Predicate = true> <Delay = 1.01> <CoreInst = "Adder">   --->   Core 1 'Adder' <Latency = 0> <II = 1> <Delay = 1.01> <FuncUnit> <Opcode : 'add' 'sub'> <InPorts = 2> <OutPorts = 1>
ST_1 : Operation 51 [1/1] (0.00ns) (grouped into TernaryAdder)   --->   "%add_ln103_59 = add i32 %sub_ln103_6, i32 %in_9_val_read" [src/IDCT2.cpp:103]   --->   Operation 51 'add' 'add_ln103_59' <Predicate = true> <Delay = 0.00> <CoreInst = "TAddSub">   --->   Core 10 'TAddSub' <Latency = 0> <II = 1> <Delay = 0.36> <IPBlock> <Opcode : '' 'add' 'sub'> <InPorts = 3> <OutPorts = 1> <Sync> <CReg>
ST_1 : Operation 52 [1/1] (0.00ns)   --->   "%shl_ln103_14 = shl i32 %in_11_val_read, i32 6" [src/IDCT2.cpp:103]   --->   Operation 52 'shl' 'shl_ln103_14' <Predicate = true> <Delay = 0.00>
ST_1 : Operation 53 [1/1] (0.00ns)   --->   "%shl_ln103_15 = shl i32 %in_11_val_read, i32 4" [src/IDCT2.cpp:103]   --->   Operation 53 'shl' 'shl_ln103_15' <Predicate = true> <Delay = 0.00>
ST_1 : Operation 54 [1/1] (1.01ns)   --->   "%sub_ln103_7 = sub i32 %shl_ln103_14, i32 %shl_ln103_15" [src/IDCT2.cpp:103]   --->   Operation 54 'sub' 'sub_ln103_7' <Predicate = true> <Delay = 1.01> <CoreInst = "Adder">   --->   Core 1 'Adder' <Latency = 0> <II = 1> <Delay = 1.01> <FuncUnit> <Opcode : 'add' 'sub'> <InPorts = 2> <OutPorts = 1>
ST_1 : Operation 55 [1/1] (0.00ns)   --->   "%shl_ln103_16 = shl i32 %in_11_val_read, i32 2" [src/IDCT2.cpp:103]   --->   Operation 55 'shl' 'shl_ln103_16' <Predicate = true> <Delay = 0.00>
ST_1 : Operation 56 [1/1] (0.00ns) (grouped into TernaryAdder)   --->   "%sub_ln103_8 = sub i32 %sub_ln103_7, i32 %shl_ln103_16" [src/IDCT2.cpp:103]   --->   Operation 56 'sub' 'sub_ln103_8' <Predicate = true> <Delay = 0.00> <CoreInst = "TAddSub">   --->   Core 10 'TAddSub' <Latency = 0> <II = 1> <Delay = 0.36> <IPBlock> <Opcode : '' 'add' 'sub'> <InPorts = 3> <OutPorts = 1> <Sync> <CReg>
ST_1 : Operation 57 [1/1] (0.73ns) (root node of TernaryAdder)   --->   "%sub_ln103_9 = sub i32 %sub_ln103_8, i32 %in_11_val_read" [src/IDCT2.cpp:103]   --->   Operation 57 'sub' 'sub_ln103_9' <Predicate = true> <Delay = 0.73> <CoreInst = "TAddSub">   --->   Core 10 'TAddSub' <Latency = 0> <II = 1> <Delay = 0.36> <IPBlock> <Opcode : '' 'add' 'sub'> <InPorts = 3> <OutPorts = 1> <Sync> <CReg>
ST_1 : Operation 58 [1/1] (0.00ns)   --->   "%shl_ln103_17 = shl i32 %in_13_val_read, i32 5" [src/IDCT2.cpp:103]   --->   Operation 58 'shl' 'shl_ln103_17' <Predicate = true> <Delay = 0.00>
ST_1 : Operation 59 [1/1] (0.00ns)   --->   "%shl_ln103_18 = shl i32 %in_13_val_read, i32 3" [src/IDCT2.cpp:103]   --->   Operation 59 'shl' 'shl_ln103_18' <Predicate = true> <Delay = 0.00>
ST_1 : Operation 60 [1/1] (1.01ns)   --->   "%sub_ln103_10 = sub i32 %shl_ln103_17, i32 %shl_ln103_18" [src/IDCT2.cpp:103]   --->   Operation 60 'sub' 'sub_ln103_10' <Predicate = true> <Delay = 1.01> <CoreInst = "Adder">   --->   Core 1 'Adder' <Latency = 0> <II = 1> <Delay = 1.01> <FuncUnit> <Opcode : 'add' 'sub'> <InPorts = 2> <OutPorts = 1>
ST_1 : Operation 61 [1/1] (0.00ns) (grouped into TernaryAdder)   --->   "%add_ln103_60 = add i32 %sub_ln103_10, i32 %in_13_val_read" [src/IDCT2.cpp:103]   --->   Operation 61 'add' 'add_ln103_60' <Predicate = true> <Delay = 0.00> <CoreInst = "TAddSub">   --->   Core 10 'TAddSub' <Latency = 0> <II = 1> <Delay = 0.36> <IPBlock> <Opcode : '' 'add' 'sub'> <InPorts = 3> <OutPorts = 1> <Sync> <CReg>
ST_1 : Operation 62 [1/1] (0.00ns)   --->   "%shl_ln103_19 = shl i32 %in_15_val_read, i32 3" [src/IDCT2.cpp:103]   --->   Operation 62 'shl' 'shl_ln103_19' <Predicate = true> <Delay = 0.00>
ST_1 : Operation 63 [1/1] (0.00ns) (grouped into TernaryAdder)   --->   "%add_ln103_61 = add i32 %shl_ln103_19, i32 %in_15_val_read" [src/IDCT2.cpp:103]   --->   Operation 63 'add' 'add_ln103_61' <Predicate = true> <Delay = 0.00> <CoreInst = "TAddSub">   --->   Core 10 'TAddSub' <Latency = 0> <II = 1> <Delay = 0.36> <IPBlock> <Opcode : '' 'add' 'sub'> <InPorts = 3> <OutPorts = 1> <Sync> <CReg>
ST_1 : Operation 64 [1/1] (0.73ns) (root node of TernaryAdder)   --->   "%add_ln103 = add i32 %sub_ln103_9, i32 %add_ln103_60" [src/IDCT2.cpp:103]   --->   Operation 64 'add' 'add_ln103' <Predicate = true> <Delay = 0.73> <CoreInst = "TAddSub">   --->   Core 10 'TAddSub' <Latency = 0> <II = 1> <Delay = 0.36> <IPBlock> <Opcode : '' 'add' 'sub'> <InPorts = 3> <OutPorts = 1> <Sync> <CReg>
ST_1 : Operation 65 [1/1] (0.73ns) (root node of TernaryAdder)   --->   "%add_ln103_1 = add i32 %add_ln103_59, i32 %sub_ln103_5" [src/IDCT2.cpp:103]   --->   Operation 65 'add' 'add_ln103_1' <Predicate = true> <Delay = 0.73> <CoreInst = "TAddSub">   --->   Core 10 'TAddSub' <Latency = 0> <II = 1> <Delay = 0.36> <IPBlock> <Opcode : '' 'add' 'sub'> <InPorts = 3> <OutPorts = 1> <Sync> <CReg>
ST_1 : Operation 66 [1/1] (0.00ns) (grouped into TernaryAdder)   --->   "%add_ln103_2 = add i32 %add_ln103_1, i32 %add_ln103" [src/IDCT2.cpp:103]   --->   Operation 66 'add' 'add_ln103_2' <Predicate = true> <Delay = 0.00> <CoreInst = "TAddSub">   --->   Core 10 'TAddSub' <Latency = 0> <II = 1> <Delay = 0.36> <IPBlock> <Opcode : '' 'add' 'sub'> <InPorts = 3> <OutPorts = 1> <Sync> <CReg>
ST_1 : Operation 67 [1/1] (0.00ns) (grouped into TernaryAdder)   --->   "%add_ln103_3 = add i32 %sub_ln103_4, i32 %add_ln103_57" [src/IDCT2.cpp:103]   --->   Operation 67 'add' 'add_ln103_3' <Predicate = true> <Delay = 0.00> <CoreInst = "TAddSub">   --->   Core 10 'TAddSub' <Latency = 0> <II = 1> <Delay = 0.36> <IPBlock> <Opcode : '' 'add' 'sub'> <InPorts = 3> <OutPorts = 1> <Sync> <CReg>
ST_1 : Operation 68 [1/1] (0.73ns) (root node of TernaryAdder)   --->   "%add_ln103_4 = add i32 %add_ln103_56, i32 %add_ln103_61" [src/IDCT2.cpp:103]   --->   Operation 68 'add' 'add_ln103_4' <Predicate = true> <Delay = 0.73> <CoreInst = "TAddSub">   --->   Core 10 'TAddSub' <Latency = 0> <II = 1> <Delay = 0.36> <IPBlock> <Opcode : '' 'add' 'sub'> <InPorts = 3> <OutPorts = 1> <Sync> <CReg>
ST_1 : Operation 69 [1/1] (0.73ns) (root node of TernaryAdder)   --->   "%add_ln103_5 = add i32 %add_ln103_4, i32 %add_ln103_3" [src/IDCT2.cpp:103]   --->   Operation 69 'add' 'add_ln103_5' <Predicate = true> <Delay = 0.73> <CoreInst = "TAddSub">   --->   Core 10 'TAddSub' <Latency = 0> <II = 1> <Delay = 0.36> <IPBlock> <Opcode : '' 'add' 'sub'> <InPorts = 3> <OutPorts = 1> <Sync> <CReg>
ST_1 : Operation 70 [1/1] (0.73ns) (root node of TernaryAdder)   --->   "%add_ln103_6 = add i32 %add_ln103_5, i32 %add_ln103_2" [src/IDCT2.cpp:103]   --->   Operation 70 'add' 'add_ln103_6' <Predicate = true> <Delay = 0.73> <CoreInst = "TAddSub">   --->   Core 10 'TAddSub' <Latency = 0> <II = 1> <Delay = 0.36> <IPBlock> <Opcode : '' 'add' 'sub'> <InPorts = 3> <OutPorts = 1> <Sync> <CReg>
ST_1 : Operation 71 [1/1] (0.00ns) (grouped into TernaryAdder)   --->   "%sub_ln103_11 = sub i32 %sub_ln103_1, i32 %in_1_val_read" [src/IDCT2.cpp:103]   --->   Operation 71 'sub' 'sub_ln103_11' <Predicate = true> <Delay = 0.00> <CoreInst = "TAddSub">   --->   Core 10 'TAddSub' <Latency = 0> <II = 1> <Delay = 0.36> <IPBlock> <Opcode : '' 'add' 'sub'> <InPorts = 3> <OutPorts = 1> <Sync> <CReg>
ST_1 : Operation 72 [1/1] (0.00ns)   --->   "%shl_ln103_20 = shl i32 %in_3_val_read, i32 6" [src/IDCT2.cpp:103]   --->   Operation 72 'shl' 'shl_ln103_20' <Predicate = true> <Delay = 0.00>
ST_1 : Operation 73 [1/1] (0.00ns) (grouped into TernaryAdder)   --->   "%sub_ln103_12 = sub i32 %shl_ln103_20, i32 %shl_ln103_6" [src/IDCT2.cpp:103]   --->   Operation 73 'sub' 'sub_ln103_12' <Predicate = true> <Delay = 0.00> <CoreInst = "TAddSub">   --->   Core 10 'TAddSub' <Latency = 0> <II = 1> <Delay = 0.36> <IPBlock> <Opcode : '' 'add' 'sub'> <InPorts = 3> <OutPorts = 1> <Sync> <CReg>
ST_1 : Operation 74 [1/1] (0.73ns) (root node of TernaryAdder)   --->   "%add_ln103_62 = add i32 %sub_ln103_12, i32 %in_3_val_read" [src/IDCT2.cpp:103]   --->   Operation 74 'add' 'add_ln103_62' <Predicate = true> <Delay = 0.73> <CoreInst = "TAddSub">   --->   Core 10 'TAddSub' <Latency = 0> <II = 1> <Delay = 0.36> <IPBlock> <Opcode : '' 'add' 'sub'> <InPorts = 3> <OutPorts = 1> <Sync> <CReg>
ST_1 : Operation 75 [1/1] (0.00ns)   --->   "%shl_ln103_21 = shl i32 %in_5_val_read, i32 3" [src/IDCT2.cpp:103]   --->   Operation 75 'shl' 'shl_ln103_21' <Predicate = true> <Delay = 0.00>
ST_1 : Operation 76 [1/1] (1.01ns)   --->   "%add_ln103_63 = add i32 %shl_ln103_21, i32 %in_5_val_read" [src/IDCT2.cpp:103]   --->   Operation 76 'add' 'add_ln103_63' <Predicate = true> <Delay = 1.01> <CoreInst = "Adder">   --->   Core 1 'Adder' <Latency = 0> <II = 1> <Delay = 1.01> <FuncUnit> <Opcode : 'add' 'sub'> <InPorts = 2> <OutPorts = 1>
ST_1 : Operation 77 [1/1] (3.42ns)   --->   "%mul_ln103 = mul i32 %in_7_val_read, i32 4294967253" [src/IDCT2.cpp:103]   --->   Operation 77 'mul' 'mul_ln103' <Predicate = true> <Delay = 3.42> <CoreInst = "Multiplier">   --->   Core 3 'Multiplier' <Latency = 0> <II = 1> <Delay = 3.42> <FuncUnit> <Opcode : 'mul'> <InPorts = 2> <OutPorts = 1>
ST_1 : Operation 78 [1/1] (1.01ns)   --->   "%sub_ln103_13 = sub i32 0, i32 %shl_ln103_12" [src/IDCT2.cpp:103]   --->   Operation 78 'sub' 'sub_ln103_13' <Predicate = true> <Delay = 1.01> <CoreInst = "Adder">   --->   Core 1 'Adder' <Latency = 0> <II = 1> <Delay = 1.01> <FuncUnit> <Opcode : 'add' 'sub'> <InPorts = 2> <OutPorts = 1>
ST_1 : Operation 79 [1/1] (0.00ns)   --->   "%shl_ln103_22 = shl i32 %in_9_val_read, i32 4" [src/IDCT2.cpp:103]   --->   Operation 79 'shl' 'shl_ln103_22' <Predicate = true> <Delay = 0.00>
ST_1 : Operation 80 [1/1] (0.00ns) (grouped into TernaryAdder)   --->   "%sub_ln103_14 = sub i32 %sub_ln103_13, i32 %shl_ln103_22" [src/IDCT2.cpp:103]   --->   Operation 80 'sub' 'sub_ln103_14' <Predicate = true> <Delay = 0.00> <CoreInst = "TAddSub">   --->   Core 10 'TAddSub' <Latency = 0> <II = 1> <Delay = 0.36> <IPBlock> <Opcode : '' 'add' 'sub'> <InPorts = 3> <OutPorts = 1> <Sync> <CReg>
ST_1 : Operation 81 [1/1] (3.42ns)   --->   "%mul_ln103_1 = mul i32 %in_11_val_read, i32 4294967206" [src/IDCT2.cpp:103]   --->   Operation 81 'mul' 'mul_ln103_1' <Predicate = true> <Delay = 3.42> <CoreInst = "Multiplier">   --->   Core 3 'Multiplier' <Latency = 0> <II = 1> <Delay = 3.42> <FuncUnit> <Opcode : 'mul'> <InPorts = 2> <OutPorts = 1>
ST_1 : Operation 82 [1/1] (3.42ns)   --->   "%mul_ln103_2 = mul i32 %in_13_val_read, i32 4294967226" [src/IDCT2.cpp:103]   --->   Operation 82 'mul' 'mul_ln103_2' <Predicate = true> <Delay = 3.42> <CoreInst = "Multiplier">   --->   Core 3 'Multiplier' <Latency = 0> <II = 1> <Delay = 3.42> <FuncUnit> <Opcode : 'mul'> <InPorts = 2> <OutPorts = 1>
ST_1 : Operation 83 [1/1] (3.42ns)   --->   "%mul_ln103_3 = mul i32 %in_15_val_read, i32 4294967271" [src/IDCT2.cpp:103]   --->   Operation 83 'mul' 'mul_ln103_3' <Predicate = true> <Delay = 3.42> <CoreInst = "Multiplier">   --->   Core 3 'Multiplier' <Latency = 0> <II = 1> <Delay = 3.42> <FuncUnit> <Opcode : 'mul'> <InPorts = 2> <OutPorts = 1>
ST_1 : Operation 84 [1/1] (1.01ns)   --->   "%add_ln103_7 = add i32 %mul_ln103_1, i32 %mul_ln103_2" [src/IDCT2.cpp:103]   --->   Operation 84 'add' 'add_ln103_7' <Predicate = true> <Delay = 1.01> <CoreInst = "Adder">   --->   Core 1 'Adder' <Latency = 0> <II = 1> <Delay = 1.01> <FuncUnit> <Opcode : 'add' 'sub'> <InPorts = 2> <OutPorts = 1>
ST_1 : Operation 85 [1/1] (0.73ns) (root node of TernaryAdder)   --->   "%add_ln103_8 = add i32 %sub_ln103_14, i32 %mul_ln103" [src/IDCT2.cpp:103]   --->   Operation 85 'add' 'add_ln103_8' <Predicate = true> <Delay = 0.73> <CoreInst = "TAddSub">   --->   Core 10 'TAddSub' <Latency = 0> <II = 1> <Delay = 0.36> <IPBlock> <Opcode : '' 'add' 'sub'> <InPorts = 3> <OutPorts = 1> <Sync> <CReg>
ST_1 : Operation 86 [1/1] (0.00ns) (grouped into TernaryAdder)   --->   "%add_ln103_9 = add i32 %add_ln103_8, i32 %add_ln103_7" [src/IDCT2.cpp:103]   --->   Operation 86 'add' 'add_ln103_9' <Predicate = true> <Delay = 0.00> <CoreInst = "TAddSub">   --->   Core 10 'TAddSub' <Latency = 0> <II = 1> <Delay = 0.36> <IPBlock> <Opcode : '' 'add' 'sub'> <InPorts = 3> <OutPorts = 1> <Sync> <CReg>
ST_1 : Operation 87 [1/1] (0.00ns) (grouped into TernaryAdder)   --->   "%add_ln103_10 = add i32 %add_ln103_62, i32 %add_ln103_63" [src/IDCT2.cpp:103]   --->   Operation 87 'add' 'add_ln103_10' <Predicate = true> <Delay = 0.00> <CoreInst = "TAddSub">   --->   Core 10 'TAddSub' <Latency = 0> <II = 1> <Delay = 0.36> <IPBlock> <Opcode : '' 'add' 'sub'> <InPorts = 3> <OutPorts = 1> <Sync> <CReg>
ST_1 : Operation 88 [1/1] (0.73ns) (root node of TernaryAdder)   --->   "%add_ln103_11 = add i32 %sub_ln103_11, i32 %mul_ln103_3" [src/IDCT2.cpp:103]   --->   Operation 88 'add' 'add_ln103_11' <Predicate = true> <Delay = 0.73> <CoreInst = "TAddSub">   --->   Core 10 'TAddSub' <Latency = 0> <II = 1> <Delay = 0.36> <IPBlock> <Opcode : '' 'add' 'sub'> <InPorts = 3> <OutPorts = 1> <Sync> <CReg>
ST_1 : Operation 89 [1/1] (0.73ns) (root node of TernaryAdder)   --->   "%add_ln103_12 = add i32 %add_ln103_11, i32 %add_ln103_10" [src/IDCT2.cpp:103]   --->   Operation 89 'add' 'add_ln103_12' <Predicate = true> <Delay = 0.73> <CoreInst = "TAddSub">   --->   Core 10 'TAddSub' <Latency = 0> <II = 1> <Delay = 0.36> <IPBlock> <Opcode : '' 'add' 'sub'> <InPorts = 3> <OutPorts = 1> <Sync> <CReg>
ST_1 : Operation 90 [1/1] (0.73ns) (root node of TernaryAdder)   --->   "%add_ln103_13 = add i32 %add_ln103_12, i32 %add_ln103_9" [src/IDCT2.cpp:103]   --->   Operation 90 'add' 'add_ln103_13' <Predicate = true> <Delay = 0.73> <CoreInst = "TAddSub">   --->   Core 10 'TAddSub' <Latency = 0> <II = 1> <Delay = 0.36> <IPBlock> <Opcode : '' 'add' 'sub'> <InPorts = 3> <OutPorts = 1> <Sync> <CReg>
ST_1 : Operation 91 [1/1] (0.00ns)   --->   "%shl_ln103_23 = shl i32 %in_1_val_read, i32 6" [src/IDCT2.cpp:103]   --->   Operation 91 'shl' 'shl_ln103_23' <Predicate = true> <Delay = 0.00>
ST_1 : Operation 92 [1/1] (0.00ns)   --->   "%shl_ln103_24 = shl i32 %in_1_val_read, i32 4" [src/IDCT2.cpp:103]   --->   Operation 92 'shl' 'shl_ln103_24' <Predicate = true> <Delay = 0.00>
ST_1 : Operation 93 [1/1] (0.00ns) (grouped into TernaryAdder)   --->   "%add_ln103_64 = add i32 %shl_ln103_23, i32 %shl_ln103_24" [src/IDCT2.cpp:103]   --->   Operation 93 'add' 'add_ln103_64' <Predicate = true> <Delay = 0.00> <CoreInst = "TAddSub">   --->   Core 10 'TAddSub' <Latency = 0> <II = 1> <Delay = 0.36> <IPBlock> <Opcode : '' 'add' 'sub'> <InPorts = 3> <OutPorts = 1> <Sync> <CReg>
ST_1 : Operation 94 [1/1] (1.01ns)   --->   "%add_ln103_65 = add i32 %shl_ln103_6, i32 %in_3_val_read" [src/IDCT2.cpp:103]   --->   Operation 94 'add' 'add_ln103_65' <Predicate = true> <Delay = 1.01> <CoreInst = "Adder">   --->   Core 1 'Adder' <Latency = 0> <II = 1> <Delay = 1.01> <FuncUnit> <Opcode : 'add' 'sub'> <InPorts = 2> <OutPorts = 1>
ST_1 : Operation 95 [1/1] (3.42ns)   --->   "%mul_ln103_4 = mul i32 %in_5_val_read, i32 4294967226" [src/IDCT2.cpp:103]   --->   Operation 95 'mul' 'mul_ln103_4' <Predicate = true> <Delay = 3.42> <CoreInst = "Multiplier">   --->   Core 3 'Multiplier' <Latency = 0> <II = 1> <Delay = 3.42> <FuncUnit> <Opcode : 'mul'> <InPorts = 2> <OutPorts = 1>
ST_1 : Operation 96 [1/1] (3.42ns)   --->   "%mul_ln103_5 = mul i32 %in_7_val_read, i32 4294967209" [src/IDCT2.cpp:103]   --->   Operation 96 'mul' 'mul_ln103_5' <Predicate = true> <Delay = 3.42> <CoreInst = "Multiplier">   --->   Core 3 'Multiplier' <Latency = 0> <II = 1> <Delay = 3.42> <FuncUnit> <Opcode : 'mul'> <InPorts = 2> <OutPorts = 1>
ST_1 : Operation 97 [1/1] (3.42ns)   --->   "%mul_ln103_6 = mul i32 %in_9_val_read, i32 4294967271" [src/IDCT2.cpp:103]   --->   Operation 97 'mul' 'mul_ln103_6' <Predicate = true> <Delay = 3.42> <CoreInst = "Multiplier">   --->   Core 3 'Multiplier' <Latency = 0> <II = 1> <Delay = 3.42> <FuncUnit> <Opcode : 'mul'> <InPorts = 2> <OutPorts = 1>
ST_1 : Operation 98 [1/1] (0.00ns)   --->   "%shl_ln103_25 = shl i32 %in_11_val_read, i32 3" [src/IDCT2.cpp:103]   --->   Operation 98 'shl' 'shl_ln103_25' <Predicate = true> <Delay = 0.00>
ST_1 : Operation 99 [1/1] (0.00ns) (grouped into TernaryAdder)   --->   "%sub_ln103_15 = sub i32 %shl_ln103_14, i32 %shl_ln103_25" [src/IDCT2.cpp:103]   --->   Operation 99 'sub' 'sub_ln103_15' <Predicate = true> <Delay = 0.00> <CoreInst = "TAddSub">   --->   Core 10 'TAddSub' <Latency = 0> <II = 1> <Delay = 0.36> <IPBlock> <Opcode : '' 'add' 'sub'> <InPorts = 3> <OutPorts = 1> <Sync> <CReg>
ST_1 : Operation 100 [1/1] (0.73ns) (root node of TernaryAdder)   --->   "%add_ln103_66 = add i32 %sub_ln103_15, i32 %in_11_val_read" [src/IDCT2.cpp:103]   --->   Operation 100 'add' 'add_ln103_66' <Predicate = true> <Delay = 0.73> <CoreInst = "TAddSub">   --->   Core 10 'TAddSub' <Latency = 0> <II = 1> <Delay = 0.36> <IPBlock> <Opcode : '' 'add' 'sub'> <InPorts = 3> <OutPorts = 1> <Sync> <CReg>
ST_1 : Operation 101 [1/1] (0.00ns)   --->   "%shl_ln103_26 = shl i32 %in_13_val_read, i32 7" [src/IDCT2.cpp:103]   --->   Operation 101 'shl' 'shl_ln103_26' <Predicate = true> <Delay = 0.00>
ST_1 : Operation 102 [1/1] (0.00ns) (grouped into TernaryAdder)   --->   "%sub_ln103_16 = sub i32 %shl_ln103_26, i32 %shl_ln103_17" [src/IDCT2.cpp:103]   --->   Operation 102 'sub' 'sub_ln103_16' <Predicate = true> <Delay = 0.00> <CoreInst = "TAddSub">   --->   Core 10 'TAddSub' <Latency = 0> <II = 1> <Delay = 0.36> <IPBlock> <Opcode : '' 'add' 'sub'> <InPorts = 3> <OutPorts = 1> <Sync> <CReg>
ST_1 : Operation 103 [1/1] (0.73ns) (root node of TernaryAdder)   --->   "%sub_ln103_17 = sub i32 %sub_ln103_16, i32 %shl_ln103_18" [src/IDCT2.cpp:103]   --->   Operation 103 'sub' 'sub_ln103_17' <Predicate = true> <Delay = 0.73> <CoreInst = "TAddSub">   --->   Core 10 'TAddSub' <Latency = 0> <II = 1> <Delay = 0.36> <IPBlock> <Opcode : '' 'add' 'sub'> <InPorts = 3> <OutPorts = 1> <Sync> <CReg>
ST_1 : Operation 104 [1/1] (0.00ns)   --->   "%shl_ln103_27 = shl i32 %in_13_val_read, i32 1" [src/IDCT2.cpp:103]   --->   Operation 104 'shl' 'shl_ln103_27' <Predicate = true> <Delay = 0.00>
ST_1 : Operation 105 [1/1] (0.00ns) (grouped into TernaryAdder)   --->   "%add_ln103_67 = add i32 %sub_ln103_17, i32 %shl_ln103_27" [src/IDCT2.cpp:103]   --->   Operation 105 'add' 'add_ln103_67' <Predicate = true> <Delay = 0.00> <CoreInst = "TAddSub">   --->   Core 10 'TAddSub' <Latency = 0> <II = 1> <Delay = 0.36> <IPBlock> <Opcode : '' 'add' 'sub'> <InPorts = 3> <OutPorts = 1> <Sync> <CReg>
ST_1 : Operation 106 [1/1] (0.00ns)   --->   "%shl_ln103_28 = shl i32 %in_15_val_read, i32 6" [src/IDCT2.cpp:103]   --->   Operation 106 'shl' 'shl_ln103_28' <Predicate = true> <Delay = 0.00>
ST_1 : Operation 107 [1/1] (0.00ns)   --->   "%shl_ln103_29 = shl i32 %in_15_val_read, i32 4" [src/IDCT2.cpp:103]   --->   Operation 107 'shl' 'shl_ln103_29' <Predicate = true> <Delay = 0.00>
ST_1 : Operation 108 [1/1] (1.01ns)   --->   "%sub_ln103_18 = sub i32 %shl_ln103_28, i32 %shl_ln103_29" [src/IDCT2.cpp:103]   --->   Operation 108 'sub' 'sub_ln103_18' <Predicate = true> <Delay = 1.01> <CoreInst = "Adder">   --->   Core 1 'Adder' <Latency = 0> <II = 1> <Delay = 1.01> <FuncUnit> <Opcode : 'add' 'sub'> <InPorts = 2> <OutPorts = 1>
ST_1 : Operation 109 [1/1] (0.00ns)   --->   "%shl_ln103_30 = shl i32 %in_15_val_read, i32 2" [src/IDCT2.cpp:103]   --->   Operation 109 'shl' 'shl_ln103_30' <Predicate = true> <Delay = 0.00>
ST_1 : Operation 110 [1/1] (0.00ns) (grouped into TernaryAdder)   --->   "%sub_ln103_19 = sub i32 %sub_ln103_18, i32 %shl_ln103_30" [src/IDCT2.cpp:103]   --->   Operation 110 'sub' 'sub_ln103_19' <Predicate = true> <Delay = 0.00> <CoreInst = "TAddSub">   --->   Core 10 'TAddSub' <Latency = 0> <II = 1> <Delay = 0.36> <IPBlock> <Opcode : '' 'add' 'sub'> <InPorts = 3> <OutPorts = 1> <Sync> <CReg>
ST_1 : Operation 111 [1/1] (0.73ns) (root node of TernaryAdder)   --->   "%sub_ln103_20 = sub i32 %sub_ln103_19, i32 %in_15_val_read" [src/IDCT2.cpp:103]   --->   Operation 111 'sub' 'sub_ln103_20' <Predicate = true> <Delay = 0.73> <CoreInst = "TAddSub">   --->   Core 10 'TAddSub' <Latency = 0> <II = 1> <Delay = 0.36> <IPBlock> <Opcode : '' 'add' 'sub'> <InPorts = 3> <OutPorts = 1> <Sync> <CReg>
ST_1 : Operation 112 [1/1] (0.73ns) (root node of TernaryAdder)   --->   "%add_ln103_14 = add i32 %add_ln103_66, i32 %add_ln103_67" [src/IDCT2.cpp:103]   --->   Operation 112 'add' 'add_ln103_14' <Predicate = true> <Delay = 0.73> <CoreInst = "TAddSub">   --->   Core 10 'TAddSub' <Latency = 0> <II = 1> <Delay = 0.36> <IPBlock> <Opcode : '' 'add' 'sub'> <InPorts = 3> <OutPorts = 1> <Sync> <CReg>
ST_1 : Operation 113 [1/1] (1.01ns)   --->   "%add_ln103_15 = add i32 %mul_ln103_6, i32 %mul_ln103_5" [src/IDCT2.cpp:103]   --->   Operation 113 'add' 'add_ln103_15' <Predicate = true> <Delay = 1.01> <CoreInst = "Adder">   --->   Core 1 'Adder' <Latency = 0> <II = 1> <Delay = 1.01> <FuncUnit> <Opcode : 'add' 'sub'> <InPorts = 2> <OutPorts = 1>
ST_1 : Operation 114 [1/1] (0.00ns) (grouped into TernaryAdder)   --->   "%add_ln103_16 = add i32 %add_ln103_15, i32 %add_ln103_14" [src/IDCT2.cpp:103]   --->   Operation 114 'add' 'add_ln103_16' <Predicate = true> <Delay = 0.00> <CoreInst = "TAddSub">   --->   Core 10 'TAddSub' <Latency = 0> <II = 1> <Delay = 0.36> <IPBlock> <Opcode : '' 'add' 'sub'> <InPorts = 3> <OutPorts = 1> <Sync> <CReg>
ST_1 : Operation 115 [1/1] (0.00ns) (grouped into TernaryAdder)   --->   "%add_ln103_17 = add i32 %add_ln103_65, i32 %mul_ln103_4" [src/IDCT2.cpp:103]   --->   Operation 115 'add' 'add_ln103_17' <Predicate = true> <Delay = 0.00> <CoreInst = "TAddSub">   --->   Core 10 'TAddSub' <Latency = 0> <II = 1> <Delay = 0.36> <IPBlock> <Opcode : '' 'add' 'sub'> <InPorts = 3> <OutPorts = 1> <Sync> <CReg>
ST_1 : Operation 116 [1/1] (0.73ns) (root node of TernaryAdder)   --->   "%add_ln103_18 = add i32 %add_ln103_64, i32 %sub_ln103_20" [src/IDCT2.cpp:103]   --->   Operation 116 'add' 'add_ln103_18' <Predicate = true> <Delay = 0.73> <CoreInst = "TAddSub">   --->   Core 10 'TAddSub' <Latency = 0> <II = 1> <Delay = 0.36> <IPBlock> <Opcode : '' 'add' 'sub'> <InPorts = 3> <OutPorts = 1> <Sync> <CReg>
ST_1 : Operation 117 [1/1] (0.73ns) (root node of TernaryAdder)   --->   "%add_ln103_19 = add i32 %add_ln103_18, i32 %add_ln103_17" [src/IDCT2.cpp:103]   --->   Operation 117 'add' 'add_ln103_19' <Predicate = true> <Delay = 0.73> <CoreInst = "TAddSub">   --->   Core 10 'TAddSub' <Latency = 0> <II = 1> <Delay = 0.36> <IPBlock> <Opcode : '' 'add' 'sub'> <InPorts = 3> <OutPorts = 1> <Sync> <CReg>
ST_1 : Operation 118 [1/1] (0.73ns) (root node of TernaryAdder)   --->   "%add_ln103_20 = add i32 %add_ln103_19, i32 %add_ln103_16" [src/IDCT2.cpp:103]   --->   Operation 118 'add' 'add_ln103_20' <Predicate = true> <Delay = 0.73> <CoreInst = "TAddSub">   --->   Core 10 'TAddSub' <Latency = 0> <II = 1> <Delay = 0.36> <IPBlock> <Opcode : '' 'add' 'sub'> <InPorts = 3> <OutPorts = 1> <Sync> <CReg>
ST_1 : Operation 119 [1/1] (1.01ns)   --->   "%add_ln103_68 = add i32 %shl_ln103_23, i32 %shl_ln103_2" [src/IDCT2.cpp:103]   --->   Operation 119 'add' 'add_ln103_68' <Predicate = true> <Delay = 1.01> <CoreInst = "Adder">   --->   Core 1 'Adder' <Latency = 0> <II = 1> <Delay = 1.01> <FuncUnit> <Opcode : 'add' 'sub'> <InPorts = 2> <OutPorts = 1>
ST_1 : Operation 120 [1/1] (0.00ns) (grouped into TernaryAdder)   --->   "%sub_ln103_21 = sub i32 %add_ln103_68, i32 %shl_ln103_3" [src/IDCT2.cpp:103]   --->   Operation 120 'sub' 'sub_ln103_21' <Predicate = true> <Delay = 0.00> <CoreInst = "TAddSub">   --->   Core 10 'TAddSub' <Latency = 0> <II = 1> <Delay = 0.36> <IPBlock> <Opcode : '' 'add' 'sub'> <InPorts = 3> <OutPorts = 1> <Sync> <CReg>
ST_1 : Operation 121 [1/1] (3.42ns)   --->   "%mul_ln103_7 = mul i32 %in_3_val_read, i32 4294967253" [src/IDCT2.cpp:103]   --->   Operation 121 'mul' 'mul_ln103_7' <Predicate = true> <Delay = 3.42> <CoreInst = "Multiplier">   --->   Core 3 'Multiplier' <Latency = 0> <II = 1> <Delay = 3.42> <FuncUnit> <Opcode : 'mul'> <InPorts = 2> <OutPorts = 1>
ST_1 : Operation 122 [1/1] (3.42ns)   --->   "%mul_ln103_8 = mul i32 %in_5_val_read, i32 4294967209" [src/IDCT2.cpp:103]   --->   Operation 122 'mul' 'mul_ln103_8' <Predicate = true> <Delay = 3.42> <CoreInst = "Multiplier">   --->   Core 3 'Multiplier' <Latency = 0> <II = 1> <Delay = 3.42> <FuncUnit> <Opcode : 'mul'> <InPorts = 2> <OutPorts = 1>
ST_1 : Operation 123 [1/1] (0.00ns) (grouped into TernaryAdder)   --->   "%add_ln103_69 = add i32 %shl_ln103_10, i32 %in_7_val_read" [src/IDCT2.cpp:103]   --->   Operation 123 'add' 'add_ln103_69' <Predicate = true> <Delay = 0.00> <CoreInst = "TAddSub">   --->   Core 10 'TAddSub' <Latency = 0> <II = 1> <Delay = 0.36> <IPBlock> <Opcode : '' 'add' 'sub'> <InPorts = 3> <OutPorts = 1> <Sync> <CReg>
ST_1 : Operation 124 [1/1] (0.00ns) (grouped into LUT with out node sub_ln103_22)   --->   "%shl_ln103_31 = shl i32 %in_9_val_read, i32 7" [src/IDCT2.cpp:103]   --->   Operation 124 'shl' 'shl_ln103_31' <Predicate = true> <Delay = 0.00>
ST_1 : Operation 125 [1/1] (0.00ns) (grouped into LUT with out node sub_ln103_22)   --->   "%shl_ln103_32 = shl i32 %in_9_val_read, i32 5" [src/IDCT2.cpp:103]   --->   Operation 125 'shl' 'shl_ln103_32' <Predicate = true> <Delay = 0.00>
ST_1 : Operation 126 [1/1] (1.01ns) (out node of the LUT)   --->   "%sub_ln103_22 = sub i32 %shl_ln103_31, i32 %shl_ln103_32" [src/IDCT2.cpp:103]   --->   Operation 126 'sub' 'sub_ln103_22' <Predicate = true> <Delay = 1.01> <CoreInst = "Adder">   --->   Core 1 'Adder' <Latency = 0> <II = 1> <Delay = 1.01> <FuncUnit> <Opcode : 'add' 'sub'> <InPorts = 2> <OutPorts = 1>
ST_1 : Operation 127 [1/1] (0.00ns) (grouped into TernaryAdder)   --->   "%sub_ln103_23 = sub i32 %sub_ln103_22, i32 %shl_ln103_13" [src/IDCT2.cpp:103]   --->   Operation 127 'sub' 'sub_ln103_23' <Predicate = true> <Delay = 0.00> <CoreInst = "TAddSub">   --->   Core 10 'TAddSub' <Latency = 0> <II = 1> <Delay = 0.36> <IPBlock> <Opcode : '' 'add' 'sub'> <InPorts = 3> <OutPorts = 1> <Sync> <CReg>
ST_1 : Operation 128 [1/1] (0.00ns)   --->   "%shl_ln103_33 = shl i32 %in_9_val_read, i32 1" [src/IDCT2.cpp:103]   --->   Operation 128 'shl' 'shl_ln103_33' <Predicate = true> <Delay = 0.00>
ST_1 : Operation 129 [1/1] (0.73ns) (root node of TernaryAdder)   --->   "%add_ln103_70 = add i32 %sub_ln103_23, i32 %shl_ln103_33" [src/IDCT2.cpp:103]   --->   Operation 129 'add' 'add_ln103_70' <Predicate = true> <Delay = 0.73> <CoreInst = "TAddSub">   --->   Core 10 'TAddSub' <Latency = 0> <II = 1> <Delay = 0.36> <IPBlock> <Opcode : '' 'add' 'sub'> <InPorts = 3> <OutPorts = 1> <Sync> <CReg>
ST_1 : Operation 130 [1/1] (0.00ns) (grouped into LUT with out node sub_ln103_24)   --->   "%shl_ln103_34 = shl i32 %in_11_val_read, i32 5" [src/IDCT2.cpp:103]   --->   Operation 130 'shl' 'shl_ln103_34' <Predicate = true> <Delay = 0.00>
ST_1 : Operation 131 [1/1] (1.01ns) (out node of the LUT)   --->   "%sub_ln103_24 = sub i32 %shl_ln103_34, i32 %shl_ln103_25" [src/IDCT2.cpp:103]   --->   Operation 131 'sub' 'sub_ln103_24' <Predicate = true> <Delay = 1.01> <CoreInst = "Adder">   --->   Core 1 'Adder' <Latency = 0> <II = 1> <Delay = 1.01> <FuncUnit> <Opcode : 'add' 'sub'> <InPorts = 2> <OutPorts = 1>
ST_1 : Operation 132 [1/1] (0.00ns) (grouped into TernaryAdder)   --->   "%add_ln103_71 = add i32 %sub_ln103_24, i32 %in_11_val_read" [src/IDCT2.cpp:103]   --->   Operation 132 'add' 'add_ln103_71' <Predicate = true> <Delay = 0.00> <CoreInst = "TAddSub">   --->   Core 10 'TAddSub' <Latency = 0> <II = 1> <Delay = 0.36> <IPBlock> <Opcode : '' 'add' 'sub'> <InPorts = 3> <OutPorts = 1> <Sync> <CReg>
ST_1 : Operation 133 [1/1] (0.00ns)   --->   "%shl_ln103_35 = shl i32 %in_13_val_read, i32 6" [src/IDCT2.cpp:103]   --->   Operation 133 'shl' 'shl_ln103_35' <Predicate = true> <Delay = 0.00>
ST_1 : Operation 134 [1/1] (0.00ns) (grouped into TernaryAdder)   --->   "%sub_ln103_25 = sub i32 0, i32 %shl_ln103_35" [src/IDCT2.cpp:103]   --->   Operation 134 'sub' 'sub_ln103_25' <Predicate = true> <Delay = 0.00> <CoreInst = "TAddSub">   --->   Core 10 'TAddSub' <Latency = 0> <II = 1> <Delay = 0.36> <IPBlock> <Opcode : '' 'add' 'sub'> <InPorts = 3> <OutPorts = 1> <Sync> <CReg>
ST_1 : Operation 135 [1/1] (0.00ns)   --->   "%shl_ln103_36 = shl i32 %in_13_val_read, i32 4" [src/IDCT2.cpp:103]   --->   Operation 135 'shl' 'shl_ln103_36' <Predicate = true> <Delay = 0.00>
ST_1 : Operation 136 [1/1] (0.73ns) (root node of TernaryAdder)   --->   "%sub_ln103_26 = sub i32 %sub_ln103_25, i32 %shl_ln103_36" [src/IDCT2.cpp:103]   --->   Operation 136 'sub' 'sub_ln103_26' <Predicate = true> <Delay = 0.73> <CoreInst = "TAddSub">   --->   Core 10 'TAddSub' <Latency = 0> <II = 1> <Delay = 0.36> <IPBlock> <Opcode : '' 'add' 'sub'> <InPorts = 3> <OutPorts = 1> <Sync> <CReg>
ST_1 : Operation 137 [1/1] (3.42ns)   --->   "%mul_ln103_9 = mul i32 %in_15_val_read, i32 4294967239" [src/IDCT2.cpp:103]   --->   Operation 137 'mul' 'mul_ln103_9' <Predicate = true> <Delay = 3.42> <CoreInst = "Multiplier">   --->   Core 3 'Multiplier' <Latency = 0> <II = 1> <Delay = 3.42> <FuncUnit> <Opcode : 'mul'> <InPorts = 2> <OutPorts = 1>
ST_1 : Operation 138 [1/1] (0.73ns) (root node of TernaryAdder)   --->   "%add_ln103_21 = add i32 %add_ln103_71, i32 %sub_ln103_26" [src/IDCT2.cpp:103]   --->   Operation 138 'add' 'add_ln103_21' <Predicate = true> <Delay = 0.73> <CoreInst = "TAddSub">   --->   Core 10 'TAddSub' <Latency = 0> <II = 1> <Delay = 0.36> <IPBlock> <Opcode : '' 'add' 'sub'> <InPorts = 3> <OutPorts = 1> <Sync> <CReg>
ST_1 : Operation 139 [1/1] (0.73ns) (root node of TernaryAdder)   --->   "%add_ln103_22 = add i32 %add_ln103_70, i32 %add_ln103_69" [src/IDCT2.cpp:103]   --->   Operation 139 'add' 'add_ln103_22' <Predicate = true> <Delay = 0.73> <CoreInst = "TAddSub">   --->   Core 10 'TAddSub' <Latency = 0> <II = 1> <Delay = 0.36> <IPBlock> <Opcode : '' 'add' 'sub'> <InPorts = 3> <OutPorts = 1> <Sync> <CReg>
ST_1 : Operation 140 [1/1] (0.00ns) (grouped into TernaryAdder)   --->   "%add_ln103_23 = add i32 %add_ln103_22, i32 %add_ln103_21" [src/IDCT2.cpp:103]   --->   Operation 140 'add' 'add_ln103_23' <Predicate = true> <Delay = 0.00> <CoreInst = "TAddSub">   --->   Core 10 'TAddSub' <Latency = 0> <II = 1> <Delay = 0.36> <IPBlock> <Opcode : '' 'add' 'sub'> <InPorts = 3> <OutPorts = 1> <Sync> <CReg>
ST_1 : Operation 141 [1/1] (0.00ns) (grouped into TernaryAdder)   --->   "%add_ln103_24 = add i32 %mul_ln103_7, i32 %mul_ln103_8" [src/IDCT2.cpp:103]   --->   Operation 141 'add' 'add_ln103_24' <Predicate = true> <Delay = 0.00> <CoreInst = "TAddSub">   --->   Core 10 'TAddSub' <Latency = 0> <II = 1> <Delay = 0.36> <IPBlock> <Opcode : '' 'add' 'sub'> <InPorts = 3> <OutPorts = 1> <Sync> <CReg>
ST_1 : Operation 142 [1/1] (0.73ns) (root node of TernaryAdder)   --->   "%add_ln103_25 = add i32 %sub_ln103_21, i32 %mul_ln103_9" [src/IDCT2.cpp:103]   --->   Operation 142 'add' 'add_ln103_25' <Predicate = true> <Delay = 0.73> <CoreInst = "TAddSub">   --->   Core 10 'TAddSub' <Latency = 0> <II = 1> <Delay = 0.36> <IPBlock> <Opcode : '' 'add' 'sub'> <InPorts = 3> <OutPorts = 1> <Sync> <CReg>
ST_1 : Operation 143 [1/1] (0.73ns) (root node of TernaryAdder)   --->   "%add_ln103_26 = add i32 %add_ln103_25, i32 %add_ln103_24" [src/IDCT2.cpp:103]   --->   Operation 143 'add' 'add_ln103_26' <Predicate = true> <Delay = 0.73> <CoreInst = "TAddSub">   --->   Core 10 'TAddSub' <Latency = 0> <II = 1> <Delay = 0.36> <IPBlock> <Opcode : '' 'add' 'sub'> <InPorts = 3> <OutPorts = 1> <Sync> <CReg>
ST_1 : Operation 144 [1/1] (0.73ns) (root node of TernaryAdder)   --->   "%add_ln103_27 = add i32 %add_ln103_26, i32 %add_ln103_23" [src/IDCT2.cpp:103]   --->   Operation 144 'add' 'add_ln103_27' <Predicate = true> <Delay = 0.73> <CoreInst = "TAddSub">   --->   Core 10 'TAddSub' <Latency = 0> <II = 1> <Delay = 0.36> <IPBlock> <Opcode : '' 'add' 'sub'> <InPorts = 3> <OutPorts = 1> <Sync> <CReg>
ST_1 : Operation 145 [1/1] (1.01ns)   --->   "%sub_ln103_27 = sub i32 %shl_ln103_23, i32 %shl_ln103_2" [src/IDCT2.cpp:103]   --->   Operation 145 'sub' 'sub_ln103_27' <Predicate = true> <Delay = 1.01> <CoreInst = "Adder">   --->   Core 1 'Adder' <Latency = 0> <II = 1> <Delay = 1.01> <FuncUnit> <Opcode : 'add' 'sub'> <InPorts = 2> <OutPorts = 1>
ST_1 : Operation 146 [1/1] (0.00ns) (grouped into TernaryAdder)   --->   "%add_ln103_72 = add i32 %sub_ln103_27, i32 %in_1_val_read" [src/IDCT2.cpp:103]   --->   Operation 146 'add' 'add_ln103_72' <Predicate = true> <Delay = 0.00> <CoreInst = "TAddSub">   --->   Core 10 'TAddSub' <Latency = 0> <II = 1> <Delay = 0.36> <IPBlock> <Opcode : '' 'add' 'sub'> <InPorts = 3> <OutPorts = 1> <Sync> <CReg>
ST_1 : Operation 147 [1/1] (0.00ns) (grouped into TernaryAdder)   --->   "%sub_ln103_28 = sub i32 0, i32 %shl_ln103_20" [src/IDCT2.cpp:103]   --->   Operation 147 'sub' 'sub_ln103_28' <Predicate = true> <Delay = 0.00> <CoreInst = "TAddSub">   --->   Core 10 'TAddSub' <Latency = 0> <II = 1> <Delay = 0.36> <IPBlock> <Opcode : '' 'add' 'sub'> <InPorts = 3> <OutPorts = 1> <Sync> <CReg>
ST_1 : Operation 148 [1/1] (0.00ns)   --->   "%shl_ln103_37 = shl i32 %in_3_val_read, i32 4" [src/IDCT2.cpp:103]   --->   Operation 148 'shl' 'shl_ln103_37' <Predicate = true> <Delay = 0.00>
ST_1 : Operation 149 [1/1] (0.73ns) (root node of TernaryAdder)   --->   "%sub_ln103_29 = sub i32 %sub_ln103_28, i32 %shl_ln103_37" [src/IDCT2.cpp:103]   --->   Operation 149 'sub' 'sub_ln103_29' <Predicate = true> <Delay = 0.73> <CoreInst = "TAddSub">   --->   Core 10 'TAddSub' <Latency = 0> <II = 1> <Delay = 0.36> <IPBlock> <Opcode : '' 'add' 'sub'> <InPorts = 3> <OutPorts = 1> <Sync> <CReg>
ST_1 : Operation 150 [1/1] (3.42ns)   --->   "%mul_ln103_10 = mul i32 %in_5_val_read, i32 4294967271" [src/IDCT2.cpp:103]   --->   Operation 150 'mul' 'mul_ln103_10' <Predicate = true> <Delay = 3.42> <CoreInst = "Multiplier">   --->   Core 3 'Multiplier' <Latency = 0> <II = 1> <Delay = 3.42> <FuncUnit> <Opcode : 'mul'> <InPorts = 2> <OutPorts = 1>
ST_1 : Operation 151 [1/1] (0.00ns)   --->   "%shl_ln103_38 = shl i32 %in_7_val_read, i32 7" [src/IDCT2.cpp:103]   --->   Operation 151 'shl' 'shl_ln103_38' <Predicate = true> <Delay = 0.00>
ST_1 : Operation 152 [1/1] (0.00ns)   --->   "%shl_ln103_39 = shl i32 %in_7_val_read, i32 5" [src/IDCT2.cpp:103]   --->   Operation 152 'shl' 'shl_ln103_39' <Predicate = true> <Delay = 0.00>
ST_1 : Operation 153 [1/1] (0.00ns) (grouped into TernaryAdder)   --->   "%sub_ln103_30 = sub i32 %shl_ln103_38, i32 %shl_ln103_39" [src/IDCT2.cpp:103]   --->   Operation 153 'sub' 'sub_ln103_30' <Predicate = true> <Delay = 0.00> <CoreInst = "TAddSub">   --->   Core 10 'TAddSub' <Latency = 0> <II = 1> <Delay = 0.36> <IPBlock> <Opcode : '' 'add' 'sub'> <InPorts = 3> <OutPorts = 1> <Sync> <CReg>
ST_1 : Operation 154 [1/1] (0.73ns) (root node of TernaryAdder)   --->   "%sub_ln103_31 = sub i32 %sub_ln103_30, i32 %shl_ln103_10" [src/IDCT2.cpp:103]   --->   Operation 154 'sub' 'sub_ln103_31' <Predicate = true> <Delay = 0.73> <CoreInst = "TAddSub">   --->   Core 10 'TAddSub' <Latency = 0> <II = 1> <Delay = 0.36> <IPBlock> <Opcode : '' 'add' 'sub'> <InPorts = 3> <OutPorts = 1> <Sync> <CReg>
ST_1 : Operation 155 [1/1] (0.00ns) (grouped into TernaryAdder)   --->   "%add_ln103_73 = add i32 %sub_ln103_31, i32 %shl_ln103_11" [src/IDCT2.cpp:103]   --->   Operation 155 'add' 'add_ln103_73' <Predicate = true> <Delay = 0.00> <CoreInst = "TAddSub">   --->   Core 10 'TAddSub' <Latency = 0> <II = 1> <Delay = 0.36> <IPBlock> <Opcode : '' 'add' 'sub'> <InPorts = 3> <OutPorts = 1> <Sync> <CReg>
ST_1 : Operation 156 [1/1] (0.00ns) (grouped into TernaryAdder)   --->   "%sub_ln103_32 = sub i32 0, i32 %shl_ln103_13" [src/IDCT2.cpp:103]   --->   Operation 156 'sub' 'sub_ln103_32' <Predicate = true> <Delay = 0.00> <CoreInst = "TAddSub">   --->   Core 10 'TAddSub' <Latency = 0> <II = 1> <Delay = 0.36> <IPBlock> <Opcode : '' 'add' 'sub'> <InPorts = 3> <OutPorts = 1> <Sync> <CReg>
ST_1 : Operation 157 [1/1] (0.73ns) (root node of TernaryAdder)   --->   "%sub_ln103_33 = sub i32 %sub_ln103_32, i32 %in_9_val_read" [src/IDCT2.cpp:103]   --->   Operation 157 'sub' 'sub_ln103_33' <Predicate = true> <Delay = 0.73> <CoreInst = "TAddSub">   --->   Core 10 'TAddSub' <Latency = 0> <II = 1> <Delay = 0.36> <IPBlock> <Opcode : '' 'add' 'sub'> <InPorts = 3> <OutPorts = 1> <Sync> <CReg>
ST_1 : Operation 158 [1/1] (3.42ns)   --->   "%mul_ln103_11 = mul i32 %in_11_val_read, i32 4294967209" [src/IDCT2.cpp:103]   --->   Operation 158 'mul' 'mul_ln103_11' <Predicate = true> <Delay = 3.42> <CoreInst = "Multiplier">   --->   Core 3 'Multiplier' <Latency = 0> <II = 1> <Delay = 3.42> <FuncUnit> <Opcode : 'mul'> <InPorts = 2> <OutPorts = 1>
ST_1 : Operation 159 [1/1] (0.00ns) (grouped into TernaryAdder)   --->   "%sub_ln103_34 = sub i32 %shl_ln103_35, i32 %shl_ln103_36" [src/IDCT2.cpp:103]   --->   Operation 159 'sub' 'sub_ln103_34' <Predicate = true> <Delay = 0.00> <CoreInst = "TAddSub">   --->   Core 10 'TAddSub' <Latency = 0> <II = 1> <Delay = 0.36> <IPBlock> <Opcode : '' 'add' 'sub'> <InPorts = 3> <OutPorts = 1> <Sync> <CReg>
ST_1 : Operation 160 [1/1] (0.00ns)   --->   "%shl_ln103_40 = shl i32 %in_13_val_read, i32 2" [src/IDCT2.cpp:103]   --->   Operation 160 'shl' 'shl_ln103_40' <Predicate = true> <Delay = 0.00>
ST_1 : Operation 161 [1/1] (0.73ns) (root node of TernaryAdder)   --->   "%sub_ln103_35 = sub i32 %sub_ln103_34, i32 %shl_ln103_40" [src/IDCT2.cpp:103]   --->   Operation 161 'sub' 'sub_ln103_35' <Predicate = true> <Delay = 0.73> <CoreInst = "TAddSub">   --->   Core 10 'TAddSub' <Latency = 0> <II = 1> <Delay = 0.36> <IPBlock> <Opcode : '' 'add' 'sub'> <InPorts = 3> <OutPorts = 1> <Sync> <CReg>
ST_1 : Operation 162 [1/1] (0.00ns) (grouped into TernaryAdder)   --->   "%sub_ln103_36 = sub i32 %sub_ln103_35, i32 %in_13_val_read" [src/IDCT2.cpp:103]   --->   Operation 162 'sub' 'sub_ln103_36' <Predicate = true> <Delay = 0.00> <CoreInst = "TAddSub">   --->   Core 10 'TAddSub' <Latency = 0> <II = 1> <Delay = 0.36> <IPBlock> <Opcode : '' 'add' 'sub'> <InPorts = 3> <OutPorts = 1> <Sync> <CReg>
ST_1 : Operation 163 [1/1] (0.00ns) (grouped into TernaryAdder)   --->   "%add_ln103_74 = add i32 %shl_ln103_28, i32 %shl_ln103_19" [src/IDCT2.cpp:103]   --->   Operation 163 'add' 'add_ln103_74' <Predicate = true> <Delay = 0.00> <CoreInst = "TAddSub">   --->   Core 10 'TAddSub' <Latency = 0> <II = 1> <Delay = 0.36> <IPBlock> <Opcode : '' 'add' 'sub'> <InPorts = 3> <OutPorts = 1> <Sync> <CReg>
ST_1 : Operation 164 [1/1] (0.00ns)   --->   "%shl_ln103_41 = shl i32 %in_15_val_read, i32 1" [src/IDCT2.cpp:103]   --->   Operation 164 'shl' 'shl_ln103_41' <Predicate = true> <Delay = 0.00>
ST_1 : Operation 165 [1/1] (0.73ns) (root node of TernaryAdder)   --->   "%sub_ln103_37 = sub i32 %add_ln103_74, i32 %shl_ln103_41" [src/IDCT2.cpp:103]   --->   Operation 165 'sub' 'sub_ln103_37' <Predicate = true> <Delay = 0.73> <CoreInst = "TAddSub">   --->   Core 10 'TAddSub' <Latency = 0> <II = 1> <Delay = 0.36> <IPBlock> <Opcode : '' 'add' 'sub'> <InPorts = 3> <OutPorts = 1> <Sync> <CReg>
ST_1 : Operation 166 [1/1] (0.73ns) (root node of TernaryAdder)   --->   "%add_ln103_28 = add i32 %mul_ln103_11, i32 %sub_ln103_36" [src/IDCT2.cpp:103]   --->   Operation 166 'add' 'add_ln103_28' <Predicate = true> <Delay = 0.73> <CoreInst = "TAddSub">   --->   Core 10 'TAddSub' <Latency = 0> <II = 1> <Delay = 0.36> <IPBlock> <Opcode : '' 'add' 'sub'> <InPorts = 3> <OutPorts = 1> <Sync> <CReg>
ST_1 : Operation 167 [1/1] (0.73ns) (root node of TernaryAdder)   --->   "%add_ln103_29 = add i32 %sub_ln103_33, i32 %add_ln103_73" [src/IDCT2.cpp:103]   --->   Operation 167 'add' 'add_ln103_29' <Predicate = true> <Delay = 0.73> <CoreInst = "TAddSub">   --->   Core 10 'TAddSub' <Latency = 0> <II = 1> <Delay = 0.36> <IPBlock> <Opcode : '' 'add' 'sub'> <InPorts = 3> <OutPorts = 1> <Sync> <CReg>
ST_1 : Operation 168 [1/1] (0.00ns) (grouped into TernaryAdder)   --->   "%add_ln103_30 = add i32 %add_ln103_29, i32 %add_ln103_28" [src/IDCT2.cpp:103]   --->   Operation 168 'add' 'add_ln103_30' <Predicate = true> <Delay = 0.00> <CoreInst = "TAddSub">   --->   Core 10 'TAddSub' <Latency = 0> <II = 1> <Delay = 0.36> <IPBlock> <Opcode : '' 'add' 'sub'> <InPorts = 3> <OutPorts = 1> <Sync> <CReg>
ST_1 : Operation 169 [1/1] (0.00ns) (grouped into TernaryAdder)   --->   "%add_ln103_31 = add i32 %sub_ln103_29, i32 %mul_ln103_10" [src/IDCT2.cpp:103]   --->   Operation 169 'add' 'add_ln103_31' <Predicate = true> <Delay = 0.00> <CoreInst = "TAddSub">   --->   Core 10 'TAddSub' <Latency = 0> <II = 1> <Delay = 0.36> <IPBlock> <Opcode : '' 'add' 'sub'> <InPorts = 3> <OutPorts = 1> <Sync> <CReg>
ST_1 : Operation 170 [1/1] (0.73ns) (root node of TernaryAdder)   --->   "%add_ln103_32 = add i32 %add_ln103_72, i32 %sub_ln103_37" [src/IDCT2.cpp:103]   --->   Operation 170 'add' 'add_ln103_32' <Predicate = true> <Delay = 0.73> <CoreInst = "TAddSub">   --->   Core 10 'TAddSub' <Latency = 0> <II = 1> <Delay = 0.36> <IPBlock> <Opcode : '' 'add' 'sub'> <InPorts = 3> <OutPorts = 1> <Sync> <CReg>
ST_1 : Operation 171 [1/1] (0.73ns) (root node of TernaryAdder)   --->   "%add_ln103_33 = add i32 %add_ln103_32, i32 %add_ln103_31" [src/IDCT2.cpp:103]   --->   Operation 171 'add' 'add_ln103_33' <Predicate = true> <Delay = 0.73> <CoreInst = "TAddSub">   --->   Core 10 'TAddSub' <Latency = 0> <II = 1> <Delay = 0.36> <IPBlock> <Opcode : '' 'add' 'sub'> <InPorts = 3> <OutPorts = 1> <Sync> <CReg>
ST_1 : Operation 172 [1/1] (0.73ns) (root node of TernaryAdder)   --->   "%add_ln103_34 = add i32 %add_ln103_33, i32 %add_ln103_30" [src/IDCT2.cpp:103]   --->   Operation 172 'add' 'add_ln103_34' <Predicate = true> <Delay = 0.73> <CoreInst = "TAddSub">   --->   Core 10 'TAddSub' <Latency = 0> <II = 1> <Delay = 0.36> <IPBlock> <Opcode : '' 'add' 'sub'> <InPorts = 3> <OutPorts = 1> <Sync> <CReg>
ST_1 : Operation 173 [1/1] (1.01ns)   --->   "%sub_ln103_38 = sub i32 %shl_ln103_23, i32 %shl_ln103_24" [src/IDCT2.cpp:103]   --->   Operation 173 'sub' 'sub_ln103_38' <Predicate = true> <Delay = 1.01> <CoreInst = "Adder">   --->   Core 1 'Adder' <Latency = 0> <II = 1> <Delay = 1.01> <FuncUnit> <Opcode : 'add' 'sub'> <InPorts = 2> <OutPorts = 1>
ST_1 : Operation 174 [1/1] (0.00ns)   --->   "%shl_ln103_42 = shl i32 %in_1_val_read, i32 2" [src/IDCT2.cpp:103]   --->   Operation 174 'shl' 'shl_ln103_42' <Predicate = true> <Delay = 0.00>
ST_1 : Operation 175 [1/1] (0.00ns) (grouped into TernaryAdder)   --->   "%sub_ln103_39 = sub i32 %sub_ln103_38, i32 %shl_ln103_42" [src/IDCT2.cpp:103]   --->   Operation 175 'sub' 'sub_ln103_39' <Predicate = true> <Delay = 0.00> <CoreInst = "TAddSub">   --->   Core 10 'TAddSub' <Latency = 0> <II = 1> <Delay = 0.36> <IPBlock> <Opcode : '' 'add' 'sub'> <InPorts = 3> <OutPorts = 1> <Sync> <CReg>
ST_1 : Operation 176 [1/1] (0.73ns) (root node of TernaryAdder)   --->   "%sub_ln103_40 = sub i32 %sub_ln103_39, i32 %in_1_val_read" [src/IDCT2.cpp:103]   --->   Operation 176 'sub' 'sub_ln103_40' <Predicate = true> <Delay = 0.73> <CoreInst = "TAddSub">   --->   Core 10 'TAddSub' <Latency = 0> <II = 1> <Delay = 0.36> <IPBlock> <Opcode : '' 'add' 'sub'> <InPorts = 3> <OutPorts = 1> <Sync> <CReg>
ST_1 : Operation 177 [1/1] (3.42ns)   --->   "%mul_ln103_12 = mul i32 %in_3_val_read, i32 4294967206" [src/IDCT2.cpp:103]   --->   Operation 177 'mul' 'mul_ln103_12' <Predicate = true> <Delay = 3.42> <CoreInst = "Multiplier">   --->   Core 3 'Multiplier' <Latency = 0> <II = 1> <Delay = 3.42> <FuncUnit> <Opcode : 'mul'> <InPorts = 2> <OutPorts = 1>
ST_1 : Operation 178 [1/1] (0.00ns) (grouped into TernaryAdder)   --->   "%sub_ln103_41 = sub i32 %shl_ln103_7, i32 %shl_ln103_21" [src/IDCT2.cpp:103]   --->   Operation 178 'sub' 'sub_ln103_41' <Predicate = true> <Delay = 0.00> <CoreInst = "TAddSub">   --->   Core 10 'TAddSub' <Latency = 0> <II = 1> <Delay = 0.36> <IPBlock> <Opcode : '' 'add' 'sub'> <InPorts = 3> <OutPorts = 1> <Sync> <CReg>
ST_1 : Operation 179 [1/1] (0.73ns) (root node of TernaryAdder)   --->   "%add_ln103_75 = add i32 %sub_ln103_41, i32 %in_5_val_read" [src/IDCT2.cpp:103]   --->   Operation 179 'add' 'add_ln103_75' <Predicate = true> <Delay = 0.73> <CoreInst = "TAddSub">   --->   Core 10 'TAddSub' <Latency = 0> <II = 1> <Delay = 0.36> <IPBlock> <Opcode : '' 'add' 'sub'> <InPorts = 3> <OutPorts = 1> <Sync> <CReg>
ST_1 : Operation 180 [1/1] (1.01ns)   --->   "%sub_ln103_42 = sub i32 %shl_ln103_39, i32 %shl_ln103_10" [src/IDCT2.cpp:103]   --->   Operation 180 'sub' 'sub_ln103_42' <Predicate = true> <Delay = 1.01> <CoreInst = "Adder">   --->   Core 1 'Adder' <Latency = 0> <II = 1> <Delay = 1.01> <FuncUnit> <Opcode : 'add' 'sub'> <InPorts = 2> <OutPorts = 1>
ST_1 : Operation 181 [1/1] (0.00ns) (grouped into TernaryAdder)   --->   "%add_ln103_76 = add i32 %sub_ln103_42, i32 %in_7_val_read" [src/IDCT2.cpp:103]   --->   Operation 181 'add' 'add_ln103_76' <Predicate = true> <Delay = 0.00> <CoreInst = "TAddSub">   --->   Core 10 'TAddSub' <Latency = 0> <II = 1> <Delay = 0.36> <IPBlock> <Opcode : '' 'add' 'sub'> <InPorts = 3> <OutPorts = 1> <Sync> <CReg>
ST_1 : Operation 182 [1/1] (3.42ns)   --->   "%mul_ln103_13 = mul i32 %in_9_val_read, i32 4294967209" [src/IDCT2.cpp:103]   --->   Operation 182 'mul' 'mul_ln103_13' <Predicate = true> <Delay = 3.42> <CoreInst = "Multiplier">   --->   Core 3 'Multiplier' <Latency = 0> <II = 1> <Delay = 3.42> <FuncUnit> <Opcode : 'mul'> <InPorts = 2> <OutPorts = 1>
ST_1 : Operation 183 [1/1] (0.00ns) (grouped into TernaryAdder)   --->   "%add_ln103_77 = add i32 %shl_ln103_14, i32 %shl_ln103_25" [src/IDCT2.cpp:103]   --->   Operation 183 'add' 'add_ln103_77' <Predicate = true> <Delay = 0.00> <CoreInst = "TAddSub">   --->   Core 10 'TAddSub' <Latency = 0> <II = 1> <Delay = 0.36> <IPBlock> <Opcode : '' 'add' 'sub'> <InPorts = 3> <OutPorts = 1> <Sync> <CReg>
ST_1 : Operation 184 [1/1] (0.00ns)   --->   "%shl_ln103_43 = shl i32 %in_11_val_read, i32 1" [src/IDCT2.cpp:103]   --->   Operation 184 'shl' 'shl_ln103_43' <Predicate = true> <Delay = 0.00>
ST_1 : Operation 185 [1/1] (0.73ns) (root node of TernaryAdder)   --->   "%sub_ln103_43 = sub i32 %add_ln103_77, i32 %shl_ln103_43" [src/IDCT2.cpp:103]   --->   Operation 185 'sub' 'sub_ln103_43' <Predicate = true> <Delay = 0.73> <CoreInst = "TAddSub">   --->   Core 10 'TAddSub' <Latency = 0> <II = 1> <Delay = 0.36> <IPBlock> <Opcode : '' 'add' 'sub'> <InPorts = 3> <OutPorts = 1> <Sync> <CReg>
ST_1 : Operation 186 [1/1] (0.00ns) (grouped into TernaryAdder)   --->   "%add_ln103_78 = add i32 %shl_ln103_18, i32 %in_13_val_read" [src/IDCT2.cpp:103]   --->   Operation 186 'add' 'add_ln103_78' <Predicate = true> <Delay = 0.00> <CoreInst = "TAddSub">   --->   Core 10 'TAddSub' <Latency = 0> <II = 1> <Delay = 0.36> <IPBlock> <Opcode : '' 'add' 'sub'> <InPorts = 3> <OutPorts = 1> <Sync> <CReg>
ST_1 : Operation 187 [1/1] (1.01ns)   --->   "%sub_ln103_44 = sub i32 0, i32 %shl_ln103_28" [src/IDCT2.cpp:103]   --->   Operation 187 'sub' 'sub_ln103_44' <Predicate = true> <Delay = 1.01> <CoreInst = "Adder">   --->   Core 1 'Adder' <Latency = 0> <II = 1> <Delay = 1.01> <FuncUnit> <Opcode : 'add' 'sub'> <InPorts = 2> <OutPorts = 1>
ST_1 : Operation 188 [1/1] (0.00ns) (grouped into TernaryAdder)   --->   "%sub_ln103_45 = sub i32 %sub_ln103_44, i32 %shl_ln103_29" [src/IDCT2.cpp:103]   --->   Operation 188 'sub' 'sub_ln103_45' <Predicate = true> <Delay = 0.00> <CoreInst = "TAddSub">   --->   Core 10 'TAddSub' <Latency = 0> <II = 1> <Delay = 0.36> <IPBlock> <Opcode : '' 'add' 'sub'> <InPorts = 3> <OutPorts = 1> <Sync> <CReg>
ST_1 : Operation 189 [1/1] (0.73ns) (root node of TernaryAdder)   --->   "%add_ln103_35 = add i32 %sub_ln103_43, i32 %add_ln103_78" [src/IDCT2.cpp:103]   --->   Operation 189 'add' 'add_ln103_35' <Predicate = true> <Delay = 0.73> <CoreInst = "TAddSub">   --->   Core 10 'TAddSub' <Latency = 0> <II = 1> <Delay = 0.36> <IPBlock> <Opcode : '' 'add' 'sub'> <InPorts = 3> <OutPorts = 1> <Sync> <CReg>
ST_1 : Operation 190 [1/1] (0.73ns) (root node of TernaryAdder)   --->   "%add_ln103_36 = add i32 %mul_ln103_13, i32 %add_ln103_76" [src/IDCT2.cpp:103]   --->   Operation 190 'add' 'add_ln103_36' <Predicate = true> <Delay = 0.73> <CoreInst = "TAddSub">   --->   Core 10 'TAddSub' <Latency = 0> <II = 1> <Delay = 0.36> <IPBlock> <Opcode : '' 'add' 'sub'> <InPorts = 3> <OutPorts = 1> <Sync> <CReg>
ST_1 : Operation 191 [1/1] (0.00ns) (grouped into TernaryAdder)   --->   "%add_ln103_37 = add i32 %add_ln103_36, i32 %add_ln103_35" [src/IDCT2.cpp:103]   --->   Operation 191 'add' 'add_ln103_37' <Predicate = true> <Delay = 0.00> <CoreInst = "TAddSub">   --->   Core 10 'TAddSub' <Latency = 0> <II = 1> <Delay = 0.36> <IPBlock> <Opcode : '' 'add' 'sub'> <InPorts = 3> <OutPorts = 1> <Sync> <CReg>
ST_1 : Operation 192 [1/1] (0.00ns) (grouped into TernaryAdder)   --->   "%add_ln103_38 = add i32 %mul_ln103_12, i32 %add_ln103_75" [src/IDCT2.cpp:103]   --->   Operation 192 'add' 'add_ln103_38' <Predicate = true> <Delay = 0.00> <CoreInst = "TAddSub">   --->   Core 10 'TAddSub' <Latency = 0> <II = 1> <Delay = 0.36> <IPBlock> <Opcode : '' 'add' 'sub'> <InPorts = 3> <OutPorts = 1> <Sync> <CReg>
ST_1 : Operation 193 [1/1] (0.73ns) (root node of TernaryAdder)   --->   "%add_ln103_39 = add i32 %sub_ln103_40, i32 %sub_ln103_45" [src/IDCT2.cpp:103]   --->   Operation 193 'add' 'add_ln103_39' <Predicate = true> <Delay = 0.73> <CoreInst = "TAddSub">   --->   Core 10 'TAddSub' <Latency = 0> <II = 1> <Delay = 0.36> <IPBlock> <Opcode : '' 'add' 'sub'> <InPorts = 3> <OutPorts = 1> <Sync> <CReg>
ST_1 : Operation 194 [1/1] (0.73ns) (root node of TernaryAdder)   --->   "%add_ln103_40 = add i32 %add_ln103_39, i32 %add_ln103_38" [src/IDCT2.cpp:103]   --->   Operation 194 'add' 'add_ln103_40' <Predicate = true> <Delay = 0.73> <CoreInst = "TAddSub">   --->   Core 10 'TAddSub' <Latency = 0> <II = 1> <Delay = 0.36> <IPBlock> <Opcode : '' 'add' 'sub'> <InPorts = 3> <OutPorts = 1> <Sync> <CReg>
ST_1 : Operation 195 [1/1] (0.73ns) (root node of TernaryAdder)   --->   "%add_ln103_41 = add i32 %add_ln103_40, i32 %add_ln103_37" [src/IDCT2.cpp:103]   --->   Operation 195 'add' 'add_ln103_41' <Predicate = true> <Delay = 0.73> <CoreInst = "TAddSub">   --->   Core 10 'TAddSub' <Latency = 0> <II = 1> <Delay = 0.36> <IPBlock> <Opcode : '' 'add' 'sub'> <InPorts = 3> <OutPorts = 1> <Sync> <CReg>
ST_1 : Operation 196 [1/1] (1.01ns)   --->   "%sub_ln103_46 = sub i32 %shl_ln103_1, i32 %shl_ln103_2" [src/IDCT2.cpp:103]   --->   Operation 196 'sub' 'sub_ln103_46' <Predicate = true> <Delay = 1.01> <CoreInst = "Adder">   --->   Core 1 'Adder' <Latency = 0> <II = 1> <Delay = 1.01> <FuncUnit> <Opcode : 'add' 'sub'> <InPorts = 2> <OutPorts = 1>
ST_1 : Operation 197 [1/1] (0.00ns) (grouped into TernaryAdder)   --->   "%add_ln103_79 = add i32 %sub_ln103_46, i32 %in_1_val_read" [src/IDCT2.cpp:103]   --->   Operation 197 'add' 'add_ln103_79' <Predicate = true> <Delay = 0.00> <CoreInst = "TAddSub">   --->   Core 10 'TAddSub' <Latency = 0> <II = 1> <Delay = 0.36> <IPBlock> <Opcode : '' 'add' 'sub'> <InPorts = 3> <OutPorts = 1> <Sync> <CReg>
ST_1 : Operation 198 [1/1] (3.42ns)   --->   "%mul_ln103_14 = mul i32 %in_3_val_read, i32 4294967226" [src/IDCT2.cpp:103]   --->   Operation 198 'mul' 'mul_ln103_14' <Predicate = true> <Delay = 3.42> <CoreInst = "Multiplier">   --->   Core 3 'Multiplier' <Latency = 0> <II = 1> <Delay = 3.42> <FuncUnit> <Opcode : 'mul'> <InPorts = 2> <OutPorts = 1>
ST_1 : Operation 199 [1/1] (0.00ns) (grouped into LUT with out node sub_ln103_47)   --->   "%shl_ln103_44 = shl i32 %in_5_val_read, i32 7" [src/IDCT2.cpp:103]   --->   Operation 199 'shl' 'shl_ln103_44' <Predicate = true> <Delay = 0.00>
ST_1 : Operation 200 [1/1] (0.00ns) (grouped into LUT with out node sub_ln103_47)   --->   "%shl_ln103_45 = shl i32 %in_5_val_read, i32 5" [src/IDCT2.cpp:103]   --->   Operation 200 'shl' 'shl_ln103_45' <Predicate = true> <Delay = 0.00>
ST_1 : Operation 201 [1/1] (1.01ns) (out node of the LUT)   --->   "%sub_ln103_47 = sub i32 %shl_ln103_44, i32 %shl_ln103_45" [src/IDCT2.cpp:103]   --->   Operation 201 'sub' 'sub_ln103_47' <Predicate = true> <Delay = 1.01> <CoreInst = "Adder">   --->   Core 1 'Adder' <Latency = 0> <II = 1> <Delay = 1.01> <FuncUnit> <Opcode : 'add' 'sub'> <InPorts = 2> <OutPorts = 1>
ST_1 : Operation 202 [1/1] (0.00ns) (grouped into TernaryAdder)   --->   "%sub_ln103_48 = sub i32 %sub_ln103_47, i32 %shl_ln103_21" [src/IDCT2.cpp:103]   --->   Operation 202 'sub' 'sub_ln103_48' <Predicate = true> <Delay = 0.00> <CoreInst = "TAddSub">   --->   Core 10 'TAddSub' <Latency = 0> <II = 1> <Delay = 0.36> <IPBlock> <Opcode : '' 'add' 'sub'> <InPorts = 3> <OutPorts = 1> <Sync> <CReg>
ST_1 : Operation 203 [1/1] (0.00ns)   --->   "%shl_ln103_46 = shl i32 %in_5_val_read, i32 1" [src/IDCT2.cpp:103]   --->   Operation 203 'shl' 'shl_ln103_46' <Predicate = true> <Delay = 0.00>
ST_1 : Operation 204 [1/1] (0.73ns) (root node of TernaryAdder)   --->   "%add_ln103_80 = add i32 %sub_ln103_48, i32 %shl_ln103_46" [src/IDCT2.cpp:103]   --->   Operation 204 'add' 'add_ln103_80' <Predicate = true> <Delay = 0.73> <CoreInst = "TAddSub">   --->   Core 10 'TAddSub' <Latency = 0> <II = 1> <Delay = 0.36> <IPBlock> <Opcode : '' 'add' 'sub'> <InPorts = 3> <OutPorts = 1> <Sync> <CReg>
ST_1 : Operation 205 [1/1] (1.01ns)   --->   "%sub_ln103_49 = sub i32 0, i32 %shl_ln103_9" [src/IDCT2.cpp:103]   --->   Operation 205 'sub' 'sub_ln103_49' <Predicate = true> <Delay = 1.01> <CoreInst = "Adder">   --->   Core 1 'Adder' <Latency = 0> <II = 1> <Delay = 1.01> <FuncUnit> <Opcode : 'add' 'sub'> <InPorts = 2> <OutPorts = 1>
ST_1 : Operation 206 [1/1] (0.00ns)   --->   "%shl_ln103_47 = shl i32 %in_7_val_read, i32 4" [src/IDCT2.cpp:103]   --->   Operation 206 'shl' 'shl_ln103_47' <Predicate = true> <Delay = 0.00>
ST_1 : Operation 207 [1/1] (0.00ns) (grouped into TernaryAdder)   --->   "%sub_ln103_50 = sub i32 %sub_ln103_49, i32 %shl_ln103_47" [src/IDCT2.cpp:103]   --->   Operation 207 'sub' 'sub_ln103_50' <Predicate = true> <Delay = 0.00> <CoreInst = "TAddSub">   --->   Core 10 'TAddSub' <Latency = 0> <II = 1> <Delay = 0.36> <IPBlock> <Opcode : '' 'add' 'sub'> <InPorts = 3> <OutPorts = 1> <Sync> <CReg>
ST_1 : Operation 208 [1/1] (1.01ns)   --->   "%sub_ln103_51 = sub i32 %shl_ln103_12, i32 %shl_ln103_22" [src/IDCT2.cpp:103]   --->   Operation 208 'sub' 'sub_ln103_51' <Predicate = true> <Delay = 1.01> <CoreInst = "Adder">   --->   Core 1 'Adder' <Latency = 0> <II = 1> <Delay = 1.01> <FuncUnit> <Opcode : 'add' 'sub'> <InPorts = 2> <OutPorts = 1>
ST_1 : Operation 209 [1/1] (0.00ns)   --->   "%shl_ln103_48 = shl i32 %in_9_val_read, i32 2" [src/IDCT2.cpp:103]   --->   Operation 209 'shl' 'shl_ln103_48' <Predicate = true> <Delay = 0.00>
ST_1 : Operation 210 [1/1] (0.00ns) (grouped into TernaryAdder)   --->   "%sub_ln103_52 = sub i32 %sub_ln103_51, i32 %shl_ln103_48" [src/IDCT2.cpp:103]   --->   Operation 210 'sub' 'sub_ln103_52' <Predicate = true> <Delay = 0.00> <CoreInst = "TAddSub">   --->   Core 10 'TAddSub' <Latency = 0> <II = 1> <Delay = 0.36> <IPBlock> <Opcode : '' 'add' 'sub'> <InPorts = 3> <OutPorts = 1> <Sync> <CReg>
ST_1 : Operation 211 [1/1] (0.73ns) (root node of TernaryAdder)   --->   "%sub_ln103_53 = sub i32 %sub_ln103_52, i32 %in_9_val_read" [src/IDCT2.cpp:103]   --->   Operation 211 'sub' 'sub_ln103_53' <Predicate = true> <Delay = 0.73> <CoreInst = "TAddSub">   --->   Core 10 'TAddSub' <Latency = 0> <II = 1> <Delay = 0.36> <IPBlock> <Opcode : '' 'add' 'sub'> <InPorts = 3> <OutPorts = 1> <Sync> <CReg>
ST_1 : Operation 212 [1/1] (0.00ns) (grouped into TernaryAdder)   --->   "%add_ln103_81 = add i32 %shl_ln103_25, i32 %in_11_val_read" [src/IDCT2.cpp:103]   --->   Operation 212 'add' 'add_ln103_81' <Predicate = true> <Delay = 0.00> <CoreInst = "TAddSub">   --->   Core 10 'TAddSub' <Latency = 0> <II = 1> <Delay = 0.36> <IPBlock> <Opcode : '' 'add' 'sub'> <InPorts = 3> <OutPorts = 1> <Sync> <CReg>
ST_1 : Operation 213 [1/1] (3.42ns)   --->   "%mul_ln103_15 = mul i32 %in_13_val_read, i32 4294967239" [src/IDCT2.cpp:103]   --->   Operation 213 'mul' 'mul_ln103_15' <Predicate = true> <Delay = 3.42> <CoreInst = "Multiplier">   --->   Core 3 'Multiplier' <Latency = 0> <II = 1> <Delay = 3.42> <FuncUnit> <Opcode : 'mul'> <InPorts = 2> <OutPorts = 1>
ST_1 : Operation 214 [1/1] (0.00ns) (grouped into LUT with out node sub_ln103_54)   --->   "%shl_ln103_49 = shl i32 %in_15_val_read, i32 7" [src/IDCT2.cpp:103]   --->   Operation 214 'shl' 'shl_ln103_49' <Predicate = true> <Delay = 0.00>
ST_1 : Operation 215 [1/1] (0.00ns) (grouped into LUT with out node sub_ln103_54)   --->   "%shl_ln103_50 = shl i32 %in_15_val_read, i32 5" [src/IDCT2.cpp:103]   --->   Operation 215 'shl' 'shl_ln103_50' <Predicate = true> <Delay = 0.00>
ST_1 : Operation 216 [1/1] (1.01ns) (out node of the LUT)   --->   "%sub_ln103_54 = sub i32 %shl_ln103_49, i32 %shl_ln103_50" [src/IDCT2.cpp:103]   --->   Operation 216 'sub' 'sub_ln103_54' <Predicate = true> <Delay = 1.01> <CoreInst = "Adder">   --->   Core 1 'Adder' <Latency = 0> <II = 1> <Delay = 1.01> <FuncUnit> <Opcode : 'add' 'sub'> <InPorts = 2> <OutPorts = 1>
ST_1 : Operation 217 [1/1] (0.00ns) (grouped into TernaryAdder)   --->   "%sub_ln103_55 = sub i32 %sub_ln103_54, i32 %shl_ln103_19" [src/IDCT2.cpp:103]   --->   Operation 217 'sub' 'sub_ln103_55' <Predicate = true> <Delay = 0.00> <CoreInst = "TAddSub">   --->   Core 10 'TAddSub' <Latency = 0> <II = 1> <Delay = 0.36> <IPBlock> <Opcode : '' 'add' 'sub'> <InPorts = 3> <OutPorts = 1> <Sync> <CReg>
ST_1 : Operation 218 [1/1] (0.73ns) (root node of TernaryAdder)   --->   "%sub_ln103_56 = sub i32 %sub_ln103_55, i32 %in_15_val_read" [src/IDCT2.cpp:103]   --->   Operation 218 'sub' 'sub_ln103_56' <Predicate = true> <Delay = 0.73> <CoreInst = "TAddSub">   --->   Core 10 'TAddSub' <Latency = 0> <II = 1> <Delay = 0.36> <IPBlock> <Opcode : '' 'add' 'sub'> <InPorts = 3> <OutPorts = 1> <Sync> <CReg>
ST_1 : Operation 219 [1/1] (0.73ns) (root node of TernaryAdder)   --->   "%add_ln103_42 = add i32 %add_ln103_81, i32 %mul_ln103_15" [src/IDCT2.cpp:103]   --->   Operation 219 'add' 'add_ln103_42' <Predicate = true> <Delay = 0.73> <CoreInst = "TAddSub">   --->   Core 10 'TAddSub' <Latency = 0> <II = 1> <Delay = 0.36> <IPBlock> <Opcode : '' 'add' 'sub'> <InPorts = 3> <OutPorts = 1> <Sync> <CReg>
ST_1 : Operation 220 [1/1] (0.73ns) (root node of TernaryAdder)   --->   "%add_ln103_43 = add i32 %sub_ln103_53, i32 %sub_ln103_50" [src/IDCT2.cpp:103]   --->   Operation 220 'add' 'add_ln103_43' <Predicate = true> <Delay = 0.73> <CoreInst = "TAddSub">   --->   Core 10 'TAddSub' <Latency = 0> <II = 1> <Delay = 0.36> <IPBlock> <Opcode : '' 'add' 'sub'> <InPorts = 3> <OutPorts = 1> <Sync> <CReg>
ST_1 : Operation 221 [1/1] (0.00ns) (grouped into TernaryAdder)   --->   "%add_ln103_44 = add i32 %add_ln103_43, i32 %add_ln103_42" [src/IDCT2.cpp:103]   --->   Operation 221 'add' 'add_ln103_44' <Predicate = true> <Delay = 0.00> <CoreInst = "TAddSub">   --->   Core 10 'TAddSub' <Latency = 0> <II = 1> <Delay = 0.36> <IPBlock> <Opcode : '' 'add' 'sub'> <InPorts = 3> <OutPorts = 1> <Sync> <CReg>
ST_1 : Operation 222 [1/1] (0.00ns) (grouped into TernaryAdder)   --->   "%add_ln103_45 = add i32 %mul_ln103_14, i32 %add_ln103_80" [src/IDCT2.cpp:103]   --->   Operation 222 'add' 'add_ln103_45' <Predicate = true> <Delay = 0.00> <CoreInst = "TAddSub">   --->   Core 10 'TAddSub' <Latency = 0> <II = 1> <Delay = 0.36> <IPBlock> <Opcode : '' 'add' 'sub'> <InPorts = 3> <OutPorts = 1> <Sync> <CReg>
ST_1 : Operation 223 [1/1] (0.73ns) (root node of TernaryAdder)   --->   "%add_ln103_46 = add i32 %add_ln103_79, i32 %sub_ln103_56" [src/IDCT2.cpp:103]   --->   Operation 223 'add' 'add_ln103_46' <Predicate = true> <Delay = 0.73> <CoreInst = "TAddSub">   --->   Core 10 'TAddSub' <Latency = 0> <II = 1> <Delay = 0.36> <IPBlock> <Opcode : '' 'add' 'sub'> <InPorts = 3> <OutPorts = 1> <Sync> <CReg>
ST_1 : Operation 224 [1/1] (0.73ns) (root node of TernaryAdder)   --->   "%add_ln103_47 = add i32 %add_ln103_46, i32 %add_ln103_45" [src/IDCT2.cpp:103]   --->   Operation 224 'add' 'add_ln103_47' <Predicate = true> <Delay = 0.73> <CoreInst = "TAddSub">   --->   Core 10 'TAddSub' <Latency = 0> <II = 1> <Delay = 0.36> <IPBlock> <Opcode : '' 'add' 'sub'> <InPorts = 3> <OutPorts = 1> <Sync> <CReg>
ST_1 : Operation 225 [1/1] (0.73ns) (root node of TernaryAdder)   --->   "%add_ln103_48 = add i32 %add_ln103_47, i32 %add_ln103_44" [src/IDCT2.cpp:103]   --->   Operation 225 'add' 'add_ln103_48' <Predicate = true> <Delay = 0.73> <CoreInst = "TAddSub">   --->   Core 10 'TAddSub' <Latency = 0> <II = 1> <Delay = 0.36> <IPBlock> <Opcode : '' 'add' 'sub'> <InPorts = 3> <OutPorts = 1> <Sync> <CReg>
ST_1 : Operation 226 [1/1] (0.00ns) (grouped into TernaryAdder)   --->   "%add_ln103_82 = add i32 %shl_ln103_2, i32 %in_1_val_read" [src/IDCT2.cpp:103]   --->   Operation 226 'add' 'add_ln103_82' <Predicate = true> <Delay = 0.00> <CoreInst = "TAddSub">   --->   Core 10 'TAddSub' <Latency = 0> <II = 1> <Delay = 0.36> <IPBlock> <Opcode : '' 'add' 'sub'> <InPorts = 3> <OutPorts = 1> <Sync> <CReg>
ST_1 : Operation 227 [1/1] (3.42ns)   --->   "%mul_ln103_16 = mul i32 %in_3_val_read, i32 4294967271" [src/IDCT2.cpp:103]   --->   Operation 227 'mul' 'mul_ln103_16' <Predicate = true> <Delay = 3.42> <CoreInst = "Multiplier">   --->   Core 3 'Multiplier' <Latency = 0> <II = 1> <Delay = 3.42> <FuncUnit> <Opcode : 'mul'> <InPorts = 2> <OutPorts = 1>
ST_1 : Operation 228 [1/1] (1.01ns)   --->   "%sub_ln103_57 = sub i32 %shl_ln103_7, i32 %shl_ln103_8" [src/IDCT2.cpp:103]   --->   Operation 228 'sub' 'sub_ln103_57' <Predicate = true> <Delay = 1.01> <CoreInst = "Adder">   --->   Core 1 'Adder' <Latency = 0> <II = 1> <Delay = 1.01> <FuncUnit> <Opcode : 'add' 'sub'> <InPorts = 2> <OutPorts = 1>
ST_1 : Operation 229 [1/1] (0.00ns)   --->   "%shl_ln103_51 = shl i32 %in_5_val_read, i32 2" [src/IDCT2.cpp:103]   --->   Operation 229 'shl' 'shl_ln103_51' <Predicate = true> <Delay = 0.00>
ST_1 : Operation 230 [1/1] (0.00ns) (grouped into TernaryAdder)   --->   "%sub_ln103_58 = sub i32 %sub_ln103_57, i32 %shl_ln103_51" [src/IDCT2.cpp:103]   --->   Operation 230 'sub' 'sub_ln103_58' <Predicate = true> <Delay = 0.00> <CoreInst = "TAddSub">   --->   Core 10 'TAddSub' <Latency = 0> <II = 1> <Delay = 0.36> <IPBlock> <Opcode : '' 'add' 'sub'> <InPorts = 3> <OutPorts = 1> <Sync> <CReg>
ST_1 : Operation 231 [1/1] (0.73ns) (root node of TernaryAdder)   --->   "%sub_ln103_59 = sub i32 %sub_ln103_58, i32 %in_5_val_read" [src/IDCT2.cpp:103]   --->   Operation 231 'sub' 'sub_ln103_59' <Predicate = true> <Delay = 0.73> <CoreInst = "TAddSub">   --->   Core 10 'TAddSub' <Latency = 0> <II = 1> <Delay = 0.36> <IPBlock> <Opcode : '' 'add' 'sub'> <InPorts = 3> <OutPorts = 1> <Sync> <CReg>
ST_1 : Operation 232 [1/1] (3.42ns)   --->   "%mul_ln103_17 = mul i32 %in_7_val_read, i32 4294967239" [src/IDCT2.cpp:103]   --->   Operation 232 'mul' 'mul_ln103_17' <Predicate = true> <Delay = 3.42> <CoreInst = "Multiplier">   --->   Core 3 'Multiplier' <Latency = 0> <II = 1> <Delay = 3.42> <FuncUnit> <Opcode : 'mul'> <InPorts = 2> <OutPorts = 1>
ST_1 : Operation 233 [1/1] (1.01ns)   --->   "%add_ln103_83 = add i32 %shl_ln103_12, i32 %shl_ln103_13" [src/IDCT2.cpp:103]   --->   Operation 233 'add' 'add_ln103_83' <Predicate = true> <Delay = 1.01> <CoreInst = "Adder">   --->   Core 1 'Adder' <Latency = 0> <II = 1> <Delay = 1.01> <FuncUnit> <Opcode : 'add' 'sub'> <InPorts = 2> <OutPorts = 1>
ST_1 : Operation 234 [1/1] (0.00ns) (grouped into TernaryAdder)   --->   "%sub_ln103_60 = sub i32 %add_ln103_83, i32 %shl_ln103_33" [src/IDCT2.cpp:103]   --->   Operation 234 'sub' 'sub_ln103_60' <Predicate = true> <Delay = 0.00> <CoreInst = "TAddSub">   --->   Core 10 'TAddSub' <Latency = 0> <II = 1> <Delay = 0.36> <IPBlock> <Opcode : '' 'add' 'sub'> <InPorts = 3> <OutPorts = 1> <Sync> <CReg>
ST_1 : Operation 235 [1/1] (0.00ns) (grouped into TernaryAdder)   --->   "%sub_ln103_61 = sub i32 0, i32 %shl_ln103_14" [src/IDCT2.cpp:103]   --->   Operation 235 'sub' 'sub_ln103_61' <Predicate = true> <Delay = 0.00> <CoreInst = "TAddSub">   --->   Core 10 'TAddSub' <Latency = 0> <II = 1> <Delay = 0.36> <IPBlock> <Opcode : '' 'add' 'sub'> <InPorts = 3> <OutPorts = 1> <Sync> <CReg>
ST_1 : Operation 236 [1/1] (0.73ns) (root node of TernaryAdder)   --->   "%sub_ln103_62 = sub i32 %sub_ln103_61, i32 %shl_ln103_15" [src/IDCT2.cpp:103]   --->   Operation 236 'sub' 'sub_ln103_62' <Predicate = true> <Delay = 0.73> <CoreInst = "TAddSub">   --->   Core 10 'TAddSub' <Latency = 0> <II = 1> <Delay = 0.36> <IPBlock> <Opcode : '' 'add' 'sub'> <InPorts = 3> <OutPorts = 1> <Sync> <CReg>
ST_1 : Operation 237 [1/1] (0.00ns) (grouped into TernaryAdder)   --->   "%sub_ln103_63 = sub i32 %sub_ln103_17, i32 %in_13_val_read" [src/IDCT2.cpp:103]   --->   Operation 237 'sub' 'sub_ln103_63' <Predicate = true> <Delay = 0.00> <CoreInst = "TAddSub">   --->   Core 10 'TAddSub' <Latency = 0> <II = 1> <Delay = 0.36> <IPBlock> <Opcode : '' 'add' 'sub'> <InPorts = 3> <OutPorts = 1> <Sync> <CReg>
ST_1 : Operation 238 [1/1] (3.42ns)   --->   "%mul_ln103_18 = mul i32 %in_15_val_read, i32 4294967206" [src/IDCT2.cpp:103]   --->   Operation 238 'mul' 'mul_ln103_18' <Predicate = true> <Delay = 3.42> <CoreInst = "Multiplier">   --->   Core 3 'Multiplier' <Latency = 0> <II = 1> <Delay = 3.42> <FuncUnit> <Opcode : 'mul'> <InPorts = 2> <OutPorts = 1>
ST_1 : Operation 239 [1/1] (0.73ns) (root node of TernaryAdder)   --->   "%add_ln103_49 = add i32 %sub_ln103_62, i32 %sub_ln103_63" [src/IDCT2.cpp:103]   --->   Operation 239 'add' 'add_ln103_49' <Predicate = true> <Delay = 0.73> <CoreInst = "TAddSub">   --->   Core 10 'TAddSub' <Latency = 0> <II = 1> <Delay = 0.36> <IPBlock> <Opcode : '' 'add' 'sub'> <InPorts = 3> <OutPorts = 1> <Sync> <CReg>
ST_1 : Operation 240 [1/1] (0.73ns) (root node of TernaryAdder)   --->   "%add_ln103_50 = add i32 %sub_ln103_60, i32 %mul_ln103_17" [src/IDCT2.cpp:103]   --->   Operation 240 'add' 'add_ln103_50' <Predicate = true> <Delay = 0.73> <CoreInst = "TAddSub">   --->   Core 10 'TAddSub' <Latency = 0> <II = 1> <Delay = 0.36> <IPBlock> <Opcode : '' 'add' 'sub'> <InPorts = 3> <OutPorts = 1> <Sync> <CReg>
ST_1 : Operation 241 [1/1] (0.00ns) (grouped into TernaryAdder)   --->   "%add_ln103_51 = add i32 %add_ln103_50, i32 %add_ln103_49" [src/IDCT2.cpp:103]   --->   Operation 241 'add' 'add_ln103_51' <Predicate = true> <Delay = 0.00> <CoreInst = "TAddSub">   --->   Core 10 'TAddSub' <Latency = 0> <II = 1> <Delay = 0.36> <IPBlock> <Opcode : '' 'add' 'sub'> <InPorts = 3> <OutPorts = 1> <Sync> <CReg>
ST_1 : Operation 242 [1/1] (0.00ns) (grouped into TernaryAdder)   --->   "%add_ln103_52 = add i32 %mul_ln103_16, i32 %sub_ln103_59" [src/IDCT2.cpp:103]   --->   Operation 242 'add' 'add_ln103_52' <Predicate = true> <Delay = 0.00> <CoreInst = "TAddSub">   --->   Core 10 'TAddSub' <Latency = 0> <II = 1> <Delay = 0.36> <IPBlock> <Opcode : '' 'add' 'sub'> <InPorts = 3> <OutPorts = 1> <Sync> <CReg>
ST_1 : Operation 243 [1/1] (0.73ns) (root node of TernaryAdder)   --->   "%add_ln103_53 = add i32 %add_ln103_82, i32 %mul_ln103_18" [src/IDCT2.cpp:103]   --->   Operation 243 'add' 'add_ln103_53' <Predicate = true> <Delay = 0.73> <CoreInst = "TAddSub">   --->   Core 10 'TAddSub' <Latency = 0> <II = 1> <Delay = 0.36> <IPBlock> <Opcode : '' 'add' 'sub'> <InPorts = 3> <OutPorts = 1> <Sync> <CReg>
ST_1 : Operation 244 [1/1] (0.73ns) (root node of TernaryAdder)   --->   "%add_ln103_54 = add i32 %add_ln103_53, i32 %add_ln103_52" [src/IDCT2.cpp:103]   --->   Operation 244 'add' 'add_ln103_54' <Predicate = true> <Delay = 0.73> <CoreInst = "TAddSub">   --->   Core 10 'TAddSub' <Latency = 0> <II = 1> <Delay = 0.36> <IPBlock> <Opcode : '' 'add' 'sub'> <InPorts = 3> <OutPorts = 1> <Sync> <CReg>
ST_1 : Operation 245 [1/1] (0.73ns) (root node of TernaryAdder)   --->   "%add_ln103_55 = add i32 %add_ln103_54, i32 %add_ln103_51" [src/IDCT2.cpp:103]   --->   Operation 245 'add' 'add_ln103_55' <Predicate = true> <Delay = 0.73> <CoreInst = "TAddSub">   --->   Core 10 'TAddSub' <Latency = 0> <II = 1> <Delay = 0.36> <IPBlock> <Opcode : '' 'add' 'sub'> <InPorts = 3> <OutPorts = 1> <Sync> <CReg>
ST_1 : Operation 246 [1/1] (1.01ns)   --->   "%add_ln106 = add i32 %evens, i32 %add_ln103_6" [src/IDCT2.cpp:106]   --->   Operation 246 'add' 'add_ln106' <Predicate = true> <Delay = 1.01> <CoreInst = "Adder">   --->   Core 1 'Adder' <Latency = 0> <II = 1> <Delay = 1.01> <FuncUnit> <Opcode : 'add' 'sub'> <InPorts = 2> <OutPorts = 1>
ST_1 : Operation 247 [1/1] (1.01ns)   --->   "%add_ln107 = add i32 %evens_1, i32 %add_ln103_13" [src/IDCT2.cpp:107]   --->   Operation 247 'add' 'add_ln107' <Predicate = true> <Delay = 1.01> <CoreInst = "Adder">   --->   Core 1 'Adder' <Latency = 0> <II = 1> <Delay = 1.01> <FuncUnit> <Opcode : 'add' 'sub'> <InPorts = 2> <OutPorts = 1>
ST_1 : Operation 248 [1/1] (1.01ns)   --->   "%add_ln108 = add i32 %evens_2, i32 %add_ln103_20" [src/IDCT2.cpp:108]   --->   Operation 248 'add' 'add_ln108' <Predicate = true> <Delay = 1.01> <CoreInst = "Adder">   --->   Core 1 'Adder' <Latency = 0> <II = 1> <Delay = 1.01> <FuncUnit> <Opcode : 'add' 'sub'> <InPorts = 2> <OutPorts = 1>
ST_1 : Operation 249 [1/1] (1.01ns)   --->   "%add_ln109 = add i32 %evens_3, i32 %add_ln103_27" [src/IDCT2.cpp:109]   --->   Operation 249 'add' 'add_ln109' <Predicate = true> <Delay = 1.01> <CoreInst = "Adder">   --->   Core 1 'Adder' <Latency = 0> <II = 1> <Delay = 1.01> <FuncUnit> <Opcode : 'add' 'sub'> <InPorts = 2> <OutPorts = 1>
ST_1 : Operation 250 [1/1] (1.01ns)   --->   "%add_ln110 = add i32 %evens_4, i32 %add_ln103_34" [src/IDCT2.cpp:110]   --->   Operation 250 'add' 'add_ln110' <Predicate = true> <Delay = 1.01> <CoreInst = "Adder">   --->   Core 1 'Adder' <Latency = 0> <II = 1> <Delay = 1.01> <FuncUnit> <Opcode : 'add' 'sub'> <InPorts = 2> <OutPorts = 1>
ST_1 : Operation 251 [1/1] (1.01ns)   --->   "%add_ln111 = add i32 %evens_5, i32 %add_ln103_41" [src/IDCT2.cpp:111]   --->   Operation 251 'add' 'add_ln111' <Predicate = true> <Delay = 1.01> <CoreInst = "Adder">   --->   Core 1 'Adder' <Latency = 0> <II = 1> <Delay = 1.01> <FuncUnit> <Opcode : 'add' 'sub'> <InPorts = 2> <OutPorts = 1>
ST_1 : Operation 252 [1/1] (1.01ns)   --->   "%add_ln112 = add i32 %evens_6, i32 %add_ln103_48" [src/IDCT2.cpp:112]   --->   Operation 252 'add' 'add_ln112' <Predicate = true> <Delay = 1.01> <CoreInst = "Adder">   --->   Core 1 'Adder' <Latency = 0> <II = 1> <Delay = 1.01> <FuncUnit> <Opcode : 'add' 'sub'> <InPorts = 2> <OutPorts = 1>
ST_1 : Operation 253 [1/1] (1.01ns)   --->   "%add_ln113 = add i32 %evens_7, i32 %add_ln103_55" [src/IDCT2.cpp:113]   --->   Operation 253 'add' 'add_ln113' <Predicate = true> <Delay = 1.01> <CoreInst = "Adder">   --->   Core 1 'Adder' <Latency = 0> <II = 1> <Delay = 1.01> <FuncUnit> <Opcode : 'add' 'sub'> <InPorts = 2> <OutPorts = 1>
ST_1 : Operation 254 [1/1] (1.01ns)   --->   "%sub_ln114 = sub i32 %evens_7, i32 %add_ln103_55" [src/IDCT2.cpp:114]   --->   Operation 254 'sub' 'sub_ln114' <Predicate = true> <Delay = 1.01> <CoreInst = "Adder">   --->   Core 1 'Adder' <Latency = 0> <II = 1> <Delay = 1.01> <FuncUnit> <Opcode : 'add' 'sub'> <InPorts = 2> <OutPorts = 1>
ST_1 : Operation 255 [1/1] (1.01ns)   --->   "%sub_ln115 = sub i32 %evens_6, i32 %add_ln103_48" [src/IDCT2.cpp:115]   --->   Operation 255 'sub' 'sub_ln115' <Predicate = true> <Delay = 1.01> <CoreInst = "Adder">   --->   Core 1 'Adder' <Latency = 0> <II = 1> <Delay = 1.01> <FuncUnit> <Opcode : 'add' 'sub'> <InPorts = 2> <OutPorts = 1>
ST_1 : Operation 256 [1/1] (1.01ns)   --->   "%sub_ln116 = sub i32 %evens_5, i32 %add_ln103_41" [src/IDCT2.cpp:116]   --->   Operation 256 'sub' 'sub_ln116' <Predicate = true> <Delay = 1.01> <CoreInst = "Adder">   --->   Core 1 'Adder' <Latency = 0> <II = 1> <Delay = 1.01> <FuncUnit> <Opcode : 'add' 'sub'> <InPorts = 2> <OutPorts = 1>
ST_1 : Operation 257 [1/1] (1.01ns)   --->   "%sub_ln117 = sub i32 %evens_4, i32 %add_ln103_34" [src/IDCT2.cpp:117]   --->   Operation 257 'sub' 'sub_ln117' <Predicate = true> <Delay = 1.01> <CoreInst = "Adder">   --->   Core 1 'Adder' <Latency = 0> <II = 1> <Delay = 1.01> <FuncUnit> <Opcode : 'add' 'sub'> <InPorts = 2> <OutPorts = 1>
ST_1 : Operation 258 [1/1] (1.01ns)   --->   "%sub_ln118 = sub i32 %evens_3, i32 %add_ln103_27" [src/IDCT2.cpp:118]   --->   Operation 258 'sub' 'sub_ln118' <Predicate = true> <Delay = 1.01> <CoreInst = "Adder">   --->   Core 1 'Adder' <Latency = 0> <II = 1> <Delay = 1.01> <FuncUnit> <Opcode : 'add' 'sub'> <InPorts = 2> <OutPorts = 1>
ST_1 : Operation 259 [1/1] (1.01ns)   --->   "%sub_ln119 = sub i32 %evens_2, i32 %add_ln103_20" [src/IDCT2.cpp:119]   --->   Operation 259 'sub' 'sub_ln119' <Predicate = true> <Delay = 1.01> <CoreInst = "Adder">   --->   Core 1 'Adder' <Latency = 0> <II = 1> <Delay = 1.01> <FuncUnit> <Opcode : 'add' 'sub'> <InPorts = 2> <OutPorts = 1>
ST_1 : Operation 260 [1/1] (1.01ns)   --->   "%sub_ln120 = sub i32 %evens_1, i32 %add_ln103_13" [src/IDCT2.cpp:120]   --->   Operation 260 'sub' 'sub_ln120' <Predicate = true> <Delay = 1.01> <CoreInst = "Adder">   --->   Core 1 'Adder' <Latency = 0> <II = 1> <Delay = 1.01> <FuncUnit> <Opcode : 'add' 'sub'> <InPorts = 2> <OutPorts = 1>
ST_1 : Operation 261 [1/1] (1.01ns)   --->   "%sub_ln121 = sub i32 %evens, i32 %add_ln103_6" [src/IDCT2.cpp:121]   --->   Operation 261 'sub' 'sub_ln121' <Predicate = true> <Delay = 1.01> <CoreInst = "Adder">   --->   Core 1 'Adder' <Latency = 0> <II = 1> <Delay = 1.01> <FuncUnit> <Opcode : 'add' 'sub'> <InPorts = 2> <OutPorts = 1>
ST_1 : Operation 262 [1/1] (0.00ns)   --->   "%mrv = insertvalue i512 <undef>, i32 %add_ln106" [src/IDCT2.cpp:122]   --->   Operation 262 'insertvalue' 'mrv' <Predicate = true> <Delay = 0.00>
ST_1 : Operation 263 [1/1] (0.00ns)   --->   "%mrv_1 = insertvalue i512 %mrv, i32 %add_ln107" [src/IDCT2.cpp:122]   --->   Operation 263 'insertvalue' 'mrv_1' <Predicate = true> <Delay = 0.00>
ST_1 : Operation 264 [1/1] (0.00ns)   --->   "%mrv_2 = insertvalue i512 %mrv_1, i32 %add_ln108" [src/IDCT2.cpp:122]   --->   Operation 264 'insertvalue' 'mrv_2' <Predicate = true> <Delay = 0.00>
ST_1 : Operation 265 [1/1] (0.00ns)   --->   "%mrv_3 = insertvalue i512 %mrv_2, i32 %add_ln109" [src/IDCT2.cpp:122]   --->   Operation 265 'insertvalue' 'mrv_3' <Predicate = true> <Delay = 0.00>
ST_1 : Operation 266 [1/1] (0.00ns)   --->   "%mrv_4 = insertvalue i512 %mrv_3, i32 %add_ln110" [src/IDCT2.cpp:122]   --->   Operation 266 'insertvalue' 'mrv_4' <Predicate = true> <Delay = 0.00>
ST_1 : Operation 267 [1/1] (0.00ns)   --->   "%mrv_5 = insertvalue i512 %mrv_4, i32 %add_ln111" [src/IDCT2.cpp:122]   --->   Operation 267 'insertvalue' 'mrv_5' <Predicate = true> <Delay = 0.00>
ST_1 : Operation 268 [1/1] (0.00ns)   --->   "%mrv_6 = insertvalue i512 %mrv_5, i32 %add_ln112" [src/IDCT2.cpp:122]   --->   Operation 268 'insertvalue' 'mrv_6' <Predicate = true> <Delay = 0.00>
ST_1 : Operation 269 [1/1] (0.00ns)   --->   "%mrv_7 = insertvalue i512 %mrv_6, i32 %add_ln113" [src/IDCT2.cpp:122]   --->   Operation 269 'insertvalue' 'mrv_7' <Predicate = true> <Delay = 0.00>
ST_1 : Operation 270 [1/1] (0.00ns)   --->   "%mrv_8 = insertvalue i512 %mrv_7, i32 %sub_ln114" [src/IDCT2.cpp:122]   --->   Operation 270 'insertvalue' 'mrv_8' <Predicate = true> <Delay = 0.00>
ST_1 : Operation 271 [1/1] (0.00ns)   --->   "%mrv_9 = insertvalue i512 %mrv_8, i32 %sub_ln115" [src/IDCT2.cpp:122]   --->   Operation 271 'insertvalue' 'mrv_9' <Predicate = true> <Delay = 0.00>
ST_1 : Operation 272 [1/1] (0.00ns)   --->   "%mrv_10 = insertvalue i512 %mrv_9, i32 %sub_ln116" [src/IDCT2.cpp:122]   --->   Operation 272 'insertvalue' 'mrv_10' <Predicate = true> <Delay = 0.00>
ST_1 : Operation 273 [1/1] (0.00ns)   --->   "%mrv_11 = insertvalue i512 %mrv_10, i32 %sub_ln117" [src/IDCT2.cpp:122]   --->   Operation 273 'insertvalue' 'mrv_11' <Predicate = true> <Delay = 0.00>
ST_1 : Operation 274 [1/1] (0.00ns)   --->   "%mrv_12 = insertvalue i512 %mrv_11, i32 %sub_ln118" [src/IDCT2.cpp:122]   --->   Operation 274 'insertvalue' 'mrv_12' <Predicate = true> <Delay = 0.00>
ST_1 : Operation 275 [1/1] (0.00ns)   --->   "%mrv_13 = insertvalue i512 %mrv_12, i32 %sub_ln119" [src/IDCT2.cpp:122]   --->   Operation 275 'insertvalue' 'mrv_13' <Predicate = true> <Delay = 0.00>
ST_1 : Operation 276 [1/1] (0.00ns)   --->   "%mrv_14 = insertvalue i512 %mrv_13, i32 %sub_ln120" [src/IDCT2.cpp:122]   --->   Operation 276 'insertvalue' 'mrv_14' <Predicate = true> <Delay = 0.00>
ST_1 : Operation 277 [1/1] (0.00ns)   --->   "%mrv_15 = insertvalue i512 %mrv_14, i32 %sub_ln121" [src/IDCT2.cpp:122]   --->   Operation 277 'insertvalue' 'mrv_15' <Predicate = true> <Delay = 0.00>
ST_1 : Operation 278 [1/1] (0.00ns)   --->   "%ret_ln122 = ret i512 %mrv_15" [src/IDCT2.cpp:122]   --->   Operation 278 'ret' 'ret_ln122' <Predicate = true> <Delay = 0.00>


============================================================
+ Verbose Summary: Timing violations
============================================================
Target clock period: 10.000ns, clock uncertainty: 2.700ns.

 <State 1>: 7.199ns
The critical path consists of the following:
	wire read operation ('in_14_val_read', src/IDCT2.cpp:88) on port 'in_14_val' (src/IDCT2.cpp:88) [18]  (0.000 ns)
	'call' operation 256 bit ('call_ret', src/IDCT2.cpp:99) to 'IDCT2B8' [33]  (6.183 ns)
	'add' operation 32 bit ('add_ln106', src/IDCT2.cpp:106) [261]  (1.016 ns)


============================================================
+ Verbose Summary: Binding
============================================================
N/A
* FSMD analyzer results:
  - Output states:
 - Input state : 
  - Chain level:
	State 1


============================================================
+ Verbose Summary: Datapath Resource usage 
============================================================
N/A
