Fri Nov 21 21:47:04 2025: Running xcd server. This server was built by gradle.
Fri Nov 21 21:47:04 2025: Server was asked to start on port: '43101'
Fri Nov 21 21:47:04 2025: Server is using token UUID: 'a455342a-ef40-4b7c-af5d-656ea8a36d10'
Fri Nov 21 21:47:04 2025: SESSION_MGR: creating session with session uuid: '6d04a3e9-ade5-4ab9-8d63-1f78fcd2ec76' and name 'default'
Fri Nov 21 21:47:04 2025: Attempting to start server on port '43101'
Fri Nov 21 21:47:04 2025: XCD main fifo: created main fifo '/tmp/xcdmaina455342a-ef40-4b7c-af5d-656ea8a36d10', fd read = 13
Fri Nov 21 21:47:04 2025: Running Dispatch Server
Fri Nov 21 21:47:04 2025: Version 2.2.0
Fri Nov 21 21:47:06 2025: Dispatch Server: Accepted socket connection from client
Fri Nov 21 21:47:06 2025: Starting Socket connection
Fri Nov 21 21:47:06 2025: EXCHANGE_TOKEN received, server token: a455342a-ef40-4b7c-af5d-656ea8a36d10, passed token: a455342a-ef40-4b7c-af5d-656ea8a36d10
Fri Nov 21 21:47:06 2025: DISPATCH_HANDLER: Adding handler from function makeHandler in library libxv_system_diagram
Fri Nov 21 21:47:06 2025: SESSION_MGR: creating session with session uuid: '74d4d636-ab12-40ab-8588-713d255e7801' and name 'v++_compile_dct2_dir'
Fri Nov 21 21:47:06 2025: KERNEL_SVC: creating session with uuid: '74d4d636-ab12-40ab-8588-713d255e7801' and name 'v++_compile_dct2_dir'
Fri Nov 21 21:47:06 2025: GUIDANCE_SMGR: creating guidance session with uuid: '74d4d636-ab12-40ab-8588-713d255e7801' and name 'v++_compile_dct2_dir'
Fri Nov 21 21:47:06 2025: SYSTEM_DIAGRAM: creating session with uuid: '74d4d636-ab12-40ab-8588-713d255e7801' and name 'v++_compile_dct2_dir'
Fri Nov 21 21:47:09 2025: Dispatch Server: Accepted socket connection from client
Fri Nov 21 21:47:09 2025: Starting Socket connection
Fri Nov 21 21:47:24 2025: SESSION_MGR: closing session for UUID '74d4d636-ab12-40ab-8588-713d255e7801' with name 'v++_compile_dct2_dir'
Fri Nov 21 21:47:24 2025: KERNEL_SVC: closing session for UUID '74d4d636-ab12-40ab-8588-713d255e7801' with name 'v++_compile_dct2_dir'
Fri Nov 21 21:47:24 2025: GUIDANCE_SMGR: closing session for UUID '74d4d636-ab12-40ab-8588-713d255e7801' with name 'v++_compile_dct2_dir'
Fri Nov 21 21:47:24 2025: SYSTEM_DIAGRAM: closing session for UUID '74d4d636-ab12-40ab-8588-713d255e7801' with name 'v++_compile_dct2_dir'
Fri Nov 21 21:47:24 2025: STOP_SERVER received, server token: a455342a-ef40-4b7c-af5d-656ea8a36d10, passed token: a455342a-ef40-4b7c-af5d-656ea8a36d10
Fri Nov 21 21:47:24 2025: Socket received request to stop server.
Fri Nov 21 21:47:24 2025: Dispatch Server: do_await_stop
Fri Nov 21 21:47:24 2025: Dispatch Server: stopping mainFifo_
Fri Nov 21 21:47:24 2025: XCD main fifo: Stopping
Fri Nov 21 21:47:24 2025: XCD main fifo: do_read error code: Operation canceled
Fri Nov 21 21:47:24 2025: XCD main fifo: bytes_transferred: 0
Fri Nov 21 21:47:24 2025: SERVER: destructor for server bound to port 43101
Fri Nov 21 21:47:24 2025: XCD main fifo: Good unlink of /tmp/xcdmaina455342a-ef40-4b7c-af5d-656ea8a36d10
Fri Nov 21 21:47:24 2025: Server exiting with status 0.
Fri Nov 21 21:47:24 2025: Closing log file.
Fri Nov 21 21:48:27 2025: Running xcd server. This server was built by gradle.
Fri Nov 21 21:48:27 2025: Server was asked to start on port: '43809'
Fri Nov 21 21:48:27 2025: Server is using token UUID: 'b5381a3e-266d-4453-b26f-708a2a9d474b'
Fri Nov 21 21:48:27 2025: SESSION_MGR: creating session with session uuid: '6d04a3e9-ade5-4ab9-8d63-1f78fcd2ec76' and name 'default'
Fri Nov 21 21:48:27 2025: Attempting to start server on port '43809'
Fri Nov 21 21:48:27 2025: XCD main fifo: created main fifo '/tmp/xcdmainb5381a3e-266d-4453-b26f-708a2a9d474b', fd read = 13
Fri Nov 21 21:48:27 2025: Running Dispatch Server
Fri Nov 21 21:48:27 2025: Version 2.2.0
Fri Nov 21 21:48:29 2025: Dispatch Server: Accepted socket connection from client
Fri Nov 21 21:48:29 2025: Starting Socket connection
Fri Nov 21 21:48:29 2025: EXCHANGE_TOKEN received, server token: b5381a3e-266d-4453-b26f-708a2a9d474b, passed token: b5381a3e-266d-4453-b26f-708a2a9d474b
Fri Nov 21 21:48:29 2025: DISPATCH_HANDLER: Adding handler from function makeHandler in library libxv_system_diagram
Fri Nov 21 21:48:29 2025: SESSION_MGR: creating session with session uuid: '8f405f07-a902-426e-8e17-e77f6fcd3a38' and name 'v++_compile_dct2_dir'
Fri Nov 21 21:48:29 2025: KERNEL_SVC: creating session with uuid: '8f405f07-a902-426e-8e17-e77f6fcd3a38' and name 'v++_compile_dct2_dir'
Fri Nov 21 21:48:29 2025: GUIDANCE_SMGR: creating guidance session with uuid: '8f405f07-a902-426e-8e17-e77f6fcd3a38' and name 'v++_compile_dct2_dir'
Fri Nov 21 21:48:29 2025: SYSTEM_DIAGRAM: creating session with uuid: '8f405f07-a902-426e-8e17-e77f6fcd3a38' and name 'v++_compile_dct2_dir'
Fri Nov 21 21:48:31 2025: Dispatch Server: Accepted socket connection from client
Fri Nov 21 21:48:31 2025: Starting Socket connection
Fri Nov 21 21:48:46 2025: SESSION_MGR: closing session for UUID '8f405f07-a902-426e-8e17-e77f6fcd3a38' with name 'v++_compile_dct2_dir'
Fri Nov 21 21:48:46 2025: KERNEL_SVC: closing session for UUID '8f405f07-a902-426e-8e17-e77f6fcd3a38' with name 'v++_compile_dct2_dir'
Fri Nov 21 21:48:46 2025: GUIDANCE_SMGR: closing session for UUID '8f405f07-a902-426e-8e17-e77f6fcd3a38' with name 'v++_compile_dct2_dir'
Fri Nov 21 21:48:46 2025: SYSTEM_DIAGRAM: closing session for UUID '8f405f07-a902-426e-8e17-e77f6fcd3a38' with name 'v++_compile_dct2_dir'
Fri Nov 21 21:48:46 2025: STOP_SERVER received, server token: b5381a3e-266d-4453-b26f-708a2a9d474b, passed token: b5381a3e-266d-4453-b26f-708a2a9d474b
Fri Nov 21 21:48:46 2025: Socket received request to stop server.
Fri Nov 21 21:48:46 2025: Dispatch Server: do_await_stop
Fri Nov 21 21:48:46 2025: Dispatch Server: stopping mainFifo_
Fri Nov 21 21:48:46 2025: XCD main fifo: Stopping
Fri Nov 21 21:48:46 2025: XCD main fifo: do_read error code: Operation canceled
Fri Nov 21 21:48:46 2025: XCD main fifo: bytes_transferred: 0
Fri Nov 21 21:48:46 2025: SERVER: destructor for server bound to port 43809
Fri Nov 21 21:48:46 2025: XCD main fifo: Good unlink of /tmp/xcdmainb5381a3e-266d-4453-b26f-708a2a9d474b
Fri Nov 21 21:48:46 2025: Server exiting with status 0.
Fri Nov 21 21:48:46 2025: Closing log file.
Fri Nov 21 21:48:48 2025: Running xcd server. This server was built by gradle.
Fri Nov 21 21:48:48 2025: Server was asked to start on port: '36281'
Fri Nov 21 21:48:48 2025: Server is using token UUID: 'e9322bfa-3f6b-4fff-9fd2-85d77af9008f'
Fri Nov 21 21:48:48 2025: SESSION_MGR: creating session with session uuid: '6d04a3e9-ade5-4ab9-8d63-1f78fcd2ec76' and name 'default'
Fri Nov 21 21:48:48 2025: Attempting to start server on port '36281'
Fri Nov 21 21:48:48 2025: XCD main fifo: created main fifo '/tmp/xcdmaine9322bfa-3f6b-4fff-9fd2-85d77af9008f', fd read = 13
Fri Nov 21 21:48:48 2025: Running Dispatch Server
Fri Nov 21 21:48:48 2025: Version 2.2.0
Fri Nov 21 21:48:50 2025: Dispatch Server: Accepted socket connection from client
Fri Nov 21 21:48:50 2025: Starting Socket connection
Fri Nov 21 21:48:50 2025: EXCHANGE_TOKEN received, server token: e9322bfa-3f6b-4fff-9fd2-85d77af9008f, passed token: e9322bfa-3f6b-4fff-9fd2-85d77af9008f
Fri Nov 21 21:48:50 2025: DISPATCH_HANDLER: Adding handler from function makeHandler in library libxv_system_diagram
Fri Nov 21 21:48:50 2025: SESSION_MGR: creating session with session uuid: 'bdaf582d-c8fe-40dc-b307-29b3fb81bb23' and name 'vitis-run_compile_dct2_dir'
Fri Nov 21 21:48:50 2025: KERNEL_SVC: creating session with uuid: 'bdaf582d-c8fe-40dc-b307-29b3fb81bb23' and name 'vitis-run_compile_dct2_dir'
Fri Nov 21 21:48:50 2025: GUIDANCE_SMGR: creating guidance session with uuid: 'bdaf582d-c8fe-40dc-b307-29b3fb81bb23' and name 'vitis-run_compile_dct2_dir'
Fri Nov 21 21:48:50 2025: SYSTEM_DIAGRAM: creating session with uuid: 'bdaf582d-c8fe-40dc-b307-29b3fb81bb23' and name 'vitis-run_compile_dct2_dir'
Fri Nov 21 21:48:52 2025: Dispatch Server: Accepted socket connection from client
Fri Nov 21 21:48:52 2025: Starting Socket connection
Fri Nov 21 21:49:11 2025: SESSION_MGR: closing session for UUID 'bdaf582d-c8fe-40dc-b307-29b3fb81bb23' with name 'vitis-run_compile_dct2_dir'
Fri Nov 21 21:49:11 2025: KERNEL_SVC: closing session for UUID 'bdaf582d-c8fe-40dc-b307-29b3fb81bb23' with name 'vitis-run_compile_dct2_dir'
Fri Nov 21 21:49:11 2025: GUIDANCE_SMGR: closing session for UUID 'bdaf582d-c8fe-40dc-b307-29b3fb81bb23' with name 'vitis-run_compile_dct2_dir'
Fri Nov 21 21:49:11 2025: SYSTEM_DIAGRAM: closing session for UUID 'bdaf582d-c8fe-40dc-b307-29b3fb81bb23' with name 'vitis-run_compile_dct2_dir'
Fri Nov 21 21:49:11 2025: STOP_SERVER received, server token: e9322bfa-3f6b-4fff-9fd2-85d77af9008f, passed token: e9322bfa-3f6b-4fff-9fd2-85d77af9008f
Fri Nov 21 21:49:11 2025: Socket received request to stop server.
Fri Nov 21 21:49:11 2025: Dispatch Server: do_await_stop
Fri Nov 21 21:49:11 2025: Dispatch Server: stopping mainFifo_
Fri Nov 21 21:49:11 2025: XCD main fifo: Stopping
Fri Nov 21 21:49:11 2025: XCD main fifo: do_read error code: Operation canceled
Fri Nov 21 21:49:11 2025: XCD main fifo: bytes_transferred: 0
Fri Nov 21 21:49:11 2025: SERVER: destructor for server bound to port 36281
Fri Nov 21 21:49:11 2025: XCD main fifo: Good unlink of /tmp/xcdmaine9322bfa-3f6b-4fff-9fd2-85d77af9008f
Fri Nov 21 21:49:11 2025: Server exiting with status 0.
Fri Nov 21 21:49:11 2025: Closing log file.
Sun Dec 21 19:34:06 2025: Running xcd server. This server was built by gradle.
Sun Dec 21 19:34:06 2025: Server was asked to start on port: '46209'
Sun Dec 21 19:34:06 2025: Server is using token UUID: '13f33c8e-057f-441a-b502-96937fae398f'
Sun Dec 21 19:34:06 2025: SESSION_MGR: creating session with session uuid: '6d04a3e9-ade5-4ab9-8d63-1f78fcd2ec76' and name 'default'
Sun Dec 21 19:34:06 2025: Attempting to start server on port '46209'
Sun Dec 21 19:34:06 2025: XCD main fifo: created main fifo '/tmp/xcdmain13f33c8e-057f-441a-b502-96937fae398f', fd read = 13
Sun Dec 21 19:34:06 2025: Running Dispatch Server
Sun Dec 21 19:34:06 2025: Version 2.2.0
Sun Dec 21 19:34:08 2025: Dispatch Server: Accepted socket connection from client
Sun Dec 21 19:34:08 2025: Starting Socket connection
Sun Dec 21 19:34:08 2025: EXCHANGE_TOKEN received, server token: 13f33c8e-057f-441a-b502-96937fae398f, passed token: 13f33c8e-057f-441a-b502-96937fae398f
Sun Dec 21 19:34:08 2025: DISPATCH_HANDLER: Adding handler from function makeHandler in library libxv_system_diagram
Sun Dec 21 19:34:08 2025: SESSION_MGR: creating session with session uuid: '180c142f-a6ee-4362-a0d8-ff6d0ec94fb6' and name 'v++_compile_dct2_dir'
Sun Dec 21 19:34:08 2025: KERNEL_SVC: creating session with uuid: '180c142f-a6ee-4362-a0d8-ff6d0ec94fb6' and name 'v++_compile_dct2_dir'
Sun Dec 21 19:34:08 2025: GUIDANCE_SMGR: creating guidance session with uuid: '180c142f-a6ee-4362-a0d8-ff6d0ec94fb6' and name 'v++_compile_dct2_dir'
Sun Dec 21 19:34:08 2025: SYSTEM_DIAGRAM: creating session with uuid: '180c142f-a6ee-4362-a0d8-ff6d0ec94fb6' and name 'v++_compile_dct2_dir'
Sun Dec 21 19:34:11 2025: Dispatch Server: Accepted socket connection from client
Sun Dec 21 19:34:11 2025: Starting Socket connection
Sun Dec 21 19:34:31 2025: SESSION_MGR: closing session for UUID '180c142f-a6ee-4362-a0d8-ff6d0ec94fb6' with name 'v++_compile_dct2_dir'
Sun Dec 21 19:34:31 2025: KERNEL_SVC: closing session for UUID '180c142f-a6ee-4362-a0d8-ff6d0ec94fb6' with name 'v++_compile_dct2_dir'
Sun Dec 21 19:34:31 2025: GUIDANCE_SMGR: closing session for UUID '180c142f-a6ee-4362-a0d8-ff6d0ec94fb6' with name 'v++_compile_dct2_dir'
Sun Dec 21 19:34:31 2025: SYSTEM_DIAGRAM: closing session for UUID '180c142f-a6ee-4362-a0d8-ff6d0ec94fb6' with name 'v++_compile_dct2_dir'
Sun Dec 21 19:34:31 2025: STOP_SERVER received, server token: 13f33c8e-057f-441a-b502-96937fae398f, passed token: 13f33c8e-057f-441a-b502-96937fae398f
Sun Dec 21 19:34:31 2025: Socket received request to stop server.
Sun Dec 21 19:34:31 2025: Dispatch Server: do_await_stop
Sun Dec 21 19:34:31 2025: Dispatch Server: stopping mainFifo_
Sun Dec 21 19:34:31 2025: XCD main fifo: Stopping
Sun Dec 21 19:34:31 2025: XCD main fifo: do_read error code: Operation canceled
Sun Dec 21 19:34:31 2025: XCD main fifo: bytes_transferred: 0
Sun Dec 21 19:34:31 2025: SERVER: destructor for server bound to port 46209
Sun Dec 21 19:34:31 2025: XCD main fifo: Good unlink of /tmp/xcdmain13f33c8e-057f-441a-b502-96937fae398f
Sun Dec 21 19:34:31 2025: Server exiting with status 0.
Sun Dec 21 19:34:31 2025: Closing log file.
Sun Dec 21 19:34:53 2025: Running xcd server. This server was built by gradle.
Sun Dec 21 19:34:53 2025: Server was asked to start on port: '33101'
Sun Dec 21 19:34:53 2025: Server is using token UUID: '6b072ca1-71a9-4d0d-bfc9-b01ca87683b9'
Sun Dec 21 19:34:53 2025: SESSION_MGR: creating session with session uuid: '6d04a3e9-ade5-4ab9-8d63-1f78fcd2ec76' and name 'default'
Sun Dec 21 19:34:53 2025: Attempting to start server on port '33101'
Sun Dec 21 19:34:53 2025: XCD main fifo: created main fifo '/tmp/xcdmain6b072ca1-71a9-4d0d-bfc9-b01ca87683b9', fd read = 13
Sun Dec 21 19:34:53 2025: Running Dispatch Server
Sun Dec 21 19:34:53 2025: Version 2.2.0
Sun Dec 21 19:34:56 2025: Dispatch Server: Accepted socket connection from client
Sun Dec 21 19:34:56 2025: Starting Socket connection
Sun Dec 21 19:34:56 2025: EXCHANGE_TOKEN received, server token: 6b072ca1-71a9-4d0d-bfc9-b01ca87683b9, passed token: 6b072ca1-71a9-4d0d-bfc9-b01ca87683b9
Sun Dec 21 19:34:56 2025: DISPATCH_HANDLER: Adding handler from function makeHandler in library libxv_system_diagram
Sun Dec 21 19:34:56 2025: SESSION_MGR: creating session with session uuid: 'cc5afb72-aef9-43dc-bbd2-182625c86877' and name 'v++_compile_dct2_dir'
Sun Dec 21 19:34:56 2025: KERNEL_SVC: creating session with uuid: 'cc5afb72-aef9-43dc-bbd2-182625c86877' and name 'v++_compile_dct2_dir'
Sun Dec 21 19:34:56 2025: GUIDANCE_SMGR: creating guidance session with uuid: 'cc5afb72-aef9-43dc-bbd2-182625c86877' and name 'v++_compile_dct2_dir'
Sun Dec 21 19:34:56 2025: SYSTEM_DIAGRAM: creating session with uuid: 'cc5afb72-aef9-43dc-bbd2-182625c86877' and name 'v++_compile_dct2_dir'
Sun Dec 21 19:34:58 2025: Dispatch Server: Accepted socket connection from client
Sun Dec 21 19:34:58 2025: Starting Socket connection
Sun Dec 21 19:35:17 2025: SESSION_MGR: closing session for UUID 'cc5afb72-aef9-43dc-bbd2-182625c86877' with name 'v++_compile_dct2_dir'
Sun Dec 21 19:35:17 2025: KERNEL_SVC: closing session for UUID 'cc5afb72-aef9-43dc-bbd2-182625c86877' with name 'v++_compile_dct2_dir'
Sun Dec 21 19:35:17 2025: GUIDANCE_SMGR: closing session for UUID 'cc5afb72-aef9-43dc-bbd2-182625c86877' with name 'v++_compile_dct2_dir'
Sun Dec 21 19:35:17 2025: SYSTEM_DIAGRAM: closing session for UUID 'cc5afb72-aef9-43dc-bbd2-182625c86877' with name 'v++_compile_dct2_dir'
Sun Dec 21 19:35:17 2025: STOP_SERVER received, server token: 6b072ca1-71a9-4d0d-bfc9-b01ca87683b9, passed token: 6b072ca1-71a9-4d0d-bfc9-b01ca87683b9
Sun Dec 21 19:35:17 2025: Socket received request to stop server.
Sun Dec 21 19:35:17 2025: Dispatch Server: do_await_stop
Sun Dec 21 19:35:17 2025: Dispatch Server: stopping mainFifo_
Sun Dec 21 19:35:17 2025: XCD main fifo: Stopping
Sun Dec 21 19:35:17 2025: XCD main fifo: do_read error code: Operation canceled
Sun Dec 21 19:35:17 2025: XCD main fifo: bytes_transferred: 0
Sun Dec 21 19:35:17 2025: SERVER: destructor for server bound to port 33101
Sun Dec 21 19:35:17 2025: XCD main fifo: Good unlink of /tmp/xcdmain6b072ca1-71a9-4d0d-bfc9-b01ca87683b9
Sun Dec 21 19:35:17 2025: Server exiting with status 0.
Sun Dec 21 19:35:17 2025: Closing log file.
Sun Dec 21 19:35:18 2025: Running xcd server. This server was built by gradle.
Sun Dec 21 19:35:18 2025: Server was asked to start on port: '39909'
Sun Dec 21 19:35:18 2025: Server is using token UUID: '53c40c49-ceb7-4e9e-868b-3178a4975d0b'
Sun Dec 21 19:35:18 2025: SESSION_MGR: creating session with session uuid: '6d04a3e9-ade5-4ab9-8d63-1f78fcd2ec76' and name 'default'
Sun Dec 21 19:35:18 2025: Attempting to start server on port '39909'
Sun Dec 21 19:35:18 2025: XCD main fifo: created main fifo '/tmp/xcdmain53c40c49-ceb7-4e9e-868b-3178a4975d0b', fd read = 13
Sun Dec 21 19:35:18 2025: Running Dispatch Server
Sun Dec 21 19:35:18 2025: Version 2.2.0
Sun Dec 21 19:35:20 2025: Dispatch Server: Accepted socket connection from client
Sun Dec 21 19:35:20 2025: Starting Socket connection
Sun Dec 21 19:35:20 2025: EXCHANGE_TOKEN received, server token: 53c40c49-ceb7-4e9e-868b-3178a4975d0b, passed token: 53c40c49-ceb7-4e9e-868b-3178a4975d0b
Sun Dec 21 19:35:20 2025: DISPATCH_HANDLER: Adding handler from function makeHandler in library libxv_system_diagram
Sun Dec 21 19:35:20 2025: SESSION_MGR: creating session with session uuid: 'da4579a5-eb36-4a9c-8227-c827e5dad941' and name 'vitis-run_compile_dct2_dir'
Sun Dec 21 19:35:20 2025: KERNEL_SVC: creating session with uuid: 'da4579a5-eb36-4a9c-8227-c827e5dad941' and name 'vitis-run_compile_dct2_dir'
Sun Dec 21 19:35:20 2025: GUIDANCE_SMGR: creating guidance session with uuid: 'da4579a5-eb36-4a9c-8227-c827e5dad941' and name 'vitis-run_compile_dct2_dir'
Sun Dec 21 19:35:20 2025: SYSTEM_DIAGRAM: creating session with uuid: 'da4579a5-eb36-4a9c-8227-c827e5dad941' and name 'vitis-run_compile_dct2_dir'
Sun Dec 21 19:35:23 2025: Dispatch Server: Accepted socket connection from client
Sun Dec 21 19:35:23 2025: Starting Socket connection
Sun Dec 21 19:35:47 2025: SESSION_MGR: closing session for UUID 'da4579a5-eb36-4a9c-8227-c827e5dad941' with name 'vitis-run_compile_dct2_dir'
Sun Dec 21 19:35:47 2025: KERNEL_SVC: closing session for UUID 'da4579a5-eb36-4a9c-8227-c827e5dad941' with name 'vitis-run_compile_dct2_dir'
Sun Dec 21 19:35:47 2025: GUIDANCE_SMGR: closing session for UUID 'da4579a5-eb36-4a9c-8227-c827e5dad941' with name 'vitis-run_compile_dct2_dir'
Sun Dec 21 19:35:47 2025: SYSTEM_DIAGRAM: closing session for UUID 'da4579a5-eb36-4a9c-8227-c827e5dad941' with name 'vitis-run_compile_dct2_dir'
Sun Dec 21 19:35:47 2025: STOP_SERVER received, server token: 53c40c49-ceb7-4e9e-868b-3178a4975d0b, passed token: 53c40c49-ceb7-4e9e-868b-3178a4975d0b
Sun Dec 21 19:35:47 2025: Socket received request to stop server.
Sun Dec 21 19:35:47 2025: Dispatch Server: do_await_stop
Sun Dec 21 19:35:47 2025: Dispatch Server: stopping mainFifo_
Sun Dec 21 19:35:47 2025: XCD main fifo: Stopping
Sun Dec 21 19:35:47 2025: XCD main fifo: do_read error code: Operation canceled
Sun Dec 21 19:35:47 2025: XCD main fifo: bytes_transferred: 0
Sun Dec 21 19:35:47 2025: SERVER: destructor for server bound to port 39909
Sun Dec 21 19:35:47 2025: XCD main fifo: Good unlink of /tmp/xcdmain53c40c49-ceb7-4e9e-868b-3178a4975d0b
Sun Dec 21 19:35:47 2025: Server exiting with status 0.
Sun Dec 21 19:35:47 2025: Closing log file.
Sun Dec 21 19:50:58 2025: Running xcd server. This server was built by gradle.
Sun Dec 21 19:50:58 2025: Server was asked to start on port: '39255'
Sun Dec 21 19:50:58 2025: Server is using token UUID: '6e6b50b9-10d3-4caa-b18f-2d22b467ba72'
Sun Dec 21 19:50:58 2025: SESSION_MGR: creating session with session uuid: '6d04a3e9-ade5-4ab9-8d63-1f78fcd2ec76' and name 'default'
Sun Dec 21 19:50:58 2025: Attempting to start server on port '39255'
Sun Dec 21 19:50:58 2025: XCD main fifo: created main fifo '/tmp/xcdmain6e6b50b9-10d3-4caa-b18f-2d22b467ba72', fd read = 13
Sun Dec 21 19:50:58 2025: Running Dispatch Server
Sun Dec 21 19:50:58 2025: Version 2.2.0
Sun Dec 21 19:51:00 2025: Dispatch Server: Accepted socket connection from client
Sun Dec 21 19:51:00 2025: Starting Socket connection
Sun Dec 21 19:51:00 2025: EXCHANGE_TOKEN received, server token: 6e6b50b9-10d3-4caa-b18f-2d22b467ba72, passed token: 6e6b50b9-10d3-4caa-b18f-2d22b467ba72
Sun Dec 21 19:51:00 2025: DISPATCH_HANDLER: Adding handler from function makeHandler in library libxv_system_diagram
Sun Dec 21 19:51:00 2025: SESSION_MGR: creating session with session uuid: '65e587d6-5288-4657-8b60-85cb56d993d8' and name 'v++_compile_dct2_dir'
Sun Dec 21 19:51:00 2025: KERNEL_SVC: creating session with uuid: '65e587d6-5288-4657-8b60-85cb56d993d8' and name 'v++_compile_dct2_dir'
Sun Dec 21 19:51:00 2025: GUIDANCE_SMGR: creating guidance session with uuid: '65e587d6-5288-4657-8b60-85cb56d993d8' and name 'v++_compile_dct2_dir'
Sun Dec 21 19:51:00 2025: SYSTEM_DIAGRAM: creating session with uuid: '65e587d6-5288-4657-8b60-85cb56d993d8' and name 'v++_compile_dct2_dir'
Sun Dec 21 19:51:03 2025: Dispatch Server: Accepted socket connection from client
Sun Dec 21 19:51:03 2025: Starting Socket connection
Sun Dec 21 19:51:04 2025: Dispatch Server: do_await_stop
Sun Dec 21 19:54:01 2025: Running xcd server. This server was built by gradle.
Sun Dec 21 19:54:01 2025: Server was asked to start on port: '46823'
Sun Dec 21 19:54:01 2025: Server is using token UUID: '686825a2-df9d-4f37-b72a-3d927b260e49'
Sun Dec 21 19:54:01 2025: SESSION_MGR: creating session with session uuid: '6d04a3e9-ade5-4ab9-8d63-1f78fcd2ec76' and name 'default'
Sun Dec 21 19:54:01 2025: Attempting to start server on port '46823'
Sun Dec 21 19:54:01 2025: XCD main fifo: created main fifo '/tmp/xcdmain686825a2-df9d-4f37-b72a-3d927b260e49', fd read = 13
Sun Dec 21 19:54:01 2025: Running Dispatch Server
Sun Dec 21 19:54:01 2025: Version 2.2.0
Sun Dec 21 19:54:03 2025: Dispatch Server: Accepted socket connection from client
Sun Dec 21 19:54:03 2025: Starting Socket connection
Sun Dec 21 19:54:03 2025: EXCHANGE_TOKEN received, server token: 686825a2-df9d-4f37-b72a-3d927b260e49, passed token: 686825a2-df9d-4f37-b72a-3d927b260e49
Sun Dec 21 19:54:03 2025: DISPATCH_HANDLER: Adding handler from function makeHandler in library libxv_system_diagram
Sun Dec 21 19:54:03 2025: SESSION_MGR: creating session with session uuid: 'cd1b1c37-fb42-4462-be56-99fae0d6c63b' and name 'v++_compile_dct2_dir'
Sun Dec 21 19:54:03 2025: KERNEL_SVC: creating session with uuid: 'cd1b1c37-fb42-4462-be56-99fae0d6c63b' and name 'v++_compile_dct2_dir'
Sun Dec 21 19:54:03 2025: GUIDANCE_SMGR: creating guidance session with uuid: 'cd1b1c37-fb42-4462-be56-99fae0d6c63b' and name 'v++_compile_dct2_dir'
Sun Dec 21 19:54:03 2025: SYSTEM_DIAGRAM: creating session with uuid: 'cd1b1c37-fb42-4462-be56-99fae0d6c63b' and name 'v++_compile_dct2_dir'
Sun Dec 21 19:54:06 2025: Dispatch Server: Accepted socket connection from client
Sun Dec 21 19:54:06 2025: Starting Socket connection
Sun Dec 21 19:54:25 2025: SESSION_MGR: closing session for UUID 'cd1b1c37-fb42-4462-be56-99fae0d6c63b' with name 'v++_compile_dct2_dir'
Sun Dec 21 19:54:25 2025: KERNEL_SVC: closing session for UUID 'cd1b1c37-fb42-4462-be56-99fae0d6c63b' with name 'v++_compile_dct2_dir'
Sun Dec 21 19:54:25 2025: GUIDANCE_SMGR: closing session for UUID 'cd1b1c37-fb42-4462-be56-99fae0d6c63b' with name 'v++_compile_dct2_dir'
Sun Dec 21 19:54:25 2025: SYSTEM_DIAGRAM: closing session for UUID 'cd1b1c37-fb42-4462-be56-99fae0d6c63b' with name 'v++_compile_dct2_dir'
Sun Dec 21 19:54:25 2025: STOP_SERVER received, server token: 686825a2-df9d-4f37-b72a-3d927b260e49, passed token: 686825a2-df9d-4f37-b72a-3d927b260e49
Sun Dec 21 19:54:25 2025: Socket received request to stop server.
Sun Dec 21 19:54:25 2025: Dispatch Server: do_await_stop
Sun Dec 21 19:54:25 2025: Dispatch Server: stopping mainFifo_
Sun Dec 21 19:54:25 2025: XCD main fifo: Stopping
Sun Dec 21 19:54:25 2025: XCD main fifo: do_read error code: Operation canceled
Sun Dec 21 19:54:25 2025: XCD main fifo: bytes_transferred: 0
Sun Dec 21 19:54:25 2025: SERVER: destructor for server bound to port 46823
Sun Dec 21 19:54:25 2025: XCD main fifo: Good unlink of /tmp/xcdmain686825a2-df9d-4f37-b72a-3d927b260e49
Sun Dec 21 19:54:25 2025: Server exiting with status 0.
Sun Dec 21 19:54:25 2025: Closing log file.
Sun Dec 21 19:54:26 2025: Running xcd server. This server was built by gradle.
Sun Dec 21 19:54:26 2025: Server was asked to start on port: '46545'
Sun Dec 21 19:54:26 2025: Server is using token UUID: '428cb75a-f183-486d-b022-1614c1d7fba8'
Sun Dec 21 19:54:26 2025: SESSION_MGR: creating session with session uuid: '6d04a3e9-ade5-4ab9-8d63-1f78fcd2ec76' and name 'default'
Sun Dec 21 19:54:26 2025: Attempting to start server on port '46545'
Sun Dec 21 19:54:26 2025: XCD main fifo: created main fifo '/tmp/xcdmain428cb75a-f183-486d-b022-1614c1d7fba8', fd read = 13
Sun Dec 21 19:54:26 2025: Running Dispatch Server
Sun Dec 21 19:54:26 2025: Version 2.2.0
Sun Dec 21 19:54:28 2025: Dispatch Server: Accepted socket connection from client
Sun Dec 21 19:54:28 2025: Starting Socket connection
Sun Dec 21 19:54:28 2025: EXCHANGE_TOKEN received, server token: 428cb75a-f183-486d-b022-1614c1d7fba8, passed token: 428cb75a-f183-486d-b022-1614c1d7fba8
Sun Dec 21 19:54:29 2025: DISPATCH_HANDLER: Adding handler from function makeHandler in library libxv_system_diagram
Sun Dec 21 19:54:29 2025: SESSION_MGR: creating session with session uuid: '6080a683-f8fe-4d36-97ca-04c22377b529' and name 'vitis-run_compile_dct2_dir'
Sun Dec 21 19:54:29 2025: KERNEL_SVC: creating session with uuid: '6080a683-f8fe-4d36-97ca-04c22377b529' and name 'vitis-run_compile_dct2_dir'
Sun Dec 21 19:54:29 2025: GUIDANCE_SMGR: creating guidance session with uuid: '6080a683-f8fe-4d36-97ca-04c22377b529' and name 'vitis-run_compile_dct2_dir'
Sun Dec 21 19:54:29 2025: SYSTEM_DIAGRAM: creating session with uuid: '6080a683-f8fe-4d36-97ca-04c22377b529' and name 'vitis-run_compile_dct2_dir'
Sun Dec 21 19:54:31 2025: Dispatch Server: Accepted socket connection from client
Sun Dec 21 19:54:31 2025: Starting Socket connection
Sun Dec 21 19:54:54 2025: SESSION_MGR: closing session for UUID '6080a683-f8fe-4d36-97ca-04c22377b529' with name 'vitis-run_compile_dct2_dir'
Sun Dec 21 19:54:54 2025: KERNEL_SVC: closing session for UUID '6080a683-f8fe-4d36-97ca-04c22377b529' with name 'vitis-run_compile_dct2_dir'
Sun Dec 21 19:54:54 2025: GUIDANCE_SMGR: closing session for UUID '6080a683-f8fe-4d36-97ca-04c22377b529' with name 'vitis-run_compile_dct2_dir'
Sun Dec 21 19:54:54 2025: SYSTEM_DIAGRAM: closing session for UUID '6080a683-f8fe-4d36-97ca-04c22377b529' with name 'vitis-run_compile_dct2_dir'
Sun Dec 21 19:54:54 2025: STOP_SERVER received, server token: 428cb75a-f183-486d-b022-1614c1d7fba8, passed token: 428cb75a-f183-486d-b022-1614c1d7fba8
Sun Dec 21 19:54:54 2025: Socket received request to stop server.
Sun Dec 21 19:54:54 2025: Dispatch Server: do_await_stop
Sun Dec 21 19:54:54 2025: Dispatch Server: stopping mainFifo_
Sun Dec 21 19:54:54 2025: XCD main fifo: Stopping
Sun Dec 21 19:54:54 2025: XCD main fifo: do_read error code: Operation canceled
Sun Dec 21 19:54:54 2025: XCD main fifo: bytes_transferred: 0
Sun Dec 21 19:54:54 2025: SERVER: destructor for server bound to port 46545
Sun Dec 21 19:54:54 2025: XCD main fifo: Good unlink of /tmp/xcdmain428cb75a-f183-486d-b022-1614c1d7fba8
Sun Dec 21 19:54:54 2025: Server exiting with status 0.
Sun Dec 21 19:54:54 2025: Closing log file.
Mon Dec 22 13:28:00 2025: Running xcd server. This server was built by gradle.
Mon Dec 22 13:28:00 2025: Server was asked to start on port: '41331'
Mon Dec 22 13:28:00 2025: Server is using token UUID: '895df9e9-b52e-4a7d-ac49-ac7d956d6f9c'
Mon Dec 22 13:28:00 2025: SESSION_MGR: creating session with session uuid: '6d04a3e9-ade5-4ab9-8d63-1f78fcd2ec76' and name 'default'
Mon Dec 22 13:28:00 2025: Attempting to start server on port '41331'
Mon Dec 22 13:28:00 2025: XCD main fifo: created main fifo '/tmp/xcdmain895df9e9-b52e-4a7d-ac49-ac7d956d6f9c', fd read = 13
Mon Dec 22 13:28:00 2025: Running Dispatch Server
Mon Dec 22 13:28:00 2025: Version 2.2.0
Mon Dec 22 13:28:02 2025: Dispatch Server: Accepted socket connection from client
Mon Dec 22 13:28:02 2025: Starting Socket connection
Mon Dec 22 13:28:02 2025: EXCHANGE_TOKEN received, server token: 895df9e9-b52e-4a7d-ac49-ac7d956d6f9c, passed token: 895df9e9-b52e-4a7d-ac49-ac7d956d6f9c
Mon Dec 22 13:28:02 2025: DISPATCH_HANDLER: Adding handler from function makeHandler in library libxv_system_diagram
Mon Dec 22 13:28:02 2025: SESSION_MGR: creating session with session uuid: 'd38ca25d-7519-46ab-bc4f-23a8783969cb' and name 'v++_compile_dct2_dir'
Mon Dec 22 13:28:02 2025: KERNEL_SVC: creating session with uuid: 'd38ca25d-7519-46ab-bc4f-23a8783969cb' and name 'v++_compile_dct2_dir'
Mon Dec 22 13:28:02 2025: GUIDANCE_SMGR: creating guidance session with uuid: 'd38ca25d-7519-46ab-bc4f-23a8783969cb' and name 'v++_compile_dct2_dir'
Mon Dec 22 13:28:02 2025: SYSTEM_DIAGRAM: creating session with uuid: 'd38ca25d-7519-46ab-bc4f-23a8783969cb' and name 'v++_compile_dct2_dir'
Mon Dec 22 13:28:05 2025: Dispatch Server: Accepted socket connection from client
Mon Dec 22 13:28:05 2025: Starting Socket connection
Mon Dec 22 13:28:40 2025: SESSION_MGR: closing session for UUID 'd38ca25d-7519-46ab-bc4f-23a8783969cb' with name 'v++_compile_dct2_dir'
Mon Dec 22 13:28:40 2025: KERNEL_SVC: closing session for UUID 'd38ca25d-7519-46ab-bc4f-23a8783969cb' with name 'v++_compile_dct2_dir'
Mon Dec 22 13:28:40 2025: GUIDANCE_SMGR: closing session for UUID 'd38ca25d-7519-46ab-bc4f-23a8783969cb' with name 'v++_compile_dct2_dir'
Mon Dec 22 13:28:40 2025: SYSTEM_DIAGRAM: closing session for UUID 'd38ca25d-7519-46ab-bc4f-23a8783969cb' with name 'v++_compile_dct2_dir'
Mon Dec 22 13:28:40 2025: STOP_SERVER received, server token: 895df9e9-b52e-4a7d-ac49-ac7d956d6f9c, passed token: 895df9e9-b52e-4a7d-ac49-ac7d956d6f9c
Mon Dec 22 13:28:40 2025: Socket received request to stop server.
Mon Dec 22 13:28:40 2025: Dispatch Server: do_await_stop
Mon Dec 22 13:28:40 2025: Dispatch Server: stopping mainFifo_
Mon Dec 22 13:28:40 2025: XCD main fifo: Stopping
Mon Dec 22 13:28:40 2025: XCD main fifo: do_read error code: Operation canceled
Mon Dec 22 13:28:40 2025: XCD main fifo: bytes_transferred: 0
Mon Dec 22 13:28:40 2025: SERVER: destructor for server bound to port 41331
Mon Dec 22 13:28:40 2025: XCD main fifo: Good unlink of /tmp/xcdmain895df9e9-b52e-4a7d-ac49-ac7d956d6f9c
Mon Dec 22 13:28:40 2025: Server exiting with status 0.
Mon Dec 22 13:28:40 2025: Closing log file.
Mon Dec 22 13:28:41 2025: Running xcd server. This server was built by gradle.
Mon Dec 22 13:28:41 2025: Server was asked to start on port: '44933'
Mon Dec 22 13:28:41 2025: Server is using token UUID: '3231491c-eb66-4c6d-8cdf-fcbaa950d6bb'
Mon Dec 22 13:28:41 2025: SESSION_MGR: creating session with session uuid: '6d04a3e9-ade5-4ab9-8d63-1f78fcd2ec76' and name 'default'
Mon Dec 22 13:28:41 2025: Attempting to start server on port '44933'
Mon Dec 22 13:28:41 2025: XCD main fifo: created main fifo '/tmp/xcdmain3231491c-eb66-4c6d-8cdf-fcbaa950d6bb', fd read = 13
Mon Dec 22 13:28:41 2025: Running Dispatch Server
Mon Dec 22 13:28:41 2025: Version 2.2.0
Mon Dec 22 13:28:43 2025: Dispatch Server: Accepted socket connection from client
Mon Dec 22 13:28:43 2025: Starting Socket connection
Mon Dec 22 13:28:43 2025: EXCHANGE_TOKEN received, server token: 3231491c-eb66-4c6d-8cdf-fcbaa950d6bb, passed token: 3231491c-eb66-4c6d-8cdf-fcbaa950d6bb
Mon Dec 22 13:28:43 2025: DISPATCH_HANDLER: Adding handler from function makeHandler in library libxv_system_diagram
Mon Dec 22 13:28:43 2025: SESSION_MGR: creating session with session uuid: 'ef4600a1-6db0-4cb7-9437-a9ce6f3d364e' and name 'vitis-run_compile_dct2_dir'
Mon Dec 22 13:28:43 2025: KERNEL_SVC: creating session with uuid: 'ef4600a1-6db0-4cb7-9437-a9ce6f3d364e' and name 'vitis-run_compile_dct2_dir'
Mon Dec 22 13:28:43 2025: GUIDANCE_SMGR: creating guidance session with uuid: 'ef4600a1-6db0-4cb7-9437-a9ce6f3d364e' and name 'vitis-run_compile_dct2_dir'
Mon Dec 22 13:28:43 2025: SYSTEM_DIAGRAM: creating session with uuid: 'ef4600a1-6db0-4cb7-9437-a9ce6f3d364e' and name 'vitis-run_compile_dct2_dir'
Mon Dec 22 13:28:46 2025: Dispatch Server: Accepted socket connection from client
Mon Dec 22 13:28:46 2025: Starting Socket connection
Mon Dec 22 13:29:08 2025: SESSION_MGR: closing session for UUID 'ef4600a1-6db0-4cb7-9437-a9ce6f3d364e' with name 'vitis-run_compile_dct2_dir'
Mon Dec 22 13:29:08 2025: KERNEL_SVC: closing session for UUID 'ef4600a1-6db0-4cb7-9437-a9ce6f3d364e' with name 'vitis-run_compile_dct2_dir'
Mon Dec 22 13:29:08 2025: GUIDANCE_SMGR: closing session for UUID 'ef4600a1-6db0-4cb7-9437-a9ce6f3d364e' with name 'vitis-run_compile_dct2_dir'
Mon Dec 22 13:29:08 2025: SYSTEM_DIAGRAM: closing session for UUID 'ef4600a1-6db0-4cb7-9437-a9ce6f3d364e' with name 'vitis-run_compile_dct2_dir'
Mon Dec 22 13:29:08 2025: STOP_SERVER received, server token: 3231491c-eb66-4c6d-8cdf-fcbaa950d6bb, passed token: 3231491c-eb66-4c6d-8cdf-fcbaa950d6bb
Mon Dec 22 13:29:08 2025: Socket received request to stop server.
Mon Dec 22 13:29:08 2025: Dispatch Server: do_await_stop
Mon Dec 22 13:29:08 2025: Dispatch Server: stopping mainFifo_
Mon Dec 22 13:29:08 2025: XCD main fifo: Stopping
Mon Dec 22 13:29:08 2025: XCD main fifo: do_read error code: Operation canceled
Mon Dec 22 13:29:08 2025: XCD main fifo: bytes_transferred: 0
Mon Dec 22 13:29:08 2025: SERVER: destructor for server bound to port 44933
Mon Dec 22 13:29:08 2025: XCD main fifo: Good unlink of /tmp/xcdmain3231491c-eb66-4c6d-8cdf-fcbaa950d6bb
Mon Dec 22 13:29:08 2025: Server exiting with status 0.
Mon Dec 22 13:29:08 2025: Closing log file.
Mon Dec 22 13:36:33 2025: Running xcd server. This server was built by gradle.
Mon Dec 22 13:36:33 2025: Server was asked to start on port: '44799'
Mon Dec 22 13:36:33 2025: Server is using token UUID: '4bdb0c8d-ee54-4b13-ba87-70bfeb921f82'
Mon Dec 22 13:36:33 2025: SESSION_MGR: creating session with session uuid: '6d04a3e9-ade5-4ab9-8d63-1f78fcd2ec76' and name 'default'
Mon Dec 22 13:36:33 2025: Attempting to start server on port '44799'
Mon Dec 22 13:36:33 2025: XCD main fifo: created main fifo '/tmp/xcdmain4bdb0c8d-ee54-4b13-ba87-70bfeb921f82', fd read = 13
Mon Dec 22 13:36:33 2025: Running Dispatch Server
Mon Dec 22 13:36:33 2025: Version 2.2.0
Mon Dec 22 13:36:35 2025: Dispatch Server: Accepted socket connection from client
Mon Dec 22 13:36:35 2025: Starting Socket connection
Mon Dec 22 13:36:35 2025: EXCHANGE_TOKEN received, server token: 4bdb0c8d-ee54-4b13-ba87-70bfeb921f82, passed token: 4bdb0c8d-ee54-4b13-ba87-70bfeb921f82
Mon Dec 22 13:36:35 2025: DISPATCH_HANDLER: Adding handler from function makeHandler in library libxv_system_diagram
Mon Dec 22 13:36:35 2025: SESSION_MGR: creating session with session uuid: 'df040eab-8c12-4b7d-bbc1-a5b6df9f4954' and name 'v++_compile_dct2_dir'
Mon Dec 22 13:36:35 2025: KERNEL_SVC: creating session with uuid: 'df040eab-8c12-4b7d-bbc1-a5b6df9f4954' and name 'v++_compile_dct2_dir'
Mon Dec 22 13:36:35 2025: GUIDANCE_SMGR: creating guidance session with uuid: 'df040eab-8c12-4b7d-bbc1-a5b6df9f4954' and name 'v++_compile_dct2_dir'
Mon Dec 22 13:36:35 2025: SYSTEM_DIAGRAM: creating session with uuid: 'df040eab-8c12-4b7d-bbc1-a5b6df9f4954' and name 'v++_compile_dct2_dir'
Mon Dec 22 13:36:38 2025: Dispatch Server: Accepted socket connection from client
Mon Dec 22 13:36:38 2025: Starting Socket connection
Mon Dec 22 13:37:14 2025: SESSION_MGR: closing session for UUID 'df040eab-8c12-4b7d-bbc1-a5b6df9f4954' with name 'v++_compile_dct2_dir'
Mon Dec 22 13:37:14 2025: KERNEL_SVC: closing session for UUID 'df040eab-8c12-4b7d-bbc1-a5b6df9f4954' with name 'v++_compile_dct2_dir'
Mon Dec 22 13:37:14 2025: GUIDANCE_SMGR: closing session for UUID 'df040eab-8c12-4b7d-bbc1-a5b6df9f4954' with name 'v++_compile_dct2_dir'
Mon Dec 22 13:37:14 2025: SYSTEM_DIAGRAM: closing session for UUID 'df040eab-8c12-4b7d-bbc1-a5b6df9f4954' with name 'v++_compile_dct2_dir'
Mon Dec 22 13:37:14 2025: STOP_SERVER received, server token: 4bdb0c8d-ee54-4b13-ba87-70bfeb921f82, passed token: 4bdb0c8d-ee54-4b13-ba87-70bfeb921f82
Mon Dec 22 13:37:14 2025: Socket received request to stop server.
Mon Dec 22 13:37:14 2025: Dispatch Server: do_await_stop
Mon Dec 22 13:37:14 2025: Dispatch Server: stopping mainFifo_
Mon Dec 22 13:37:14 2025: XCD main fifo: Stopping
Mon Dec 22 13:37:14 2025: XCD main fifo: do_read error code: Operation canceled
Mon Dec 22 13:37:14 2025: XCD main fifo: bytes_transferred: 0
Mon Dec 22 13:37:14 2025: SERVER: destructor for server bound to port 44799
Mon Dec 22 13:37:14 2025: XCD main fifo: Good unlink of /tmp/xcdmain4bdb0c8d-ee54-4b13-ba87-70bfeb921f82
Mon Dec 22 13:37:14 2025: Server exiting with status 0.
Mon Dec 22 13:37:14 2025: Closing log file.
Mon Dec 22 13:37:15 2025: Running xcd server. This server was built by gradle.
Mon Dec 22 13:37:15 2025: Server was asked to start on port: '40439'
Mon Dec 22 13:37:15 2025: Server is using token UUID: 'a08d7b1d-87ad-4c2a-873b-28a249392416'
Mon Dec 22 13:37:15 2025: SESSION_MGR: creating session with session uuid: '6d04a3e9-ade5-4ab9-8d63-1f78fcd2ec76' and name 'default'
Mon Dec 22 13:37:15 2025: Attempting to start server on port '40439'
Mon Dec 22 13:37:15 2025: XCD main fifo: created main fifo '/tmp/xcdmaina08d7b1d-87ad-4c2a-873b-28a249392416', fd read = 13
Mon Dec 22 13:37:15 2025: Running Dispatch Server
Mon Dec 22 13:37:15 2025: Version 2.2.0
Mon Dec 22 13:37:17 2025: Dispatch Server: Accepted socket connection from client
Mon Dec 22 13:37:17 2025: Starting Socket connection
Mon Dec 22 13:37:17 2025: EXCHANGE_TOKEN received, server token: a08d7b1d-87ad-4c2a-873b-28a249392416, passed token: a08d7b1d-87ad-4c2a-873b-28a249392416
Mon Dec 22 13:37:17 2025: DISPATCH_HANDLER: Adding handler from function makeHandler in library libxv_system_diagram
Mon Dec 22 13:37:17 2025: SESSION_MGR: creating session with session uuid: '4f487b6b-7276-41b8-8afb-2a9c6d0bd384' and name 'vitis-run_compile_dct2_dir'
Mon Dec 22 13:37:17 2025: KERNEL_SVC: creating session with uuid: '4f487b6b-7276-41b8-8afb-2a9c6d0bd384' and name 'vitis-run_compile_dct2_dir'
Mon Dec 22 13:37:17 2025: GUIDANCE_SMGR: creating guidance session with uuid: '4f487b6b-7276-41b8-8afb-2a9c6d0bd384' and name 'vitis-run_compile_dct2_dir'
Mon Dec 22 13:37:17 2025: SYSTEM_DIAGRAM: creating session with uuid: '4f487b6b-7276-41b8-8afb-2a9c6d0bd384' and name 'vitis-run_compile_dct2_dir'
Mon Dec 22 13:37:20 2025: Dispatch Server: Accepted socket connection from client
Mon Dec 22 13:37:20 2025: Starting Socket connection
Mon Dec 22 13:37:42 2025: SESSION_MGR: closing session for UUID '4f487b6b-7276-41b8-8afb-2a9c6d0bd384' with name 'vitis-run_compile_dct2_dir'
Mon Dec 22 13:37:42 2025: KERNEL_SVC: closing session for UUID '4f487b6b-7276-41b8-8afb-2a9c6d0bd384' with name 'vitis-run_compile_dct2_dir'
Mon Dec 22 13:37:42 2025: GUIDANCE_SMGR: closing session for UUID '4f487b6b-7276-41b8-8afb-2a9c6d0bd384' with name 'vitis-run_compile_dct2_dir'
Mon Dec 22 13:37:42 2025: SYSTEM_DIAGRAM: closing session for UUID '4f487b6b-7276-41b8-8afb-2a9c6d0bd384' with name 'vitis-run_compile_dct2_dir'
Mon Dec 22 13:37:42 2025: STOP_SERVER received, server token: a08d7b1d-87ad-4c2a-873b-28a249392416, passed token: a08d7b1d-87ad-4c2a-873b-28a249392416
Mon Dec 22 13:37:42 2025: Socket received request to stop server.
Mon Dec 22 13:37:42 2025: Dispatch Server: do_await_stop
Mon Dec 22 13:37:42 2025: Dispatch Server: stopping mainFifo_
Mon Dec 22 13:37:42 2025: XCD main fifo: Stopping
Mon Dec 22 13:37:42 2025: XCD main fifo: do_read error code: Operation canceled
Mon Dec 22 13:37:42 2025: XCD main fifo: bytes_transferred: 0
Mon Dec 22 13:37:42 2025: SERVER: destructor for server bound to port 40439
Mon Dec 22 13:37:42 2025: XCD main fifo: Good unlink of /tmp/xcdmaina08d7b1d-87ad-4c2a-873b-28a249392416
Mon Dec 22 13:37:42 2025: Server exiting with status 0.
Mon Dec 22 13:37:42 2025: Closing log file.
Mon Dec 22 13:39:22 2025: Running xcd server. This server was built by gradle.
Mon Dec 22 13:39:22 2025: Server was asked to start on port: '36065'
Mon Dec 22 13:39:22 2025: Server is using token UUID: '353de8aa-7331-45e0-aee3-0b41b83eed8b'
Mon Dec 22 13:39:22 2025: SESSION_MGR: creating session with session uuid: '6d04a3e9-ade5-4ab9-8d63-1f78fcd2ec76' and name 'default'
Mon Dec 22 13:39:22 2025: Attempting to start server on port '36065'
Mon Dec 22 13:39:22 2025: XCD main fifo: created main fifo '/tmp/xcdmain353de8aa-7331-45e0-aee3-0b41b83eed8b', fd read = 13
Mon Dec 22 13:39:22 2025: Running Dispatch Server
Mon Dec 22 13:39:22 2025: Version 2.2.0
Mon Dec 22 13:39:24 2025: Dispatch Server: Accepted socket connection from client
Mon Dec 22 13:39:24 2025: Starting Socket connection
Mon Dec 22 13:39:24 2025: EXCHANGE_TOKEN received, server token: 353de8aa-7331-45e0-aee3-0b41b83eed8b, passed token: 353de8aa-7331-45e0-aee3-0b41b83eed8b
Mon Dec 22 13:39:24 2025: DISPATCH_HANDLER: Adding handler from function makeHandler in library libxv_system_diagram
Mon Dec 22 13:39:24 2025: SESSION_MGR: creating session with session uuid: '51d95ba8-63fc-45d5-bce3-21426d243f23' and name 'v++_compile_dct2_dir'
Mon Dec 22 13:39:24 2025: KERNEL_SVC: creating session with uuid: '51d95ba8-63fc-45d5-bce3-21426d243f23' and name 'v++_compile_dct2_dir'
Mon Dec 22 13:39:24 2025: GUIDANCE_SMGR: creating guidance session with uuid: '51d95ba8-63fc-45d5-bce3-21426d243f23' and name 'v++_compile_dct2_dir'
Mon Dec 22 13:39:24 2025: SYSTEM_DIAGRAM: creating session with uuid: '51d95ba8-63fc-45d5-bce3-21426d243f23' and name 'v++_compile_dct2_dir'
Mon Dec 22 13:39:26 2025: Dispatch Server: Accepted socket connection from client
Mon Dec 22 13:39:26 2025: Starting Socket connection
Mon Dec 22 13:40:04 2025: SESSION_MGR: closing session for UUID '51d95ba8-63fc-45d5-bce3-21426d243f23' with name 'v++_compile_dct2_dir'
Mon Dec 22 13:40:04 2025: KERNEL_SVC: closing session for UUID '51d95ba8-63fc-45d5-bce3-21426d243f23' with name 'v++_compile_dct2_dir'
Mon Dec 22 13:40:04 2025: GUIDANCE_SMGR: closing session for UUID '51d95ba8-63fc-45d5-bce3-21426d243f23' with name 'v++_compile_dct2_dir'
Mon Dec 22 13:40:04 2025: SYSTEM_DIAGRAM: closing session for UUID '51d95ba8-63fc-45d5-bce3-21426d243f23' with name 'v++_compile_dct2_dir'
Mon Dec 22 13:40:04 2025: STOP_SERVER received, server token: 353de8aa-7331-45e0-aee3-0b41b83eed8b, passed token: 353de8aa-7331-45e0-aee3-0b41b83eed8b
Mon Dec 22 13:40:04 2025: Socket received request to stop server.
Mon Dec 22 13:40:04 2025: Dispatch Server: do_await_stop
Mon Dec 22 13:40:04 2025: Dispatch Server: stopping mainFifo_
Mon Dec 22 13:40:04 2025: XCD main fifo: Stopping
Mon Dec 22 13:40:04 2025: XCD main fifo: do_read error code: Operation canceled
Mon Dec 22 13:40:04 2025: XCD main fifo: bytes_transferred: 0
Mon Dec 22 13:40:04 2025: SERVER: destructor for server bound to port 36065
Mon Dec 22 13:40:04 2025: XCD main fifo: Good unlink of /tmp/xcdmain353de8aa-7331-45e0-aee3-0b41b83eed8b
Mon Dec 22 13:40:04 2025: Server exiting with status 0.
Mon Dec 22 13:40:04 2025: Closing log file.
Mon Dec 22 13:40:05 2025: Running xcd server. This server was built by gradle.
Mon Dec 22 13:40:05 2025: Server was asked to start on port: '40349'
Mon Dec 22 13:40:05 2025: Server is using token UUID: 'a836accb-7c29-4a9c-9414-7b717f8b37b6'
Mon Dec 22 13:40:05 2025: SESSION_MGR: creating session with session uuid: '6d04a3e9-ade5-4ab9-8d63-1f78fcd2ec76' and name 'default'
Mon Dec 22 13:40:05 2025: Attempting to start server on port '40349'
Mon Dec 22 13:40:05 2025: XCD main fifo: created main fifo '/tmp/xcdmaina836accb-7c29-4a9c-9414-7b717f8b37b6', fd read = 13
Mon Dec 22 13:40:05 2025: Running Dispatch Server
Mon Dec 22 13:40:05 2025: Version 2.2.0
Mon Dec 22 13:40:07 2025: Dispatch Server: Accepted socket connection from client
Mon Dec 22 13:40:07 2025: Starting Socket connection
Mon Dec 22 13:40:07 2025: EXCHANGE_TOKEN received, server token: a836accb-7c29-4a9c-9414-7b717f8b37b6, passed token: a836accb-7c29-4a9c-9414-7b717f8b37b6
Mon Dec 22 13:40:07 2025: DISPATCH_HANDLER: Adding handler from function makeHandler in library libxv_system_diagram
Mon Dec 22 13:40:07 2025: SESSION_MGR: creating session with session uuid: 'c4e504ba-6dbe-4508-8a26-82f4216539f2' and name 'vitis-run_compile_dct2_dir'
Mon Dec 22 13:40:07 2025: KERNEL_SVC: creating session with uuid: 'c4e504ba-6dbe-4508-8a26-82f4216539f2' and name 'vitis-run_compile_dct2_dir'
Mon Dec 22 13:40:07 2025: GUIDANCE_SMGR: creating guidance session with uuid: 'c4e504ba-6dbe-4508-8a26-82f4216539f2' and name 'vitis-run_compile_dct2_dir'
Mon Dec 22 13:40:07 2025: SYSTEM_DIAGRAM: creating session with uuid: 'c4e504ba-6dbe-4508-8a26-82f4216539f2' and name 'vitis-run_compile_dct2_dir'
Mon Dec 22 13:40:10 2025: Dispatch Server: Accepted socket connection from client
Mon Dec 22 13:40:10 2025: Starting Socket connection
Mon Dec 22 13:40:33 2025: SESSION_MGR: closing session for UUID 'c4e504ba-6dbe-4508-8a26-82f4216539f2' with name 'vitis-run_compile_dct2_dir'
Mon Dec 22 13:40:33 2025: KERNEL_SVC: closing session for UUID 'c4e504ba-6dbe-4508-8a26-82f4216539f2' with name 'vitis-run_compile_dct2_dir'
Mon Dec 22 13:40:33 2025: GUIDANCE_SMGR: closing session for UUID 'c4e504ba-6dbe-4508-8a26-82f4216539f2' with name 'vitis-run_compile_dct2_dir'
Mon Dec 22 13:40:33 2025: SYSTEM_DIAGRAM: closing session for UUID 'c4e504ba-6dbe-4508-8a26-82f4216539f2' with name 'vitis-run_compile_dct2_dir'
Mon Dec 22 13:40:33 2025: STOP_SERVER received, server token: a836accb-7c29-4a9c-9414-7b717f8b37b6, passed token: a836accb-7c29-4a9c-9414-7b717f8b37b6
Mon Dec 22 13:40:33 2025: Socket received request to stop server.
Mon Dec 22 13:40:33 2025: Dispatch Server: do_await_stop
Mon Dec 22 13:40:33 2025: Dispatch Server: stopping mainFifo_
Mon Dec 22 13:40:33 2025: XCD main fifo: Stopping
Mon Dec 22 13:40:33 2025: XCD main fifo: do_read error code: Operation canceled
Mon Dec 22 13:40:33 2025: XCD main fifo: bytes_transferred: 0
Mon Dec 22 13:40:33 2025: SERVER: destructor for server bound to port 40349
Mon Dec 22 13:40:33 2025: XCD main fifo: Good unlink of /tmp/xcdmaina836accb-7c29-4a9c-9414-7b717f8b37b6
Mon Dec 22 13:40:33 2025: Server exiting with status 0.
Mon Dec 22 13:40:33 2025: Closing log file.
