

================================================================
== Vitis HLS Report for 'IDCT8B16'
================================================================
* Date:           Mon Dec 22 13:42:14 2025

* Version:        2024.2 (Build 5238294 on Nov  8 2024)
* Project:        dct8_dir
* Solution:       hls (Vitis Kernel Flow Target)
* Product family: versalaicore
* Target device:  xcvc1902-vsva2197-2MP-e-S


================================================================
== Performance Estimates
================================================================
+ Timing: 
    * Summary: 
    +--------+---------+----------+------------+
    |  Clock |  Target | Estimated| Uncertainty|
    +--------+---------+----------+------------+
    |ap_clk  |  3.33 ns|  2.408 ns|     0.90 ns|
    +--------+---------+----------+------------+

+ Latency: 
    * Summary: 
    +---------+---------+----------+----------+-----+-----+---------+
    |  Latency (cycles) |  Latency (absolute) |  Interval | Pipeline|
    |   min   |   max   |    min   |    max   | min | max |   Type  |
    +---------+---------+----------+----------+-----+-----+---------+
    |       33|       33|  0.110 us|  0.110 us|   33|   33|       no|
    +---------+---------+----------+----------+-----+-----+---------+

    + Detail: 
        * Instance: 
        +----------------------------------------------+-----------------------------------+---------+---------+----------+----------+-----+-----+------------------------------------------------+
        |                                              |                                   |  Latency (cycles) |  Latency (absolute) |  Interval |                    Pipeline                    |
        |                   Instance                   |               Module              |   min   |   max   |    min   |    max   | min | max |                      Type                      |
        +----------------------------------------------+-----------------------------------+---------+---------+----------+----------+-----+-----+------------------------------------------------+
        |grp_IDCT8B16_Pipeline_VITIS_LOOP_47_1_fu_258  |IDCT8B16_Pipeline_VITIS_LOOP_47_1  |       31|       31|  0.103 us|  0.103 us|   17|   17|  loop auto-rewind stp (delay=0 clock cycles(s))|
        +----------------------------------------------+-----------------------------------+---------+---------+----------+----------+-----+-----+------------------------------------------------+

        * Loop: 
        N/A



================================================================
== Utilization Estimates
================================================================
* Summary: 
+-----------------+---------+------+---------+--------+-----+
|       Name      | BRAM_18K|  DSP |    FF   |   LUT  | URAM|
+-----------------+---------+------+---------+--------+-----+
|DSP              |        -|     -|        -|       -|    -|
|Expression       |        -|     -|        0|     330|    -|
|FIFO             |        -|     -|        -|       -|    -|
|Instance         |       16|    32|     2283|    2099|    -|
|Memory           |        -|     -|        -|       -|    -|
|Multiplexer      |        -|     -|        0|     513|    -|
|Register         |        -|     -|      796|       -|    -|
+-----------------+---------+------+---------+--------+-----+
|Total            |       16|    32|     3079|    2942|    0|
+-----------------+---------+------+---------+--------+-----+
|Available        |     1934|  1968|  1799680|  899840|  463|
+-----------------+---------+------+---------+--------+-----+
|Utilization (%)  |       ~0|     1|       ~0|      ~0|    0|
+-----------------+---------+------+---------+--------+-----+

+ Detail: 
    * Instance: 
    +----------------------------------------------+-----------------------------------+---------+----+------+------+-----+
    |                   Instance                   |               Module              | BRAM_18K| DSP|  FF  |  LUT | URAM|
    +----------------------------------------------+-----------------------------------+---------+----+------+------+-----+
    |grp_IDCT8B16_Pipeline_VITIS_LOOP_47_1_fu_258  |IDCT8B16_Pipeline_VITIS_LOOP_47_1  |       16|  32|  2283|  2099|    0|
    +----------------------------------------------+-----------------------------------+---------+----+------+------+-----+
    |Total                                         |                                   |       16|  32|  2283|  2099|    0|
    +----------------------------------------------+-----------------------------------+---------+----+------+------+-----+

    * DSP: 
    N/A

    * Memory: 
    N/A

    * FIFO: 
    N/A

    * Expression: 
    +-----------------------+----------+----+---+----+------------+------------+
    |     Variable Name     | Operation| DSP| FF| LUT| Bitwidth P0| Bitwidth P1|
    +-----------------------+----------+----+---+----+------------+------------+
    |add_ln43_fu_375_p2     |         +|   0|  0|  33|          33|           2|
    |cutoff_fu_425_p2       |         -|   0|  0|  32|           5|          32|
    |sub_i_i_i_i_fu_432_p2  |         -|   0|  0|  32|           1|          32|
    |sub_ln43_fu_393_p2     |         -|   0|  0|  32|           1|          32|
    |rndFactor_fu_407_p2    |      lshr|   0|  0|  86|           1|          32|
    |rndFactor_6_fu_417_p3  |    select|   0|  0|  29|           1|          32|
    |rndFactor_5_fu_412_p2  |       shl|   0|  0|  86|           1|          32|
    +-----------------------+----------+----+---+----+------------+------------+
    |Total                  |          |   0|  0| 330|          43|         194|
    +-----------------------+----------+----+---+----+------------+------------+

    * Multiplexer: 
    +-----------+----+-----------+-----+-----------+
    |    Name   | LUT| Input Size| Bits| Total Bits|
    +-----------+----+-----------+-----+-----------+
    |ap_NS_fsm  |   1|          4|    1|          4|
    |dst_0      |  32|          2|   32|         64|
    |dst_1      |  32|          2|   32|         64|
    |dst_10     |  32|          2|   32|         64|
    |dst_11     |  32|          2|   32|         64|
    |dst_12     |  32|          2|   32|         64|
    |dst_13     |  32|          2|   32|         64|
    |dst_14     |  32|          2|   32|         64|
    |dst_15     |  32|          2|   32|         64|
    |dst_2      |  32|          2|   32|         64|
    |dst_3      |  32|          2|   32|         64|
    |dst_4      |  32|          2|   32|         64|
    |dst_5      |  32|          2|   32|         64|
    |dst_6      |  32|          2|   32|         64|
    |dst_7      |  32|          2|   32|         64|
    |dst_8      |  32|          2|   32|         64|
    |dst_9      |  32|          2|   32|         64|
    +-----------+----+-----------+-----+-----------+
    |Total      | 513|         36|  513|       1028|
    +-----------+----+-----------+-----+-----------+

    * Register: 
    +-----------------------------------------------------------+----+----+-----+-----------+
    |                            Name                           | FF | LUT| Bits| Const Bits|
    +-----------------------------------------------------------+----+----+-----+-----------+
    |ap_CS_fsm                                                  |   3|   0|    3|          0|
    |cutoff_reg_603                                             |  32|   0|   32|          0|
    |dst_0_reg                                                  |  32|   0|   32|          0|
    |dst_10_reg                                                 |  32|   0|   32|          0|
    |dst_11_reg                                                 |  32|   0|   32|          0|
    |dst_12_reg                                                 |  32|   0|   32|          0|
    |dst_13_reg                                                 |  32|   0|   32|          0|
    |dst_14_reg                                                 |  32|   0|   32|          0|
    |dst_15_reg                                                 |  32|   0|   32|          0|
    |dst_1_reg                                                  |  32|   0|   32|          0|
    |dst_2_reg                                                  |  32|   0|   32|          0|
    |dst_3_reg                                                  |  32|   0|   32|          0|
    |dst_4_reg                                                  |  32|   0|   32|          0|
    |dst_5_reg                                                  |  32|   0|   32|          0|
    |dst_6_reg                                                  |  32|   0|   32|          0|
    |dst_7_reg                                                  |  32|   0|   32|          0|
    |dst_8_reg                                                  |  32|   0|   32|          0|
    |dst_9_reg                                                  |  32|   0|   32|          0|
    |grp_IDCT8B16_Pipeline_VITIS_LOOP_47_1_fu_258_ap_start_reg  |   1|   0|    1|          0|
    |rndFactor_6_reg_598                                        |  32|   0|   32|          0|
    |sub_i_i_i_i_reg_608                                        |  32|   0|   32|          0|
    |sub_ln43_reg_498                                           |  32|   0|   32|          0|
    |tmp_23_reg_503                                             |   1|   0|    1|          0|
    |tmp_24_reg_613                                             |  31|   0|   31|          0|
    |tmp_25_reg_618                                             |  30|   0|   30|          0|
    |tmp_26_reg_623                                             |  29|   0|   29|          0|
    |tmp_27_reg_628                                             |  28|   0|   28|          0|
    |tmp_reg_488                                                |   1|   0|    1|          0|
    |trunc_ln43_reg_493                                         |  32|   0|   32|          0|
    +-----------------------------------------------------------+----+----+-----+-----------+
    |Total                                                      | 796|   0|  796|          0|
    +-----------------------------------------------------------+----+----+-----+-----------+



================================================================
== Interface
================================================================
* Summary: 
+---------------+-----+-----+------------+--------------+--------------+
|   RTL Ports   | Dir | Bits|  Protocol  | Source Object|    C Type    |
+---------------+-----+-----+------------+--------------+--------------+
|ap_clk         |   in|    1|  ap_ctrl_hs|      IDCT8B16|  return value|
|ap_rst         |   in|    1|  ap_ctrl_hs|      IDCT8B16|  return value|
|ap_start       |   in|    1|  ap_ctrl_hs|      IDCT8B16|  return value|
|ap_done        |  out|    1|  ap_ctrl_hs|      IDCT8B16|  return value|
|ap_idle        |  out|    1|  ap_ctrl_hs|      IDCT8B16|  return value|
|ap_ready       |  out|    1|  ap_ctrl_hs|      IDCT8B16|  return value|
|src_0_val      |   in|   32|     ap_none|     src_0_val|        scalar|
|src_1_val      |   in|   32|     ap_none|     src_1_val|        scalar|
|src_2_val      |   in|   32|     ap_none|     src_2_val|        scalar|
|src_3_val      |   in|   32|     ap_none|     src_3_val|        scalar|
|src_4_val      |   in|   32|     ap_none|     src_4_val|        scalar|
|src_5_val      |   in|   32|     ap_none|     src_5_val|        scalar|
|src_6_val      |   in|   32|     ap_none|     src_6_val|        scalar|
|src_7_val      |   in|   32|     ap_none|     src_7_val|        scalar|
|src_8_val      |   in|   32|     ap_none|     src_8_val|        scalar|
|src_9_val      |   in|   32|     ap_none|     src_9_val|        scalar|
|src_10_val     |   in|   32|     ap_none|    src_10_val|        scalar|
|src_11_val     |   in|   32|     ap_none|    src_11_val|        scalar|
|src_12_val     |   in|   32|     ap_none|    src_12_val|        scalar|
|src_13_val     |   in|   32|     ap_none|    src_13_val|        scalar|
|src_14_val     |   in|   32|     ap_none|    src_14_val|        scalar|
|src_15_val     |   in|   32|     ap_none|    src_15_val|        scalar|
|dst_0          |  out|   32|      ap_vld|         dst_0|       pointer|
|dst_0_ap_vld   |  out|    1|      ap_vld|         dst_0|       pointer|
|dst_1          |  out|   32|      ap_vld|         dst_1|       pointer|
|dst_1_ap_vld   |  out|    1|      ap_vld|         dst_1|       pointer|
|dst_2          |  out|   32|      ap_vld|         dst_2|       pointer|
|dst_2_ap_vld   |  out|    1|      ap_vld|         dst_2|       pointer|
|dst_3          |  out|   32|      ap_vld|         dst_3|       pointer|
|dst_3_ap_vld   |  out|    1|      ap_vld|         dst_3|       pointer|
|dst_4          |  out|   32|      ap_vld|         dst_4|       pointer|
|dst_4_ap_vld   |  out|    1|      ap_vld|         dst_4|       pointer|
|dst_5          |  out|   32|      ap_vld|         dst_5|       pointer|
|dst_5_ap_vld   |  out|    1|      ap_vld|         dst_5|       pointer|
|dst_6          |  out|   32|      ap_vld|         dst_6|       pointer|
|dst_6_ap_vld   |  out|    1|      ap_vld|         dst_6|       pointer|
|dst_7          |  out|   32|      ap_vld|         dst_7|       pointer|
|dst_7_ap_vld   |  out|    1|      ap_vld|         dst_7|       pointer|
|dst_8          |  out|   32|      ap_vld|         dst_8|       pointer|
|dst_8_ap_vld   |  out|    1|      ap_vld|         dst_8|       pointer|
|dst_9          |  out|   32|      ap_vld|         dst_9|       pointer|
|dst_9_ap_vld   |  out|    1|      ap_vld|         dst_9|       pointer|
|dst_10         |  out|   32|      ap_vld|        dst_10|       pointer|
|dst_10_ap_vld  |  out|    1|      ap_vld|        dst_10|       pointer|
|dst_11         |  out|   32|      ap_vld|        dst_11|       pointer|
|dst_11_ap_vld  |  out|    1|      ap_vld|        dst_11|       pointer|
|dst_12         |  out|   32|      ap_vld|        dst_12|       pointer|
|dst_12_ap_vld  |  out|    1|      ap_vld|        dst_12|       pointer|
|dst_13         |  out|   32|      ap_vld|        dst_13|       pointer|
|dst_13_ap_vld  |  out|    1|      ap_vld|        dst_13|       pointer|
|dst_14         |  out|   32|      ap_vld|        dst_14|       pointer|
|dst_14_ap_vld  |  out|    1|      ap_vld|        dst_14|       pointer|
|dst_15         |  out|   32|      ap_vld|        dst_15|       pointer|
|dst_15_ap_vld  |  out|    1|      ap_vld|        dst_15|       pointer|
|shift          |   in|   32|     ap_none|         shift|        scalar|
|skipLine2      |   in|   32|     ap_none|     skipLine2|        scalar|
|oMin           |   in|   32|     ap_none|          oMin|        scalar|
|oMax           |   in|   32|     ap_none|          oMax|        scalar|
+---------------+-----+-----+------------+--------------+--------------+

