

================================================================
== Vitis HLS Report for 'IDCT2B16'
================================================================
* Date:           Mon Dec 22 13:39:54 2025

* Version:        2024.2 (Build 5238294 on Nov  8 2024)
* Project:        dct2_dir
* Solution:       hls (Vitis Kernel Flow Target)
* Product family: versalaicore
* Target device:  xcvc1902-vsva2197-2MP-e-S


================================================================
== Performance Estimates
================================================================
+ Timing: 
    * Summary: 
    +--------+---------+----------+------------+
    |  Clock |  Target | Estimated| Uncertainty|
    +--------+---------+----------+------------+
    |ap_clk  |  3.33 ns|  2.409 ns|     0.90 ns|
    +--------+---------+----------+------------+

+ Latency: 
    * Summary: 
    +---------+---------+-----------+-----------+-----+-----+---------+
    |  Latency (cycles) |   Latency (absolute)  |  Interval | Pipeline|
    |   min   |   max   |    min    |    max    | min | max |   Type  |
    +---------+---------+-----------+-----------+-----+-----+---------+
    |        4|        4|  13.332 ns|  13.332 ns|    1|    1|      yes|
    +---------+---------+-----------+-----------+-----+-----+---------+

    + Detail: 
        * Instance: 
        +--------------------+---------+---------+---------+----------+----------+-----+-----+---------+
        |                    |         |  Latency (cycles) |  Latency (absolute) |  Interval | Pipeline|
        |      Instance      |  Module |   min   |   max   |    min   |    max   | min | max |   Type  |
        +--------------------+---------+---------+---------+----------+----------+-----+-----+---------+
        |grp_IDCT2B8_fu_164  |IDCT2B8  |        3|        3|  9.999 ns|  9.999 ns|    1|    1|      yes|
        +--------------------+---------+---------+---------+----------+----------+-----+-----+---------+

        * Loop: 
        N/A



================================================================
== Utilization Estimates
================================================================
* Summary: 
+-----------------+---------+------+---------+--------+-----+
|       Name      | BRAM_18K|  DSP |    FF   |   LUT  | URAM|
+-----------------+---------+------+---------+--------+-----+
|DSP              |        -|     -|        -|       -|    -|
|Expression       |        -|     -|        0|    9276|    -|
|FIFO             |        -|     -|        -|       -|    -|
|Instance         |        -|    50|     1971|    3098|    -|
|Memory           |        -|     -|        -|       -|    -|
|Multiplexer      |        -|     -|        0|     608|    -|
|Register         |        -|     -|     3768|     180|    -|
+-----------------+---------+------+---------+--------+-----+
|Total            |        0|    50|     5739|   13162|    0|
+-----------------+---------+------+---------+--------+-----+
|Available        |     1934|  1968|  1799680|  899840|  463|
+-----------------+---------+------+---------+--------+-----+
|Utilization (%)  |        0|     2|       ~0|       1|    0|
+-----------------+---------+------+---------+--------+-----+

+ Detail: 
    * Instance: 
    +-----------------------+-------------------+---------+----+------+------+-----+
    |        Instance       |       Module      | BRAM_18K| DSP|  FF  |  LUT | URAM|
    +-----------------------+-------------------+---------+----+------+------+-----+
    |grp_IDCT2B8_fu_164     |IDCT2B8            |        0|  12|  1534|  3098|    0|
    |mul_32s_6s_32_2_1_U24  |mul_32s_6s_32_2_1  |        0|   2|    23|     0|    0|
    |mul_32s_6s_32_2_1_U27  |mul_32s_6s_32_2_1  |        0|   2|    23|     0|    0|
    |mul_32s_6s_32_2_1_U36  |mul_32s_6s_32_2_1  |        0|   2|    23|     0|    0|
    |mul_32s_6s_32_2_1_U41  |mul_32s_6s_32_2_1  |        0|   2|    23|     0|    0|
    |mul_32s_7s_32_2_1_U23  |mul_32s_7s_32_2_1  |        0|   2|    23|     0|    0|
    |mul_32s_7s_32_2_1_U26  |mul_32s_7s_32_2_1  |        0|   2|    23|     0|    0|
    |mul_32s_7s_32_2_1_U30  |mul_32s_7s_32_2_1  |        0|   2|    23|     0|    0|
    |mul_32s_7s_32_2_1_U31  |mul_32s_7s_32_2_1  |        0|   2|    23|     0|    0|
    |mul_32s_7s_32_2_1_U37  |mul_32s_7s_32_2_1  |        0|   2|    23|     0|    0|
    |mul_32s_8s_32_2_1_U25  |mul_32s_8s_32_2_1  |        0|   2|    23|     0|    0|
    |mul_32s_8s_32_2_1_U28  |mul_32s_8s_32_2_1  |        0|   2|    23|     0|    0|
    |mul_32s_8s_32_2_1_U29  |mul_32s_8s_32_2_1  |        0|   2|    23|     0|    0|
    |mul_32s_8s_32_2_1_U32  |mul_32s_8s_32_2_1  |        0|   2|    23|     0|    0|
    |mul_32s_8s_32_2_1_U33  |mul_32s_8s_32_2_1  |        0|   2|    23|     0|    0|
    |mul_32s_8s_32_2_1_U34  |mul_32s_8s_32_2_1  |        0|   2|    23|     0|    0|
    |mul_32s_8s_32_2_1_U35  |mul_32s_8s_32_2_1  |        0|   2|    23|     0|    0|
    |mul_32s_8s_32_2_1_U38  |mul_32s_8s_32_2_1  |        0|   2|    23|     0|    0|
    |mul_32s_8s_32_2_1_U39  |mul_32s_8s_32_2_1  |        0|   2|    23|     0|    0|
    |mul_32s_8s_32_2_1_U40  |mul_32s_8s_32_2_1  |        0|   2|    23|     0|    0|
    +-----------------------+-------------------+---------+----+------+------+-----+
    |Total                  |                   |        0|  50|  1971|  3098|    0|
    +-----------------------+-------------------+---------+----+------+------+-----+

    * DSP: 
    N/A

    * Memory: 
    N/A

    * FIFO: 
    N/A

    * Expression: 
    +-------------------------+----------+----+---+----+------------+------------+
    |      Variable Name      | Operation| DSP| FF| LUT| Bitwidth P0| Bitwidth P1|
    +-------------------------+----------+----+---+----+------------+------------+
    |add_ln103_10_fu_797_p2   |         +|   0|  0|  65|          32|          32|
    |add_ln103_11_fu_803_p2   |         +|   0|  0|  65|          32|          32|
    |add_ln103_12_fu_809_p2   |         +|   0|  0|  65|          32|          32|
    |add_ln103_13_fu_1392_p2  |         +|   0|  0|  65|          32|          32|
    |add_ln103_14_fu_868_p2   |         +|   0|  0|  65|          32|          32|
    |add_ln103_15_fu_1397_p2  |         +|   0|  0|  32|          32|          32|
    |add_ln103_16_fu_1403_p2  |         +|   0|  0|  65|          32|          32|
    |add_ln103_17_fu_874_p2   |         +|   0|  0|  65|          32|          32|
    |add_ln103_18_fu_880_p2   |         +|   0|  0|  65|          32|          32|
    |add_ln103_19_fu_885_p2   |         +|   0|  0|  65|          32|          32|
    |add_ln103_1_fu_732_p2    |         +|   0|  0|  65|          32|          32|
    |add_ln103_20_fu_1408_p2  |         +|   0|  0|  65|          32|          32|
    |add_ln103_21_fu_972_p2   |         +|   0|  0|  65|          32|          32|
    |add_ln103_22_fu_1417_p2  |         +|   0|  0|  65|          32|          32|
    |add_ln103_23_fu_1422_p2  |         +|   0|  0|  65|          32|          32|
    |add_ln103_24_fu_1427_p2  |         +|   0|  0|  65|          32|          32|
    |add_ln103_25_fu_978_p2   |         +|   0|  0|  65|          32|          32|
    |add_ln103_26_fu_1433_p2  |         +|   0|  0|  65|          32|          32|
    |add_ln103_27_fu_1438_p2  |         +|   0|  0|  65|          32|          32|
    |add_ln103_28_fu_1448_p2  |         +|   0|  0|  65|          32|          32|
    |add_ln103_29_fu_1057_p2  |         +|   0|  0|  65|          32|          32|
    |add_ln103_2_fu_1361_p2   |         +|   0|  0|  65|          32|          32|
    |add_ln103_30_fu_1454_p2  |         +|   0|  0|  65|          32|          32|
    |add_ln103_31_fu_1063_p2  |         +|   0|  0|  65|          32|          32|
    |add_ln103_32_fu_510_p2   |         +|   0|  0|  65|          32|          32|
    |add_ln103_33_fu_1069_p2  |         +|   0|  0|  65|          32|          32|
    |add_ln103_34_fu_1459_p2  |         +|   0|  0|  65|          32|          32|
    |add_ln103_35_fu_1122_p2  |         +|   0|  0|  65|          32|          32|
    |add_ln103_36_fu_1128_p2  |         +|   0|  0|  65|          32|          32|
    |add_ln103_37_fu_1464_p2  |         +|   0|  0|  65|          32|          32|
    |add_ln103_38_fu_1134_p2  |         +|   0|  0|  65|          32|          32|
    |add_ln103_39_fu_1140_p2  |         +|   0|  0|  65|          32|          32|
    |add_ln103_3_fu_1366_p2   |         +|   0|  0|  65|          32|          32|
    |add_ln103_40_fu_1145_p2  |         +|   0|  0|  65|          32|          32|
    |add_ln103_41_fu_1468_p2  |         +|   0|  0|  65|          32|          32|
    |add_ln103_42_fu_1235_p2  |         +|   0|  0|  65|          32|          32|
    |add_ln103_43_fu_1483_p2  |         +|   0|  0|  65|          32|          32|
    |add_ln103_44_fu_1488_p2  |         +|   0|  0|  65|          32|          32|
    |add_ln103_45_fu_1493_p2  |         +|   0|  0|  65|          32|          32|
    |add_ln103_46_fu_1241_p2  |         +|   0|  0|  65|          32|          32|
    |add_ln103_47_fu_1498_p2  |         +|   0|  0|  65|          32|          32|
    |add_ln103_48_fu_1503_p2  |         +|   0|  0|  65|          32|          32|
    |add_ln103_49_fu_1302_p2  |         +|   0|  0|  65|          32|          32|
    |add_ln103_4_fu_738_p2    |         +|   0|  0|  65|          32|          32|
    |add_ln103_50_fu_1308_p2  |         +|   0|  0|  65|          32|          32|
    |add_ln103_51_fu_1509_p2  |         +|   0|  0|  65|          32|          32|
    |add_ln103_52_fu_1513_p2  |         +|   0|  0|  65|          32|          32|
    |add_ln103_53_fu_1314_p2  |         +|   0|  0|  65|          32|          32|
    |add_ln103_54_fu_1518_p2  |         +|   0|  0|  65|          32|          32|
    |add_ln103_55_fu_1523_p2  |         +|   0|  0|  65|          32|          32|
    |add_ln103_56_fu_579_p2   |         +|   0|  0|  32|          32|          32|
    |add_ln103_57_fu_626_p2   |         +|   0|  0|  32|          32|          32|
    |add_ln103_58_fu_642_p2   |         +|   0|  0|  65|          32|          32|
    |add_ln103_59_fu_675_p2   |         +|   0|  0|  65|          32|          32|
    |add_ln103_5_fu_1370_p2   |         +|   0|  0|  65|          32|          32|
    |add_ln103_60_fu_1352_p2  |         +|   0|  0|  65|          32|          32|
    |add_ln103_61_fu_728_p2   |         +|   0|  0|  65|          32|          32|
    |add_ln103_62_fu_759_p2   |         +|   0|  0|  65|          32|          32|
    |add_ln103_63_fu_769_p2   |         +|   0|  0|  32|          32|          32|
    |add_ln103_64_fu_815_p2   |         +|   0|  0|  65|          32|          32|
    |add_ln103_65_fu_819_p2   |         +|   0|  0|  32|          32|          32|
    |add_ln103_66_fu_835_p2   |         +|   0|  0|  65|          32|          32|
    |add_ln103_67_fu_862_p2   |         +|   0|  0|  65|          32|          32|
    |add_ln103_68_fu_891_p2   |         +|   0|  0|  32|          32|          32|
    |add_ln103_69_fu_1413_p2  |         +|   0|  0|  65|          32|          32|
    |add_ln103_6_fu_1375_p2   |         +|   0|  0|  65|          32|          32|
    |add_ln103_70_fu_928_p2   |         +|   0|  0|  65|          32|          32|
    |add_ln103_71_fu_945_p2   |         +|   0|  0|  65|          32|          32|
    |add_ln103_72_fu_481_p2   |         +|   0|  0|  65|          32|          32|
    |add_ln103_73_fu_1023_p2  |         +|   0|  0|  65|          32|          32|
    |add_ln103_74_fu_493_p2   |         +|   0|  0|  65|          32|          32|
    |add_ln103_75_fu_1080_p2  |         +|   0|  0|  65|          32|          32|
    |add_ln103_76_fu_1091_p2  |         +|   0|  0|  65|          32|          32|
    |add_ln103_77_fu_1096_p2  |         +|   0|  0|  65|          32|          32|
    |add_ln103_78_fu_1113_p2  |         +|   0|  0|  65|          32|          32|
    |add_ln103_79_fu_1155_p2  |         +|   0|  0|  65|          32|          32|
    |add_ln103_7_fu_1381_p2   |         +|   0|  0|  32|          32|          32|
    |add_ln103_80_fu_1187_p2  |         +|   0|  0|  65|          32|          32|
    |add_ln103_81_fu_1221_p2  |         +|   0|  0|  65|          32|          32|
    |add_ln103_82_fu_1247_p2  |         +|   0|  0|  65|          32|          32|
    |add_ln103_83_fu_1273_p2  |         +|   0|  0|  32|          32|          32|
    |add_ln103_8_fu_791_p2    |         +|   0|  0|  65|          32|          32|
    |add_ln103_9_fu_1387_p2   |         +|   0|  0|  65|          32|          32|
    |add_ln103_fu_1356_p2     |         +|   0|  0|  65|          32|          32|
    |add_ln106_fu_1529_p2     |         +|   0|  0|  32|          32|          32|
    |add_ln107_fu_1533_p2     |         +|   0|  0|  32|          32|          32|
    |add_ln108_fu_1537_p2     |         +|   0|  0|  32|          32|          32|
    |add_ln109_fu_1541_p2     |         +|   0|  0|  32|          32|          32|
    |add_ln110_fu_1545_p2     |         +|   0|  0|  32|          32|          32|
    |add_ln111_fu_1549_p2     |         +|   0|  0|  32|          32|          32|
    |add_ln112_fu_1553_p2     |         +|   0|  0|  32|          32|          32|
    |add_ln113_fu_1557_p2     |         +|   0|  0|  32|          32|          32|
    |sub_ln103_10_fu_722_p2   |         -|   0|  0|  32|          32|          32|
    |sub_ln103_11_fu_744_p2   |         -|   0|  0|  65|          32|          32|
    |sub_ln103_12_fu_753_p2   |         -|   0|  0|  65|          32|          32|
    |sub_ln103_13_fu_774_p2   |         -|   0|  0|  32|           1|          32|
    |sub_ln103_14_fu_785_p2   |         -|   0|  0|  65|          32|          32|
    |sub_ln103_15_fu_829_p2   |         -|   0|  0|  65|          32|          32|
    |sub_ln103_16_fu_845_p2   |         -|   0|  0|  65|          32|          32|
    |sub_ln103_17_fu_851_p2   |         -|   0|  0|  65|          32|          32|
    |sub_ln103_18_fu_439_p2   |         -|   0|  0|  32|          32|          32|
    |sub_ln103_19_fu_450_p2   |         -|   0|  0|  65|          32|          32|
    |sub_ln103_1_fu_380_p2    |         -|   0|  0|  65|          32|          32|
    |sub_ln103_20_fu_456_p2   |         -|   0|  0|  65|          32|          32|
    |sub_ln103_21_fu_895_p2   |         -|   0|  0|  65|          32|          32|
    |sub_ln103_22_fu_911_p2   |         -|   0|  0|  32|          32|          32|
    |sub_ln103_23_fu_917_p2   |         -|   0|  0|  65|          32|          32|
    |sub_ln103_24_fu_939_p2   |         -|   0|  0|  32|          32|          32|
    |sub_ln103_25_fu_955_p2   |         -|   0|  0|  65|           1|          32|
    |sub_ln103_26_fu_966_p2   |         -|   0|  0|  65|          32|          32|
    |sub_ln103_27_fu_475_p2   |         -|   0|  0|  32|          32|          32|
    |sub_ln103_28_fu_984_p2   |         -|   0|  0|  65|           1|          32|
    |sub_ln103_29_fu_995_p2   |         -|   0|  0|  65|          32|          32|
    |sub_ln103_2_fu_594_p2    |         -|   0|  0|  32|          32|          32|
    |sub_ln103_30_fu_1011_p2  |         -|   0|  0|  65|          32|          32|
    |sub_ln103_31_fu_1017_p2  |         -|   0|  0|  65|          32|          32|
    |sub_ln103_32_fu_1029_p2  |         -|   0|  0|  65|           1|          32|
    |sub_ln103_33_fu_1035_p2  |         -|   0|  0|  65|          32|          32|
    |sub_ln103_34_fu_1040_p2  |         -|   0|  0|  65|          32|          32|
    |sub_ln103_35_fu_1051_p2  |         -|   0|  0|  65|          32|          32|
    |sub_ln103_36_fu_1444_p2  |         -|   0|  0|  65|          32|          32|
    |sub_ln103_37_fu_504_p2   |         -|   0|  0|  65|          32|          32|
    |sub_ln103_38_fu_516_p2   |         -|   0|  0|  32|          32|          32|
    |sub_ln103_39_fu_527_p2   |         -|   0|  0|  65|          32|          32|
    |sub_ln103_3_fu_605_p2    |         -|   0|  0|  65|          32|          32|
    |sub_ln103_40_fu_533_p2   |         -|   0|  0|  65|          32|          32|
    |sub_ln103_41_fu_1074_p2  |         -|   0|  0|  65|          32|          32|
    |sub_ln103_42_fu_1085_p2  |         -|   0|  0|  32|          32|          32|
    |sub_ln103_43_fu_1107_p2  |         -|   0|  0|  65|          32|          32|
    |sub_ln103_44_fu_538_p2   |         -|   0|  0|  32|           1|          32|
    |sub_ln103_45_fu_1118_p2  |         -|   0|  0|  65|          32|          32|
    |sub_ln103_46_fu_1151_p2  |         -|   0|  0|  32|          32|          32|
    |sub_ln103_47_fu_1170_p2  |         -|   0|  0|  32|          32|          32|
    |sub_ln103_48_fu_1176_p2  |         -|   0|  0|  65|          32|          32|
    |sub_ln103_49_fu_1193_p2  |         -|   0|  0|  32|           1|          32|
    |sub_ln103_4_fu_611_p2    |         -|   0|  0|  65|          32|          32|
    |sub_ln103_50_fu_1478_p2  |         -|   0|  0|  65|          32|          32|
    |sub_ln103_51_fu_1199_p2  |         -|   0|  0|  32|          32|          32|
    |sub_ln103_52_fu_1210_p2  |         -|   0|  0|  65|          32|          32|
    |sub_ln103_53_fu_1216_p2  |         -|   0|  0|  65|          32|          32|
    |sub_ln103_54_fu_561_p2   |         -|   0|  0|  32|          32|          32|
    |sub_ln103_55_fu_1226_p2  |         -|   0|  0|  65|          32|          32|
    |sub_ln103_56_fu_1230_p2  |         -|   0|  0|  65|          32|          32|
    |sub_ln103_57_fu_1251_p2  |         -|   0|  0|  32|          32|          32|
    |sub_ln103_58_fu_1262_p2  |         -|   0|  0|  65|          32|          32|
    |sub_ln103_59_fu_1268_p2  |         -|   0|  0|  65|          32|          32|
    |sub_ln103_5_fu_653_p2    |         -|   0|  0|  65|          32|          32|
    |sub_ln103_60_fu_1279_p2  |         -|   0|  0|  65|          32|          32|
    |sub_ln103_61_fu_1285_p2  |         -|   0|  0|  65|           1|          32|
    |sub_ln103_62_fu_1291_p2  |         -|   0|  0|  65|          32|          32|
    |sub_ln103_63_fu_1297_p2  |         -|   0|  0|  65|          32|          32|
    |sub_ln103_6_fu_669_p2    |         -|   0|  0|  32|          32|          32|
    |sub_ln103_7_fu_690_p2    |         -|   0|  0|  32|          32|          32|
    |sub_ln103_8_fu_701_p2    |         -|   0|  0|  65|          32|          32|
    |sub_ln103_9_fu_707_p2    |         -|   0|  0|  65|          32|          32|
    |sub_ln103_fu_369_p2      |         -|   0|  0|  65|          32|          32|
    |sub_ln114_fu_1561_p2     |         -|   0|  0|  32|          32|          32|
    |sub_ln115_fu_1565_p2     |         -|   0|  0|  32|          32|          32|
    |sub_ln116_fu_1569_p2     |         -|   0|  0|  32|          32|          32|
    |sub_ln117_fu_1573_p2     |         -|   0|  0|  32|          32|          32|
    |sub_ln118_fu_1577_p2     |         -|   0|  0|  32|          32|          32|
    |sub_ln119_fu_1581_p2     |         -|   0|  0|  32|          32|          32|
    |sub_ln120_fu_1585_p2     |         -|   0|  0|  32|          32|          32|
    |sub_ln121_fu_1589_p2     |         -|   0|  0|  32|          32|          32|
    |ap_enable_pp0            |       xor|   0|  0|   2|           1|           2|
    +-------------------------+----------+----+---+----+------------+------------+
    |Total                    |          |   0|  0|9276|        5032|        5250|
    +-------------------------+----------+----+---+----+------------+------------+

    * Multiplexer: 
    +---------------+----+-----------+-----+-----------+
    |      Name     | LUT| Input Size| Bits| Total Bits|
    +---------------+----+-----------+-----+-----------+
    |grp_fu_184_p2  |  32|          2|   32|         64|
    |grp_fu_189_p2  |  32|          2|   32|         64|
    |grp_fu_194_p2  |  32|          2|   32|         64|
    |grp_fu_199_p2  |  32|          2|   32|         64|
    |grp_fu_204_p2  |  32|          2|   32|         64|
    |grp_fu_209_p2  |  32|          2|   32|         64|
    |grp_fu_214_p2  |  32|          2|   32|         64|
    |grp_fu_219_p2  |  32|          2|   32|         64|
    |grp_fu_224_p2  |  32|          2|   32|         64|
    |grp_fu_229_p2  |  32|          2|   32|         64|
    |grp_fu_234_p2  |  32|          2|   32|         64|
    |grp_fu_239_p2  |  32|          2|   32|         64|
    |grp_fu_244_p2  |  32|          2|   32|         64|
    |grp_fu_249_p2  |  32|          2|   32|         64|
    |grp_fu_254_p2  |  32|          2|   32|         64|
    |grp_fu_259_p2  |  32|          2|   32|         64|
    |grp_fu_264_p2  |  32|          2|   32|         64|
    |grp_fu_269_p2  |  32|          2|   32|         64|
    |grp_fu_274_p2  |  32|          2|   32|         64|
    +---------------+----+-----------+-----+-----------+
    |Total          | 608|         38|  608|       1216|
    +---------------+----+-----------+-----+-----------+

    * Register: 
    +---------------------------------------+----+----+-----+-----------+
    |                  Name                 | FF | LUT| Bits| Const Bits|
    +---------------------------------------+----+----+-----+-----------+
    |add_ln103_12_reg_1943                  |  32|   0|   32|          0|
    |add_ln103_13_reg_2102                  |  32|   0|   32|          0|
    |add_ln103_14_reg_1948                  |  32|   0|   32|          0|
    |add_ln103_19_reg_1953                  |  32|   0|   32|          0|
    |add_ln103_1_reg_1928                   |  32|   0|   32|          0|
    |add_ln103_20_reg_2108                  |  32|   0|   32|          0|
    |add_ln103_21_reg_1963                  |  32|   0|   32|          0|
    |add_ln103_25_reg_1968                  |  32|   0|   32|          0|
    |add_ln103_27_reg_2114                  |  32|   0|   32|          0|
    |add_ln103_29_reg_1978                  |  32|   0|   32|          0|
    |add_ln103_32_reg_1883                  |  32|   0|   32|          0|
    |add_ln103_33_reg_1983                  |  32|   0|   32|          0|
    |add_ln103_34_reg_2120                  |  32|   0|   32|          0|
    |add_ln103_35_reg_1988                  |  32|   0|   32|          0|
    |add_ln103_36_reg_1993                  |  32|   0|   32|          0|
    |add_ln103_40_reg_1998                  |  32|   0|   32|          0|
    |add_ln103_41_reg_2126                  |  32|   0|   32|          0|
    |add_ln103_42_reg_2018                  |  32|   0|   32|          0|
    |add_ln103_46_reg_2023                  |  32|   0|   32|          0|
    |add_ln103_48_reg_2132                  |  32|   0|   32|          0|
    |add_ln103_49_reg_2033                  |  32|   0|   32|          0|
    |add_ln103_4_reg_1933                   |  32|   0|   32|          0|
    |add_ln103_50_reg_2038                  |  32|   0|   32|          0|
    |add_ln103_53_reg_2043                  |  32|   0|   32|          0|
    |add_ln103_55_reg_2138                  |  32|   0|   32|          0|
    |add_ln103_57_reg_1908                  |  32|   0|   32|          0|
    |add_ln103_6_reg_2096                   |  32|   0|   32|          0|
    |add_ln103_70_reg_1958                  |  32|   0|   32|          0|
    |add_ln103_80_reg_2003                  |  32|   0|   32|          0|
    |add_ln103_8_reg_1938                   |  32|   0|   32|          0|
    |ap_CS_fsm                              |   1|   0|    1|          0|
    |ap_enable_reg_pp0_iter1                |   1|   0|    1|          0|
    |ap_enable_reg_pp0_iter2                |   1|   0|    1|          0|
    |ap_enable_reg_pp0_iter3                |   1|   0|    1|          0|
    |ap_enable_reg_pp0_iter4                |   1|   0|    1|          0|
    |evens_1_reg_2054                       |  32|   0|   32|          0|
    |evens_2_reg_2060                       |  32|   0|   32|          0|
    |evens_3_reg_2066                       |  32|   0|   32|          0|
    |evens_4_reg_2072                       |  32|   0|   32|          0|
    |evens_5_reg_2078                       |  32|   0|   32|          0|
    |evens_6_reg_2084                       |  32|   0|   32|          0|
    |evens_7_reg_2090                       |  32|   0|   32|          0|
    |evens_reg_2048                         |  32|   0|   32|          0|
    |grp_fu_184_ce                          |   1|   0|    1|          0|
    |grp_fu_184_p0                          |  32|   0|   32|          0|
    |grp_fu_189_ce                          |   1|   0|    1|          0|
    |grp_fu_189_p0                          |  32|   0|   32|          0|
    |grp_fu_194_ce                          |   1|   0|    1|          0|
    |grp_fu_194_p0                          |  32|   0|   32|          0|
    |grp_fu_199_ce                          |   1|   0|    1|          0|
    |grp_fu_199_p0                          |  32|   0|   32|          0|
    |grp_fu_204_ce                          |   1|   0|    1|          0|
    |grp_fu_204_p0                          |  32|   0|   32|          0|
    |grp_fu_209_ce                          |   1|   0|    1|          0|
    |grp_fu_209_p0                          |  32|   0|   32|          0|
    |grp_fu_214_ce                          |   1|   0|    1|          0|
    |grp_fu_214_p0                          |  32|   0|   32|          0|
    |grp_fu_219_ce                          |   1|   0|    1|          0|
    |grp_fu_219_p0                          |  32|   0|   32|          0|
    |grp_fu_224_ce                          |   1|   0|    1|          0|
    |grp_fu_224_p0                          |  32|   0|   32|          0|
    |grp_fu_229_ce                          |   1|   0|    1|          0|
    |grp_fu_229_p0                          |  32|   0|   32|          0|
    |grp_fu_234_ce                          |   1|   0|    1|          0|
    |grp_fu_234_p0                          |  32|   0|   32|          0|
    |grp_fu_239_ce                          |   1|   0|    1|          0|
    |grp_fu_239_p0                          |  32|   0|   32|          0|
    |grp_fu_244_ce                          |   1|   0|    1|          0|
    |grp_fu_244_p0                          |  32|   0|   32|          0|
    |grp_fu_249_ce                          |   1|   0|    1|          0|
    |grp_fu_249_p0                          |  32|   0|   32|          0|
    |grp_fu_254_ce                          |   1|   0|    1|          0|
    |grp_fu_254_p0                          |  32|   0|   32|          0|
    |grp_fu_259_ce                          |   1|   0|    1|          0|
    |grp_fu_259_p0                          |  32|   0|   32|          0|
    |grp_fu_264_ce                          |   1|   0|    1|          0|
    |grp_fu_264_p0                          |  32|   0|   32|          0|
    |grp_fu_269_ce                          |   1|   0|    1|          0|
    |grp_fu_269_p0                          |  32|   0|   32|          0|
    |grp_fu_274_ce                          |   1|   0|    1|          0|
    |grp_fu_274_p0                          |  32|   0|   32|          0|
    |in_11_val_read_reg_1728                |  32|   0|   32|          0|
    |in_13_val_read_reg_1709                |  32|   0|   32|          0|
    |in_15_val_read_reg_1689                |  32|   0|   32|          0|
    |in_15_val_read_reg_1689_pp0_iter1_reg  |  32|   0|   32|          0|
    |in_1_val_read_reg_1822                 |  32|   0|   32|          0|
    |in_1_val_read_reg_1822_pp0_iter1_reg   |  32|   0|   32|          0|
    |in_3_val_read_reg_1802                 |  32|   0|   32|          0|
    |in_5_val_read_reg_1782                 |  32|   0|   32|          0|
    |in_7_val_read_reg_1764                 |  32|   0|   32|          0|
    |in_9_val_read_reg_1746                 |  32|   0|   32|          0|
    |pre_grp_fu_184_p2_reg                  |  32|   0|   32|          0|
    |pre_grp_fu_189_p2_reg                  |  32|   0|   32|          0|
    |pre_grp_fu_194_p2_reg                  |  32|   0|   32|          0|
    |pre_grp_fu_199_p2_reg                  |  32|   0|   32|          0|
    |pre_grp_fu_204_p2_reg                  |  32|   0|   32|          0|
    |pre_grp_fu_209_p2_reg                  |  32|   0|   32|          0|
    |pre_grp_fu_214_p2_reg                  |  32|   0|   32|          0|
    |pre_grp_fu_219_p2_reg                  |  32|   0|   32|          0|
    |pre_grp_fu_224_p2_reg                  |  32|   0|   32|          0|
    |pre_grp_fu_229_p2_reg                  |  32|   0|   32|          0|
    |pre_grp_fu_234_p2_reg                  |  32|   0|   32|          0|
    |pre_grp_fu_239_p2_reg                  |  32|   0|   32|          0|
    |pre_grp_fu_244_p2_reg                  |  32|   0|   32|          0|
    |pre_grp_fu_249_p2_reg                  |  32|   0|   32|          0|
    |pre_grp_fu_254_p2_reg                  |  32|   0|   32|          0|
    |pre_grp_fu_259_p2_reg                  |  32|   0|   32|          0|
    |pre_grp_fu_264_p2_reg                  |  32|   0|   32|          0|
    |pre_grp_fu_269_p2_reg                  |  32|   0|   32|          0|
    |pre_grp_fu_274_p2_reg                  |  32|   0|   32|          0|
    |shl_ln103_10_reg_1913                  |  32|   0|   32|          0|
    |shl_ln103_19_reg_1856                  |  32|   0|   32|          0|
    |shl_ln103_1_reg_1838                   |  32|   0|   32|          0|
    |shl_ln103_23_reg_1862                  |  32|   0|   32|          0|
    |shl_ln103_24_reg_1868                  |  32|   0|   32|          0|
    |shl_ln103_29_reg_1873                  |  32|   0|   32|          0|
    |shl_ln103_2_reg_1843                   |  32|   0|   32|          0|
    |sub_ln103_10_reg_1923                  |  32|   0|   32|          0|
    |sub_ln103_1_reg_1850                   |  32|   0|   32|          0|
    |sub_ln103_20_reg_1878                  |  32|   0|   32|          0|
    |sub_ln103_35_reg_1973                  |  32|   0|   32|          0|
    |sub_ln103_40_reg_1888                  |  32|   0|   32|          0|
    |sub_ln103_44_reg_1893                  |  32|   0|   32|          0|
    |sub_ln103_49_reg_2008                  |  32|   0|   32|          0|
    |sub_ln103_4_reg_1903                   |  32|   0|   32|          0|
    |sub_ln103_53_reg_2013                  |  32|   0|   32|          0|
    |sub_ln103_54_reg_1898                  |  32|   0|   32|          0|
    |sub_ln103_59_reg_2028                  |  32|   0|   32|          0|
    |sub_ln103_9_reg_1918                   |  32|   0|   32|          0|
    |in_11_val_read_reg_1728                |  64|  30|   32|          0|
    |in_13_val_read_reg_1709                |  64|  30|   32|          0|
    |in_3_val_read_reg_1802                 |  64|  30|   32|          0|
    |in_5_val_read_reg_1782                 |  64|  30|   32|          0|
    |in_7_val_read_reg_1764                 |  64|  30|   32|          0|
    |in_9_val_read_reg_1746                 |  64|  30|   32|          0|
    +---------------------------------------+----+----+-----+-----------+
    |Total                                  |3768| 180| 3576|          0|
    +---------------------------------------+----+----+-----+-----------+



================================================================
== Interface
================================================================
* Summary: 
+--------------+-----+-----+------------+--------------+--------------+
|   RTL Ports  | Dir | Bits|  Protocol  | Source Object|    C Type    |
+--------------+-----+-----+------------+--------------+--------------+
|ap_clk        |   in|    1|  ap_ctrl_hs|      IDCT2B16|  return value|
|ap_rst        |   in|    1|  ap_ctrl_hs|      IDCT2B16|  return value|
|ap_start      |   in|    1|  ap_ctrl_hs|      IDCT2B16|  return value|
|ap_done       |  out|    1|  ap_ctrl_hs|      IDCT2B16|  return value|
|ap_idle       |  out|    1|  ap_ctrl_hs|      IDCT2B16|  return value|
|ap_ready      |  out|    1|  ap_ctrl_hs|      IDCT2B16|  return value|
|ap_ce         |   in|    1|  ap_ctrl_hs|      IDCT2B16|  return value|
|ap_return_0   |  out|   32|  ap_ctrl_hs|      IDCT2B16|  return value|
|ap_return_1   |  out|   32|  ap_ctrl_hs|      IDCT2B16|  return value|
|ap_return_2   |  out|   32|  ap_ctrl_hs|      IDCT2B16|  return value|
|ap_return_3   |  out|   32|  ap_ctrl_hs|      IDCT2B16|  return value|
|ap_return_4   |  out|   32|  ap_ctrl_hs|      IDCT2B16|  return value|
|ap_return_5   |  out|   32|  ap_ctrl_hs|      IDCT2B16|  return value|
|ap_return_6   |  out|   32|  ap_ctrl_hs|      IDCT2B16|  return value|
|ap_return_7   |  out|   32|  ap_ctrl_hs|      IDCT2B16|  return value|
|ap_return_8   |  out|   32|  ap_ctrl_hs|      IDCT2B16|  return value|
|ap_return_9   |  out|   32|  ap_ctrl_hs|      IDCT2B16|  return value|
|ap_return_10  |  out|   32|  ap_ctrl_hs|      IDCT2B16|  return value|
|ap_return_11  |  out|   32|  ap_ctrl_hs|      IDCT2B16|  return value|
|ap_return_12  |  out|   32|  ap_ctrl_hs|      IDCT2B16|  return value|
|ap_return_13  |  out|   32|  ap_ctrl_hs|      IDCT2B16|  return value|
|ap_return_14  |  out|   32|  ap_ctrl_hs|      IDCT2B16|  return value|
|ap_return_15  |  out|   32|  ap_ctrl_hs|      IDCT2B16|  return value|
|in_0_val      |   in|   26|     ap_none|      in_0_val|        scalar|
|in_1_val      |   in|   32|     ap_none|      in_1_val|        scalar|
|in_2_val      |   in|   32|     ap_none|      in_2_val|        scalar|
|in_3_val      |   in|   32|     ap_none|      in_3_val|        scalar|
|in_4_val      |   in|   32|     ap_none|      in_4_val|        scalar|
|in_5_val      |   in|   32|     ap_none|      in_5_val|        scalar|
|in_6_val      |   in|   32|     ap_none|      in_6_val|        scalar|
|in_7_val      |   in|   32|     ap_none|      in_7_val|        scalar|
|in_8_val      |   in|   26|     ap_none|      in_8_val|        scalar|
|in_9_val      |   in|   32|     ap_none|      in_9_val|        scalar|
|in_10_val     |   in|   32|     ap_none|     in_10_val|        scalar|
|in_11_val     |   in|   32|     ap_none|     in_11_val|        scalar|
|in_12_val     |   in|   32|     ap_none|     in_12_val|        scalar|
|in_13_val     |   in|   32|     ap_none|     in_13_val|        scalar|
|in_14_val     |   in|   32|     ap_none|     in_14_val|        scalar|
|in_15_val     |   in|   32|     ap_none|     in_15_val|        scalar|
+--------------+-----+-----+------------+--------------+--------------+

